<?xml version="1.0" encoding="UTF-8"?>
<testsuite name="com.revolut.money.domain.account.AccountTest" tests="3" skipped="0" failures="0" errors="0" timestamp="2019-12-26T07:52:18" hostname="DESKTOP-PNAEB3S" time="0.001">
  <properties/>
  <testcase name="shouldBeAbleToTransferWhenAccountHasEnoughMoney" classname="com.revolut.money.domain.account.AccountTest" time="0.0"/>
  <testcase name="shouldNotBeAbleToTransferWhenAccountHasNotEnoughMoney" classname="com.revolut.money.domain.account.AccountTest" time="0.0"/>
  <testcase name="shouldConfirmAccountHasGivenBalance" classname="com.revolut.money.domain.account.AccountTest" time="0.0"/>
  <system-out><![CDATA[]]></system-out>
  <system-err><![CDATA[]]></system-err>
</testsuite>
