<?xml version="1.0" encoding="UTF-8"?>
<testsuite name="com.revolut.money.domain.transfer.TransferResultTest" tests="2" skipped="0" failures="0" errors="0" timestamp="2019-12-26T07:52:18" hostname="DESKTOP-PNAEB3S" time="0.0">
  <properties/>
  <testcase name="shouldCreateFailedTransferResultWithDescription" classname="com.revolut.money.domain.transfer.TransferResultTest" time="0.0"/>
  <testcase name="shouldCreateSuccessfulTransferResultWithNoDescription" classname="com.revolut.money.domain.transfer.TransferResultTest" time="0.0"/>
  <system-out><![CDATA[]]></system-out>
  <system-err><![CDATA[]]></system-err>
</testsuite>
