<?xml version="1.0" encoding="UTF-8"?>
<testsuite name="com.revolut.money.systemTest.TransferSystemTest" tests="4" skipped="0" failures="0" errors="0" timestamp="2019-12-26T07:52:18" hostname="DESKTOP-PNAEB3S" time="2.363">
  <properties/>
  <testcase name="shouldQueryAccountBalance" classname="com.revolut.money.systemTest.TransferSystemTest" time="1.728"/>
  <testcase name="shouldFailToTransferWithoutCorrectTransaction" classname="com.revolut.money.systemTest.TransferSystemTest" time="0.35"/>
  <testcase name="shouldSuccessfullyTransferMoneyWhenEnoughAmountIsAvailable" classname="com.revolut.money.systemTest.TransferSystemTest" time="0.159"/>
  <testcase name="shouldFailToTransferWhenAmountIsNotEnoughInSendersAccount" classname="com.revolut.money.systemTest.TransferSystemTest" time="0.125"/>
  <system-out><![CDATA[08:52:18.329 [Test worker] DEBUG o.h.e.t.internal.TransactionImpl - On TransactionImpl creation, JpaCompliance#isJpaTransactionComplianceEnabled == false
08:52:18.329 [Test worker] DEBUG o.h.e.t.internal.TransactionImpl - begin
08:52:18.329 [Test worker] DEBUG o.h.e.i.AbstractSaveEventListener - Generated identifier: -7812916597375783048, using strategy: org.hibernate.id.Assigned
08:52:18.329 [Test worker] DEBUG o.h.e.t.internal.TransactionImpl - committing
08:52:18.329 [Test worker] DEBUG o.h.e.i.AbstractFlushingEventListener - Processing flush-time cascades
08:52:18.329 [Test worker] DEBUG o.h.e.i.AbstractFlushingEventListener - Dirty checking collections
08:52:18.330 [Test worker] DEBUG o.h.e.i.AbstractFlushingEventListener - Flushed: 1 insertions, 0 updates, 0 deletions to 1 objects
08:52:18.330 [Test worker] DEBUG o.h.e.i.AbstractFlushingEventListener - Flushed: 0 (re)creations, 0 updates, 0 removals to 0 collections
08:52:18.330 [Test worker] DEBUG o.h.internal.util.EntityPrinter - Listing entities:
08:52:18.330 [Test worker] DEBUG o.h.internal.util.EntityPrinter - com.revolut.money.domain.account.Account{balance=component[amount]{amount=15.00}, id=-7812916597375783048}
08:52:18.330 [Test worker] DEBUG org.hibernate.SQL - insert into PUBLIC.Account (amount, id) values (?, ?)
Hibernate: insert into PUBLIC.Account (amount, id) values (?, ?)
08:52:18.330 [Test worker] DEBUG o.h.r.j.i.LogicalConnectionManagedImpl - Initiating JDBC connection release from afterTransaction
08:52:18.330 [Test worker] DEBUG o.h.r.j.i.LogicalConnectionManagedImpl - Initiating JDBC connection release from afterTransaction
08:52:18.331 [Test worker] DEBUG o.h.e.t.internal.TransactionImpl - On TransactionImpl creation, JpaCompliance#isJpaTransactionComplianceEnabled == false
08:52:18.331 [Test worker] DEBUG o.h.e.t.internal.TransactionImpl - begin
08:52:18.331 [Test worker] DEBUG o.h.e.i.AbstractSaveEventListener - Generated identifier: -5304867615532910826, using strategy: org.hibernate.id.Assigned
08:52:18.331 [Test worker] DEBUG o.h.e.t.internal.TransactionImpl - committing
08:52:18.331 [Test worker] DEBUG o.h.e.i.AbstractFlushingEventListener - Processing flush-time cascades
08:52:18.331 [Test worker] DEBUG o.h.e.i.AbstractFlushingEventListener - Dirty checking collections
08:52:18.331 [Test worker] DEBUG o.h.e.i.AbstractFlushingEventListener - Flushed: 1 insertions, 0 updates, 0 deletions to 1 objects
08:52:18.331 [Test worker] DEBUG o.h.e.i.AbstractFlushingEventListener - Flushed: 0 (re)creations, 0 updates, 0 removals to 0 collections
08:52:18.331 [Test worker] DEBUG o.h.internal.util.EntityPrinter - Listing entities:
08:52:18.331 [Test worker] DEBUG o.h.internal.util.EntityPrinter - com.revolut.money.domain.account.Account{balance=component[amount]{amount=0.00}, id=-5304867615532910826}
08:52:18.331 [Test worker] DEBUG org.hibernate.SQL - insert into PUBLIC.Account (amount, id) values (?, ?)
Hibernate: insert into PUBLIC.Account (amount, id) values (?, ?)
08:52:18.332 [Test worker] DEBUG o.h.r.j.i.LogicalConnectionManagedImpl - Initiating JDBC connection release from afterTransaction
08:52:18.332 [Test worker] DEBUG o.h.r.j.i.LogicalConnectionManagedImpl - Initiating JDBC connection release from afterTransaction
08:52:18.402 [Thread-6] DEBUG org.eclipse.jetty.util.log - Logging to Logger[org.eclipse.jetty.util.log] via org.eclipse.jetty.util.log.Slf4jLog
08:52:18.406 [Thread-6] INFO  org.eclipse.jetty.util.log - Logging initialized @2917ms to org.eclipse.jetty.util.log.Slf4jLog
08:52:18.418 [Thread-6] DEBUG o.e.j.u.component.ContainerLifeCycle - Server@43fe6aa6{STOPPED}[9.4.25.v20191220] added {QueuedThreadPool[qtp2131603391]@7f0dafbf{STOPPED,8<=0<=200,i=0,r=-1,q=0}[NO_TRY],AUTO}
08:52:18.440 [Thread-6] DEBUG o.e.j.u.component.ContainerLifeCycle - HttpConnectionFactory@c17afe6[HTTP/1.1] added {HttpConfiguration@2361036b{32768/8192,8192/8192,https://:0,[]},POJO}
08:52:18.447 [Thread-6] DEBUG o.e.j.u.component.ContainerLifeCycle - ServerConnector@20382f9c{null,[]}{0.0.0.0:0} added {Server@43fe6aa6{STOPPED}[9.4.25.v20191220],UNMANAGED}
08:52:18.447 [Thread-6] DEBUG o.e.j.u.component.ContainerLifeCycle - ServerConnector@20382f9c{null,[]}{0.0.0.0:0} added {QueuedThreadPool[qtp2131603391]@7f0dafbf{STOPPED,8<=0<=200,i=0,r=-1,q=0}[NO_TRY],AUTO}
08:52:18.447 [Thread-6] DEBUG o.e.j.u.component.ContainerLifeCycle - ServerConnector@20382f9c{null,[]}{0.0.0.0:0} added {ScheduledExecutorScheduler@163235a3{STOPPED},AUTO}
08:52:18.447 [Thread-6] DEBUG o.e.j.u.component.ContainerLifeCycle - ServerConnector@20382f9c{null,[]}{0.0.0.0:0} added {org.eclipse.jetty.io.ArrayByteBufferPool@6466cb63,POJO}
08:52:18.447 [Thread-6] DEBUG o.e.j.u.component.ContainerLifeCycle - ServerConnector@20382f9c{null,[http/1.1]}{0.0.0.0:0} added {HttpConnectionFactory@c17afe6[HTTP/1.1],AUTO}
08:52:18.447 [Thread-6] DEBUG o.e.jetty.server.AbstractConnector - ServerConnector@20382f9c{HTTP/1.1,[http/1.1]}{0.0.0.0:0} added HttpConnectionFactory@c17afe6[HTTP/1.1]
08:52:18.451 [Thread-6] DEBUG o.e.j.u.component.ContainerLifeCycle - ServerConnector@20382f9c{HTTP/1.1,[http/1.1]}{0.0.0.0:0} added {SelectorManager@ServerConnector@20382f9c{HTTP/1.1,[http/1.1]}{0.0.0.0:0},MANAGED}
08:52:18.451 [Thread-6] DEBUG o.e.j.u.component.ContainerLifeCycle - Server@43fe6aa6{STOPPED}[9.4.25.v20191220] added {ServerConnector@20382f9c{HTTP/1.1,[http/1.1]}{0.0.0.0:8888},AUTO}
08:52:18.470 [Thread-6] DEBUG o.e.j.util.DecoratedObjectFactory - Adding Decorator: org.eclipse.jetty.util.DeprecationWarning@729db46c
08:52:18.476 [Thread-6] DEBUG o.e.j.u.component.ContainerLifeCycle - o.e.j.s.ServletContextHandler@2fe09d52{/,null,UNAVAILABLE} added {org.eclipse.jetty.server.session.SessionHandler319448900==dftMaxIdleSec=-1,MANAGED}
08:52:18.480 [Thread-6] DEBUG o.e.j.u.component.ContainerLifeCycle - org.eclipse.jetty.server.session.SessionHandler319448900==dftMaxIdleSec=-1 added {ServletHandler@4bd9ec7a{STOPPED},MANAGED}
08:52:18.482 [Thread-6] DEBUG o.e.j.u.component.ContainerLifeCycle - Server@43fe6aa6{STOPPED}[9.4.25.v20191220] added {o.e.j.s.ServletContextHandler@2fe09d52{/,null,UNAVAILABLE},MANAGED}
08:52:18.490 [Thread-6] DEBUG o.e.j.u.component.AbstractLifeCycle - starting Server@43fe6aa6{STOPPED}[9.4.25.v20191220]
08:52:18.492 [Thread-6] DEBUG o.e.j.u.component.ContainerLifeCycle - Server@43fe6aa6{STARTING}[9.4.25.v20191220] added {ErrorHandler@23e88857{STOPPED},AUTO}
08:52:18.493 [Thread-6] INFO  org.eclipse.jetty.server.Server - jetty-9.4.25.v20191220; built: 2019-12-20T17:00:00.294Z; git: a9729c7e7f33a459d2616a8f9e9ba8a90f432e95; jvm 1.8.0_211-b12
08:52:18.504 [Thread-6] DEBUG o.e.j.server.handler.AbstractHandler - starting Server@43fe6aa6{STARTING}[9.4.25.v20191220]
08:52:18.504 [Thread-6] DEBUG o.e.j.u.component.AbstractLifeCycle - starting QueuedThreadPool[qtp2131603391]@7f0dafbf{STOPPED,8<=0<=200,i=0,r=-1,q=0}[NO_TRY]
08:52:18.505 [Thread-6] DEBUG o.e.j.u.t.ReservedThreadExecutor - ReservedThreadExecutor@458fcd5a{s=0/8,p=0}
08:52:18.506 [Thread-6] DEBUG o.e.j.u.component.ContainerLifeCycle - QueuedThreadPool[qtp2131603391]@7f0dafbf{STARTING,8<=0<=200,i=0,r=-1,q=0}[ReservedThreadExecutor@458fcd5a{s=0/8,p=0}] added {ReservedThreadExecutor@458fcd5a{s=0/8,p=0},AUTO}
08:52:18.506 [Thread-6] DEBUG o.e.j.u.component.AbstractLifeCycle - starting ReservedThreadExecutor@458fcd5a{s=0/8,p=0}
08:52:18.509 [Thread-6] DEBUG o.e.j.u.component.AbstractLifeCycle - STARTED @3020ms ReservedThreadExecutor@458fcd5a{s=0/8,p=0}
08:52:18.509 [Thread-6] DEBUG o.e.j.util.thread.QueuedThreadPool - Starting Thread[qtp2131603391-19,5,main]
08:52:18.509 [Thread-6] DEBUG o.e.j.util.thread.QueuedThreadPool - Starting Thread[qtp2131603391-20,5,main]
08:52:18.509 [Thread-6] DEBUG o.e.j.util.thread.QueuedThreadPool - Starting Thread[qtp2131603391-21,5,main]
08:52:18.509 [Thread-6] DEBUG o.e.j.util.thread.QueuedThreadPool - Starting Thread[qtp2131603391-22,5,main]
08:52:18.509 [qtp2131603391-20] DEBUG o.e.j.util.thread.QueuedThreadPool - Runner started for QueuedThreadPool[qtp2131603391]@7f0dafbf{STARTING,8<=3<=200,i=3,r=-1,q=0}[ReservedThreadExecutor@458fcd5a{s=0/8,p=0}]
08:52:18.509 [qtp2131603391-19] DEBUG o.e.j.util.thread.QueuedThreadPool - Runner started for QueuedThreadPool[qtp2131603391]@7f0dafbf{STARTING,8<=3<=200,i=3,r=-1,q=0}[ReservedThreadExecutor@458fcd5a{s=0/8,p=0}]
08:52:18.509 [Thread-6] DEBUG o.e.j.util.thread.QueuedThreadPool - Starting Thread[qtp2131603391-23,5,main]
08:52:18.510 [qtp2131603391-21] DEBUG o.e.j.util.thread.QueuedThreadPool - Runner started for QueuedThreadPool[qtp2131603391]@7f0dafbf{STARTING,8<=4<=200,i=4,r=-1,q=0}[ReservedThreadExecutor@458fcd5a{s=0/8,p=0}]
08:52:18.510 [qtp2131603391-22] DEBUG o.e.j.util.thread.QueuedThreadPool - Runner started for QueuedThreadPool[qtp2131603391]@7f0dafbf{STARTING,8<=5<=200,i=5,r=-1,q=0}[ReservedThreadExecutor@458fcd5a{s=0/8,p=0}]
08:52:18.510 [Thread-6] DEBUG o.e.j.util.thread.QueuedThreadPool - Starting Thread[qtp2131603391-24,5,main]
08:52:18.510 [qtp2131603391-23] DEBUG o.e.j.util.thread.QueuedThreadPool - Runner started for QueuedThreadPool[qtp2131603391]@7f0dafbf{STARTING,8<=6<=200,i=6,r=-1,q=0}[ReservedThreadExecutor@458fcd5a{s=0/8,p=0}]
08:52:18.510 [Thread-6] DEBUG o.e.j.util.thread.QueuedThreadPool - Starting Thread[qtp2131603391-25,5,main]
08:52:18.510 [qtp2131603391-24] DEBUG o.e.j.util.thread.QueuedThreadPool - Runner started for QueuedThreadPool[qtp2131603391]@7f0dafbf{STARTING,8<=7<=200,i=7,r=-1,q=0}[ReservedThreadExecutor@458fcd5a{s=0/8,p=0}]
08:52:18.510 [Thread-6] DEBUG o.e.j.util.thread.QueuedThreadPool - Starting Thread[qtp2131603391-26,5,main]
08:52:18.510 [qtp2131603391-25] DEBUG o.e.j.util.thread.QueuedThreadPool - Runner started for QueuedThreadPool[qtp2131603391]@7f0dafbf{STARTING,8<=8<=200,i=8,r=-1,q=0}[ReservedThreadExecutor@458fcd5a{s=0/8,p=0}]
08:52:18.510 [Thread-6] DEBUG o.e.j.u.component.AbstractLifeCycle - STARTED @3021ms QueuedThreadPool[qtp2131603391]@7f0dafbf{STARTED,8<=8<=200,i=8,r=8,q=0}[ReservedThreadExecutor@458fcd5a{s=0/8,p=0}]
08:52:18.510 [qtp2131603391-26] DEBUG o.e.j.util.thread.QueuedThreadPool - Runner started for QueuedThreadPool[qtp2131603391]@7f0dafbf{STARTED,8<=8<=200,i=8,r=8,q=0}[ReservedThreadExecutor@458fcd5a{s=0/8,p=0}]
08:52:18.511 [Thread-6] DEBUG o.e.j.u.component.AbstractLifeCycle - starting o.e.j.s.ServletContextHandler@2fe09d52{/,null,UNAVAILABLE}
08:52:18.515 [Thread-6] DEBUG o.e.jetty.http.PreEncodedHttpField - HttpField encoders loaded: [org.eclipse.jetty.http.Http1FieldPreEncoder@60c09dd8]
08:52:18.520 [Thread-6] DEBUG o.e.j.server.handler.AbstractHandler - starting o.e.j.s.ServletContextHandler@2fe09d52{/,null,STARTING}
08:52:18.520 [Thread-6] DEBUG o.e.j.u.component.AbstractLifeCycle - starting org.eclipse.jetty.server.session.SessionHandler319448900==dftMaxIdleSec=-1
08:52:18.522 [Thread-6] DEBUG o.e.j.u.component.ContainerLifeCycle - org.eclipse.jetty.server.session.SessionHandler319448900==dftMaxIdleSec=-1 added {org.eclipse.jetty.server.session.DefaultSessionCache@5a96ed6c[evict=-1,removeUnloadable=false,saveOnCreate=false,saveOnInactiveEvict=false],AUTO}
08:52:18.524 [Thread-6] DEBUG o.e.j.u.component.ContainerLifeCycle - org.eclipse.jetty.server.session.DefaultSessionCache@5a96ed6c[evict=-1,removeUnloadable=false,saveOnCreate=false,saveOnInactiveEvict=false] added {org.eclipse.jetty.server.session.NullSessionDataStore@35270df[passivating=false,graceSec=3600],AUTO}
08:52:18.525 [Thread-6] DEBUG o.e.j.u.component.AbstractLifeCycle - starting DefaultSessionIdManager@1d56a7f0{STOPPED}[worker=null]
08:52:18.525 [Thread-6] INFO  org.eclipse.jetty.server.session - DefaultSessionIdManager workerName=node0
08:52:18.525 [Thread-6] INFO  org.eclipse.jetty.server.session - No SessionScavenger set, using defaults
08:52:18.525 [Thread-6] DEBUG o.e.j.u.component.ContainerLifeCycle - DefaultSessionIdManager@1d56a7f0{STARTING}[worker=node0] added {HouseKeeper@14eabf01{STOPPED}[interval=600000, ownscheduler=false],MANAGED}
08:52:18.525 [Thread-6] DEBUG o.e.j.u.component.AbstractLifeCycle - starting HouseKeeper@14eabf01{STOPPED}[interval=600000, ownscheduler=false]
08:52:18.526 [Thread-6] DEBUG o.e.j.u.component.AbstractLifeCycle - starting ScheduledExecutorScheduler@3cabe34b{STOPPED}
08:52:18.526 [Thread-6] DEBUG o.e.j.u.component.AbstractLifeCycle - STARTED @3037ms ScheduledExecutorScheduler@3cabe34b{STARTED}
08:52:18.526 [Thread-6] DEBUG org.eclipse.jetty.server.session - Using own scheduler for scavenging
08:52:18.526 [Thread-6] INFO  org.eclipse.jetty.server.session - node0 Scavenging every 600000ms
08:52:18.527 [Thread-6] DEBUG o.e.j.u.component.AbstractLifeCycle - STARTED @3038ms HouseKeeper@14eabf01{STARTED}[interval=600000, ownscheduler=true]
08:52:18.527 [Thread-6] DEBUG o.e.j.u.component.AbstractLifeCycle - STARTED @3038ms DefaultSessionIdManager@1d56a7f0{STARTED}[worker=node0]
08:52:18.527 [Thread-6] DEBUG o.e.j.u.component.ContainerLifeCycle - Server@43fe6aa6{STARTING}[9.4.25.v20191220] added {DefaultSessionIdManager@1d56a7f0{STARTED}[worker=node0],MANAGED}
08:52:18.527 [Thread-6] DEBUG o.e.j.u.component.ContainerLifeCycle - org.eclipse.jetty.server.session.SessionHandler319448900==dftMaxIdleSec=-1 added {DefaultSessionIdManager@1d56a7f0{STARTED}[worker=node0],UNMANAGED}
08:52:18.527 [Thread-6] DEBUG o.e.j.u.component.AbstractLifeCycle - starting ScheduledExecutorScheduler@61209c22{STOPPED}
08:52:18.527 [Thread-6] DEBUG o.e.j.u.component.AbstractLifeCycle - STARTED @3038ms ScheduledExecutorScheduler@61209c22{STARTED}
08:52:18.528 [Thread-6] DEBUG o.e.j.server.handler.AbstractHandler - starting org.eclipse.jetty.server.session.SessionHandler319448900==dftMaxIdleSec=-1
08:52:18.528 [Thread-6] DEBUG o.e.j.u.component.AbstractLifeCycle - starting ServletHandler@4bd9ec7a{STOPPED}
08:52:18.529 [Thread-6] DEBUG o.e.jetty.servlet.ServletHandler - Path=/*[EMBEDDED:null] mapped to servlet=org.glassfish.jersey.servlet.ServletContainer-2da7f144[EMBEDDED:null]
08:52:18.531 [Thread-6] DEBUG o.e.jetty.http.pathmap.PathMappings - Added MappedResource[pathSpec=ServletPathSpec["/*",pathDepth=1,group=PREFIX_GLOB],resource=org.glassfish.jersey.servlet.ServletContainer-2da7f144@75a0b2c1==org.glassfish.jersey.servlet.ServletContainer,jsp=null,order=0,inst=false,async=true] to PathMappings[size=1]
08:52:18.531 [Thread-6] DEBUG o.e.jetty.servlet.ServletHandler - filterNameMap={}
08:52:18.531 [Thread-6] DEBUG o.e.jetty.servlet.ServletHandler - pathFilters=null
08:52:18.531 [Thread-6] DEBUG o.e.jetty.servlet.ServletHandler - servletFilterMap=null
08:52:18.531 [Thread-6] DEBUG o.e.jetty.servlet.ServletHandler - servletPathMap=PathMappings[size=1]
08:52:18.531 [Thread-6] DEBUG o.e.jetty.servlet.ServletHandler - servletNameMap={org.glassfish.jersey.servlet.ServletContainer-2da7f144=org.glassfish.jersey.servlet.ServletContainer-2da7f144@75a0b2c1==org.glassfish.jersey.servlet.ServletContainer,jsp=null,order=0,inst=false,async=true}
08:52:18.531 [Thread-6] DEBUG o.e.jetty.servlet.ServletHandler - Adding Default404Servlet to ServletHandler@4bd9ec7a{STARTING}
08:52:18.532 [Thread-6] DEBUG o.e.jetty.servlet.ServletHandler - Path=/*[EMBEDDED:null] mapped to servlet=org.glassfish.jersey.servlet.ServletContainer-2da7f144[EMBEDDED:null]
08:52:18.532 [Thread-6] DEBUG o.e.jetty.http.pathmap.PathMappings - Added MappedResource[pathSpec=ServletPathSpec["/*",pathDepth=1,group=PREFIX_GLOB],resource=org.glassfish.jersey.servlet.ServletContainer-2da7f144@75a0b2c1==org.glassfish.jersey.servlet.ServletContainer,jsp=null,order=0,inst=false,async=true] to PathMappings[size=1]
08:52:18.532 [Thread-6] DEBUG o.e.jetty.servlet.ServletHandler - Path=/[EMBEDDED:null] mapped to servlet=org.eclipse.jetty.servlet.ServletHandler$Default404Servlet-b31305e[EMBEDDED:null]
08:52:18.532 [Thread-6] DEBUG o.e.jetty.http.pathmap.PathMappings - Added MappedResource[pathSpec=ServletPathSpec["/",pathDepth=-1,group=DEFAULT],resource=org.eclipse.jetty.servlet.ServletHandler$Default404Servlet-b31305e@ce81f419==org.eclipse.jetty.servlet.ServletHandler$Default404Servlet,jsp=null,order=-1,inst=false,async=true] to PathMappings[size=2]
08:52:18.532 [Thread-6] DEBUG o.e.jetty.servlet.ServletHandler - filterNameMap={}
08:52:18.532 [Thread-6] DEBUG o.e.jetty.servlet.ServletHandler - pathFilters=null
08:52:18.532 [Thread-6] DEBUG o.e.jetty.servlet.ServletHandler - servletFilterMap=null
08:52:18.532 [Thread-6] DEBUG o.e.jetty.servlet.ServletHandler - servletPathMap=PathMappings[size=2]
08:52:18.532 [Thread-6] DEBUG o.e.jetty.servlet.ServletHandler - servletNameMap={org.glassfish.jersey.servlet.ServletContainer-2da7f144=org.glassfish.jersey.servlet.ServletContainer-2da7f144@75a0b2c1==org.glassfish.jersey.servlet.ServletContainer,jsp=null,order=0,inst=false,async=true, org.eclipse.jetty.servlet.ServletHandler$Default404Servlet-b31305e=org.eclipse.jetty.servlet.ServletHandler$Default404Servlet-b31305e@ce81f419==org.eclipse.jetty.servlet.ServletHandler$Default404Servlet,jsp=null,order=-1,inst=false,async=true}
08:52:18.532 [Thread-6] DEBUG o.e.j.server.handler.AbstractHandler - starting ServletHandler@4bd9ec7a{STARTING}
08:52:18.532 [Thread-6] DEBUG o.e.j.u.component.AbstractLifeCycle - STARTED @3043ms ServletHandler@4bd9ec7a{STARTED}
08:52:18.532 [Thread-6] DEBUG o.e.j.u.component.AbstractLifeCycle - starting org.eclipse.jetty.server.session.DefaultSessionCache@5a96ed6c[evict=-1,removeUnloadable=false,saveOnCreate=false,saveOnInactiveEvict=false]
08:52:18.532 [Thread-6] DEBUG o.e.j.u.component.AbstractLifeCycle - starting org.eclipse.jetty.server.session.NullSessionDataStore@35270df[passivating=false,graceSec=3600]
08:52:18.532 [Thread-6] DEBUG o.e.j.u.component.AbstractLifeCycle - STARTED @3043ms org.eclipse.jetty.server.session.NullSessionDataStore@35270df[passivating=false,graceSec=3600]
08:52:18.532 [Thread-6] DEBUG o.e.j.u.component.AbstractLifeCycle - STARTED @3043ms org.eclipse.jetty.server.session.DefaultSessionCache@5a96ed6c[evict=-1,removeUnloadable=false,saveOnCreate=false,saveOnInactiveEvict=false]
08:52:18.532 [Thread-6] DEBUG o.e.j.u.component.AbstractLifeCycle - STARTED @3043ms org.eclipse.jetty.server.session.SessionHandler319448900==dftMaxIdleSec=-1
08:52:18.535 [Thread-6] DEBUG o.e.j.u.component.AbstractLifeCycle - starting org.eclipse.jetty.servlet.ServletHandler$Default404Servlet-b31305e@ce81f419==org.eclipse.jetty.servlet.ServletHandler$Default404Servlet,jsp=null,order=-1,inst=false,async=true
08:52:18.536 [Thread-6] DEBUG o.e.j.u.component.AbstractLifeCycle - STARTED @3047ms org.eclipse.jetty.servlet.ServletHandler$Default404Servlet-b31305e@ce81f419==org.eclipse.jetty.servlet.ServletHandler$Default404Servlet,jsp=null,order=-1,inst=false,async=true
08:52:18.536 [Thread-6] DEBUG o.e.j.u.component.AbstractLifeCycle - starting org.glassfish.jersey.servlet.ServletContainer-2da7f144@75a0b2c1==org.glassfish.jersey.servlet.ServletContainer,jsp=null,order=0,inst=false,async=true
08:52:18.536 [Thread-6] DEBUG o.e.j.u.component.AbstractLifeCycle - STARTED @3047ms org.glassfish.jersey.servlet.ServletContainer-2da7f144@75a0b2c1==org.glassfish.jersey.servlet.ServletContainer,jsp=null,order=0,inst=false,async=true
08:52:18.548 [Thread-6] DEBUG o.e.jetty.servlet.ServletHolder - Servlet.init org.glassfish.jersey.servlet.ServletContainer@6130f6ff for org.glassfish.jersey.servlet.ServletContainer-2da7f144
08:52:19.085 [Thread-6] INFO  o.e.j.server.handler.ContextHandler - Started o.e.j.s.ServletContextHandler@2fe09d52{/,null,AVAILABLE}
08:52:19.085 [Thread-6] DEBUG o.e.j.u.component.AbstractLifeCycle - STARTED @3595ms o.e.j.s.ServletContextHandler@2fe09d52{/,null,AVAILABLE}
08:52:19.085 [Thread-6] DEBUG o.e.j.u.component.AbstractLifeCycle - starting ErrorHandler@23e88857{STOPPED}
08:52:19.085 [Thread-6] DEBUG o.e.j.server.handler.AbstractHandler - starting ErrorHandler@23e88857{STARTING}
08:52:19.085 [Thread-6] DEBUG o.e.j.u.component.AbstractLifeCycle - STARTED @3596ms ErrorHandler@23e88857{STARTED}
08:52:19.085 [Thread-6] DEBUG o.e.j.u.component.AbstractLifeCycle - starting ServerConnector@20382f9c{HTTP/1.1,[http/1.1]}{0.0.0.0:8888}
08:52:19.086 [Thread-6] DEBUG o.e.j.u.component.ContainerLifeCycle - ServerConnector@20382f9c{HTTP/1.1,[http/1.1]}{0.0.0.0:8888} added {sun.nio.ch.ServerSocketChannelImpl[/0:0:0:0:0:0:0:0:8888],POJO}
08:52:19.088 [Thread-6] DEBUG o.e.j.u.component.AbstractLifeCycle - starting ScheduledExecutorScheduler@163235a3{STOPPED}
08:52:19.088 [Thread-6] DEBUG o.e.j.u.component.AbstractLifeCycle - STARTED @3599ms ScheduledExecutorScheduler@163235a3{STARTED}
08:52:19.088 [Thread-6] DEBUG o.e.j.u.component.AbstractLifeCycle - starting HttpConnectionFactory@c17afe6[HTTP/1.1]
08:52:19.088 [Thread-6] DEBUG o.e.j.u.component.AbstractLifeCycle - STARTED @3599ms HttpConnectionFactory@c17afe6[HTTP/1.1]
08:52:19.088 [Thread-6] DEBUG o.e.j.u.component.AbstractLifeCycle - starting SelectorManager@ServerConnector@20382f9c{HTTP/1.1,[http/1.1]}{0.0.0.0:8888}
08:52:19.109 [Thread-6] DEBUG o.e.j.u.component.ContainerLifeCycle - EatWhatYouKill@11365350/SelectorProducer@1d384369/IDLE/p=false/QueuedThreadPool[qtp2131603391]@7f0dafbf{STARTED,8<=8<=200,i=8,r=8,q=0}[ReservedThreadExecutor@458fcd5a{s=0/8,p=0}][pc=0,pic=0,pec=0,epc=0]@2019-12-26T08:52:19.107+01:00 added {SelectorProducer@1d384369,POJO}
08:52:19.109 [Thread-6] DEBUG o.e.j.u.component.ContainerLifeCycle - EatWhatYouKill@11365350/SelectorProducer@1d384369/IDLE/p=false/QueuedThreadPool[qtp2131603391]@7f0dafbf{STARTED,8<=8<=200,i=8,r=8,q=0}[ReservedThreadExecutor@458fcd5a{s=0/8,p=0}][pc=0,pic=0,pec=0,epc=0]@2019-12-26T08:52:19.109+01:00 added {QueuedThreadPool[qtp2131603391]@7f0dafbf{STARTED,8<=8<=200,i=8,r=8,q=0}[ReservedThreadExecutor@458fcd5a{s=0/8,p=0}],UNMANAGED}
08:52:19.110 [Thread-6] DEBUG o.e.j.u.t.strategy.EatWhatYouKill - EatWhatYouKill@11365350/SelectorProducer@1d384369/IDLE/p=false/QueuedThreadPool[qtp2131603391]@7f0dafbf{STARTED,8<=8<=200,i=8,r=8,q=0}[ReservedThreadExecutor@458fcd5a{s=0/8,p=0}][pc=0,pic=0,pec=0,epc=0]@2019-12-26T08:52:19.11+01:00 created
08:52:19.110 [Thread-6] DEBUG o.e.j.u.component.ContainerLifeCycle - ManagedSelector@52f0095b{STOPPED} id=0 keys=-1 selected=-1 updates=0 added {EatWhatYouKill@11365350/SelectorProducer@1d384369/IDLE/p=false/QueuedThreadPool[qtp2131603391]@7f0dafbf{STARTED,8<=8<=200,i=8,r=8,q=0}[ReservedThreadExecutor@458fcd5a{s=0/8,p=0}][pc=0,pic=0,pec=0,epc=0]@2019-12-26T08:52:19.11+01:00,MANAGED}
08:52:19.110 [Thread-6] DEBUG o.e.j.u.component.ContainerLifeCycle - SelectorManager@ServerConnector@20382f9c{HTTP/1.1,[http/1.1]}{0.0.0.0:8888} added {ManagedSelector@52f0095b{STOPPED} id=0 keys=-1 selected=-1 updates=0,AUTO}
08:52:19.111 [Thread-6] DEBUG o.e.j.u.component.ContainerLifeCycle - EatWhatYouKill@2b01c490/SelectorProducer@576b4e76/IDLE/p=false/QueuedThreadPool[qtp2131603391]@7f0dafbf{STARTED,8<=8<=200,i=8,r=8,q=0}[ReservedThreadExecutor@458fcd5a{s=0/8,p=0}][pc=0,pic=0,pec=0,epc=0]@2019-12-26T08:52:19.111+01:00 added {SelectorProducer@576b4e76,POJO}
08:52:19.111 [Thread-6] DEBUG o.e.j.u.component.ContainerLifeCycle - EatWhatYouKill@2b01c490/SelectorProducer@576b4e76/IDLE/p=false/QueuedThreadPool[qtp2131603391]@7f0dafbf{STARTED,8<=8<=200,i=8,r=8,q=0}[ReservedThreadExecutor@458fcd5a{s=0/8,p=0}][pc=0,pic=0,pec=0,epc=0]@2019-12-26T08:52:19.111+01:00 added {QueuedThreadPool[qtp2131603391]@7f0dafbf{STARTED,8<=8<=200,i=8,r=8,q=0}[ReservedThreadExecutor@458fcd5a{s=0/8,p=0}],UNMANAGED}
08:52:19.112 [Thread-6] DEBUG o.e.j.u.t.strategy.EatWhatYouKill - EatWhatYouKill@2b01c490/SelectorProducer@576b4e76/IDLE/p=false/QueuedThreadPool[qtp2131603391]@7f0dafbf{STARTED,8<=8<=200,i=8,r=8,q=0}[ReservedThreadExecutor@458fcd5a{s=0/8,p=0}][pc=0,pic=0,pec=0,epc=0]@2019-12-26T08:52:19.112+01:00 created
08:52:19.112 [Thread-6] DEBUG o.e.j.u.component.ContainerLifeCycle - ManagedSelector@54e5725d{STOPPED} id=1 keys=-1 selected=-1 updates=0 added {EatWhatYouKill@2b01c490/SelectorProducer@576b4e76/IDLE/p=false/QueuedThreadPool[qtp2131603391]@7f0dafbf{STARTED,8<=8<=200,i=8,r=8,q=0}[ReservedThreadExecutor@458fcd5a{s=0/8,p=0}][pc=0,pic=0,pec=0,epc=0]@2019-12-26T08:52:19.112+01:00,MANAGED}
08:52:19.112 [Thread-6] DEBUG o.e.j.u.component.ContainerLifeCycle - SelectorManager@ServerConnector@20382f9c{HTTP/1.1,[http/1.1]}{0.0.0.0:8888} added {ManagedSelector@54e5725d{STOPPED} id=1 keys=-1 selected=-1 updates=0,AUTO}
08:52:19.113 [Thread-6] DEBUG o.e.j.u.component.ContainerLifeCycle - EatWhatYouKill@68d034b/SelectorProducer@238d624e/IDLE/p=false/QueuedThreadPool[qtp2131603391]@7f0dafbf{STARTED,8<=8<=200,i=8,r=8,q=0}[ReservedThreadExecutor@458fcd5a{s=0/8,p=0}][pc=0,pic=0,pec=0,epc=0]@2019-12-26T08:52:19.113+01:00 added {SelectorProducer@238d624e,POJO}
08:52:19.113 [Thread-6] DEBUG o.e.j.u.component.ContainerLifeCycle - EatWhatYouKill@68d034b/SelectorProducer@238d624e/IDLE/p=false/QueuedThreadPool[qtp2131603391]@7f0dafbf{STARTED,8<=8<=200,i=8,r=8,q=0}[ReservedThreadExecutor@458fcd5a{s=0/8,p=0}][pc=0,pic=0,pec=0,epc=0]@2019-12-26T08:52:19.113+01:00 added {QueuedThreadPool[qtp2131603391]@7f0dafbf{STARTED,8<=8<=200,i=8,r=8,q=0}[ReservedThreadExecutor@458fcd5a{s=0/8,p=0}],UNMANAGED}
08:52:19.113 [Thread-6] DEBUG o.e.j.u.t.strategy.EatWhatYouKill - EatWhatYouKill@68d034b/SelectorProducer@238d624e/IDLE/p=false/QueuedThreadPool[qtp2131603391]@7f0dafbf{STARTED,8<=8<=200,i=8,r=8,q=0}[ReservedThreadExecutor@458fcd5a{s=0/8,p=0}][pc=0,pic=0,pec=0,epc=0]@2019-12-26T08:52:19.113+01:00 created
08:52:19.113 [Thread-6] DEBUG o.e.j.u.component.ContainerLifeCycle - ManagedSelector@2e9880b7{STOPPED} id=2 keys=-1 selected=-1 updates=0 added {EatWhatYouKill@68d034b/SelectorProducer@238d624e/IDLE/p=false/QueuedThreadPool[qtp2131603391]@7f0dafbf{STARTED,8<=8<=200,i=8,r=8,q=0}[ReservedThreadExecutor@458fcd5a{s=0/8,p=0}][pc=0,pic=0,pec=0,epc=0]@2019-12-26T08:52:19.113+01:00,MANAGED}
08:52:19.113 [Thread-6] DEBUG o.e.j.u.component.ContainerLifeCycle - SelectorManager@ServerConnector@20382f9c{HTTP/1.1,[http/1.1]}{0.0.0.0:8888} added {ManagedSelector@2e9880b7{STOPPED} id=2 keys=-1 selected=-1 updates=0,AUTO}
08:52:19.114 [Thread-6] DEBUG o.e.j.u.component.ContainerLifeCycle - EatWhatYouKill@511068a3/SelectorProducer@3fe9be91/IDLE/p=false/QueuedThreadPool[qtp2131603391]@7f0dafbf{STARTED,8<=8<=200,i=8,r=8,q=0}[ReservedThreadExecutor@458fcd5a{s=0/8,p=0}][pc=0,pic=0,pec=0,epc=0]@2019-12-26T08:52:19.114+01:00 added {SelectorProducer@3fe9be91,POJO}
08:52:19.114 [Thread-6] DEBUG o.e.j.u.component.ContainerLifeCycle - EatWhatYouKill@511068a3/SelectorProducer@3fe9be91/IDLE/p=false/QueuedThreadPool[qtp2131603391]@7f0dafbf{STARTED,8<=8<=200,i=8,r=8,q=0}[ReservedThreadExecutor@458fcd5a{s=0/8,p=0}][pc=0,pic=0,pec=0,epc=0]@2019-12-26T08:52:19.114+01:00 added {QueuedThreadPool[qtp2131603391]@7f0dafbf{STARTED,8<=8<=200,i=8,r=8,q=0}[ReservedThreadExecutor@458fcd5a{s=0/8,p=0}],UNMANAGED}
08:52:19.114 [Thread-6] DEBUG o.e.j.u.t.strategy.EatWhatYouKill - EatWhatYouKill@511068a3/SelectorProducer@3fe9be91/IDLE/p=false/QueuedThreadPool[qtp2131603391]@7f0dafbf{STARTED,8<=8<=200,i=8,r=8,q=0}[ReservedThreadExecutor@458fcd5a{s=0/8,p=0}][pc=0,pic=0,pec=0,epc=0]@2019-12-26T08:52:19.114+01:00 created
08:52:19.114 [Thread-6] DEBUG o.e.j.u.component.ContainerLifeCycle - ManagedSelector@773e2430{STOPPED} id=3 keys=-1 selected=-1 updates=0 added {EatWhatYouKill@511068a3/SelectorProducer@3fe9be91/IDLE/p=false/QueuedThreadPool[qtp2131603391]@7f0dafbf{STARTED,8<=8<=200,i=8,r=8,q=0}[ReservedThreadExecutor@458fcd5a{s=0/8,p=0}][pc=0,pic=0,pec=0,epc=0]@2019-12-26T08:52:19.114+01:00,MANAGED}
08:52:19.114 [Thread-6] DEBUG o.e.j.u.component.ContainerLifeCycle - SelectorManager@ServerConnector@20382f9c{HTTP/1.1,[http/1.1]}{0.0.0.0:8888} added {ManagedSelector@773e2430{STOPPED} id=3 keys=-1 selected=-1 updates=0,AUTO}
08:52:19.115 [Thread-6] DEBUG o.e.j.u.component.AbstractLifeCycle - starting ManagedSelector@52f0095b{STOPPED} id=0 keys=-1 selected=-1 updates=0
08:52:19.115 [Thread-6] DEBUG o.e.j.u.component.AbstractLifeCycle - starting EatWhatYouKill@11365350/SelectorProducer@1d384369/IDLE/p=false/QueuedThreadPool[qtp2131603391]@7f0dafbf{STARTED,8<=8<=200,i=8,r=8,q=0}[ReservedThreadExecutor@458fcd5a{s=0/8,p=0}][pc=0,pic=0,pec=0,epc=0]@2019-12-26T08:52:19.115+01:00
08:52:19.115 [Thread-6] DEBUG o.e.j.u.component.AbstractLifeCycle - STARTED @3625ms EatWhatYouKill@11365350/SelectorProducer@1d384369/IDLE/p=false/QueuedThreadPool[qtp2131603391]@7f0dafbf{STARTED,8<=8<=200,i=8,r=8,q=0}[ReservedThreadExecutor@458fcd5a{s=0/8,p=0}][pc=0,pic=0,pec=0,epc=0]@2019-12-26T08:52:19.115+01:00
08:52:19.116 [Thread-6] DEBUG o.e.j.util.thread.QueuedThreadPool - queue org.eclipse.jetty.io.ManagedSelector$$Lambda$217/1330559266@3da19b6c startThread=0
08:52:19.116 [qtp2131603391-20] DEBUG o.e.j.util.thread.QueuedThreadPool - run org.eclipse.jetty.io.ManagedSelector$$Lambda$217/1330559266@3da19b6c in QueuedThreadPool[qtp2131603391]@7f0dafbf{STARTED,8<=8<=200,i=7,r=8,q=0}[ReservedThreadExecutor@458fcd5a{s=0/8,p=0}]
08:52:19.117 [Thread-6] DEBUG org.eclipse.jetty.io.ManagedSelector - Queued change org.eclipse.jetty.io.ManagedSelector$Start@3bb8374c on ManagedSelector@52f0095b{STARTING} id=0 keys=0 selected=0 updates=0
08:52:19.117 [qtp2131603391-20] DEBUG o.e.j.u.t.strategy.EatWhatYouKill - EatWhatYouKill@11365350/SelectorProducer@1d384369/IDLE/p=false/QueuedThreadPool[qtp2131603391]@7f0dafbf{STARTED,8<=8<=200,i=7,r=8,q=0}[ReservedThreadExecutor@458fcd5a{s=0/8,p=0}][pc=0,pic=0,pec=0,epc=0]@2019-12-26T08:52:19.117+01:00 tryProduce false
08:52:19.119 [qtp2131603391-20] DEBUG org.eclipse.jetty.io.ManagedSelector - updateable 1
08:52:19.120 [qtp2131603391-20] DEBUG org.eclipse.jetty.io.ManagedSelector - update org.eclipse.jetty.io.ManagedSelector$Start@3bb8374c
08:52:19.120 [qtp2131603391-20] DEBUG org.eclipse.jetty.io.ManagedSelector - updates 0
08:52:19.120 [qtp2131603391-20] DEBUG org.eclipse.jetty.io.ManagedSelector - Selector sun.nio.ch.WindowsSelectorImpl@2f393bca waiting with 0 keys
08:52:19.120 [Thread-6] DEBUG o.e.j.u.component.AbstractLifeCycle - STARTED @3631ms ManagedSelector@52f0095b{STARTED} id=0 keys=0 selected=0 updates=0
08:52:19.120 [Thread-6] DEBUG o.e.j.u.component.AbstractLifeCycle - starting ManagedSelector@54e5725d{STOPPED} id=1 keys=-1 selected=-1 updates=0
08:52:19.121 [Thread-6] DEBUG o.e.j.u.component.AbstractLifeCycle - starting EatWhatYouKill@2b01c490/SelectorProducer@576b4e76/IDLE/p=false/QueuedThreadPool[qtp2131603391]@7f0dafbf{STARTED,8<=8<=200,i=7,r=8,q=0}[ReservedThreadExecutor@458fcd5a{s=0/8,p=0}][pc=0,pic=0,pec=0,epc=0]@2019-12-26T08:52:19.12+01:00
08:52:19.121 [Thread-6] DEBUG o.e.j.u.component.AbstractLifeCycle - STARTED @3631ms EatWhatYouKill@2b01c490/SelectorProducer@576b4e76/IDLE/p=false/QueuedThreadPool[qtp2131603391]@7f0dafbf{STARTED,8<=8<=200,i=7,r=8,q=0}[ReservedThreadExecutor@458fcd5a{s=0/8,p=0}][pc=0,pic=0,pec=0,epc=0]@2019-12-26T08:52:19.121+01:00
08:52:19.122 [Thread-6] DEBUG o.e.j.util.thread.QueuedThreadPool - queue org.eclipse.jetty.io.ManagedSelector$$Lambda$217/1330559266@6a5acc3c startThread=0
08:52:19.122 [qtp2131603391-19] DEBUG o.e.j.util.thread.QueuedThreadPool - run org.eclipse.jetty.io.ManagedSelector$$Lambda$217/1330559266@6a5acc3c in QueuedThreadPool[qtp2131603391]@7f0dafbf{STARTED,8<=8<=200,i=6,r=8,q=0}[ReservedThreadExecutor@458fcd5a{s=0/8,p=0}]
08:52:19.122 [Thread-6] DEBUG org.eclipse.jetty.io.ManagedSelector - Queued change org.eclipse.jetty.io.ManagedSelector$Start@50e7fffc on ManagedSelector@54e5725d{STARTING} id=1 keys=0 selected=0 updates=0
08:52:19.122 [qtp2131603391-19] DEBUG o.e.j.u.t.strategy.EatWhatYouKill - EatWhatYouKill@2b01c490/SelectorProducer@576b4e76/IDLE/p=false/QueuedThreadPool[qtp2131603391]@7f0dafbf{STARTED,8<=8<=200,i=6,r=8,q=0}[ReservedThreadExecutor@458fcd5a{s=0/8,p=0}][pc=0,pic=0,pec=0,epc=0]@2019-12-26T08:52:19.122+01:00 tryProduce false
08:52:19.122 [qtp2131603391-19] DEBUG org.eclipse.jetty.io.ManagedSelector - updateable 1
08:52:19.122 [qtp2131603391-19] DEBUG org.eclipse.jetty.io.ManagedSelector - update org.eclipse.jetty.io.ManagedSelector$Start@50e7fffc
08:52:19.122 [qtp2131603391-19] DEBUG org.eclipse.jetty.io.ManagedSelector - updates 0
08:52:19.122 [qtp2131603391-19] DEBUG org.eclipse.jetty.io.ManagedSelector - Selector sun.nio.ch.WindowsSelectorImpl@260e15c2 waiting with 0 keys
08:52:19.122 [Thread-6] DEBUG o.e.j.u.component.AbstractLifeCycle - STARTED @3633ms ManagedSelector@54e5725d{STARTED} id=1 keys=0 selected=0 updates=0
08:52:19.122 [Thread-6] DEBUG o.e.j.u.component.AbstractLifeCycle - starting ManagedSelector@2e9880b7{STOPPED} id=2 keys=-1 selected=-1 updates=0
08:52:19.123 [Thread-6] DEBUG o.e.j.u.component.AbstractLifeCycle - starting EatWhatYouKill@68d034b/SelectorProducer@238d624e/IDLE/p=false/QueuedThreadPool[qtp2131603391]@7f0dafbf{STARTED,8<=8<=200,i=6,r=8,q=0}[ReservedThreadExecutor@458fcd5a{s=0/8,p=0}][pc=0,pic=0,pec=0,epc=0]@2019-12-26T08:52:19.123+01:00
08:52:19.123 [Thread-6] DEBUG o.e.j.u.component.AbstractLifeCycle - STARTED @3633ms EatWhatYouKill@68d034b/SelectorProducer@238d624e/IDLE/p=false/QueuedThreadPool[qtp2131603391]@7f0dafbf{STARTED,8<=8<=200,i=6,r=8,q=0}[ReservedThreadExecutor@458fcd5a{s=0/8,p=0}][pc=0,pic=0,pec=0,epc=0]@2019-12-26T08:52:19.123+01:00
08:52:19.124 [Thread-6] DEBUG o.e.j.util.thread.QueuedThreadPool - queue org.eclipse.jetty.io.ManagedSelector$$Lambda$217/1330559266@612c6477 startThread=0
08:52:19.124 [qtp2131603391-21] DEBUG o.e.j.util.thread.QueuedThreadPool - run org.eclipse.jetty.io.ManagedSelector$$Lambda$217/1330559266@612c6477 in QueuedThreadPool[qtp2131603391]@7f0dafbf{STARTED,8<=8<=200,i=5,r=8,q=0}[ReservedThreadExecutor@458fcd5a{s=0/8,p=0}]
08:52:19.124 [Thread-6] DEBUG org.eclipse.jetty.io.ManagedSelector - Queued change org.eclipse.jetty.io.ManagedSelector$Start@1b543d49 on ManagedSelector@2e9880b7{STARTING} id=2 keys=0 selected=0 updates=0
08:52:19.124 [qtp2131603391-21] DEBUG o.e.j.u.t.strategy.EatWhatYouKill - EatWhatYouKill@68d034b/SelectorProducer@238d624e/IDLE/p=false/QueuedThreadPool[qtp2131603391]@7f0dafbf{STARTED,8<=8<=200,i=5,r=8,q=0}[ReservedThreadExecutor@458fcd5a{s=0/8,p=0}][pc=0,pic=0,pec=0,epc=0]@2019-12-26T08:52:19.124+01:00 tryProduce false
08:52:19.124 [qtp2131603391-21] DEBUG org.eclipse.jetty.io.ManagedSelector - updateable 1
08:52:19.124 [qtp2131603391-21] DEBUG org.eclipse.jetty.io.ManagedSelector - update org.eclipse.jetty.io.ManagedSelector$Start@1b543d49
08:52:19.124 [qtp2131603391-21] DEBUG org.eclipse.jetty.io.ManagedSelector - updates 0
08:52:19.124 [qtp2131603391-21] DEBUG org.eclipse.jetty.io.ManagedSelector - Selector sun.nio.ch.WindowsSelectorImpl@119bf166 waiting with 0 keys
08:52:19.124 [Thread-6] DEBUG o.e.j.u.component.AbstractLifeCycle - STARTED @3635ms ManagedSelector@2e9880b7{STARTED} id=2 keys=0 selected=0 updates=0
08:52:19.124 [Thread-6] DEBUG o.e.j.u.component.AbstractLifeCycle - starting ManagedSelector@773e2430{STOPPED} id=3 keys=-1 selected=-1 updates=0
08:52:19.125 [Thread-6] DEBUG o.e.j.u.component.AbstractLifeCycle - starting EatWhatYouKill@511068a3/SelectorProducer@3fe9be91/IDLE/p=false/QueuedThreadPool[qtp2131603391]@7f0dafbf{STARTED,8<=8<=200,i=5,r=8,q=0}[ReservedThreadExecutor@458fcd5a{s=0/8,p=0}][pc=0,pic=0,pec=0,epc=0]@2019-12-26T08:52:19.125+01:00
08:52:19.125 [Thread-6] DEBUG o.e.j.u.component.AbstractLifeCycle - STARTED @3635ms EatWhatYouKill@511068a3/SelectorProducer@3fe9be91/IDLE/p=false/QueuedThreadPool[qtp2131603391]@7f0dafbf{STARTED,8<=8<=200,i=5,r=8,q=0}[ReservedThreadExecutor@458fcd5a{s=0/8,p=0}][pc=0,pic=0,pec=0,epc=0]@2019-12-26T08:52:19.125+01:00
08:52:19.126 [Thread-6] DEBUG o.e.j.util.thread.QueuedThreadPool - queue org.eclipse.jetty.io.ManagedSelector$$Lambda$217/1330559266@27532933 startThread=0
08:52:19.126 [qtp2131603391-22] DEBUG o.e.j.util.thread.QueuedThreadPool - run org.eclipse.jetty.io.ManagedSelector$$Lambda$217/1330559266@27532933 in QueuedThreadPool[qtp2131603391]@7f0dafbf{STARTED,8<=8<=200,i=4,r=8,q=0}[ReservedThreadExecutor@458fcd5a{s=0/8,p=0}]
08:52:19.126 [Thread-6] DEBUG org.eclipse.jetty.io.ManagedSelector - Queued change org.eclipse.jetty.io.ManagedSelector$Start@48a42a3a on ManagedSelector@773e2430{STARTING} id=3 keys=0 selected=0 updates=0
08:52:19.127 [qtp2131603391-22] DEBUG o.e.j.u.t.strategy.EatWhatYouKill - EatWhatYouKill@511068a3/SelectorProducer@3fe9be91/IDLE/p=false/QueuedThreadPool[qtp2131603391]@7f0dafbf{STARTED,8<=8<=200,i=4,r=8,q=0}[ReservedThreadExecutor@458fcd5a{s=0/8,p=0}][pc=0,pic=0,pec=0,epc=0]@2019-12-26T08:52:19.127+01:00 tryProduce false
08:52:19.127 [qtp2131603391-22] DEBUG org.eclipse.jetty.io.ManagedSelector - updateable 1
08:52:19.127 [qtp2131603391-22] DEBUG org.eclipse.jetty.io.ManagedSelector - update org.eclipse.jetty.io.ManagedSelector$Start@48a42a3a
08:52:19.127 [qtp2131603391-22] DEBUG org.eclipse.jetty.io.ManagedSelector - updates 0
08:52:19.127 [qtp2131603391-22] DEBUG org.eclipse.jetty.io.ManagedSelector - Selector sun.nio.ch.WindowsSelectorImpl@2e164b47 waiting with 0 keys
08:52:19.128 [Thread-6] DEBUG o.e.j.u.component.AbstractLifeCycle - STARTED @3638ms ManagedSelector@773e2430{STARTED} id=3 keys=0 selected=0 updates=0
08:52:19.128 [Thread-6] DEBUG o.e.j.u.component.AbstractLifeCycle - STARTED @3638ms SelectorManager@ServerConnector@20382f9c{HTTP/1.1,[http/1.1]}{0.0.0.0:8888}
08:52:19.137 [Thread-6] DEBUG o.e.j.u.component.ContainerLifeCycle - ServerConnector@20382f9c{HTTP/1.1,[http/1.1]}{0.0.0.0:8888} added {acceptor-0@4e09977b,POJO}
08:52:19.137 [Thread-6] DEBUG o.e.j.util.thread.QueuedThreadPool - queue acceptor-0@4e09977b startThread=0
08:52:19.137 [Thread-6] INFO  o.e.jetty.server.AbstractConnector - Started ServerConnector@20382f9c{HTTP/1.1,[http/1.1]}{0.0.0.0:8888}
08:52:19.137 [Thread-6] DEBUG o.e.j.u.component.AbstractLifeCycle - STARTED @3648ms ServerConnector@20382f9c{HTTP/1.1,[http/1.1]}{0.0.0.0:8888}
08:52:19.137 [Thread-6] INFO  org.eclipse.jetty.server.Server - Started @3648ms
08:52:19.137 [Thread-6] DEBUG o.e.j.u.component.AbstractLifeCycle - STARTED @3648ms Server@43fe6aa6{STARTED}[9.4.25.v20191220]
08:52:19.139 [qtp2131603391-23] DEBUG o.e.j.util.thread.QueuedThreadPool - run acceptor-0@4e09977b in QueuedThreadPool[qtp2131603391]@7f0dafbf{STARTED,8<=8<=200,i=3,r=8,q=0}[ReservedThreadExecutor@458fcd5a{s=0/8,p=0}]
08:52:19.555 [Test worker] DEBUG o.a.h.c.protocol.RequestAddCookies - CookieSpec selected: default
08:52:19.597 [Test worker] DEBUG o.a.h.c.protocol.RequestAuthCache - Auth cache not set in the context
08:52:19.612 [Test worker] DEBUG o.a.h.i.c.PoolingHttpClientConnectionManager - Connection request: [route: {}->http://localhost:8888][total kept alive: 0; route allocated: 0 of 2; total allocated: 0 of 20]
08:52:19.633 [Test worker] DEBUG o.a.h.i.c.PoolingHttpClientConnectionManager - Connection leased: [id: 0][route: {}->http://localhost:8888][total kept alive: 0; route allocated: 1 of 2; total allocated: 1 of 20]
08:52:19.642 [Test worker] DEBUG o.a.h.impl.execchain.MainClientExec - Opening connection {}->http://localhost:8888
08:52:19.654 [Test worker] DEBUG o.a.h.i.c.DefaultHttpClientConnectionOperator - Connecting to localhost/127.0.0.1:8888
08:52:19.658 [qtp2131603391-23-acceptor-0@4e09977b-ServerConnector@20382f9c{HTTP/1.1,[http/1.1]}{0.0.0.0:8888}] DEBUG org.eclipse.jetty.io.ManagedSelector - Queued change org.eclipse.jetty.io.ManagedSelector$Accept@3fd3bc33 on ManagedSelector@54e5725d{STARTED} id=1 keys=0 selected=0 updates=0
08:52:19.659 [qtp2131603391-23-acceptor-0@4e09977b-ServerConnector@20382f9c{HTTP/1.1,[http/1.1]}{0.0.0.0:8888}] DEBUG org.eclipse.jetty.io.ManagedSelector - Wakeup on submit ManagedSelector@54e5725d{STARTED} id=1 keys=0 selected=0 updates=1
08:52:19.659 [qtp2131603391-19] DEBUG org.eclipse.jetty.io.ManagedSelector - Selector sun.nio.ch.WindowsSelectorImpl@260e15c2 woken with none selected
08:52:19.659 [qtp2131603391-19] DEBUG org.eclipse.jetty.io.ManagedSelector - Selector sun.nio.ch.WindowsSelectorImpl@260e15c2 woken up from select, 0/0/0 selected
08:52:19.659 [qtp2131603391-19] DEBUG org.eclipse.jetty.io.ManagedSelector - Selector sun.nio.ch.WindowsSelectorImpl@260e15c2 processing 0 keys, 1 updates
08:52:19.659 [qtp2131603391-19] DEBUG org.eclipse.jetty.io.ManagedSelector - updateable 1
08:52:19.659 [qtp2131603391-19] DEBUG org.eclipse.jetty.io.ManagedSelector - update org.eclipse.jetty.io.ManagedSelector$Accept@3fd3bc33
08:52:19.660 [qtp2131603391-19] DEBUG o.e.j.util.thread.QueuedThreadPool - queue org.eclipse.jetty.io.ManagedSelector$Accept@3fd3bc33 startThread=0
08:52:19.660 [qtp2131603391-19] DEBUG org.eclipse.jetty.io.ManagedSelector - updates 0
08:52:19.660 [qtp2131603391-19] DEBUG org.eclipse.jetty.io.ManagedSelector - Selector sun.nio.ch.WindowsSelectorImpl@260e15c2 waiting with 1 keys
08:52:19.660 [qtp2131603391-24] DEBUG o.e.j.util.thread.QueuedThreadPool - run org.eclipse.jetty.io.ManagedSelector$Accept@3fd3bc33 in QueuedThreadPool[qtp2131603391]@7f0dafbf{STARTED,8<=8<=200,i=2,r=8,q=0}[ReservedThreadExecutor@458fcd5a{s=0/8,p=0}]
08:52:19.664 [Test worker] DEBUG o.a.h.i.c.DefaultHttpClientConnectionOperator - Connection established 127.0.0.1:57980<->127.0.0.1:8888
08:52:19.665 [Test worker] DEBUG o.a.h.impl.execchain.MainClientExec - Executing request GET /account/-7812916597375783048/balance HTTP/1.1
08:52:19.665 [Test worker] DEBUG o.a.h.impl.execchain.MainClientExec - Target auth state: UNCHALLENGED
08:52:19.676 [Test worker] DEBUG o.a.h.impl.execchain.MainClientExec - Proxy auth state: UNCHALLENGED
08:52:19.679 [Test worker] DEBUG org.apache.http.headers - http-outgoing-0 >> GET /account/-7812916597375783048/balance HTTP/1.1
08:52:19.680 [Test worker] DEBUG org.apache.http.headers - http-outgoing-0 >> Host: localhost:8888
08:52:19.682 [Test worker] DEBUG org.apache.http.headers - http-outgoing-0 >> Connection: Keep-Alive
08:52:19.683 [Test worker] DEBUG org.apache.http.headers - http-outgoing-0 >> User-Agent: Apache-HttpClient/4.5.10 (Java/1.8.0_211)
08:52:19.683 [Test worker] DEBUG org.apache.http.headers - http-outgoing-0 >> Accept-Encoding: gzip,deflate
08:52:19.684 [Test worker] DEBUG org.apache.http.wire - http-outgoing-0 >> "GET /account/-7812916597375783048/balance HTTP/1.1[\r][\n]"
08:52:19.688 [Test worker] DEBUG org.apache.http.wire - http-outgoing-0 >> "Host: localhost:8888[\r][\n]"
08:52:19.688 [Test worker] DEBUG org.apache.http.wire - http-outgoing-0 >> "Connection: Keep-Alive[\r][\n]"
08:52:19.689 [Test worker] DEBUG org.apache.http.wire - http-outgoing-0 >> "User-Agent: Apache-HttpClient/4.5.10 (Java/1.8.0_211)[\r][\n]"
08:52:19.689 [Test worker] DEBUG org.apache.http.wire - http-outgoing-0 >> "Accept-Encoding: gzip,deflate[\r][\n]"
08:52:19.689 [Test worker] DEBUG org.apache.http.wire - http-outgoing-0 >> "[\r][\n]"
08:52:19.713 [qtp2131603391-24] DEBUG org.eclipse.jetty.io.IdleTimeout - SocketChannelEndPoint@327f0d9d{/127.0.0.1:57980<->/127.0.0.1:8888,OPEN,fill=-,flush=-,to=48/30000}{io=0/0,kio=0,kro=0}-><null> idle timeout check, elapsed: 47 ms, remaining: 29953 ms
08:52:19.826 [qtp2131603391-24] DEBUG org.eclipse.jetty.server.HttpChannel - new HttpChannelOverHttp@323bdcfb{s=HttpChannelState@1cb90f52{s=IDLE rs=BLOCKING os=OPEN is=IDLE awp=false se=false i=true al=0},r=0,c=false/false,a=IDLE,uri=null,age=0} -> SocketChannelEndPoint@327f0d9d{/127.0.0.1:57980<->/127.0.0.1:8888,OPEN,fill=-,flush=-,to=159/30000}{io=0/0,kio=0,kro=0}-><null>,null,HttpChannelState@1cb90f52{s=IDLE rs=BLOCKING os=OPEN is=IDLE awp=false se=false i=true al=0}
08:52:19.870 [qtp2131603391-24] DEBUG o.e.jetty.server.HttpConnection - New HTTP Connection HttpConnection@3ba7ae9::SocketChannelEndPoint@327f0d9d{/127.0.0.1:57980<->/127.0.0.1:8888,OPEN,fill=-,flush=-,to=204/30000}{io=0/0,kio=0,kro=0}-><null>
08:52:19.875 [qtp2131603391-24] DEBUG o.eclipse.jetty.io.AbstractEndPoint - onOpen SocketChannelEndPoint@327f0d9d{/127.0.0.1:57980<->/127.0.0.1:8888,OPEN,fill=-,flush=-,to=209/30000}{io=0/0,kio=0,kro=0}->HttpConnection@3ba7ae9[p=HttpParser{s=START,0 of -1},g=HttpGenerator@3bc56368{s=START}]=>HttpChannelOverHttp@323bdcfb{s=HttpChannelState@1cb90f52{s=IDLE rs=BLOCKING os=OPEN is=IDLE awp=false se=false i=true al=0},r=0,c=false/false,a=IDLE,uri=null,age=0}
08:52:19.875 [qtp2131603391-24] DEBUG o.e.jetty.io.AbstractConnection - onOpen HttpConnection@3ba7ae9::SocketChannelEndPoint@327f0d9d{/127.0.0.1:57980<->/127.0.0.1:8888,OPEN,fill=-,flush=-,to=210/30000}{io=0/0,kio=0,kro=0}->HttpConnection@3ba7ae9[p=HttpParser{s=START,0 of -1},g=HttpGenerator@3bc56368{s=START}]=>HttpChannelOverHttp@323bdcfb{s=HttpChannelState@1cb90f52{s=IDLE rs=BLOCKING os=OPEN is=IDLE awp=false se=false i=true al=0},r=0,c=false/false,a=IDLE,uri=null,age=0}
08:52:19.876 [qtp2131603391-24] DEBUG o.e.jetty.io.AbstractConnection - fillInterested HttpConnection@3ba7ae9::SocketChannelEndPoint@327f0d9d{/127.0.0.1:57980<->/127.0.0.1:8888,OPEN,fill=-,flush=-,to=210/30000}{io=0/0,kio=0,kro=0}->HttpConnection@3ba7ae9[p=HttpParser{s=START,0 of -1},g=HttpGenerator@3bc56368{s=START}]=>HttpChannelOverHttp@323bdcfb{s=HttpChannelState@1cb90f52{s=IDLE rs=BLOCKING os=OPEN is=IDLE awp=false se=false i=true al=0},r=0,c=false/false,a=IDLE,uri=null,age=0}
08:52:19.876 [qtp2131603391-24] DEBUG org.eclipse.jetty.io.FillInterest - interested FillInterest@6bf82bcb{AC.ReadCB@3ba7ae9{HttpConnection@3ba7ae9::SocketChannelEndPoint@327f0d9d{/127.0.0.1:57980<->/127.0.0.1:8888,OPEN,fill=FI,flush=-,to=0/30000}{io=0/0,kio=0,kro=0}->HttpConnection@3ba7ae9[p=HttpParser{s=START,0 of -1},g=HttpGenerator@3bc56368{s=START}]=>HttpChannelOverHttp@323bdcfb{s=HttpChannelState@1cb90f52{s=IDLE rs=BLOCKING os=OPEN is=IDLE awp=false se=false i=true al=0},r=0,c=false/false,a=IDLE,uri=null,age=0}}}
08:52:19.876 [qtp2131603391-24] DEBUG org.eclipse.jetty.io.ChannelEndPoint - changeInterests p=false 0->1 for SocketChannelEndPoint@327f0d9d{/127.0.0.1:57980<->/127.0.0.1:8888,OPEN,fill=FI,flush=-,to=0/30000}{io=0/1,kio=0,kro=0}->HttpConnection@3ba7ae9[p=HttpParser{s=START,0 of -1},g=HttpGenerator@3bc56368{s=START}]=>HttpChannelOverHttp@323bdcfb{s=HttpChannelState@1cb90f52{s=IDLE rs=BLOCKING os=OPEN is=IDLE awp=false se=false i=true al=0},r=0,c=false/false,a=IDLE,uri=null,age=0}
08:52:19.876 [qtp2131603391-24] DEBUG org.eclipse.jetty.io.ManagedSelector - Queued change org.eclipse.jetty.io.ChannelEndPoint$1@1771f8d4 on ManagedSelector@54e5725d{STARTED} id=1 keys=1 selected=0 updates=0
08:52:19.876 [qtp2131603391-24] DEBUG org.eclipse.jetty.io.ManagedSelector - Wakeup on submit ManagedSelector@54e5725d{STARTED} id=1 keys=1 selected=0 updates=1
08:52:19.879 [qtp2131603391-19] DEBUG org.eclipse.jetty.io.ManagedSelector - Selector sun.nio.ch.WindowsSelectorImpl@260e15c2 woken with none selected
08:52:19.879 [qtp2131603391-19] DEBUG org.eclipse.jetty.io.ManagedSelector - Selector sun.nio.ch.WindowsSelectorImpl@260e15c2 woken up from select, 0/0/1 selected
08:52:19.879 [qtp2131603391-19] DEBUG org.eclipse.jetty.io.ManagedSelector - Selector sun.nio.ch.WindowsSelectorImpl@260e15c2 processing 0 keys, 1 updates
08:52:19.879 [qtp2131603391-19] DEBUG org.eclipse.jetty.io.ManagedSelector - updateable 1
08:52:19.879 [qtp2131603391-19] DEBUG org.eclipse.jetty.io.ManagedSelector - update org.eclipse.jetty.io.ChannelEndPoint$1@1771f8d4
08:52:19.880 [qtp2131603391-24] DEBUG org.eclipse.jetty.io.ManagedSelector - Created SocketChannelEndPoint@327f0d9d{/127.0.0.1:57980<->/127.0.0.1:8888,OPEN,fill=FI,flush=-,to=0/30000}{io=0/1,kio=0,kro=0}->HttpConnection@3ba7ae9[p=HttpParser{s=START,0 of -1},g=HttpGenerator@3bc56368{s=START}]=>HttpChannelOverHttp@323bdcfb{s=HttpChannelState@1cb90f52{s=IDLE rs=BLOCKING os=OPEN is=IDLE awp=false se=false i=true al=0},r=0,c=false/false,a=IDLE,uri=null,age=0}
08:52:19.881 [qtp2131603391-24] DEBUG o.e.j.util.thread.QueuedThreadPool - ran org.eclipse.jetty.io.ManagedSelector$Accept@3fd3bc33 in QueuedThreadPool[qtp2131603391]@7f0dafbf{STARTED,8<=8<=200,i=2,r=8,q=0}[ReservedThreadExecutor@458fcd5a{s=0/8,p=0}]
08:52:19.882 [qtp2131603391-19] DEBUG org.eclipse.jetty.io.ChannelEndPoint - Key interests updated 0 -> 1 on SocketChannelEndPoint@327f0d9d{/127.0.0.1:57980<->/127.0.0.1:8888,OPEN,fill=FI,flush=-,to=3/30000}{io=1/1,kio=1,kro=0}->HttpConnection@3ba7ae9[p=HttpParser{s=START,0 of -1},g=HttpGenerator@3bc56368{s=START}]=>HttpChannelOverHttp@323bdcfb{s=HttpChannelState@1cb90f52{s=IDLE rs=BLOCKING os=OPEN is=IDLE awp=false se=false i=true al=0},r=0,c=false/false,a=IDLE,uri=null,age=0}
08:52:19.882 [qtp2131603391-19] DEBUG org.eclipse.jetty.io.ManagedSelector - updates 0
08:52:19.882 [qtp2131603391-19] DEBUG org.eclipse.jetty.io.ManagedSelector - Selector sun.nio.ch.WindowsSelectorImpl@260e15c2 waiting with 1 keys
08:52:19.883 [qtp2131603391-19] DEBUG org.eclipse.jetty.io.ManagedSelector - Selector sun.nio.ch.WindowsSelectorImpl@260e15c2 woken up from select, 1/1/1 selected
08:52:19.883 [qtp2131603391-19] DEBUG org.eclipse.jetty.io.ManagedSelector - Selector sun.nio.ch.WindowsSelectorImpl@260e15c2 processing 1 keys, 0 updates
08:52:19.883 [qtp2131603391-19] DEBUG org.eclipse.jetty.io.ManagedSelector - selected 1 sun.nio.ch.SelectionKeyImpl@28c9ff73 SocketChannelEndPoint@327f0d9d{/127.0.0.1:57980<->/127.0.0.1:8888,OPEN,fill=FI,flush=-,to=7/30000}{io=1/1,kio=1,kro=1}->HttpConnection@3ba7ae9[p=HttpParser{s=START,0 of -1},g=HttpGenerator@3bc56368{s=START}]=>HttpChannelOverHttp@323bdcfb{s=HttpChannelState@1cb90f52{s=IDLE rs=BLOCKING os=OPEN is=IDLE awp=false se=false i=true al=0},r=0,c=false/false,a=IDLE,uri=null,age=0} 
08:52:19.883 [qtp2131603391-19] DEBUG org.eclipse.jetty.io.ChannelEndPoint - onSelected 1->0 r=true w=false for SocketChannelEndPoint@327f0d9d{/127.0.0.1:57980<->/127.0.0.1:8888,OPEN,fill=FI,flush=-,to=7/30000}{io=1/0,kio=1,kro=1}->HttpConnection@3ba7ae9[p=HttpParser{s=START,0 of -1},g=HttpGenerator@3bc56368{s=START}]=>HttpChannelOverHttp@323bdcfb{s=HttpChannelState@1cb90f52{s=IDLE rs=BLOCKING os=OPEN is=IDLE awp=false se=false i=true al=0},r=0,c=false/false,a=IDLE,uri=null,age=0}
08:52:19.883 [qtp2131603391-19] DEBUG org.eclipse.jetty.io.ChannelEndPoint - task CEP:SocketChannelEndPoint@327f0d9d{/127.0.0.1:57980<->/127.0.0.1:8888,OPEN,fill=FI,flush=-,to=7/30000}{io=1/0,kio=1,kro=1}->HttpConnection@3ba7ae9[p=HttpParser{s=START,0 of -1},g=HttpGenerator@3bc56368{s=START}]=>HttpChannelOverHttp@323bdcfb{s=HttpChannelState@1cb90f52{s=IDLE rs=BLOCKING os=OPEN is=IDLE awp=false se=false i=true al=0},r=0,c=false/false,a=IDLE,uri=null,age=0}:runFillable:BLOCKING
08:52:19.884 [qtp2131603391-19] DEBUG o.e.j.u.t.ReservedThreadExecutor - ReservedThreadExecutor@458fcd5a{s=0/8,p=0} tryExecute EatWhatYouKill@2b01c490/SelectorProducer@576b4e76/PRODUCING/p=false/QueuedThreadPool[qtp2131603391]@7f0dafbf{STARTED,8<=8<=200,i=3,r=8,q=0}[ReservedThreadExecutor@458fcd5a{s=0/8,p=0}][pc=0,pic=0,pec=0,epc=0]@2019-12-26T08:52:19.884+01:00
08:52:19.884 [qtp2131603391-19] DEBUG o.e.j.u.t.ReservedThreadExecutor - ReservedThreadExecutor@458fcd5a{s=0/8,p=1} startReservedThread p=1
08:52:19.886 [qtp2131603391-19] DEBUG o.e.j.util.thread.QueuedThreadPool - queue ReservedThreadExecutor@458fcd5a{s=0/8,p=1}@3f825db1 startThread=0
08:52:19.887 [qtp2131603391-19] DEBUG o.e.j.u.t.strategy.EatWhatYouKill - EatWhatYouKill@2b01c490/SelectorProducer@576b4e76/PRODUCING/p=false/QueuedThreadPool[qtp2131603391]@7f0dafbf{STARTED,8<=8<=200,i=2,r=8,q=0}[ReservedThreadExecutor@458fcd5a{s=0/8,p=1}][pc=0,pic=0,pec=0,epc=0]@2019-12-26T08:52:19.887+01:00 m=PRODUCE_EXECUTE_CONSUME t=CEP:SocketChannelEndPoint@327f0d9d{/127.0.0.1:57980<->/127.0.0.1:8888,OPEN,fill=FI,flush=-,to=11/30000}{io=1/0,kio=1,kro=1}->HttpConnection@3ba7ae9[p=HttpParser{s=START,0 of -1},g=HttpGenerator@3bc56368{s=START}]=>HttpChannelOverHttp@323bdcfb{s=HttpChannelState@1cb90f52{s=IDLE rs=BLOCKING os=OPEN is=IDLE awp=false se=false i=true al=0},r=0,c=false/false,a=IDLE,uri=null,age=0}:runFillable:BLOCKING/BLOCKING
08:52:19.888 [qtp2131603391-19] DEBUG o.e.j.util.thread.QueuedThreadPool - queue CEP:SocketChannelEndPoint@327f0d9d{/127.0.0.1:57980<->/127.0.0.1:8888,OPEN,fill=FI,flush=-,to=12/30000}{io=1/0,kio=1,kro=1}->HttpConnection@3ba7ae9[p=HttpParser{s=START,0 of -1},g=HttpGenerator@3bc56368{s=START}]=>HttpChannelOverHttp@323bdcfb{s=HttpChannelState@1cb90f52{s=IDLE rs=BLOCKING os=OPEN is=IDLE awp=false se=false i=true al=0},r=0,c=false/false,a=IDLE,uri=null,age=0}:runFillable:BLOCKING startThread=0
08:52:19.889 [qtp2131603391-19] DEBUG org.eclipse.jetty.io.ManagedSelector - updateable 0
08:52:19.889 [qtp2131603391-19] DEBUG org.eclipse.jetty.io.ManagedSelector - updates 0
08:52:19.889 [qtp2131603391-19] DEBUG org.eclipse.jetty.io.ChannelEndPoint - Key interests updated 1 -> 0 on SocketChannelEndPoint@327f0d9d{/127.0.0.1:57980<->/127.0.0.1:8888,OPEN,fill=FI,flush=-,to=13/30000}{io=0/0,kio=0,kro=1}->HttpConnection@3ba7ae9[p=HttpParser{s=START,0 of -1},g=HttpGenerator@3bc56368{s=START}]=>HttpChannelOverHttp@323bdcfb{s=HttpChannelState@1cb90f52{s=IDLE rs=BLOCKING os=OPEN is=IDLE awp=false se=false i=true al=0},r=0,c=false/false,a=IDLE,uri=null,age=0}
08:52:19.889 [qtp2131603391-19] DEBUG org.eclipse.jetty.io.ManagedSelector - Selector sun.nio.ch.WindowsSelectorImpl@260e15c2 waiting with 1 keys
08:52:19.891 [qtp2131603391-25] DEBUG o.e.j.util.thread.QueuedThreadPool - run ReservedThreadExecutor@458fcd5a{s=0/8,p=1}@3f825db1 in QueuedThreadPool[qtp2131603391]@7f0dafbf{STARTED,8<=8<=200,i=1,r=8,q=0}[ReservedThreadExecutor@458fcd5a{s=0/8,p=1}]
08:52:19.891 [qtp2131603391-25] DEBUG o.e.j.u.t.ReservedThreadExecutor - ReservedThreadExecutor@458fcd5a{s=1/8,p=1}@3f825db1 started
08:52:19.891 [qtp2131603391-25] DEBUG o.e.j.u.t.ReservedThreadExecutor - ReservedThreadExecutor@458fcd5a{s=1/8,p=0}@3f825db1 waiting
08:52:19.892 [qtp2131603391-26] DEBUG o.e.j.util.thread.QueuedThreadPool - run CEP:SocketChannelEndPoint@327f0d9d{/127.0.0.1:57980<->/127.0.0.1:8888,OPEN,fill=FI,flush=-,to=15/30000}{io=0/0,kio=0,kro=1}->HttpConnection@3ba7ae9[p=HttpParser{s=START,0 of -1},g=HttpGenerator@3bc56368{s=START}]=>HttpChannelOverHttp@323bdcfb{s=HttpChannelState@1cb90f52{s=IDLE rs=BLOCKING os=OPEN is=IDLE awp=false se=false i=true al=0},r=0,c=false/false,a=IDLE,uri=null,age=0}:runFillable:BLOCKING in QueuedThreadPool[qtp2131603391]@7f0dafbf{STARTED,8<=8<=200,i=1,r=8,q=0}[ReservedThreadExecutor@458fcd5a{s=1/8,p=0}]
08:52:19.892 [qtp2131603391-26] DEBUG org.eclipse.jetty.io.FillInterest - fillable FillInterest@6bf82bcb{AC.ReadCB@3ba7ae9{HttpConnection@3ba7ae9::SocketChannelEndPoint@327f0d9d{/127.0.0.1:57980<->/127.0.0.1:8888,OPEN,fill=FI,flush=-,to=16/30000}{io=0/0,kio=0,kro=1}->HttpConnection@3ba7ae9[p=HttpParser{s=START,0 of -1},g=HttpGenerator@3bc56368{s=START}]=>HttpChannelOverHttp@323bdcfb{s=HttpChannelState@1cb90f52{s=IDLE rs=BLOCKING os=OPEN is=IDLE awp=false se=false i=true al=0},r=0,c=false/false,a=IDLE,uri=null,age=0}}}
08:52:19.892 [qtp2131603391-26] DEBUG o.e.jetty.server.HttpConnection - HttpConnection@3ba7ae9::SocketChannelEndPoint@327f0d9d{/127.0.0.1:57980<->/127.0.0.1:8888,OPEN,fill=-,flush=-,to=16/30000}{io=0/0,kio=0,kro=1}->HttpConnection@3ba7ae9[p=HttpParser{s=START,0 of -1},g=HttpGenerator@3bc56368{s=START}]=>HttpChannelOverHttp@323bdcfb{s=HttpChannelState@1cb90f52{s=IDLE rs=BLOCKING os=OPEN is=IDLE awp=false se=false i=true al=0},r=0,c=false/false,a=IDLE,uri=null,age=0} onFillable enter HttpChannelState@1cb90f52{s=IDLE rs=BLOCKING os=OPEN is=IDLE awp=false se=false i=true al=0} null
08:52:19.899 [qtp2131603391-26] DEBUG org.eclipse.jetty.util.TypeUtil - JVM Runtime does not support Modules
08:52:19.900 [qtp2131603391-26] DEBUG org.eclipse.jetty.io.ChannelEndPoint - filled 186 HeapByteBuffer@46bd66f3[p=0,l=186,c=8192,r=186]={<<<GET /account/-78129165973...oding: gzip,deflate\r\n\r\n>>>\x00\x00\x00\x00\x00\x00\x00\x00\x00...\x00\x00\x00\x00\x00\x00\x00}
08:52:19.900 [qtp2131603391-26] DEBUG o.e.jetty.server.HttpConnection - HttpConnection@3ba7ae9::SocketChannelEndPoint@327f0d9d{/127.0.0.1:57980<->/127.0.0.1:8888,OPEN,fill=-,flush=-,to=6/30000}{io=0/0,kio=0,kro=1}->HttpConnection@3ba7ae9[p=HttpParser{s=START,0 of -1},g=HttpGenerator@3bc56368{s=START}]=>HttpChannelOverHttp@323bdcfb{s=HttpChannelState@1cb90f52{s=IDLE rs=BLOCKING os=OPEN is=IDLE awp=false se=false i=true al=0},r=0,c=false/false,a=IDLE,uri=null,age=0} filled 186 HeapByteBuffer@46bd66f3[p=0,l=186,c=8192,r=186]={<<<GET /account/-78129165973...oding: gzip,deflate\r\n\r\n>>>\x00\x00\x00\x00\x00\x00\x00\x00\x00...\x00\x00\x00\x00\x00\x00\x00}
08:52:19.900 [qtp2131603391-26] DEBUG o.e.jetty.server.HttpConnection - HttpConnection@3ba7ae9::SocketChannelEndPoint@327f0d9d{/127.0.0.1:57980<->/127.0.0.1:8888,OPEN,fill=-,flush=-,to=6/30000}{io=0/0,kio=0,kro=1}->HttpConnection@3ba7ae9[p=HttpParser{s=START,0 of -1},g=HttpGenerator@3bc56368{s=START}]=>HttpChannelOverHttp@323bdcfb{s=HttpChannelState@1cb90f52{s=IDLE rs=BLOCKING os=OPEN is=IDLE awp=false se=false i=true al=0},r=0,c=false/false,a=IDLE,uri=null,age=0} parse HeapByteBuffer@46bd66f3[p=0,l=186,c=8192,r=186]={<<<GET /account/-78129165973...oding: gzip,deflate\r\n\r\n>>>\x00\x00\x00\x00\x00\x00\x00\x00\x00...\x00\x00\x00\x00\x00\x00\x00} {}
08:52:19.901 [qtp2131603391-26] DEBUG org.eclipse.jetty.http.HttpParser - parseNext s=START HeapByteBuffer@46bd66f3[p=0,l=186,c=8192,r=186]={<<<GET /account/-78129165973...oding: gzip,deflate\r\n\r\n>>>\x00\x00\x00\x00\x00\x00\x00\x00\x00...\x00\x00\x00\x00\x00\x00\x00}
08:52:19.901 [qtp2131603391-26] DEBUG org.eclipse.jetty.http.HttpParser - START --> SPACE1
08:52:19.905 [qtp2131603391-26] DEBUG org.eclipse.jetty.http.HttpParser - SPACE1 --> URI
08:52:19.905 [qtp2131603391-26] DEBUG org.eclipse.jetty.http.HttpParser - URI --> SPACE2
08:52:19.905 [qtp2131603391-26] DEBUG org.eclipse.jetty.http.HttpParser - SPACE2 --> REQUEST_VERSION
08:52:19.905 [qtp2131603391-26] DEBUG org.eclipse.jetty.http.HttpParser - REQUEST_VERSION --> HEADER
08:52:19.907 [qtp2131603391-26] DEBUG org.eclipse.jetty.http.HttpParser - HEADER:Host --> VALUE
08:52:19.907 [qtp2131603391-26] DEBUG org.eclipse.jetty.http.HttpParser - HEADER:Host --> IN_VALUE
08:52:19.907 [qtp2131603391-26] DEBUG org.eclipse.jetty.http.HttpParser - HEADER:Host --> FIELD
08:52:19.910 [qtp2131603391-26] DEBUG org.eclipse.jetty.http.HttpParser - HEADER:Connection: keep-alive --> IN_VALUE
08:52:19.910 [qtp2131603391-26] DEBUG org.eclipse.jetty.http.HttpParser - HEADER:Connection: keep-alive --> FIELD
08:52:19.913 [qtp2131603391-26] DEBUG org.eclipse.jetty.http.HttpParser - HEADER:User-Agent --> VALUE
08:52:19.913 [qtp2131603391-26] DEBUG org.eclipse.jetty.http.HttpParser - HEADER:User-Agent --> IN_VALUE
08:52:19.914 [qtp2131603391-26] DEBUG org.eclipse.jetty.http.HttpParser - HEADER:User-Agent --> FIELD
08:52:19.914 [qtp2131603391-26] DEBUG org.eclipse.jetty.http.HttpParser - HEADER:Accept-Encoding --> IN_VALUE
08:52:19.914 [qtp2131603391-26] DEBUG org.eclipse.jetty.http.HttpParser - HEADER:Accept-Encoding --> FIELD
08:52:19.914 [qtp2131603391-26] DEBUG org.eclipse.jetty.http.HttpParser - HEADER --> CONTENT
08:52:19.916 [qtp2131603391-26] DEBUG org.eclipse.jetty.server.HttpChannel - REQUEST for //localhost:8888/account/-7812916597375783048/balance on HttpChannelOverHttp@323bdcfb{s=HttpChannelState@1cb90f52{s=IDLE rs=BLOCKING os=OPEN is=IDLE awp=false se=false i=true al=0},r=1,c=false/false,a=IDLE,uri=//localhost:8888/account/-7812916597375783048/balance,age=1}
GET //localhost:8888/account/-7812916597375783048/balance HTTP/1.1
Host: localhost:8888
Connection: keep-alive
User-Agent: Apache-HttpClient/4.5.10 (Java/1.8.0_211)
Accept-Encoding: gzip,deflate


08:52:19.916 [qtp2131603391-26] DEBUG o.e.jetty.server.HttpConnection - HttpConnection@3ba7ae9::SocketChannelEndPoint@327f0d9d{/127.0.0.1:57980<->/127.0.0.1:8888,OPEN,fill=-,flush=-,to=22/30000}{io=0/0,kio=0,kro=1}->HttpConnection@3ba7ae9[p=HttpParser{s=CONTENT,0 of -1},g=HttpGenerator@3bc56368{s=START}]=>HttpChannelOverHttp@323bdcfb{s=HttpChannelState@1cb90f52{s=IDLE rs=BLOCKING os=OPEN is=IDLE awp=false se=false i=true al=0},r=1,c=false/false,a=IDLE,uri=//localhost:8888/account/-7812916597375783048/balance,age=2} parsed true HttpParser{s=CONTENT,0 of -1}
08:52:19.917 [qtp2131603391-26] DEBUG o.e.jetty.server.HttpConnection - releaseRequestBuffer HttpConnection@3ba7ae9::SocketChannelEndPoint@327f0d9d{/127.0.0.1:57980<->/127.0.0.1:8888,OPEN,fill=-,flush=-,to=22/30000}{io=0/0,kio=0,kro=1}->HttpConnection@3ba7ae9[p=HttpParser{s=CONTENT,0 of -1},g=HttpGenerator@3bc56368{s=START}]=>HttpChannelOverHttp@323bdcfb{s=HttpChannelState@1cb90f52{s=IDLE rs=BLOCKING os=OPEN is=IDLE awp=false se=false i=true al=0},r=1,c=false/false,a=IDLE,uri=//localhost:8888/account/-7812916597375783048/balance,age=2}
08:52:19.918 [qtp2131603391-26] DEBUG org.eclipse.jetty.server.HttpChannel - handle //localhost:8888/account/-7812916597375783048/balance HttpChannelOverHttp@323bdcfb{s=HttpChannelState@1cb90f52{s=IDLE rs=BLOCKING os=OPEN is=IDLE awp=false se=false i=true al=0},r=1,c=false/false,a=IDLE,uri=//localhost:8888/account/-7812916597375783048/balance,age=4} 
08:52:19.918 [qtp2131603391-26] DEBUG o.e.jetty.server.HttpChannelState - handling HttpChannelState@1cb90f52{s=IDLE rs=BLOCKING os=OPEN is=IDLE awp=false se=false i=true al=0}
08:52:19.920 [qtp2131603391-26] DEBUG org.eclipse.jetty.server.HttpChannel - action DISPATCH HttpChannelOverHttp@323bdcfb{s=HttpChannelState@1cb90f52{s=HANDLING rs=BLOCKING os=OPEN is=IDLE awp=false se=false i=true al=0},r=1,c=false/false,a=HANDLING,uri=//localhost:8888/account/-7812916597375783048/balance,age=6}
08:52:19.922 [qtp2131603391-26] DEBUG org.eclipse.jetty.server.Server - REQUEST GET /account/-7812916597375783048/balance on HttpChannelOverHttp@323bdcfb{s=HttpChannelState@1cb90f52{s=HANDLING rs=BLOCKING os=OPEN is=IDLE awp=false se=false i=true al=0},r=1,c=false/false,a=HANDLING,uri=//localhost:8888/account/-7812916597375783048/balance,age=8}
08:52:19.922 [qtp2131603391-26] DEBUG o.e.j.server.handler.ContextHandler - scope null||/account/-7812916597375783048/balance @ o.e.j.s.ServletContextHandler@2fe09d52{/,null,AVAILABLE}
08:52:19.923 [qtp2131603391-26] DEBUG o.e.j.server.handler.ContextHandler - context=||/account/-7812916597375783048/balance @ o.e.j.s.ServletContextHandler@2fe09d52{/,null,AVAILABLE}
08:52:19.923 [qtp2131603391-26] DEBUG org.eclipse.jetty.server.session - Entering scope org.eclipse.jetty.server.session.SessionHandler319448900==dftMaxIdleSec=-1, dispatch=REQUEST asyncstarted=false
08:52:19.924 [qtp2131603391-26] DEBUG org.eclipse.jetty.server.session - sessionHandler=org.eclipse.jetty.server.session.SessionHandler319448900==dftMaxIdleSec=-1 session=null
08:52:19.925 [qtp2131603391-26] DEBUG o.e.jetty.servlet.ServletHandler - servlet ||/account/-7812916597375783048/balance -> org.glassfish.jersey.servlet.ServletContainer-2da7f144@75a0b2c1==org.glassfish.jersey.servlet.ServletContainer,jsp=null,order=0,inst=true,async=true
08:52:19.925 [qtp2131603391-26] DEBUG o.e.jetty.servlet.ServletHandler - chain=null
08:52:19.993 [qtp2131603391-26] DEBUG org.hibernate.SQL - select account0_.id as id1_0_0_, account0_.amount as amount2_0_0_ from PUBLIC.Account account0_ where account0_.id=?
Hibernate: select account0_.id as id1_0_0_, account0_.amount as amount2_0_0_ from PUBLIC.Account account0_ where account0_.id=?
08:52:19.994 [qtp2131603391-26] DEBUG o.h.l.p.e.p.i.EntityReferenceInitializerImpl - On call to EntityIdentifierReaderImpl#resolve, EntityKey was already known; should only happen on root returns with an optional identifier specified
08:52:19.994 [qtp2131603391-26] DEBUG o.h.engine.internal.TwoPhaseLoad - Resolving attributes for [com.revolut.money.domain.account.Account#-7812916597375783048]
08:52:19.994 [qtp2131603391-26] DEBUG o.h.engine.internal.TwoPhaseLoad - Processing attribute `balance` : value = [Ljava.lang.Object;@2205158c
08:52:19.994 [qtp2131603391-26] DEBUG o.h.engine.internal.TwoPhaseLoad - Attribute (`balance`)  - enhanced for lazy-loading? - false
08:52:19.994 [qtp2131603391-26] DEBUG o.h.engine.internal.TwoPhaseLoad - Done materializing entity [com.revolut.money.domain.account.Account#-7812916597375783048]
08:52:19.994 [qtp2131603391-26] DEBUG o.h.l.e.p.AbstractLoadPlanBasedEntityLoader - Done entity load : com.revolut.money.domain.account.Account#-7812916597375783048
08:52:19.994 [qtp2131603391-26] DEBUG o.h.r.j.i.LogicalConnectionManagedImpl - Initiating JDBC connection release from afterTransaction
08:52:20.010 [qtp2131603391-26] DEBUG org.eclipse.jetty.server.HttpChannel - sendResponse info=null content=HeapByteBuffer@676bf7f9[p=0,l=5,c=8192,r=5]={<<<15.00>>>\x00\x00\x00\x00\x00\x00\x00\x00\x00...\x00\x00\x00\x00\x00\x00\x00} complete=true committing=true callback=Blocker@1accad82{null}
08:52:20.010 [qtp2131603391-26] DEBUG org.eclipse.jetty.server.HttpChannel - COMMIT for /account/-7812916597375783048/balance on HttpChannelOverHttp@323bdcfb{s=HttpChannelState@1cb90f52{s=HANDLING rs=BLOCKING os=COMMITTED is=IDLE awp=false se=false i=true al=0},r=1,c=false/false,a=HANDLING,uri=//localhost:8888/account/-7812916597375783048/balance,age=96}
200 OK HTTP/1.1
Date: Thu, 26 Dec 2019 07:52:19 GMT
Content-Length: 5
Content-Type: text/plain


08:52:20.013 [qtp2131603391-26] DEBUG o.e.jetty.server.HttpConnection - generate: NEED_HEADER for org.eclipse.jetty.server.HttpConnection$SendCallback@69f58532[PROCESSING][i=HTTP/1.1{s=200,h=3,cl=5},cb=org.eclipse.jetty.server.HttpChannel$SendCallback@13a20ac8] (null,[p=0,l=5,c=8192,r=5],true)@START
08:52:20.014 [qtp2131603391-26] DEBUG org.eclipse.jetty.http.HttpGenerator - generateHeaders HTTP/1.1{s=200,h=3,cl=5} last=true content=HeapByteBuffer@676bf7f9[p=0,l=5,c=8192,r=5]={<<<15.00>>>\x00\x00\x00\x00\x00\x00\x00\x00\x00...\x00\x00\x00\x00\x00\x00\x00}
08:52:20.014 [qtp2131603391-26] DEBUG org.eclipse.jetty.http.HttpGenerator - Date: Thu, 26 Dec 2019 07:52:19 GMT
Content-Length: 5
Content-Type: text/plain


08:52:20.014 [qtp2131603391-26] DEBUG org.eclipse.jetty.http.HttpGenerator - CONTENT_LENGTH
08:52:20.014 [qtp2131603391-26] DEBUG o.e.jetty.server.HttpConnection - generate: FLUSH for org.eclipse.jetty.server.HttpConnection$SendCallback@69f58532[PROCESSING][i=HTTP/1.1{s=200,h=3,cl=5},cb=org.eclipse.jetty.server.HttpChannel$SendCallback@13a20ac8] ([p=0,l=134,c=8192,r=134],[p=0,l=5,c=8192,r=5],true)@COMPLETING
08:52:20.014 [qtp2131603391-26] DEBUG org.eclipse.jetty.io.WriteFlusher - write: WriteFlusher@37d1b627{IDLE}->null [HeapByteBuffer@46bd66f3[p=0,l=134,c=8192,r=134]={<<<HTTP/1.1 200 OK\r\nDate: Th...y(9.4.25.v20191220)\r\n\r\n>>> (Java/1....\x00\x00\x00\x00\x00\x00\x00},HeapByteBuffer@676bf7f9[p=0,l=5,c=8192,r=5]={<<<15.00>>>\x00\x00\x00\x00\x00\x00\x00\x00\x00...\x00\x00\x00\x00\x00\x00\x00}]
08:52:20.014 [qtp2131603391-26] DEBUG org.eclipse.jetty.io.WriteFlusher - update WriteFlusher@37d1b627{WRITING}->null:IDLE-->WRITING
08:52:20.015 [Test worker] DEBUG org.apache.http.wire - http-outgoing-0 << "HTTP/1.1 200 OK[\r][\n]"
08:52:20.015 [Test worker] DEBUG org.apache.http.wire - http-outgoing-0 << "Date: Thu, 26 Dec 2019 07:52:19 GMT[\r][\n]"
08:52:20.015 [Test worker] DEBUG org.apache.http.wire - http-outgoing-0 << "Content-Type: text/plain[\r][\n]"
08:52:20.015 [Test worker] DEBUG org.apache.http.wire - http-outgoing-0 << "Content-Length: 5[\r][\n]"
08:52:20.015 [Test worker] DEBUG org.apache.http.wire - http-outgoing-0 << "Server: Jetty(9.4.25.v20191220)[\r][\n]"
08:52:20.015 [Test worker] DEBUG org.apache.http.wire - http-outgoing-0 << "[\r][\n]"
08:52:20.015 [Test worker] DEBUG org.apache.http.wire - http-outgoing-0 << "15.00"
08:52:20.015 [qtp2131603391-26] DEBUG org.eclipse.jetty.io.ChannelEndPoint - flushed 139 SocketChannelEndPoint@327f0d9d{/127.0.0.1:57980<->/127.0.0.1:8888,OPEN,fill=-,flush=W,to=121/30000}{io=0/0,kio=0,kro=1}->HttpConnection@3ba7ae9[p=HttpParser{s=CONTENT,0 of -1},g=HttpGenerator@3bc56368{s=COMPLETING}]=>HttpChannelOverHttp@323bdcfb{s=HttpChannelState@1cb90f52{s=HANDLING rs=BLOCKING os=COMMITTED is=IDLE awp=false se=false i=true al=0},r=1,c=false/false,a=HANDLING,uri=//localhost:8888/account/-7812916597375783048/balance,age=101}
08:52:20.015 [qtp2131603391-26] DEBUG org.eclipse.jetty.io.WriteFlusher - Flushed=true written=139 remaining=0 WriteFlusher@37d1b627{WRITING}->null
08:52:20.015 [qtp2131603391-26] DEBUG org.eclipse.jetty.io.WriteFlusher - update WriteFlusher@37d1b627{IDLE}->null:WRITING-->IDLE
08:52:20.015 [qtp2131603391-26] DEBUG o.e.jetty.server.HttpConnection - generate: DONE for org.eclipse.jetty.server.HttpConnection$SendCallback@69f58532[PROCESSING][i=HTTP/1.1{s=200,h=3,cl=5},cb=org.eclipse.jetty.server.HttpChannel$SendCallback@13a20ac8] ([p=134,l=134,c=8192,r=0],[p=5,l=5,c=8192,r=0],true)@END
08:52:20.015 [qtp2131603391-26] DEBUG org.eclipse.jetty.server.HttpOutput - onWriteComplete(true,null) s=CLOSING,api=BLOCKED,sc=false,e=null->s=CLOSED,api=BLOCKING,sc=false,e=null c=null cb=null w=false
08:52:20.017 [qtp2131603391-26] DEBUG org.eclipse.jetty.server.session - Leaving scope org.eclipse.jetty.server.session.SessionHandler319448900==dftMaxIdleSec=-1 dispatch=REQUEST, async=false, session=null, oldsession=null, oldsessionhandler=null
08:52:20.017 [Test worker] DEBUG org.apache.http.headers - http-outgoing-0 << HTTP/1.1 200 OK
08:52:20.017 [Test worker] DEBUG org.apache.http.headers - http-outgoing-0 << Date: Thu, 26 Dec 2019 07:52:19 GMT
08:52:20.017 [Test worker] DEBUG org.apache.http.headers - http-outgoing-0 << Content-Type: text/plain
08:52:20.017 [Test worker] DEBUG org.apache.http.headers - http-outgoing-0 << Content-Length: 5
08:52:20.017 [Test worker] DEBUG org.apache.http.headers - http-outgoing-0 << Server: Jetty(9.4.25.v20191220)
08:52:20.017 [qtp2131603391-26] DEBUG org.eclipse.jetty.server.Server - handled=true async=false committed=true on HttpChannelOverHttp@323bdcfb{s=HttpChannelState@1cb90f52{s=HANDLING rs=BLOCKING os=COMPLETED is=IDLE awp=false se=false i=true al=0},r=1,c=false/true,a=HANDLING,uri=//localhost:8888/account/-7812916597375783048/balance,age=103}
08:52:20.018 [qtp2131603391-26] DEBUG o.e.jetty.server.HttpChannelState - unhandle HttpChannelState@1cb90f52{s=HANDLING rs=BLOCKING os=COMPLETED is=IDLE awp=false se=false i=true al=0}
08:52:20.018 [qtp2131603391-26] DEBUG o.e.jetty.server.HttpChannelState - nextAction(false) COMPLETE HttpChannelState@1cb90f52{s=HANDLING rs=COMPLETING os=COMPLETED is=IDLE awp=false se=false i=false al=0}
08:52:20.018 [qtp2131603391-26] DEBUG org.eclipse.jetty.server.HttpChannel - action COMPLETE HttpChannelOverHttp@323bdcfb{s=HttpChannelState@1cb90f52{s=HANDLING rs=COMPLETING os=COMPLETED is=IDLE awp=false se=false i=false al=0},r=1,c=false/true,a=HANDLING,uri=//localhost:8888/account/-7812916597375783048/balance,age=104}
08:52:20.019 [qtp2131603391-26] DEBUG org.eclipse.jetty.server.HttpOutput - complete(org.eclipse.jetty.util.Callback$4@56034474) s=CLOSED,api=BLOCKING,sc=false,e=null s=true e=null, c=null
08:52:20.019 [qtp2131603391-26] DEBUG o.e.jetty.server.HttpChannelState - completed HttpChannelState@1cb90f52{s=HANDLING rs=COMPLETING os=COMPLETED is=IDLE awp=false se=false i=false al=0}
08:52:20.019 [qtp2131603391-26] DEBUG o.e.jetty.server.HttpChannelState - unhandle HttpChannelState@1cb90f52{s=HANDLING rs=COMPLETED os=COMPLETED is=IDLE awp=false se=false i=false al=0}
08:52:20.019 [qtp2131603391-26] DEBUG o.e.jetty.server.HttpChannelState - nextAction(false) TERMINATED HttpChannelState@1cb90f52{s=IDLE rs=COMPLETED os=COMPLETED is=IDLE awp=false se=false i=false al=0}
08:52:20.019 [qtp2131603391-26] DEBUG org.eclipse.jetty.server.HttpChannel - action TERMINATED HttpChannelOverHttp@323bdcfb{s=HttpChannelState@1cb90f52{s=IDLE rs=COMPLETED os=COMPLETED is=IDLE awp=false se=false i=false al=0},r=1,c=true/true,a=IDLE,uri=//localhost:8888/account/-7812916597375783048/balance,age=105}
08:52:20.019 [qtp2131603391-26] DEBUG org.eclipse.jetty.server.HttpChannel - onCompleted for /account/-7812916597375783048/balance written=5
08:52:20.019 [qtp2131603391-26] DEBUG o.e.jetty.server.HttpConnection - HttpConnection@3ba7ae9::SocketChannelEndPoint@327f0d9d{/127.0.0.1:57980<->/127.0.0.1:8888,OPEN,fill=-,flush=-,to=4/30000}{io=0/0,kio=0,kro=1}->HttpConnection@3ba7ae9[p=HttpParser{s=CONTENT,0 of -1},g=HttpGenerator@3bc56368{s=END}]=>HttpChannelOverHttp@323bdcfb{s=HttpChannelState@1cb90f52{s=IDLE rs=COMPLETED os=COMPLETED is=IDLE awp=false se=false i=false al=0},r=1,c=true/true,a=IDLE,uri=//localhost:8888/account/-7812916597375783048/balance,age=105} parse null {}
08:52:20.019 [qtp2131603391-26] DEBUG org.eclipse.jetty.http.HttpParser - parseNext s=CONTENT HeapByteBuffer@5ccd10d8[p=0,l=0,c=0,r=0]={<<<>>>}
08:52:20.019 [qtp2131603391-26] DEBUG org.eclipse.jetty.http.HttpParser - CONTENT --> CONTENT_END
08:52:20.020 [qtp2131603391-26] DEBUG org.eclipse.jetty.server.HttpChannel - onContentComplete HttpChannelOverHttp@323bdcfb{s=HttpChannelState@1cb90f52{s=IDLE rs=COMPLETED os=COMPLETED is=IDLE awp=false se=false i=false al=0},r=1,c=true/true,a=IDLE,uri=//localhost:8888/account/-7812916597375783048/balance,age=106}
08:52:20.020 [qtp2131603391-26] DEBUG org.eclipse.jetty.http.HttpParser - CONTENT_END --> END
08:52:20.020 [qtp2131603391-26] DEBUG org.eclipse.jetty.server.HttpChannel - onRequestComplete HttpChannelOverHttp@323bdcfb{s=HttpChannelState@1cb90f52{s=IDLE rs=COMPLETED os=COMPLETED is=IDLE awp=false se=false i=false al=0},r=1,c=true/true,a=IDLE,uri=//localhost:8888/account/-7812916597375783048/balance,age=106}
08:52:20.020 [qtp2131603391-26] DEBUG org.eclipse.jetty.server.HttpInput - HttpInputOverHTTP@721b0b6e[c=0,q=0,[0]=null,s=STREAM] addContent EOF
08:52:20.020 [qtp2131603391-26] DEBUG o.e.jetty.server.HttpConnection - HttpConnection@3ba7ae9::SocketChannelEndPoint@327f0d9d{/127.0.0.1:57980<->/127.0.0.1:8888,OPEN,fill=-,flush=-,to=5/30000}{io=0/0,kio=0,kro=1}->HttpConnection@3ba7ae9[p=HttpParser{s=END,0 of -1},g=HttpGenerator@3bc56368{s=END}]=>HttpChannelOverHttp@323bdcfb{s=HttpChannelState@1cb90f52{s=IDLE rs=COMPLETED os=COMPLETED is=IDLE awp=false se=false i=false al=0},r=1,c=true/true,a=IDLE,uri=//localhost:8888/account/-7812916597375783048/balance,age=106} parsed false HttpParser{s=END,0 of -1}
08:52:20.023 [Test worker] DEBUG o.a.h.impl.execchain.MainClientExec - Connection can be kept alive indefinitely
08:52:20.024 [qtp2131603391-26] DEBUG o.e.jetty.server.HttpChannelState - recycle HttpChannelState@1cb90f52{s=IDLE rs=COMPLETED os=COMPLETED is=IDLE awp=false se=false i=false al=0}
08:52:20.025 [qtp2131603391-26] DEBUG org.eclipse.jetty.http.HttpParser - reset HttpParser{s=END,0 of -1}
08:52:20.025 [qtp2131603391-26] DEBUG org.eclipse.jetty.http.HttpParser - END --> START
08:52:20.025 [qtp2131603391-26] DEBUG org.eclipse.jetty.server.HttpChannel - !handle TERMINATED HttpChannelOverHttp@323bdcfb{s=HttpChannelState@1cb90f52{s=IDLE rs=BLOCKING os=OPEN is=IDLE awp=false se=false i=true al=0},r=1,c=false/false,a=IDLE,uri=null,age=0}
08:52:20.025 [qtp2131603391-26] DEBUG org.eclipse.jetty.io.ChannelEndPoint - filled 0 HeapByteBuffer@46bd66f3[p=0,l=0,c=8192,r=0]={<<<>>>HTTP/1.1 ...\x00\x00\x00\x00\x00\x00\x00}
08:52:20.025 [qtp2131603391-26] DEBUG org.eclipse.jetty.io.ChannelEndPoint - filled 0 HeapByteBuffer@46bd66f3[p=0,l=0,c=8192,r=0]={<<<>>>HTTP/1.1 ...\x00\x00\x00\x00\x00\x00\x00}
08:52:20.025 [qtp2131603391-26] DEBUG o.e.jetty.server.HttpConnection - HttpConnection@3ba7ae9::SocketChannelEndPoint@327f0d9d{/127.0.0.1:57980<->/127.0.0.1:8888,OPEN,fill=-,flush=-,to=10/30000}{io=0/0,kio=0,kro=1}->HttpConnection@3ba7ae9[p=HttpParser{s=START,0 of -1},g=HttpGenerator@3bc56368{s=START}]=>HttpChannelOverHttp@323bdcfb{s=HttpChannelState@1cb90f52{s=IDLE rs=BLOCKING os=OPEN is=IDLE awp=false se=false i=true al=0},r=1,c=false/false,a=IDLE,uri=null,age=0} filled 0 HeapByteBuffer@46bd66f3[p=0,l=0,c=8192,r=0]={<<<>>>HTTP/1.1 ...\x00\x00\x00\x00\x00\x00\x00}
08:52:20.026 [qtp2131603391-26] DEBUG o.e.jetty.server.HttpConnection - HttpConnection@3ba7ae9::SocketChannelEndPoint@327f0d9d{/127.0.0.1:57980<->/127.0.0.1:8888,OPEN,fill=-,flush=-,to=10/30000}{io=0/0,kio=0,kro=1}->HttpConnection@3ba7ae9[p=HttpParser{s=START,0 of -1},g=HttpGenerator@3bc56368{s=START}]=>HttpChannelOverHttp@323bdcfb{s=HttpChannelState@1cb90f52{s=IDLE rs=BLOCKING os=OPEN is=IDLE awp=false se=false i=true al=0},r=1,c=false/false,a=IDLE,uri=null,age=0} parse HeapByteBuffer@46bd66f3[p=0,l=0,c=8192,r=0]={<<<>>>HTTP/1.1 ...\x00\x00\x00\x00\x00\x00\x00} {}
08:52:20.026 [qtp2131603391-26] DEBUG org.eclipse.jetty.http.HttpParser - parseNext s=START HeapByteBuffer@46bd66f3[p=0,l=0,c=8192,r=0]={<<<>>>HTTP/1.1 ...\x00\x00\x00\x00\x00\x00\x00}
08:52:20.026 [qtp2131603391-26] DEBUG o.e.jetty.server.HttpConnection - HttpConnection@3ba7ae9::SocketChannelEndPoint@327f0d9d{/127.0.0.1:57980<->/127.0.0.1:8888,OPEN,fill=-,flush=-,to=10/30000}{io=0/0,kio=0,kro=1}->HttpConnection@3ba7ae9[p=HttpParser{s=START,0 of -1},g=HttpGenerator@3bc56368{s=START}]=>HttpChannelOverHttp@323bdcfb{s=HttpChannelState@1cb90f52{s=IDLE rs=BLOCKING os=OPEN is=IDLE awp=false se=false i=true al=0},r=1,c=false/false,a=IDLE,uri=null,age=0} parsed false HttpParser{s=START,0 of -1}
08:52:20.026 [qtp2131603391-26] DEBUG o.e.jetty.server.HttpConnection - releaseRequestBuffer HttpConnection@3ba7ae9::SocketChannelEndPoint@327f0d9d{/127.0.0.1:57980<->/127.0.0.1:8888,OPEN,fill=-,flush=-,to=11/30000}{io=0/0,kio=0,kro=1}->HttpConnection@3ba7ae9[p=HttpParser{s=START,0 of -1},g=HttpGenerator@3bc56368{s=START}]=>HttpChannelOverHttp@323bdcfb{s=HttpChannelState@1cb90f52{s=IDLE rs=BLOCKING os=OPEN is=IDLE awp=false se=false i=true al=0},r=1,c=false/false,a=IDLE,uri=null,age=0}
08:52:20.026 [qtp2131603391-26] DEBUG o.e.jetty.io.AbstractConnection - fillInterested HttpConnection@3ba7ae9::SocketChannelEndPoint@327f0d9d{/127.0.0.1:57980<->/127.0.0.1:8888,OPEN,fill=-,flush=-,to=11/30000}{io=0/0,kio=0,kro=1}->HttpConnection@3ba7ae9[p=HttpParser{s=START,0 of -1},g=HttpGenerator@3bc56368{s=START}]=>HttpChannelOverHttp@323bdcfb{s=HttpChannelState@1cb90f52{s=IDLE rs=BLOCKING os=OPEN is=IDLE awp=false se=false i=true al=0},r=1,c=false/false,a=IDLE,uri=null,age=0}
08:52:20.027 [qtp2131603391-26] DEBUG org.eclipse.jetty.io.FillInterest - interested FillInterest@6bf82bcb{AC.ReadCB@3ba7ae9{HttpConnection@3ba7ae9::SocketChannelEndPoint@327f0d9d{/127.0.0.1:57980<->/127.0.0.1:8888,OPEN,fill=FI,flush=-,to=0/30000}{io=0/0,kio=0,kro=1}->HttpConnection@3ba7ae9[p=HttpParser{s=START,0 of -1},g=HttpGenerator@3bc56368{s=START}]=>HttpChannelOverHttp@323bdcfb{s=HttpChannelState@1cb90f52{s=IDLE rs=BLOCKING os=OPEN is=IDLE awp=false se=false i=true al=0},r=1,c=false/false,a=IDLE,uri=null,age=0}}}
08:52:20.027 [qtp2131603391-26] DEBUG org.eclipse.jetty.io.ChannelEndPoint - changeInterests p=false 0->1 for SocketChannelEndPoint@327f0d9d{/127.0.0.1:57980<->/127.0.0.1:8888,OPEN,fill=FI,flush=-,to=0/30000}{io=0/1,kio=0,kro=1}->HttpConnection@3ba7ae9[p=HttpParser{s=START,0 of -1},g=HttpGenerator@3bc56368{s=START}]=>HttpChannelOverHttp@323bdcfb{s=HttpChannelState@1cb90f52{s=IDLE rs=BLOCKING os=OPEN is=IDLE awp=false se=false i=true al=0},r=1,c=false/false,a=IDLE,uri=null,age=0}
08:52:20.027 [qtp2131603391-26] DEBUG org.eclipse.jetty.io.ManagedSelector - Queued change org.eclipse.jetty.io.ChannelEndPoint$1@1771f8d4 on ManagedSelector@54e5725d{STARTED} id=1 keys=1 selected=0 updates=0
08:52:20.027 [Test worker] DEBUG o.a.h.i.c.PoolingHttpClientConnectionManager - Connection [id: 0][route: {}->http://localhost:8888] can be kept alive indefinitely
08:52:20.027 [qtp2131603391-26] DEBUG org.eclipse.jetty.io.ManagedSelector - Wakeup on submit ManagedSelector@54e5725d{STARTED} id=1 keys=1 selected=0 updates=1
08:52:20.027 [Test worker] DEBUG o.a.h.i.c.DefaultManagedHttpClientConnection - http-outgoing-0: set socket timeout to 0
08:52:20.027 [Test worker] DEBUG o.a.h.i.c.PoolingHttpClientConnectionManager - Connection released: [id: 0][route: {}->http://localhost:8888][total kept alive: 1; route allocated: 1 of 2; total allocated: 1 of 20]
08:52:20.027 [qtp2131603391-19] DEBUG org.eclipse.jetty.io.ManagedSelector - Selector sun.nio.ch.WindowsSelectorImpl@260e15c2 woken with none selected
08:52:20.027 [qtp2131603391-26] DEBUG o.e.jetty.server.HttpConnection - HttpConnection@3ba7ae9::SocketChannelEndPoint@327f0d9d{/127.0.0.1:57980<->/127.0.0.1:8888,OPEN,fill=FI,flush=-,to=0/30000}{io=0/1,kio=0,kro=1}->HttpConnection@3ba7ae9[p=HttpParser{s=START,0 of -1},g=HttpGenerator@3bc56368{s=START}]=>HttpChannelOverHttp@323bdcfb{s=HttpChannelState@1cb90f52{s=IDLE rs=BLOCKING os=OPEN is=IDLE awp=false se=false i=true al=0},r=1,c=false/false,a=IDLE,uri=null,age=0} onFillable exit HttpChannelState@1cb90f52{s=IDLE rs=BLOCKING os=OPEN is=IDLE awp=false se=false i=true al=0} null
08:52:20.027 [Test worker] DEBUG o.e.j.u.component.AbstractLifeCycle - stopping Server@43fe6aa6{STARTED}[9.4.25.v20191220]
08:52:20.027 [qtp2131603391-19] DEBUG org.eclipse.jetty.io.ManagedSelector - Selector sun.nio.ch.WindowsSelectorImpl@260e15c2 woken up from select, 0/0/1 selected
08:52:20.028 [Test worker] DEBUG org.eclipse.jetty.server.Server - doStop Server@43fe6aa6{STOPPING}[9.4.25.v20191220]
08:52:20.028 [qtp2131603391-19] DEBUG org.eclipse.jetty.io.ManagedSelector - Selector sun.nio.ch.WindowsSelectorImpl@260e15c2 processing 0 keys, 1 updates
08:52:20.028 [qtp2131603391-19] DEBUG org.eclipse.jetty.io.ManagedSelector - updateable 1
08:52:20.028 [qtp2131603391-26] DEBUG o.e.j.util.thread.QueuedThreadPool - ran CEP:SocketChannelEndPoint@327f0d9d{/127.0.0.1:57980<->/127.0.0.1:8888,OPEN,fill=FI,flush=-,to=1/30000}{io=0/1,kio=0,kro=1}->HttpConnection@3ba7ae9[p=HttpParser{s=START,0 of -1},g=HttpGenerator@3bc56368{s=START}]=>HttpChannelOverHttp@323bdcfb{s=HttpChannelState@1cb90f52{s=IDLE rs=BLOCKING os=OPEN is=IDLE awp=false se=false i=true al=0},r=1,c=false/false,a=IDLE,uri=null,age=0}:runFillable:BLOCKING in QueuedThreadPool[qtp2131603391]@7f0dafbf{STARTED,8<=8<=200,i=1,r=8,q=0}[ReservedThreadExecutor@458fcd5a{s=1/8,p=0}]
08:52:20.028 [qtp2131603391-19] DEBUG org.eclipse.jetty.io.ManagedSelector - update org.eclipse.jetty.io.ChannelEndPoint$1@1771f8d4
08:52:20.028 [qtp2131603391-19] DEBUG org.eclipse.jetty.io.ChannelEndPoint - Key interests updated 0 -> 1 on SocketChannelEndPoint@327f0d9d{/127.0.0.1:57980<->/127.0.0.1:8888,OPEN,fill=FI,flush=-,to=1/30000}{io=1/1,kio=1,kro=1}->HttpConnection@3ba7ae9[p=HttpParser{s=START,0 of -1},g=HttpGenerator@3bc56368{s=START}]=>HttpChannelOverHttp@323bdcfb{s=HttpChannelState@1cb90f52{s=IDLE rs=BLOCKING os=OPEN is=IDLE awp=false se=false i=true al=0},r=1,c=false/false,a=IDLE,uri=null,age=0}
08:52:20.028 [qtp2131603391-19] DEBUG org.eclipse.jetty.io.ManagedSelector - updates 0
08:52:20.028 [qtp2131603391-19] DEBUG org.eclipse.jetty.io.ManagedSelector - Selector sun.nio.ch.WindowsSelectorImpl@260e15c2 waiting with 1 keys
08:52:20.028 [qtp2131603391-23] DEBUG o.e.j.util.thread.QueuedThreadPool - ran qtp2131603391-23-acceptor-0@4e09977b-ServerConnector@20382f9c{HTTP/1.1,[http/1.1]}{0.0.0.0:8888} in QueuedThreadPool[qtp2131603391]@7f0dafbf{STARTED,8<=8<=200,i=2,r=8,q=0}[ReservedThreadExecutor@458fcd5a{s=1/8,p=0}]
08:52:20.029 [Test worker] DEBUG o.e.j.s.h.AbstractHandlerContainer - Graceful shutdown Server@43fe6aa6{STOPPING}[9.4.25.v20191220] by 
08:52:20.029 [Test worker] DEBUG o.e.j.u.component.AbstractLifeCycle - stopping ServerConnector@20382f9c{HTTP/1.1,[http/1.1]}{0.0.0.0:8888}
08:52:20.030 [Test worker] DEBUG o.e.j.u.component.AbstractLifeCycle - stopping SelectorManager@ServerConnector@20382f9c{HTTP/1.1,[http/1.1]}{0.0.0.0:8888}
08:52:20.030 [Test worker] DEBUG o.e.j.u.component.AbstractLifeCycle - stopping ManagedSelector@773e2430{STARTED} id=3 keys=0 selected=0 updates=0
08:52:20.030 [Test worker] DEBUG org.eclipse.jetty.io.ManagedSelector - Queued change org.eclipse.jetty.io.ManagedSelector$CloseConnections@6494a604 on ManagedSelector@773e2430{STOPPING} id=3 keys=0 selected=0 updates=0
08:52:20.030 [Test worker] DEBUG org.eclipse.jetty.io.ManagedSelector - Wakeup on submit ManagedSelector@773e2430{STOPPING} id=3 keys=0 selected=0 updates=1
08:52:20.030 [qtp2131603391-22] DEBUG org.eclipse.jetty.io.ManagedSelector - Selector sun.nio.ch.WindowsSelectorImpl@2e164b47 woken with none selected
08:52:20.030 [qtp2131603391-22] DEBUG org.eclipse.jetty.io.ManagedSelector - Selector sun.nio.ch.WindowsSelectorImpl@2e164b47 woken up from select, 0/0/0 selected
08:52:20.030 [qtp2131603391-22] DEBUG org.eclipse.jetty.io.ManagedSelector - Selector sun.nio.ch.WindowsSelectorImpl@2e164b47 processing 0 keys, 1 updates
08:52:20.030 [qtp2131603391-22] DEBUG org.eclipse.jetty.io.ManagedSelector - updateable 1
08:52:20.030 [qtp2131603391-22] DEBUG org.eclipse.jetty.io.ManagedSelector - update org.eclipse.jetty.io.ManagedSelector$CloseConnections@6494a604
08:52:20.030 [qtp2131603391-22] DEBUG org.eclipse.jetty.io.ManagedSelector - Closing 0 connections on ManagedSelector@773e2430{STOPPING} id=3 keys=0 selected=0 updates=0
08:52:20.030 [qtp2131603391-22] DEBUG org.eclipse.jetty.io.ManagedSelector - updates 0
08:52:20.030 [qtp2131603391-22] DEBUG org.eclipse.jetty.io.ManagedSelector - Selector sun.nio.ch.WindowsSelectorImpl@2e164b47 waiting with 0 keys
08:52:20.030 [Test worker] DEBUG org.eclipse.jetty.io.ManagedSelector - Queued change org.eclipse.jetty.io.ManagedSelector$StopSelector@4e8aa868 on ManagedSelector@773e2430{STOPPING} id=3 keys=0 selected=0 updates=0
08:52:20.031 [Test worker] DEBUG org.eclipse.jetty.io.ManagedSelector - Wakeup on submit ManagedSelector@773e2430{STOPPING} id=3 keys=0 selected=0 updates=1
08:52:20.031 [qtp2131603391-22] DEBUG org.eclipse.jetty.io.ManagedSelector - Selector sun.nio.ch.WindowsSelectorImpl@2e164b47 woken with none selected
08:52:20.031 [qtp2131603391-22] DEBUG org.eclipse.jetty.io.ManagedSelector - Selector sun.nio.ch.WindowsSelectorImpl@2e164b47 woken up from select, 0/0/0 selected
08:52:20.031 [qtp2131603391-22] DEBUG org.eclipse.jetty.io.ManagedSelector - Selector sun.nio.ch.WindowsSelectorImpl@2e164b47 processing 0 keys, 1 updates
08:52:20.031 [qtp2131603391-22] DEBUG org.eclipse.jetty.io.ManagedSelector - updateable 1
08:52:20.031 [qtp2131603391-22] DEBUG org.eclipse.jetty.io.ManagedSelector - update org.eclipse.jetty.io.ManagedSelector$StopSelector@4e8aa868
08:52:20.034 [qtp2131603391-22] DEBUG org.eclipse.jetty.io.ManagedSelector - updates 0
08:52:20.034 [Test worker] DEBUG o.e.j.u.component.AbstractLifeCycle - stopping EatWhatYouKill@511068a3/SelectorProducer@3fe9be91/PRODUCING/p=false/QueuedThreadPool[qtp2131603391]@7f0dafbf{STARTED,8<=8<=200,i=3,r=8,q=0}[ReservedThreadExecutor@458fcd5a{s=1/8,p=0}][pc=0,pic=0,pec=0,epc=0]@2019-12-26T08:52:20.034+01:00
08:52:20.034 [qtp2131603391-22] DEBUG o.e.j.util.thread.QueuedThreadPool - ran org.eclipse.jetty.io.ManagedSelector$$Lambda$217/1330559266@27532933 in QueuedThreadPool[qtp2131603391]@7f0dafbf{STARTED,8<=8<=200,i=3,r=8,q=0}[ReservedThreadExecutor@458fcd5a{s=1/8,p=0}]
08:52:20.034 [Test worker] DEBUG o.e.j.u.component.AbstractLifeCycle - STOPPED EatWhatYouKill@511068a3/SelectorProducer@3fe9be91/IDLE/p=false/QueuedThreadPool[qtp2131603391]@7f0dafbf{STARTED,8<=8<=200,i=3,r=8,q=0}[ReservedThreadExecutor@458fcd5a{s=1/8,p=0}][pc=0,pic=0,pec=0,epc=0]@2019-12-26T08:52:20.034+01:00
08:52:20.034 [Test worker] DEBUG o.e.j.u.component.AbstractLifeCycle - STOPPED ManagedSelector@773e2430{STOPPED} id=3 keys=-1 selected=-1 updates=0
08:52:20.034 [Test worker] DEBUG o.e.j.u.component.AbstractLifeCycle - stopping ManagedSelector@2e9880b7{STARTED} id=2 keys=0 selected=0 updates=0
08:52:20.034 [Test worker] DEBUG org.eclipse.jetty.io.ManagedSelector - Queued change org.eclipse.jetty.io.ManagedSelector$CloseConnections@113783fa on ManagedSelector@2e9880b7{STOPPING} id=2 keys=0 selected=0 updates=0
08:52:20.035 [Test worker] DEBUG org.eclipse.jetty.io.ManagedSelector - Wakeup on submit ManagedSelector@2e9880b7{STOPPING} id=2 keys=0 selected=0 updates=1
08:52:20.035 [qtp2131603391-21] DEBUG org.eclipse.jetty.io.ManagedSelector - Selector sun.nio.ch.WindowsSelectorImpl@119bf166 woken with none selected
08:52:20.035 [qtp2131603391-21] DEBUG org.eclipse.jetty.io.ManagedSelector - Selector sun.nio.ch.WindowsSelectorImpl@119bf166 woken up from select, 0/0/0 selected
08:52:20.035 [qtp2131603391-21] DEBUG org.eclipse.jetty.io.ManagedSelector - Selector sun.nio.ch.WindowsSelectorImpl@119bf166 processing 0 keys, 1 updates
08:52:20.035 [qtp2131603391-21] DEBUG org.eclipse.jetty.io.ManagedSelector - updateable 1
08:52:20.035 [qtp2131603391-21] DEBUG org.eclipse.jetty.io.ManagedSelector - update org.eclipse.jetty.io.ManagedSelector$CloseConnections@113783fa
08:52:20.035 [qtp2131603391-21] DEBUG org.eclipse.jetty.io.ManagedSelector - Closing 0 connections on ManagedSelector@2e9880b7{STOPPING} id=2 keys=0 selected=0 updates=0
08:52:20.035 [qtp2131603391-21] DEBUG org.eclipse.jetty.io.ManagedSelector - updates 0
08:52:20.035 [qtp2131603391-21] DEBUG org.eclipse.jetty.io.ManagedSelector - Selector sun.nio.ch.WindowsSelectorImpl@119bf166 waiting with 0 keys
08:52:20.035 [Test worker] DEBUG org.eclipse.jetty.io.ManagedSelector - Queued change org.eclipse.jetty.io.ManagedSelector$StopSelector@36a4c2bd on ManagedSelector@2e9880b7{STOPPING} id=2 keys=0 selected=0 updates=0
08:52:20.035 [Test worker] DEBUG org.eclipse.jetty.io.ManagedSelector - Wakeup on submit ManagedSelector@2e9880b7{STOPPING} id=2 keys=0 selected=0 updates=1
08:52:20.035 [qtp2131603391-21] DEBUG org.eclipse.jetty.io.ManagedSelector - Selector sun.nio.ch.WindowsSelectorImpl@119bf166 woken with none selected
08:52:20.035 [qtp2131603391-21] DEBUG org.eclipse.jetty.io.ManagedSelector - Selector sun.nio.ch.WindowsSelectorImpl@119bf166 woken up from select, 0/0/0 selected
08:52:20.035 [qtp2131603391-21] DEBUG org.eclipse.jetty.io.ManagedSelector - Selector sun.nio.ch.WindowsSelectorImpl@119bf166 processing 0 keys, 1 updates
08:52:20.035 [qtp2131603391-21] DEBUG org.eclipse.jetty.io.ManagedSelector - updateable 1
08:52:20.035 [qtp2131603391-21] DEBUG org.eclipse.jetty.io.ManagedSelector - update org.eclipse.jetty.io.ManagedSelector$StopSelector@36a4c2bd
08:52:20.035 [qtp2131603391-21] DEBUG org.eclipse.jetty.io.ManagedSelector - updates 0
08:52:20.036 [Test worker] DEBUG o.e.j.u.component.AbstractLifeCycle - stopping EatWhatYouKill@68d034b/SelectorProducer@238d624e/PRODUCING/p=false/QueuedThreadPool[qtp2131603391]@7f0dafbf{STARTED,8<=8<=200,i=4,r=8,q=0}[ReservedThreadExecutor@458fcd5a{s=1/8,p=0}][pc=0,pic=0,pec=0,epc=0]@2019-12-26T08:52:20.035+01:00
08:52:20.036 [qtp2131603391-21] DEBUG o.e.j.util.thread.QueuedThreadPool - ran org.eclipse.jetty.io.ManagedSelector$$Lambda$217/1330559266@612c6477 in QueuedThreadPool[qtp2131603391]@7f0dafbf{STARTED,8<=8<=200,i=4,r=8,q=0}[ReservedThreadExecutor@458fcd5a{s=1/8,p=0}]
08:52:20.036 [Test worker] DEBUG o.e.j.u.component.AbstractLifeCycle - STOPPED EatWhatYouKill@68d034b/SelectorProducer@238d624e/IDLE/p=false/QueuedThreadPool[qtp2131603391]@7f0dafbf{STARTED,8<=8<=200,i=4,r=8,q=0}[ReservedThreadExecutor@458fcd5a{s=1/8,p=0}][pc=0,pic=0,pec=0,epc=0]@2019-12-26T08:52:20.036+01:00
08:52:20.036 [Test worker] DEBUG o.e.j.u.component.AbstractLifeCycle - STOPPED ManagedSelector@2e9880b7{STOPPED} id=2 keys=-1 selected=-1 updates=0
08:52:20.036 [Test worker] DEBUG o.e.j.u.component.AbstractLifeCycle - stopping ManagedSelector@54e5725d{STARTED} id=1 keys=1 selected=0 updates=0
08:52:20.036 [Test worker] DEBUG org.eclipse.jetty.io.ManagedSelector - Queued change org.eclipse.jetty.io.ManagedSelector$CloseConnections@77c1e6eb on ManagedSelector@54e5725d{STOPPING} id=1 keys=1 selected=0 updates=0
08:52:20.036 [Test worker] DEBUG org.eclipse.jetty.io.ManagedSelector - Wakeup on submit ManagedSelector@54e5725d{STOPPING} id=1 keys=1 selected=0 updates=1
08:52:20.036 [qtp2131603391-19] DEBUG org.eclipse.jetty.io.ManagedSelector - Selector sun.nio.ch.WindowsSelectorImpl@260e15c2 woken with none selected
08:52:20.036 [qtp2131603391-19] DEBUG org.eclipse.jetty.io.ManagedSelector - Selector sun.nio.ch.WindowsSelectorImpl@260e15c2 woken up from select, 0/0/1 selected
08:52:20.036 [qtp2131603391-19] DEBUG org.eclipse.jetty.io.ManagedSelector - Selector sun.nio.ch.WindowsSelectorImpl@260e15c2 processing 0 keys, 1 updates
08:52:20.036 [qtp2131603391-19] DEBUG org.eclipse.jetty.io.ManagedSelector - updateable 1
08:52:20.036 [qtp2131603391-19] DEBUG org.eclipse.jetty.io.ManagedSelector - update org.eclipse.jetty.io.ManagedSelector$CloseConnections@77c1e6eb
08:52:20.036 [qtp2131603391-19] DEBUG org.eclipse.jetty.io.ManagedSelector - Closing 1 connections on ManagedSelector@54e5725d{STOPPING} id=1 keys=1 selected=0 updates=0
08:52:20.037 [qtp2131603391-19] DEBUG o.eclipse.jetty.io.AbstractEndPoint - close SocketChannelEndPoint@327f0d9d{/127.0.0.1:57980<->/127.0.0.1:8888,OPEN,fill=FI,flush=-,to=10/30000}{io=1/1,kio=1,kro=1}->HttpConnection@3ba7ae9[p=HttpParser{s=START,0 of -1},g=HttpGenerator@3bc56368{s=START}]=>HttpChannelOverHttp@323bdcfb{s=HttpChannelState@1cb90f52{s=IDLE rs=BLOCKING os=OPEN is=IDLE awp=false se=false i=true al=0},r=1,c=false/false,a=IDLE,uri=null,age=0}
08:52:20.037 [qtp2131603391-19] DEBUG o.eclipse.jetty.io.AbstractEndPoint - close(null) SocketChannelEndPoint@327f0d9d{/127.0.0.1:57980<->/127.0.0.1:8888,OPEN,fill=FI,flush=-,to=10/30000}{io=1/1,kio=1,kro=1}->HttpConnection@3ba7ae9[p=HttpParser{s=START,0 of -1},g=HttpGenerator@3bc56368{s=START}]=>HttpChannelOverHttp@323bdcfb{s=HttpChannelState@1cb90f52{s=IDLE rs=BLOCKING os=OPEN is=IDLE awp=false se=false i=true al=0},r=1,c=false/false,a=IDLE,uri=null,age=0}
08:52:20.037 [qtp2131603391-19] DEBUG org.eclipse.jetty.io.ChannelEndPoint - doClose SocketChannelEndPoint@327f0d9d{/127.0.0.1:57980<->/127.0.0.1:8888,CLOSED,fill=FI,flush=-,to=10/30000}{io=1/1,kio=1,kro=1}->HttpConnection@3ba7ae9[p=HttpParser{s=START,0 of -1},g=HttpGenerator@3bc56368{s=START}]=>HttpChannelOverHttp@323bdcfb{s=HttpChannelState@1cb90f52{s=IDLE rs=BLOCKING os=OPEN is=IDLE awp=false se=false i=true al=0},r=1,c=false/false,a=IDLE,uri=null,age=0}
08:52:20.038 [qtp2131603391-19] DEBUG org.eclipse.jetty.io.FillInterest - onClose FillInterest@6bf82bcb{AC.ReadCB@3ba7ae9{HttpConnection@3ba7ae9::SocketChannelEndPoint@327f0d9d{/127.0.0.1:57980<->/127.0.0.1:8888,CLOSED,fill=FI,flush=-,to=10/30000}{io=1/1,kio=-1,kro=-1}->HttpConnection@3ba7ae9[p=HttpParser{s=START,0 of -1},g=HttpGenerator@3bc56368{s=START}]=>HttpChannelOverHttp@323bdcfb{s=HttpChannelState@1cb90f52{s=IDLE rs=BLOCKING os=OPEN is=IDLE awp=false se=false i=true al=0},r=1,c=false/false,a=IDLE,uri=null,age=0}}}
08:52:20.038 [qtp2131603391-19] DEBUG org.eclipse.jetty.http.HttpParser - close HttpParser{s=START,0 of -1}
08:52:20.038 [qtp2131603391-19] DEBUG org.eclipse.jetty.http.HttpParser - START --> CLOSE
08:52:20.038 [qtp2131603391-19] DEBUG o.e.jetty.io.AbstractConnection - HttpConnection@3ba7ae9::SocketChannelEndPoint@327f0d9d{/127.0.0.1:57980<->/127.0.0.1:8888,CLOSED,fill=-,flush=-,to=11/30000}{io=1/1,kio=-1,kro=-1}->HttpConnection@3ba7ae9[p=HttpParser{s=CLOSE,0 of -1},g=HttpGenerator@3bc56368{s=START}]=>HttpChannelOverHttp@323bdcfb{s=HttpChannelState@1cb90f52{s=IDLE rs=BLOCKING os=OPEN is=IDLE awp=false se=false i=true al=0},r=1,c=false/false,a=IDLE,uri=null,age=0} onFillInterestedFailed java.nio.channels.ClosedChannelException
08:52:20.038 [qtp2131603391-19] DEBUG org.eclipse.jetty.io.ManagedSelector - Wakeup ManagedSelector@54e5725d{STOPPING} id=1 keys=1 selected=0 updates=0
08:52:20.038 [qtp2131603391-19] DEBUG o.e.j.util.thread.QueuedThreadPool - queue org.eclipse.jetty.io.ManagedSelector$DestroyEndPoint@58d71f55 startThread=0
08:52:20.038 [qtp2131603391-19] DEBUG org.eclipse.jetty.io.ManagedSelector - updates 0
08:52:20.038 [qtp2131603391-24] DEBUG o.e.j.util.thread.QueuedThreadPool - run org.eclipse.jetty.io.ManagedSelector$DestroyEndPoint@58d71f55 in QueuedThreadPool[qtp2131603391]@7f0dafbf{STARTED,8<=8<=200,i=4,r=8,q=0}[ReservedThreadExecutor@458fcd5a{s=1/8,p=0}]
08:52:20.038 [qtp2131603391-19] DEBUG org.eclipse.jetty.io.ManagedSelector - Selector sun.nio.ch.WindowsSelectorImpl@260e15c2 waiting with 1 keys
08:52:20.038 [Test worker] DEBUG org.eclipse.jetty.io.ManagedSelector - Queued change org.eclipse.jetty.io.ManagedSelector$StopSelector@6c93d993 on ManagedSelector@54e5725d{STOPPING} id=1 keys=1 selected=0 updates=0
08:52:20.038 [Test worker] DEBUG org.eclipse.jetty.io.ManagedSelector - Wakeup on submit ManagedSelector@54e5725d{STOPPING} id=1 keys=1 selected=0 updates=1
08:52:20.039 [qtp2131603391-19] DEBUG org.eclipse.jetty.io.ManagedSelector - Selector sun.nio.ch.WindowsSelectorImpl@260e15c2 woken with none selected
08:52:20.039 [qtp2131603391-24] DEBUG org.eclipse.jetty.io.ManagedSelector - Destroyed SocketChannelEndPoint@327f0d9d{/127.0.0.1:57980<->/127.0.0.1:8888,CLOSED,fill=-,flush=-,to=11/30000}{io=1/1,kio=-1,kro=-1}->HttpConnection@3ba7ae9[p=HttpParser{s=CLOSE,0 of -1},g=HttpGenerator@3bc56368{s=START}]=>HttpChannelOverHttp@323bdcfb{s=HttpChannelState@1cb90f52{s=IDLE rs=BLOCKING os=OPEN is=IDLE awp=false se=false i=true al=0},r=1,c=false/false,a=IDLE,uri=null,age=0}
08:52:20.039 [qtp2131603391-19] DEBUG org.eclipse.jetty.io.ManagedSelector - Selector sun.nio.ch.WindowsSelectorImpl@260e15c2 woken up from select, 0/0/0 selected
08:52:20.039 [qtp2131603391-19] DEBUG org.eclipse.jetty.io.ManagedSelector - Selector sun.nio.ch.WindowsSelectorImpl@260e15c2 processing 0 keys, 1 updates
08:52:20.039 [qtp2131603391-19] DEBUG org.eclipse.jetty.io.ManagedSelector - updateable 1
08:52:20.039 [qtp2131603391-19] DEBUG org.eclipse.jetty.io.ManagedSelector - update org.eclipse.jetty.io.ManagedSelector$StopSelector@6c93d993
08:52:20.039 [qtp2131603391-24] DEBUG o.e.jetty.io.AbstractConnection - onClose HttpConnection@3ba7ae9::SocketChannelEndPoint@327f0d9d{/127.0.0.1:57980<->/127.0.0.1:8888,CLOSED,fill=-,flush=-,to=12/30000}{io=1/1,kio=-1,kro=-1}->HttpConnection@3ba7ae9[p=HttpParser{s=CLOSE,0 of -1},g=HttpGenerator@3bc56368{s=START}]=>HttpChannelOverHttp@323bdcfb{s=HttpChannelState@1cb90f52{s=IDLE rs=BLOCKING os=OPEN is=IDLE awp=false se=false i=true al=0},r=1,c=false/false,a=IDLE,uri=null,age=0}
08:52:20.039 [qtp2131603391-19] DEBUG org.eclipse.jetty.io.ManagedSelector - updates 0
08:52:20.039 [qtp2131603391-24] DEBUG o.e.j.util.thread.QueuedThreadPool - ran org.eclipse.jetty.io.ManagedSelector$DestroyEndPoint@58d71f55 in QueuedThreadPool[qtp2131603391]@7f0dafbf{STARTED,8<=8<=200,i=4,r=8,q=0}[ReservedThreadExecutor@458fcd5a{s=1/8,p=0}]
08:52:20.039 [Test worker] DEBUG o.e.j.u.component.AbstractLifeCycle - stopping EatWhatYouKill@2b01c490/SelectorProducer@576b4e76/PRODUCING/p=false/QueuedThreadPool[qtp2131603391]@7f0dafbf{STARTED,8<=8<=200,i=4,r=8,q=0}[ReservedThreadExecutor@458fcd5a{s=1/8,p=0}][pc=0,pic=0,pec=1,epc=0]@2019-12-26T08:52:20.039+01:00
08:52:20.039 [qtp2131603391-19] DEBUG o.e.j.util.thread.QueuedThreadPool - ran org.eclipse.jetty.io.ManagedSelector$$Lambda$217/1330559266@6a5acc3c in QueuedThreadPool[qtp2131603391]@7f0dafbf{STARTED,8<=8<=200,i=5,r=8,q=0}[ReservedThreadExecutor@458fcd5a{s=1/8,p=0}]
08:52:20.039 [Test worker] DEBUG o.e.j.u.component.AbstractLifeCycle - STOPPED EatWhatYouKill@2b01c490/SelectorProducer@576b4e76/IDLE/p=false/QueuedThreadPool[qtp2131603391]@7f0dafbf{STARTED,8<=8<=200,i=6,r=8,q=0}[ReservedThreadExecutor@458fcd5a{s=1/8,p=0}][pc=0,pic=0,pec=1,epc=0]@2019-12-26T08:52:20.039+01:00
08:52:20.039 [Test worker] DEBUG o.e.j.u.component.AbstractLifeCycle - STOPPED ManagedSelector@54e5725d{STOPPED} id=1 keys=-1 selected=-1 updates=0
08:52:20.039 [Test worker] DEBUG o.e.j.u.component.AbstractLifeCycle - stopping ManagedSelector@52f0095b{STARTED} id=0 keys=0 selected=0 updates=0
08:52:20.040 [Test worker] DEBUG org.eclipse.jetty.io.ManagedSelector - Queued change org.eclipse.jetty.io.ManagedSelector$CloseConnections@4116afa8 on ManagedSelector@52f0095b{STOPPING} id=0 keys=0 selected=0 updates=0
08:52:20.040 [Test worker] DEBUG org.eclipse.jetty.io.ManagedSelector - Wakeup on submit ManagedSelector@52f0095b{STOPPING} id=0 keys=0 selected=0 updates=1
08:52:20.040 [qtp2131603391-20] DEBUG org.eclipse.jetty.io.ManagedSelector - Selector sun.nio.ch.WindowsSelectorImpl@2f393bca woken with none selected
08:52:20.040 [qtp2131603391-20] DEBUG org.eclipse.jetty.io.ManagedSelector - Selector sun.nio.ch.WindowsSelectorImpl@2f393bca woken up from select, 0/0/0 selected
08:52:20.040 [qtp2131603391-20] DEBUG org.eclipse.jetty.io.ManagedSelector - Selector sun.nio.ch.WindowsSelectorImpl@2f393bca processing 0 keys, 1 updates
08:52:20.040 [qtp2131603391-20] DEBUG org.eclipse.jetty.io.ManagedSelector - updateable 1
08:52:20.040 [qtp2131603391-20] DEBUG org.eclipse.jetty.io.ManagedSelector - update org.eclipse.jetty.io.ManagedSelector$CloseConnections@4116afa8
08:52:20.040 [qtp2131603391-20] DEBUG org.eclipse.jetty.io.ManagedSelector - Closing 0 connections on ManagedSelector@52f0095b{STOPPING} id=0 keys=0 selected=0 updates=0
08:52:20.040 [qtp2131603391-20] DEBUG org.eclipse.jetty.io.ManagedSelector - updates 0
08:52:20.040 [qtp2131603391-20] DEBUG org.eclipse.jetty.io.ManagedSelector - Selector sun.nio.ch.WindowsSelectorImpl@2f393bca waiting with 0 keys
08:52:20.040 [Test worker] DEBUG org.eclipse.jetty.io.ManagedSelector - Queued change org.eclipse.jetty.io.ManagedSelector$StopSelector@51b72c1d on ManagedSelector@52f0095b{STOPPING} id=0 keys=0 selected=0 updates=0
08:52:20.040 [Test worker] DEBUG org.eclipse.jetty.io.ManagedSelector - Wakeup on submit ManagedSelector@52f0095b{STOPPING} id=0 keys=0 selected=0 updates=1
08:52:20.040 [qtp2131603391-20] DEBUG org.eclipse.jetty.io.ManagedSelector - Selector sun.nio.ch.WindowsSelectorImpl@2f393bca woken with none selected
08:52:20.040 [qtp2131603391-20] DEBUG org.eclipse.jetty.io.ManagedSelector - Selector sun.nio.ch.WindowsSelectorImpl@2f393bca woken up from select, 0/0/0 selected
08:52:20.040 [qtp2131603391-20] DEBUG org.eclipse.jetty.io.ManagedSelector - Selector sun.nio.ch.WindowsSelectorImpl@2f393bca processing 0 keys, 1 updates
08:52:20.040 [qtp2131603391-20] DEBUG org.eclipse.jetty.io.ManagedSelector - updateable 1
08:52:20.040 [qtp2131603391-20] DEBUG org.eclipse.jetty.io.ManagedSelector - update org.eclipse.jetty.io.ManagedSelector$StopSelector@51b72c1d
08:52:20.041 [qtp2131603391-20] DEBUG org.eclipse.jetty.io.ManagedSelector - updates 0
08:52:20.041 [Test worker] DEBUG o.e.j.u.component.AbstractLifeCycle - stopping EatWhatYouKill@11365350/SelectorProducer@1d384369/PRODUCING/p=false/QueuedThreadPool[qtp2131603391]@7f0dafbf{STARTED,8<=8<=200,i=6,r=8,q=0}[ReservedThreadExecutor@458fcd5a{s=1/8,p=0}][pc=0,pic=0,pec=0,epc=0]@2019-12-26T08:52:20.041+01:00
08:52:20.041 [qtp2131603391-20] DEBUG o.e.j.util.thread.QueuedThreadPool - ran org.eclipse.jetty.io.ManagedSelector$$Lambda$217/1330559266@3da19b6c in QueuedThreadPool[qtp2131603391]@7f0dafbf{STARTED,8<=8<=200,i=6,r=8,q=0}[ReservedThreadExecutor@458fcd5a{s=1/8,p=0}]
08:52:20.041 [Test worker] DEBUG o.e.j.u.component.AbstractLifeCycle - STOPPED EatWhatYouKill@11365350/SelectorProducer@1d384369/IDLE/p=false/QueuedThreadPool[qtp2131603391]@7f0dafbf{STARTED,8<=8<=200,i=6,r=8,q=0}[ReservedThreadExecutor@458fcd5a{s=1/8,p=0}][pc=0,pic=0,pec=0,epc=0]@2019-12-26T08:52:20.041+01:00
08:52:20.041 [Test worker] DEBUG o.e.j.u.component.AbstractLifeCycle - STOPPED ManagedSelector@52f0095b{STOPPED} id=0 keys=-1 selected=-1 updates=0
08:52:20.041 [Test worker] DEBUG o.e.j.u.component.AbstractLifeCycle - STOPPED SelectorManager@ServerConnector@20382f9c{HTTP/1.1,[http/1.1]}{0.0.0.0:8888}
08:52:20.041 [Test worker] DEBUG o.e.j.u.component.AbstractLifeCycle - stopping HttpConnectionFactory@c17afe6[HTTP/1.1]
08:52:20.041 [Test worker] DEBUG o.e.j.u.component.AbstractLifeCycle - STOPPED HttpConnectionFactory@c17afe6[HTTP/1.1]
08:52:20.041 [Test worker] DEBUG o.e.j.u.component.AbstractLifeCycle - stopping ScheduledExecutorScheduler@163235a3{STARTED}
08:52:20.042 [Test worker] DEBUG o.e.j.u.component.AbstractLifeCycle - STOPPED ScheduledExecutorScheduler@163235a3{STOPPED}
08:52:20.042 [Test worker] INFO  o.e.jetty.server.AbstractConnector - Stopped ServerConnector@20382f9c{HTTP/1.1,[http/1.1]}{0.0.0.0:8888}
08:52:20.042 [Test worker] DEBUG o.e.j.u.component.AbstractLifeCycle - STOPPED ServerConnector@20382f9c{HTTP/1.1,[http/1.1]}{0.0.0.0:8888}
08:52:20.042 [Test worker] DEBUG o.e.j.server.handler.AbstractHandler - stopping Server@43fe6aa6{STOPPING}[9.4.25.v20191220]
08:52:20.042 [Test worker] DEBUG o.e.j.u.component.AbstractLifeCycle - stopping DefaultSessionIdManager@1d56a7f0{STARTED}[worker=node0]
08:52:20.042 [Test worker] DEBUG o.e.j.u.component.AbstractLifeCycle - stopping HouseKeeper@14eabf01{STARTED}[interval=600000, ownscheduler=true]
08:52:20.042 [Test worker] INFO  org.eclipse.jetty.server.session - node0 Stopped scavenging
08:52:20.042 [Test worker] DEBUG o.e.j.u.component.AbstractLifeCycle - stopping ScheduledExecutorScheduler@3cabe34b{STARTED}
08:52:20.042 [Test worker] DEBUG o.e.j.u.component.AbstractLifeCycle - STOPPED ScheduledExecutorScheduler@3cabe34b{STOPPED}
08:52:20.042 [Test worker] DEBUG o.e.j.u.component.AbstractLifeCycle - STOPPED HouseKeeper@14eabf01{STOPPED}[interval=600000, ownscheduler=true]
08:52:20.042 [Test worker] DEBUG o.e.j.u.component.AbstractLifeCycle - STOPPED DefaultSessionIdManager@1d56a7f0{STOPPED}[worker=node0]
08:52:20.043 [Test worker] DEBUG o.e.j.u.component.AbstractLifeCycle - stopping ErrorHandler@23e88857{STARTED}
08:52:20.043 [Test worker] DEBUG o.e.j.server.handler.AbstractHandler - stopping ErrorHandler@23e88857{STOPPING}
08:52:20.043 [Test worker] DEBUG o.e.j.u.component.AbstractLifeCycle - STOPPED ErrorHandler@23e88857{STOPPED}
08:52:20.043 [Test worker] DEBUG o.e.j.u.component.AbstractLifeCycle - stopping o.e.j.s.ServletContextHandler@2fe09d52{/,null,SHUTDOWN}
08:52:20.043 [Test worker] DEBUG o.e.j.s.h.AbstractHandlerContainer - Graceful shutdown o.e.j.s.ServletContextHandler@2fe09d52{/,null,SHUTDOWN} by 
08:52:20.043 [Test worker] DEBUG o.e.j.server.handler.AbstractHandler - stopping o.e.j.s.ServletContextHandler@2fe09d52{/,null,UNAVAILABLE}
08:52:20.044 [Test worker] DEBUG o.e.j.u.component.AbstractLifeCycle - stopping org.eclipse.jetty.server.session.SessionHandler319448900==dftMaxIdleSec=-1
08:52:20.044 [Test worker] DEBUG o.e.j.u.component.AbstractLifeCycle - stopping org.eclipse.jetty.server.session.DefaultSessionCache@5a96ed6c[evict=-1,removeUnloadable=false,saveOnCreate=false,saveOnInactiveEvict=false]
08:52:20.044 [Test worker] DEBUG o.e.j.u.component.AbstractLifeCycle - stopping org.eclipse.jetty.server.session.NullSessionDataStore@35270df[passivating=false,graceSec=3600]
08:52:20.044 [Test worker] DEBUG o.e.j.u.component.AbstractLifeCycle - STOPPED org.eclipse.jetty.server.session.NullSessionDataStore@35270df[passivating=false,graceSec=3600]
08:52:20.044 [Test worker] DEBUG o.e.j.u.component.AbstractLifeCycle - STOPPED org.eclipse.jetty.server.session.DefaultSessionCache@5a96ed6c[evict=-1,removeUnloadable=false,saveOnCreate=false,saveOnInactiveEvict=false]
08:52:20.044 [Test worker] DEBUG o.e.j.u.component.AbstractLifeCycle - stopping ScheduledExecutorScheduler@61209c22{STARTED}
08:52:20.044 [Test worker] DEBUG o.e.j.u.component.AbstractLifeCycle - STOPPED ScheduledExecutorScheduler@61209c22{STOPPED}
08:52:20.044 [Test worker] DEBUG o.e.j.server.handler.AbstractHandler - stopping org.eclipse.jetty.server.session.SessionHandler319448900==dftMaxIdleSec=-1
08:52:20.044 [Test worker] DEBUG o.e.j.u.component.AbstractLifeCycle - stopping ServletHandler@4bd9ec7a{STARTED}
08:52:20.044 [Test worker] DEBUG o.e.j.server.handler.AbstractHandler - stopping ServletHandler@4bd9ec7a{STOPPING}
08:52:20.046 [Test worker] DEBUG o.e.j.u.component.AbstractLifeCycle - stopping org.eclipse.jetty.servlet.ServletHandler$Default404Servlet-b31305e@ce81f419==org.eclipse.jetty.servlet.ServletHandler$Default404Servlet,jsp=null,order=-1,inst=false,async=true
08:52:20.046 [Test worker] DEBUG o.e.j.u.component.AbstractLifeCycle - STOPPED org.eclipse.jetty.servlet.ServletHandler$Default404Servlet-b31305e@ce81f419==org.eclipse.jetty.servlet.ServletHandler$Default404Servlet,jsp=null,order=-1,inst=false,async=true
08:52:20.046 [Test worker] DEBUG o.e.j.u.component.AbstractLifeCycle - stopping org.glassfish.jersey.servlet.ServletContainer-2da7f144@75a0b2c1==org.glassfish.jersey.servlet.ServletContainer,jsp=null,order=0,inst=true,async=true
08:52:20.051 [Test worker] DEBUG o.e.j.u.component.AbstractLifeCycle - STOPPED org.glassfish.jersey.servlet.ServletContainer-2da7f144@75a0b2c1==org.glassfish.jersey.servlet.ServletContainer,jsp=null,order=0,inst=false,async=true
08:52:20.051 [Test worker] DEBUG o.e.j.u.component.AbstractLifeCycle - STOPPED ServletHandler@4bd9ec7a{STOPPED}
08:52:20.051 [Test worker] DEBUG o.e.j.u.component.AbstractLifeCycle - STOPPED org.eclipse.jetty.server.session.SessionHandler319448900==dftMaxIdleSec=-1
08:52:20.051 [Test worker] INFO  o.e.j.server.handler.ContextHandler - Stopped o.e.j.s.ServletContextHandler@2fe09d52{/,null,UNAVAILABLE}
08:52:20.051 [Test worker] DEBUG o.e.j.u.component.AbstractLifeCycle - STOPPED o.e.j.s.ServletContextHandler@2fe09d52{/,null,UNAVAILABLE}
08:52:20.052 [Test worker] DEBUG o.e.j.u.component.AbstractLifeCycle - stopping QueuedThreadPool[qtp2131603391]@7f0dafbf{STARTED,8<=8<=200,i=7,r=8,q=0}[ReservedThreadExecutor@458fcd5a{s=1/8,p=0}]
08:52:20.052 [Test worker] DEBUG o.e.j.util.thread.QueuedThreadPool - Stopping QueuedThreadPool[qtp2131603391]@7f0dafbf{STOPPING,8<=8<=200,i=7,r=-1,q=0}[ReservedThreadExecutor@458fcd5a{s=1/8,p=0}]
08:52:20.052 [Test worker] DEBUG o.e.j.u.component.AbstractLifeCycle - stopping ReservedThreadExecutor@458fcd5a{s=1/8,p=0}
08:52:20.052 [Test worker] DEBUG o.e.j.u.t.ReservedThreadExecutor - ReservedThreadExecutor@458fcd5a{s=0/8,p=0}@3f825db1 offer STOP!
08:52:20.052 [Test worker] DEBUG o.e.j.u.component.AbstractLifeCycle - STOPPED ReservedThreadExecutor@458fcd5a{s=-1/8,p=0}
08:52:20.052 [qtp2131603391-25] DEBUG o.e.j.u.t.ReservedThreadExecutor - ReservedThreadExecutor@458fcd5a{s=-1/8,p=0}@3f825db1 Exited
08:52:20.052 [Test worker] DEBUG o.e.j.util.thread.QueuedThreadPool - Waiting for Thread[qtp2131603391-24,5,main] for 14999
08:52:20.052 [qtp2131603391-22] DEBUG o.e.j.util.thread.QueuedThreadPool - run org.eclipse.jetty.util.thread.QueuedThreadPool$$Lambda$62/1544554620@72413677 in QueuedThreadPool[qtp2131603391]@7f0dafbf{STOPPING,8<=0<=200,i=7,r=-1,q=0}[NO_TRY]
08:52:20.052 [qtp2131603391-23] DEBUG o.e.j.util.thread.QueuedThreadPool - run org.eclipse.jetty.util.thread.QueuedThreadPool$$Lambda$62/1544554620@72413677 in QueuedThreadPool[qtp2131603391]@7f0dafbf{STOPPING,8<=0<=200,i=7,r=-1,q=0}[NO_TRY]
08:52:20.052 [qtp2131603391-21] DEBUG o.e.j.util.thread.QueuedThreadPool - run org.eclipse.jetty.util.thread.QueuedThreadPool$$Lambda$62/1544554620@72413677 in QueuedThreadPool[qtp2131603391]@7f0dafbf{STOPPING,8<=0<=200,i=7,r=-1,q=0}[NO_TRY]
08:52:20.052 [qtp2131603391-22] DEBUG o.e.j.util.thread.QueuedThreadPool - ran org.eclipse.jetty.util.thread.QueuedThreadPool$$Lambda$62/1544554620@72413677 in QueuedThreadPool[qtp2131603391]@7f0dafbf{STOPPING,8<=0<=200,i=7,r=-1,q=0}[NO_TRY]
08:52:20.052 [qtp2131603391-25] DEBUG o.e.j.util.thread.QueuedThreadPool - ran ReservedThreadExecutor@458fcd5a{s=-1/8,p=0}@3f825db1 in QueuedThreadPool[qtp2131603391]@7f0dafbf{STOPPING,8<=0<=200,i=7,r=-1,q=0}[NO_TRY]
08:52:20.052 [qtp2131603391-26] DEBUG o.e.j.util.thread.QueuedThreadPool - run org.eclipse.jetty.util.thread.QueuedThreadPool$$Lambda$62/1544554620@72413677 in QueuedThreadPool[qtp2131603391]@7f0dafbf{STOPPING,8<=0<=200,i=7,r=-1,q=0}[NO_TRY]
08:52:20.052 [qtp2131603391-21] DEBUG o.e.j.util.thread.QueuedThreadPool - ran org.eclipse.jetty.util.thread.QueuedThreadPool$$Lambda$62/1544554620@72413677 in QueuedThreadPool[qtp2131603391]@7f0dafbf{STOPPING,8<=0<=200,i=7,r=-1,q=0}[NO_TRY]
08:52:20.052 [qtp2131603391-22] DEBUG o.e.j.util.thread.QueuedThreadPool - Thread[qtp2131603391-22,5,main] exited for QueuedThreadPool[qtp2131603391]@7f0dafbf{STOPPING,8<=0<=200,i=7,r=-1,q=0}[NO_TRY]
08:52:20.052 [qtp2131603391-19] DEBUG o.e.j.util.thread.QueuedThreadPool - run org.eclipse.jetty.util.thread.QueuedThreadPool$$Lambda$62/1544554620@72413677 in QueuedThreadPool[qtp2131603391]@7f0dafbf{STOPPING,8<=0<=200,i=7,r=-1,q=0}[NO_TRY]
08:52:20.052 [qtp2131603391-23] DEBUG o.e.j.util.thread.QueuedThreadPool - ran org.eclipse.jetty.util.thread.QueuedThreadPool$$Lambda$62/1544554620@72413677 in QueuedThreadPool[qtp2131603391]@7f0dafbf{STOPPING,8<=0<=200,i=7,r=-1,q=0}[NO_TRY]
08:52:20.052 [qtp2131603391-20] DEBUG o.e.j.util.thread.QueuedThreadPool - run org.eclipse.jetty.util.thread.QueuedThreadPool$$Lambda$62/1544554620@72413677 in QueuedThreadPool[qtp2131603391]@7f0dafbf{STOPPING,8<=0<=200,i=7,r=-1,q=0}[NO_TRY]
08:52:20.052 [qtp2131603391-24] DEBUG o.e.j.util.thread.QueuedThreadPool - run org.eclipse.jetty.util.thread.QueuedThreadPool$$Lambda$62/1544554620@72413677 in QueuedThreadPool[qtp2131603391]@7f0dafbf{STOPPING,8<=0<=200,i=7,r=-1,q=0}[NO_TRY]
08:52:20.053 [qtp2131603391-25] DEBUG o.e.j.util.thread.QueuedThreadPool - Thread[qtp2131603391-25,5,main] exited for QueuedThreadPool[qtp2131603391]@7f0dafbf{STOPPING,8<=0<=200,i=7,r=-1,q=0}[NO_TRY]
08:52:20.053 [qtp2131603391-21] DEBUG o.e.j.util.thread.QueuedThreadPool - Thread[qtp2131603391-21,5,main] exited for QueuedThreadPool[qtp2131603391]@7f0dafbf{STOPPING,8<=0<=200,i=7,r=-1,q=0}[NO_TRY]
08:52:20.053 [qtp2131603391-26] DEBUG o.e.j.util.thread.QueuedThreadPool - ran org.eclipse.jetty.util.thread.QueuedThreadPool$$Lambda$62/1544554620@72413677 in QueuedThreadPool[qtp2131603391]@7f0dafbf{STOPPING,8<=0<=200,i=7,r=-1,q=0}[NO_TRY]
08:52:20.053 [qtp2131603391-19] DEBUG o.e.j.util.thread.QueuedThreadPool - ran org.eclipse.jetty.util.thread.QueuedThreadPool$$Lambda$62/1544554620@72413677 in QueuedThreadPool[qtp2131603391]@7f0dafbf{STOPPING,8<=0<=200,i=7,r=-1,q=0}[NO_TRY]
08:52:20.053 [qtp2131603391-23] DEBUG o.e.j.util.thread.QueuedThreadPool - Thread[qtp2131603391-23,5,main] exited for QueuedThreadPool[qtp2131603391]@7f0dafbf{STOPPING,8<=0<=200,i=7,r=-1,q=0}[NO_TRY]
08:52:20.053 [qtp2131603391-20] DEBUG o.e.j.util.thread.QueuedThreadPool - ran org.eclipse.jetty.util.thread.QueuedThreadPool$$Lambda$62/1544554620@72413677 in QueuedThreadPool[qtp2131603391]@7f0dafbf{STOPPING,8<=0<=200,i=7,r=-1,q=0}[NO_TRY]
08:52:20.053 [qtp2131603391-24] DEBUG o.e.j.util.thread.QueuedThreadPool - ran org.eclipse.jetty.util.thread.QueuedThreadPool$$Lambda$62/1544554620@72413677 in QueuedThreadPool[qtp2131603391]@7f0dafbf{STOPPING,8<=0<=200,i=7,r=-1,q=0}[NO_TRY]
08:52:20.054 [qtp2131603391-26] DEBUG o.e.j.util.thread.QueuedThreadPool - Thread[qtp2131603391-26,5,main] exited for QueuedThreadPool[qtp2131603391]@7f0dafbf{STOPPING,8<=0<=200,i=7,r=-1,q=0}[NO_TRY]
08:52:20.054 [qtp2131603391-19] DEBUG o.e.j.util.thread.QueuedThreadPool - Thread[qtp2131603391-19,5,main] exited for QueuedThreadPool[qtp2131603391]@7f0dafbf{STOPPING,8<=0<=200,i=7,r=-1,q=0}[NO_TRY]
08:52:20.054 [qtp2131603391-20] DEBUG o.e.j.util.thread.QueuedThreadPool - Thread[qtp2131603391-20,5,main] exited for QueuedThreadPool[qtp2131603391]@7f0dafbf{STOPPING,8<=0<=200,i=7,r=-1,q=0}[NO_TRY]
08:52:20.054 [qtp2131603391-24] DEBUG o.e.j.util.thread.QueuedThreadPool - Thread[qtp2131603391-24,5,main] exited for QueuedThreadPool[qtp2131603391]@7f0dafbf{STOPPING,8<=0<=200,i=7,r=-1,q=0}[NO_TRY]
08:52:20.054 [Test worker] DEBUG o.e.j.util.thread.QueuedThreadPool - Waiting for Thread[qtp2131603391-21,5,] for 14997
08:52:20.054 [Test worker] DEBUG o.e.j.util.thread.QueuedThreadPool - Waiting for Thread[qtp2131603391-23,5,] for 14997
08:52:20.055 [Test worker] DEBUG o.e.j.u.component.AbstractLifeCycle - STOPPED QueuedThreadPool[qtp2131603391]@7f0dafbf{STOPPED,8<=0<=200,i=7,r=-1,q=0}[NO_TRY]
08:52:20.055 [Test worker] DEBUG o.e.j.u.component.AbstractLifeCycle - STOPPED Server@43fe6aa6{STOPPED}[9.4.25.v20191220]
08:52:20.057 [Test worker] DEBUG o.h.e.t.internal.TransactionImpl - On TransactionImpl creation, JpaCompliance#isJpaTransactionComplianceEnabled == false
08:52:20.057 [Test worker] DEBUG o.h.e.t.internal.TransactionImpl - begin
08:52:20.057 [Test worker] DEBUG o.h.e.i.AbstractSaveEventListener - Generated identifier: 6636529201886160532, using strategy: org.hibernate.id.Assigned
08:52:20.058 [Test worker] DEBUG o.h.e.t.internal.TransactionImpl - committing
08:52:20.058 [Test worker] DEBUG o.h.e.i.AbstractFlushingEventListener - Processing flush-time cascades
08:52:20.058 [Test worker] DEBUG o.h.e.i.AbstractFlushingEventListener - Dirty checking collections
08:52:20.058 [Test worker] DEBUG o.h.e.i.AbstractFlushingEventListener - Flushed: 1 insertions, 0 updates, 0 deletions to 1 objects
08:52:20.059 [Test worker] DEBUG o.h.e.i.AbstractFlushingEventListener - Flushed: 0 (re)creations, 0 updates, 0 removals to 0 collections
08:52:20.059 [Test worker] DEBUG o.h.internal.util.EntityPrinter - Listing entities:
08:52:20.059 [Test worker] DEBUG o.h.internal.util.EntityPrinter - com.revolut.money.domain.account.Account{balance=component[amount]{amount=15.00}, id=6636529201886160532}
08:52:20.059 [Test worker] DEBUG org.hibernate.SQL - insert into PUBLIC.Account (amount, id) values (?, ?)
Hibernate: insert into PUBLIC.Account (amount, id) values (?, ?)
08:52:20.059 [Test worker] DEBUG o.h.r.j.i.LogicalConnectionManagedImpl - Initiating JDBC connection release from afterTransaction
08:52:20.059 [Test worker] DEBUG o.h.r.j.i.LogicalConnectionManagedImpl - Initiating JDBC connection release from afterTransaction
08:52:20.060 [Test worker] DEBUG o.h.e.t.internal.TransactionImpl - On TransactionImpl creation, JpaCompliance#isJpaTransactionComplianceEnabled == false
08:52:20.060 [Test worker] DEBUG o.h.e.t.internal.TransactionImpl - begin
08:52:20.060 [Test worker] DEBUG o.h.e.i.AbstractSaveEventListener - Generated identifier: 8989147334230814736, using strategy: org.hibernate.id.Assigned
08:52:20.060 [Test worker] DEBUG o.h.e.t.internal.TransactionImpl - committing
08:52:20.060 [Test worker] DEBUG o.h.e.i.AbstractFlushingEventListener - Processing flush-time cascades
08:52:20.060 [Test worker] DEBUG o.h.e.i.AbstractFlushingEventListener - Dirty checking collections
08:52:20.060 [Test worker] DEBUG o.h.e.i.AbstractFlushingEventListener - Flushed: 1 insertions, 0 updates, 0 deletions to 1 objects
08:52:20.060 [Test worker] DEBUG o.h.e.i.AbstractFlushingEventListener - Flushed: 0 (re)creations, 0 updates, 0 removals to 0 collections
08:52:20.060 [Test worker] DEBUG o.h.internal.util.EntityPrinter - Listing entities:
08:52:20.060 [Test worker] DEBUG o.h.internal.util.EntityPrinter - com.revolut.money.domain.account.Account{balance=component[amount]{amount=0.00}, id=8989147334230814736}
08:52:20.060 [Test worker] DEBUG org.hibernate.SQL - insert into PUBLIC.Account (amount, id) values (?, ?)
Hibernate: insert into PUBLIC.Account (amount, id) values (?, ?)
08:52:20.061 [Test worker] DEBUG o.h.r.j.i.LogicalConnectionManagedImpl - Initiating JDBC connection release from afterTransaction
08:52:20.061 [Test worker] DEBUG o.h.r.j.i.LogicalConnectionManagedImpl - Initiating JDBC connection release from afterTransaction
08:52:20.061 [Thread-15] DEBUG o.e.j.u.component.ContainerLifeCycle - Server@203d28a8{STOPPED}[9.4.25.v20191220] added {QueuedThreadPool[qtp788185863]@2efac307{STOPPED,8<=0<=200,i=0,r=-1,q=0}[NO_TRY],AUTO}
08:52:20.062 [Thread-15] DEBUG o.e.j.u.component.ContainerLifeCycle - HttpConnectionFactory@2402a877[HTTP/1.1] added {HttpConfiguration@61002293{32768/8192,8192/8192,https://:0,[]},POJO}
08:52:20.062 [Thread-15] DEBUG o.e.j.u.component.ContainerLifeCycle - ServerConnector@199a374f{null,[]}{0.0.0.0:0} added {Server@203d28a8{STOPPED}[9.4.25.v20191220],UNMANAGED}
08:52:20.062 [Thread-15] DEBUG o.e.j.u.component.ContainerLifeCycle - ServerConnector@199a374f{null,[]}{0.0.0.0:0} added {QueuedThreadPool[qtp788185863]@2efac307{STOPPED,8<=0<=200,i=0,r=-1,q=0}[NO_TRY],AUTO}
08:52:20.062 [Thread-15] DEBUG o.e.j.u.component.ContainerLifeCycle - ServerConnector@199a374f{null,[]}{0.0.0.0:0} added {ScheduledExecutorScheduler@502b24bc{STOPPED},AUTO}
08:52:20.062 [Thread-15] DEBUG o.e.j.u.component.ContainerLifeCycle - ServerConnector@199a374f{null,[]}{0.0.0.0:0} added {org.eclipse.jetty.io.ArrayByteBufferPool@615b6fde,POJO}
08:52:20.062 [Thread-15] DEBUG o.e.j.u.component.ContainerLifeCycle - ServerConnector@199a374f{null,[http/1.1]}{0.0.0.0:0} added {HttpConnectionFactory@2402a877[HTTP/1.1],AUTO}
08:52:20.062 [Thread-15] DEBUG o.e.jetty.server.AbstractConnector - ServerConnector@199a374f{HTTP/1.1,[http/1.1]}{0.0.0.0:0} added HttpConnectionFactory@2402a877[HTTP/1.1]
08:52:20.062 [Thread-15] DEBUG o.e.j.u.component.ContainerLifeCycle - ServerConnector@199a374f{HTTP/1.1,[http/1.1]}{0.0.0.0:0} added {SelectorManager@ServerConnector@199a374f{HTTP/1.1,[http/1.1]}{0.0.0.0:0},MANAGED}
08:52:20.063 [Thread-15] DEBUG o.e.j.u.component.ContainerLifeCycle - Server@203d28a8{STOPPED}[9.4.25.v20191220] added {ServerConnector@199a374f{HTTP/1.1,[http/1.1]}{0.0.0.0:8888},AUTO}
08:52:20.063 [Thread-15] DEBUG o.e.j.util.DecoratedObjectFactory - Adding Decorator: org.eclipse.jetty.util.DeprecationWarning@12fdddc
08:52:20.063 [Thread-15] DEBUG o.e.j.u.component.ContainerLifeCycle - o.e.j.s.ServletContextHandler@49c7a2f9{/,null,UNAVAILABLE} added {org.eclipse.jetty.server.session.SessionHandler1077961145==dftMaxIdleSec=-1,MANAGED}
08:52:20.063 [Thread-15] DEBUG o.e.j.u.component.ContainerLifeCycle - org.eclipse.jetty.server.session.SessionHandler1077961145==dftMaxIdleSec=-1 added {ServletHandler@7a5fc3f0{STOPPED},MANAGED}
08:52:20.063 [Thread-15] DEBUG o.e.j.u.component.ContainerLifeCycle - Server@203d28a8{STOPPED}[9.4.25.v20191220] added {o.e.j.s.ServletContextHandler@49c7a2f9{/,null,UNAVAILABLE},MANAGED}
08:52:20.063 [Thread-15] DEBUG o.e.j.u.component.AbstractLifeCycle - starting Server@203d28a8{STOPPED}[9.4.25.v20191220]
08:52:20.063 [Thread-15] DEBUG o.e.j.u.component.ContainerLifeCycle - Server@203d28a8{STARTING}[9.4.25.v20191220] added {ErrorHandler@71c59a65{STOPPED},AUTO}
08:52:20.063 [Thread-15] INFO  org.eclipse.jetty.server.Server - jetty-9.4.25.v20191220; built: 2019-12-20T17:00:00.294Z; git: a9729c7e7f33a459d2616a8f9e9ba8a90f432e95; jvm 1.8.0_211-b12
08:52:20.063 [Thread-15] DEBUG o.e.j.server.handler.AbstractHandler - starting Server@203d28a8{STARTING}[9.4.25.v20191220]
08:52:20.063 [Thread-15] DEBUG o.e.j.u.component.AbstractLifeCycle - starting QueuedThreadPool[qtp788185863]@2efac307{STOPPED,8<=0<=200,i=0,r=-1,q=0}[NO_TRY]
08:52:20.063 [Thread-15] DEBUG o.e.j.u.t.ReservedThreadExecutor - ReservedThreadExecutor@324b704d{s=0/8,p=0}
08:52:20.064 [Thread-15] DEBUG o.e.j.u.component.ContainerLifeCycle - QueuedThreadPool[qtp788185863]@2efac307{STARTING,8<=0<=200,i=0,r=-1,q=0}[ReservedThreadExecutor@324b704d{s=0/8,p=0}] added {ReservedThreadExecutor@324b704d{s=0/8,p=0},AUTO}
08:52:20.064 [Thread-15] DEBUG o.e.j.u.component.AbstractLifeCycle - starting ReservedThreadExecutor@324b704d{s=0/8,p=0}
08:52:20.064 [Thread-15] DEBUG o.e.j.u.component.AbstractLifeCycle - STARTED @4575ms ReservedThreadExecutor@324b704d{s=0/8,p=0}
08:52:20.064 [Thread-15] DEBUG o.e.j.util.thread.QueuedThreadPool - Starting Thread[qtp788185863-30,5,main]
08:52:20.064 [Thread-15] DEBUG o.e.j.util.thread.QueuedThreadPool - Starting Thread[qtp788185863-31,5,main]
08:52:20.064 [Thread-15] DEBUG o.e.j.util.thread.QueuedThreadPool - Starting Thread[qtp788185863-32,5,main]
08:52:20.064 [qtp788185863-30] DEBUG o.e.j.util.thread.QueuedThreadPool - Runner started for QueuedThreadPool[qtp788185863]@2efac307{STARTING,8<=3<=200,i=3,r=-1,q=0}[ReservedThreadExecutor@324b704d{s=0/8,p=0}]
08:52:20.064 [Thread-15] DEBUG o.e.j.util.thread.QueuedThreadPool - Starting Thread[qtp788185863-33,5,main]
08:52:20.064 [qtp788185863-31] DEBUG o.e.j.util.thread.QueuedThreadPool - Runner started for QueuedThreadPool[qtp788185863]@2efac307{STARTING,8<=3<=200,i=3,r=-1,q=0}[ReservedThreadExecutor@324b704d{s=0/8,p=0}]
08:52:20.064 [qtp788185863-32] DEBUG o.e.j.util.thread.QueuedThreadPool - Runner started for QueuedThreadPool[qtp788185863]@2efac307{STARTING,8<=4<=200,i=4,r=-1,q=0}[ReservedThreadExecutor@324b704d{s=0/8,p=0}]
08:52:20.064 [Thread-15] DEBUG o.e.j.util.thread.QueuedThreadPool - Starting Thread[qtp788185863-34,5,main]
08:52:20.065 [qtp788185863-33] DEBUG o.e.j.util.thread.QueuedThreadPool - Runner started for QueuedThreadPool[qtp788185863]@2efac307{STARTING,8<=5<=200,i=5,r=-1,q=0}[ReservedThreadExecutor@324b704d{s=0/8,p=0}]
08:52:20.065 [Thread-15] DEBUG o.e.j.util.thread.QueuedThreadPool - Starting Thread[qtp788185863-35,5,main]
08:52:20.065 [qtp788185863-34] DEBUG o.e.j.util.thread.QueuedThreadPool - Runner started for QueuedThreadPool[qtp788185863]@2efac307{STARTING,8<=6<=200,i=6,r=-1,q=0}[ReservedThreadExecutor@324b704d{s=0/8,p=0}]
08:52:20.065 [Thread-15] DEBUG o.e.j.util.thread.QueuedThreadPool - Starting Thread[qtp788185863-36,5,main]
08:52:20.065 [Thread-15] DEBUG o.e.j.util.thread.QueuedThreadPool - Starting Thread[qtp788185863-37,5,main]
08:52:20.065 [qtp788185863-35] DEBUG o.e.j.util.thread.QueuedThreadPool - Runner started for QueuedThreadPool[qtp788185863]@2efac307{STARTING,8<=7<=200,i=7,r=-1,q=0}[ReservedThreadExecutor@324b704d{s=0/8,p=0}]
08:52:20.065 [Thread-15] DEBUG o.e.j.u.component.AbstractLifeCycle - STARTED @4576ms QueuedThreadPool[qtp788185863]@2efac307{STARTED,8<=8<=200,i=8,r=8,q=0}[ReservedThreadExecutor@324b704d{s=0/8,p=0}]
08:52:20.065 [qtp788185863-36] DEBUG o.e.j.util.thread.QueuedThreadPool - Runner started for QueuedThreadPool[qtp788185863]@2efac307{STARTED,8<=8<=200,i=8,r=8,q=0}[ReservedThreadExecutor@324b704d{s=0/8,p=0}]
08:52:20.065 [Thread-15] DEBUG o.e.j.u.component.AbstractLifeCycle - starting o.e.j.s.ServletContextHandler@49c7a2f9{/,null,UNAVAILABLE}
08:52:20.065 [qtp788185863-37] DEBUG o.e.j.util.thread.QueuedThreadPool - Runner started for QueuedThreadPool[qtp788185863]@2efac307{STARTED,8<=8<=200,i=8,r=8,q=0}[ReservedThreadExecutor@324b704d{s=0/8,p=0}]
08:52:20.065 [Thread-15] DEBUG o.e.j.server.handler.AbstractHandler - starting o.e.j.s.ServletContextHandler@49c7a2f9{/,null,STARTING}
08:52:20.066 [Thread-15] DEBUG o.e.j.u.component.AbstractLifeCycle - starting org.eclipse.jetty.server.session.SessionHandler1077961145==dftMaxIdleSec=-1
08:52:20.066 [Thread-15] DEBUG o.e.j.u.component.ContainerLifeCycle - org.eclipse.jetty.server.session.SessionHandler1077961145==dftMaxIdleSec=-1 added {org.eclipse.jetty.server.session.DefaultSessionCache@719b7d4f[evict=-1,removeUnloadable=false,saveOnCreate=false,saveOnInactiveEvict=false],AUTO}
08:52:20.066 [Thread-15] DEBUG o.e.j.u.component.ContainerLifeCycle - org.eclipse.jetty.server.session.DefaultSessionCache@719b7d4f[evict=-1,removeUnloadable=false,saveOnCreate=false,saveOnInactiveEvict=false] added {org.eclipse.jetty.server.session.NullSessionDataStore@77d5457e[passivating=false,graceSec=3600],AUTO}
08:52:20.066 [Thread-15] DEBUG o.e.j.u.component.AbstractLifeCycle - starting DefaultSessionIdManager@2ae343e0{STOPPED}[worker=null]
08:52:20.066 [Thread-15] INFO  org.eclipse.jetty.server.session - DefaultSessionIdManager workerName=node0
08:52:20.066 [Thread-15] INFO  org.eclipse.jetty.server.session - No SessionScavenger set, using defaults
08:52:20.066 [Thread-15] DEBUG o.e.j.u.component.ContainerLifeCycle - DefaultSessionIdManager@2ae343e0{STARTING}[worker=node0] added {HouseKeeper@534a8f15{STOPPED}[interval=600000, ownscheduler=false],MANAGED}
08:52:20.066 [Thread-15] DEBUG o.e.j.u.component.AbstractLifeCycle - starting HouseKeeper@534a8f15{STOPPED}[interval=600000, ownscheduler=false]
08:52:20.066 [Thread-15] DEBUG o.e.j.u.component.AbstractLifeCycle - starting ScheduledExecutorScheduler@7991e136{STOPPED}
08:52:20.066 [Thread-15] DEBUG o.e.j.u.component.AbstractLifeCycle - STARTED @4577ms ScheduledExecutorScheduler@7991e136{STARTED}
08:52:20.066 [Thread-15] DEBUG org.eclipse.jetty.server.session - Using own scheduler for scavenging
08:52:20.066 [Thread-15] INFO  org.eclipse.jetty.server.session - node0 Scavenging every 660000ms
08:52:20.066 [Thread-15] DEBUG o.e.j.u.component.AbstractLifeCycle - STARTED @4577ms HouseKeeper@534a8f15{STARTED}[interval=660000, ownscheduler=true]
08:52:20.066 [Thread-15] DEBUG o.e.j.u.component.AbstractLifeCycle - STARTED @4578ms DefaultSessionIdManager@2ae343e0{STARTED}[worker=node0]
08:52:20.067 [Thread-15] DEBUG o.e.j.u.component.ContainerLifeCycle - Server@203d28a8{STARTING}[9.4.25.v20191220] added {DefaultSessionIdManager@2ae343e0{STARTED}[worker=node0],MANAGED}
08:52:20.067 [Thread-15] DEBUG o.e.j.u.component.ContainerLifeCycle - org.eclipse.jetty.server.session.SessionHandler1077961145==dftMaxIdleSec=-1 added {DefaultSessionIdManager@2ae343e0{STARTED}[worker=node0],UNMANAGED}
08:52:20.067 [Thread-15] DEBUG o.e.j.u.component.AbstractLifeCycle - starting ScheduledExecutorScheduler@147e1eea{STOPPED}
08:52:20.067 [Thread-15] DEBUG o.e.j.u.component.AbstractLifeCycle - STARTED @4578ms ScheduledExecutorScheduler@147e1eea{STARTED}
08:52:20.067 [Thread-15] DEBUG o.e.j.server.handler.AbstractHandler - starting org.eclipse.jetty.server.session.SessionHandler1077961145==dftMaxIdleSec=-1
08:52:20.067 [Thread-15] DEBUG o.e.j.u.component.AbstractLifeCycle - starting ServletHandler@7a5fc3f0{STOPPED}
08:52:20.067 [Thread-15] DEBUG o.e.jetty.servlet.ServletHandler - Path=/*[EMBEDDED:null] mapped to servlet=org.glassfish.jersey.servlet.ServletContainer-561205a[EMBEDDED:null]
08:52:20.067 [Thread-15] DEBUG o.e.jetty.http.pathmap.PathMappings - Added MappedResource[pathSpec=ServletPathSpec["/*",pathDepth=1,group=PREFIX_GLOB],resource=org.glassfish.jersey.servlet.ServletContainer-561205a@c4f494ec==org.glassfish.jersey.servlet.ServletContainer,jsp=null,order=0,inst=false,async=true] to PathMappings[size=1]
08:52:20.067 [Thread-15] DEBUG o.e.jetty.servlet.ServletHandler - filterNameMap={}
08:52:20.067 [Thread-15] DEBUG o.e.jetty.servlet.ServletHandler - pathFilters=null
08:52:20.067 [Thread-15] DEBUG o.e.jetty.servlet.ServletHandler - servletFilterMap=null
08:52:20.067 [Thread-15] DEBUG o.e.jetty.servlet.ServletHandler - servletPathMap=PathMappings[size=1]
08:52:20.067 [Thread-15] DEBUG o.e.jetty.servlet.ServletHandler - servletNameMap={org.glassfish.jersey.servlet.ServletContainer-561205a=org.glassfish.jersey.servlet.ServletContainer-561205a@c4f494ec==org.glassfish.jersey.servlet.ServletContainer,jsp=null,order=0,inst=false,async=true}
08:52:20.067 [Thread-15] DEBUG o.e.jetty.servlet.ServletHandler - Adding Default404Servlet to ServletHandler@7a5fc3f0{STARTING}
08:52:20.067 [Thread-15] DEBUG o.e.jetty.servlet.ServletHandler - Path=/*[EMBEDDED:null] mapped to servlet=org.glassfish.jersey.servlet.ServletContainer-561205a[EMBEDDED:null]
08:52:20.067 [Thread-15] DEBUG o.e.jetty.http.pathmap.PathMappings - Added MappedResource[pathSpec=ServletPathSpec["/*",pathDepth=1,group=PREFIX_GLOB],resource=org.glassfish.jersey.servlet.ServletContainer-561205a@c4f494ec==org.glassfish.jersey.servlet.ServletContainer,jsp=null,order=0,inst=false,async=true] to PathMappings[size=1]
08:52:20.067 [Thread-15] DEBUG o.e.jetty.servlet.ServletHandler - Path=/[EMBEDDED:null] mapped to servlet=org.eclipse.jetty.servlet.ServletHandler$Default404Servlet-13cb1957[EMBEDDED:null]
08:52:20.068 [Thread-15] DEBUG o.e.jetty.http.pathmap.PathMappings - Added MappedResource[pathSpec=ServletPathSpec["/",pathDepth=-1,group=DEFAULT],resource=org.eclipse.jetty.servlet.ServletHandler$Default404Servlet-13cb1957@778c15df==org.eclipse.jetty.servlet.ServletHandler$Default404Servlet,jsp=null,order=-1,inst=false,async=true] to PathMappings[size=2]
08:52:20.068 [Thread-15] DEBUG o.e.jetty.servlet.ServletHandler - filterNameMap={}
08:52:20.068 [Thread-15] DEBUG o.e.jetty.servlet.ServletHandler - pathFilters=null
08:52:20.068 [Thread-15] DEBUG o.e.jetty.servlet.ServletHandler - servletFilterMap=null
08:52:20.068 [Thread-15] DEBUG o.e.jetty.servlet.ServletHandler - servletPathMap=PathMappings[size=2]
08:52:20.068 [Thread-15] DEBUG o.e.jetty.servlet.ServletHandler - servletNameMap={org.eclipse.jetty.servlet.ServletHandler$Default404Servlet-13cb1957=org.eclipse.jetty.servlet.ServletHandler$Default404Servlet-13cb1957@778c15df==org.eclipse.jetty.servlet.ServletHandler$Default404Servlet,jsp=null,order=-1,inst=false,async=true, org.glassfish.jersey.servlet.ServletContainer-561205a=org.glassfish.jersey.servlet.ServletContainer-561205a@c4f494ec==org.glassfish.jersey.servlet.ServletContainer,jsp=null,order=0,inst=false,async=true}
08:52:20.068 [Thread-15] DEBUG o.e.j.server.handler.AbstractHandler - starting ServletHandler@7a5fc3f0{STARTING}
08:52:20.068 [Thread-15] DEBUG o.e.j.u.component.AbstractLifeCycle - STARTED @4579ms ServletHandler@7a5fc3f0{STARTED}
08:52:20.068 [Thread-15] DEBUG o.e.j.u.component.AbstractLifeCycle - starting org.eclipse.jetty.server.session.DefaultSessionCache@719b7d4f[evict=-1,removeUnloadable=false,saveOnCreate=false,saveOnInactiveEvict=false]
08:52:20.068 [Thread-15] DEBUG o.e.j.u.component.AbstractLifeCycle - starting org.eclipse.jetty.server.session.NullSessionDataStore@77d5457e[passivating=false,graceSec=3600]
08:52:20.068 [Thread-15] DEBUG o.e.j.u.component.AbstractLifeCycle - STARTED @4579ms org.eclipse.jetty.server.session.NullSessionDataStore@77d5457e[passivating=false,graceSec=3600]
08:52:20.068 [Thread-15] DEBUG o.e.j.u.component.AbstractLifeCycle - STARTED @4579ms org.eclipse.jetty.server.session.DefaultSessionCache@719b7d4f[evict=-1,removeUnloadable=false,saveOnCreate=false,saveOnInactiveEvict=false]
08:52:20.068 [Thread-15] DEBUG o.e.j.u.component.AbstractLifeCycle - STARTED @4579ms org.eclipse.jetty.server.session.SessionHandler1077961145==dftMaxIdleSec=-1
08:52:20.068 [Thread-15] DEBUG o.e.j.u.component.AbstractLifeCycle - starting org.eclipse.jetty.servlet.ServletHandler$Default404Servlet-13cb1957@778c15df==org.eclipse.jetty.servlet.ServletHandler$Default404Servlet,jsp=null,order=-1,inst=false,async=true
08:52:20.068 [Thread-15] DEBUG o.e.j.u.component.AbstractLifeCycle - STARTED @4579ms org.eclipse.jetty.servlet.ServletHandler$Default404Servlet-13cb1957@778c15df==org.eclipse.jetty.servlet.ServletHandler$Default404Servlet,jsp=null,order=-1,inst=false,async=true
08:52:20.068 [Thread-15] DEBUG o.e.j.u.component.AbstractLifeCycle - starting org.glassfish.jersey.servlet.ServletContainer-561205a@c4f494ec==org.glassfish.jersey.servlet.ServletContainer,jsp=null,order=0,inst=false,async=true
08:52:20.068 [Thread-15] DEBUG o.e.j.u.component.AbstractLifeCycle - STARTED @4579ms org.glassfish.jersey.servlet.ServletContainer-561205a@c4f494ec==org.glassfish.jersey.servlet.ServletContainer,jsp=null,order=0,inst=false,async=true
08:52:20.068 [Thread-15] DEBUG o.e.jetty.servlet.ServletHolder - Servlet.init org.glassfish.jersey.servlet.ServletContainer@65a5d249 for org.glassfish.jersey.servlet.ServletContainer-561205a
08:52:20.141 [Thread-15] INFO  o.e.j.server.handler.ContextHandler - Started o.e.j.s.ServletContextHandler@49c7a2f9{/,null,AVAILABLE}
08:52:20.141 [Thread-15] DEBUG o.e.j.u.component.AbstractLifeCycle - STARTED @4652ms o.e.j.s.ServletContextHandler@49c7a2f9{/,null,AVAILABLE}
08:52:20.141 [Thread-15] DEBUG o.e.j.u.component.AbstractLifeCycle - starting ErrorHandler@71c59a65{STOPPED}
08:52:20.141 [Thread-15] DEBUG o.e.j.server.handler.AbstractHandler - starting ErrorHandler@71c59a65{STARTING}
08:52:20.141 [Thread-15] DEBUG o.e.j.u.component.AbstractLifeCycle - STARTED @4652ms ErrorHandler@71c59a65{STARTED}
08:52:20.142 [Thread-15] DEBUG o.e.j.u.component.AbstractLifeCycle - starting ServerConnector@199a374f{HTTP/1.1,[http/1.1]}{0.0.0.0:8888}
08:52:20.142 [Thread-15] DEBUG o.e.j.u.component.ContainerLifeCycle - ServerConnector@199a374f{HTTP/1.1,[http/1.1]}{0.0.0.0:8888} added {sun.nio.ch.ServerSocketChannelImpl[/0:0:0:0:0:0:0:0:8888],POJO}
08:52:20.142 [Thread-15] DEBUG o.e.j.u.component.AbstractLifeCycle - starting ScheduledExecutorScheduler@502b24bc{STOPPED}
08:52:20.142 [Thread-15] DEBUG o.e.j.u.component.AbstractLifeCycle - STARTED @4653ms ScheduledExecutorScheduler@502b24bc{STARTED}
08:52:20.142 [Thread-15] DEBUG o.e.j.u.component.AbstractLifeCycle - starting HttpConnectionFactory@2402a877[HTTP/1.1]
08:52:20.142 [Thread-15] DEBUG o.e.j.u.component.AbstractLifeCycle - STARTED @4653ms HttpConnectionFactory@2402a877[HTTP/1.1]
08:52:20.142 [Thread-15] DEBUG o.e.j.u.component.AbstractLifeCycle - starting SelectorManager@ServerConnector@199a374f{HTTP/1.1,[http/1.1]}{0.0.0.0:8888}
08:52:20.143 [Thread-15] DEBUG o.e.j.u.component.ContainerLifeCycle - EatWhatYouKill@1497af3/SelectorProducer@16bddb6e/IDLE/p=false/QueuedThreadPool[qtp788185863]@2efac307{STARTED,8<=8<=200,i=8,r=8,q=0}[ReservedThreadExecutor@324b704d{s=0/8,p=0}][pc=0,pic=0,pec=0,epc=0]@2019-12-26T08:52:20.143+01:00 added {SelectorProducer@16bddb6e,POJO}
08:52:20.143 [Thread-15] DEBUG o.e.j.u.component.ContainerLifeCycle - EatWhatYouKill@1497af3/SelectorProducer@16bddb6e/IDLE/p=false/QueuedThreadPool[qtp788185863]@2efac307{STARTED,8<=8<=200,i=8,r=8,q=0}[ReservedThreadExecutor@324b704d{s=0/8,p=0}][pc=0,pic=0,pec=0,epc=0]@2019-12-26T08:52:20.143+01:00 added {QueuedThreadPool[qtp788185863]@2efac307{STARTED,8<=8<=200,i=8,r=8,q=0}[ReservedThreadExecutor@324b704d{s=0/8,p=0}],UNMANAGED}
08:52:20.143 [Thread-15] DEBUG o.e.j.u.t.strategy.EatWhatYouKill - EatWhatYouKill@1497af3/SelectorProducer@16bddb6e/IDLE/p=false/QueuedThreadPool[qtp788185863]@2efac307{STARTED,8<=8<=200,i=8,r=8,q=0}[ReservedThreadExecutor@324b704d{s=0/8,p=0}][pc=0,pic=0,pec=0,epc=0]@2019-12-26T08:52:20.143+01:00 created
08:52:20.144 [Thread-15] DEBUG o.e.j.u.component.ContainerLifeCycle - ManagedSelector@8d0ba81{STOPPED} id=0 keys=-1 selected=-1 updates=0 added {EatWhatYouKill@1497af3/SelectorProducer@16bddb6e/IDLE/p=false/QueuedThreadPool[qtp788185863]@2efac307{STARTED,8<=8<=200,i=8,r=8,q=0}[ReservedThreadExecutor@324b704d{s=0/8,p=0}][pc=0,pic=0,pec=0,epc=0]@2019-12-26T08:52:20.144+01:00,MANAGED}
08:52:20.144 [Thread-15] DEBUG o.e.j.u.component.ContainerLifeCycle - SelectorManager@ServerConnector@199a374f{HTTP/1.1,[http/1.1]}{0.0.0.0:8888} added {ManagedSelector@8d0ba81{STOPPED} id=0 keys=-1 selected=-1 updates=0,AUTO}
08:52:20.144 [Thread-15] DEBUG o.e.j.u.component.ContainerLifeCycle - EatWhatYouKill@6f7f734e/SelectorProducer@25ab12b0/IDLE/p=false/QueuedThreadPool[qtp788185863]@2efac307{STARTED,8<=8<=200,i=8,r=8,q=0}[ReservedThreadExecutor@324b704d{s=0/8,p=0}][pc=0,pic=0,pec=0,epc=0]@2019-12-26T08:52:20.144+01:00 added {SelectorProducer@25ab12b0,POJO}
08:52:20.144 [Thread-15] DEBUG o.e.j.u.component.ContainerLifeCycle - EatWhatYouKill@6f7f734e/SelectorProducer@25ab12b0/IDLE/p=false/QueuedThreadPool[qtp788185863]@2efac307{STARTED,8<=8<=200,i=8,r=8,q=0}[ReservedThreadExecutor@324b704d{s=0/8,p=0}][pc=0,pic=0,pec=0,epc=0]@2019-12-26T08:52:20.144+01:00 added {QueuedThreadPool[qtp788185863]@2efac307{STARTED,8<=8<=200,i=8,r=8,q=0}[ReservedThreadExecutor@324b704d{s=0/8,p=0}],UNMANAGED}
08:52:20.145 [Thread-15] DEBUG o.e.j.u.t.strategy.EatWhatYouKill - EatWhatYouKill@6f7f734e/SelectorProducer@25ab12b0/IDLE/p=false/QueuedThreadPool[qtp788185863]@2efac307{STARTED,8<=8<=200,i=8,r=8,q=0}[ReservedThreadExecutor@324b704d{s=0/8,p=0}][pc=0,pic=0,pec=0,epc=0]@2019-12-26T08:52:20.145+01:00 created
08:52:20.145 [Thread-15] DEBUG o.e.j.u.component.ContainerLifeCycle - ManagedSelector@5d35cbc0{STOPPED} id=1 keys=-1 selected=-1 updates=0 added {EatWhatYouKill@6f7f734e/SelectorProducer@25ab12b0/IDLE/p=false/QueuedThreadPool[qtp788185863]@2efac307{STARTED,8<=8<=200,i=8,r=8,q=0}[ReservedThreadExecutor@324b704d{s=0/8,p=0}][pc=0,pic=0,pec=0,epc=0]@2019-12-26T08:52:20.145+01:00,MANAGED}
08:52:20.145 [Thread-15] DEBUG o.e.j.u.component.ContainerLifeCycle - SelectorManager@ServerConnector@199a374f{HTTP/1.1,[http/1.1]}{0.0.0.0:8888} added {ManagedSelector@5d35cbc0{STOPPED} id=1 keys=-1 selected=-1 updates=0,AUTO}
08:52:20.145 [Thread-15] DEBUG o.e.j.u.component.ContainerLifeCycle - EatWhatYouKill@50bc7655/SelectorProducer@444d8a0f/IDLE/p=false/QueuedThreadPool[qtp788185863]@2efac307{STARTED,8<=8<=200,i=8,r=8,q=0}[ReservedThreadExecutor@324b704d{s=0/8,p=0}][pc=0,pic=0,pec=0,epc=0]@2019-12-26T08:52:20.145+01:00 added {SelectorProducer@444d8a0f,POJO}
08:52:20.146 [Thread-15] DEBUG o.e.j.u.component.ContainerLifeCycle - EatWhatYouKill@50bc7655/SelectorProducer@444d8a0f/IDLE/p=false/QueuedThreadPool[qtp788185863]@2efac307{STARTED,8<=8<=200,i=8,r=8,q=0}[ReservedThreadExecutor@324b704d{s=0/8,p=0}][pc=0,pic=0,pec=0,epc=0]@2019-12-26T08:52:20.145+01:00 added {QueuedThreadPool[qtp788185863]@2efac307{STARTED,8<=8<=200,i=8,r=8,q=0}[ReservedThreadExecutor@324b704d{s=0/8,p=0}],UNMANAGED}
08:52:20.146 [Thread-15] DEBUG o.e.j.u.t.strategy.EatWhatYouKill - EatWhatYouKill@50bc7655/SelectorProducer@444d8a0f/IDLE/p=false/QueuedThreadPool[qtp788185863]@2efac307{STARTED,8<=8<=200,i=8,r=8,q=0}[ReservedThreadExecutor@324b704d{s=0/8,p=0}][pc=0,pic=0,pec=0,epc=0]@2019-12-26T08:52:20.146+01:00 created
08:52:20.146 [Thread-15] DEBUG o.e.j.u.component.ContainerLifeCycle - ManagedSelector@398e3ea4{STOPPED} id=2 keys=-1 selected=-1 updates=0 added {EatWhatYouKill@50bc7655/SelectorProducer@444d8a0f/IDLE/p=false/QueuedThreadPool[qtp788185863]@2efac307{STARTED,8<=8<=200,i=8,r=8,q=0}[ReservedThreadExecutor@324b704d{s=0/8,p=0}][pc=0,pic=0,pec=0,epc=0]@2019-12-26T08:52:20.146+01:00,MANAGED}
08:52:20.146 [Thread-15] DEBUG o.e.j.u.component.ContainerLifeCycle - SelectorManager@ServerConnector@199a374f{HTTP/1.1,[http/1.1]}{0.0.0.0:8888} added {ManagedSelector@398e3ea4{STOPPED} id=2 keys=-1 selected=-1 updates=0,AUTO}
08:52:20.146 [Thread-15] DEBUG o.e.j.u.component.ContainerLifeCycle - EatWhatYouKill@4a16999e/SelectorProducer@792b5057/IDLE/p=false/QueuedThreadPool[qtp788185863]@2efac307{STARTED,8<=8<=200,i=8,r=8,q=0}[ReservedThreadExecutor@324b704d{s=0/8,p=0}][pc=0,pic=0,pec=0,epc=0]@2019-12-26T08:52:20.146+01:00 added {SelectorProducer@792b5057,POJO}
08:52:20.147 [Thread-15] DEBUG o.e.j.u.component.ContainerLifeCycle - EatWhatYouKill@4a16999e/SelectorProducer@792b5057/IDLE/p=false/QueuedThreadPool[qtp788185863]@2efac307{STARTED,8<=8<=200,i=8,r=8,q=0}[ReservedThreadExecutor@324b704d{s=0/8,p=0}][pc=0,pic=0,pec=0,epc=0]@2019-12-26T08:52:20.147+01:00 added {QueuedThreadPool[qtp788185863]@2efac307{STARTED,8<=8<=200,i=8,r=8,q=0}[ReservedThreadExecutor@324b704d{s=0/8,p=0}],UNMANAGED}
08:52:20.147 [Thread-15] DEBUG o.e.j.u.t.strategy.EatWhatYouKill - EatWhatYouKill@4a16999e/SelectorProducer@792b5057/IDLE/p=false/QueuedThreadPool[qtp788185863]@2efac307{STARTED,8<=8<=200,i=8,r=8,q=0}[ReservedThreadExecutor@324b704d{s=0/8,p=0}][pc=0,pic=0,pec=0,epc=0]@2019-12-26T08:52:20.147+01:00 created
08:52:20.147 [Thread-15] DEBUG o.e.j.u.component.ContainerLifeCycle - ManagedSelector@519ea08f{STOPPED} id=3 keys=-1 selected=-1 updates=0 added {EatWhatYouKill@4a16999e/SelectorProducer@792b5057/IDLE/p=false/QueuedThreadPool[qtp788185863]@2efac307{STARTED,8<=8<=200,i=8,r=8,q=0}[ReservedThreadExecutor@324b704d{s=0/8,p=0}][pc=0,pic=0,pec=0,epc=0]@2019-12-26T08:52:20.147+01:00,MANAGED}
08:52:20.147 [Thread-15] DEBUG o.e.j.u.component.ContainerLifeCycle - SelectorManager@ServerConnector@199a374f{HTTP/1.1,[http/1.1]}{0.0.0.0:8888} added {ManagedSelector@519ea08f{STOPPED} id=3 keys=-1 selected=-1 updates=0,AUTO}
08:52:20.147 [Thread-15] DEBUG o.e.j.u.component.AbstractLifeCycle - starting ManagedSelector@8d0ba81{STOPPED} id=0 keys=-1 selected=-1 updates=0
08:52:20.148 [Thread-15] DEBUG o.e.j.u.component.AbstractLifeCycle - starting EatWhatYouKill@1497af3/SelectorProducer@16bddb6e/IDLE/p=false/QueuedThreadPool[qtp788185863]@2efac307{STARTED,8<=8<=200,i=8,r=8,q=0}[ReservedThreadExecutor@324b704d{s=0/8,p=0}][pc=0,pic=0,pec=0,epc=0]@2019-12-26T08:52:20.148+01:00
08:52:20.148 [Thread-15] DEBUG o.e.j.u.component.AbstractLifeCycle - STARTED @4659ms EatWhatYouKill@1497af3/SelectorProducer@16bddb6e/IDLE/p=false/QueuedThreadPool[qtp788185863]@2efac307{STARTED,8<=8<=200,i=8,r=8,q=0}[ReservedThreadExecutor@324b704d{s=0/8,p=0}][pc=0,pic=0,pec=0,epc=0]@2019-12-26T08:52:20.148+01:00
08:52:20.149 [Thread-15] DEBUG o.e.j.util.thread.QueuedThreadPool - queue org.eclipse.jetty.io.ManagedSelector$$Lambda$217/1330559266@19adcf06 startThread=0
08:52:20.149 [qtp788185863-30] DEBUG o.e.j.util.thread.QueuedThreadPool - run org.eclipse.jetty.io.ManagedSelector$$Lambda$217/1330559266@19adcf06 in QueuedThreadPool[qtp788185863]@2efac307{STARTED,8<=8<=200,i=7,r=8,q=0}[ReservedThreadExecutor@324b704d{s=0/8,p=0}]
08:52:20.149 [Thread-15] DEBUG org.eclipse.jetty.io.ManagedSelector - Queued change org.eclipse.jetty.io.ManagedSelector$Start@67097fc4 on ManagedSelector@8d0ba81{STARTING} id=0 keys=0 selected=0 updates=0
08:52:20.149 [qtp788185863-30] DEBUG o.e.j.u.t.strategy.EatWhatYouKill - EatWhatYouKill@1497af3/SelectorProducer@16bddb6e/IDLE/p=false/QueuedThreadPool[qtp788185863]@2efac307{STARTED,8<=8<=200,i=7,r=8,q=0}[ReservedThreadExecutor@324b704d{s=0/8,p=0}][pc=0,pic=0,pec=0,epc=0]@2019-12-26T08:52:20.149+01:00 tryProduce false
08:52:20.149 [qtp788185863-30] DEBUG org.eclipse.jetty.io.ManagedSelector - updateable 1
08:52:20.149 [qtp788185863-30] DEBUG org.eclipse.jetty.io.ManagedSelector - update org.eclipse.jetty.io.ManagedSelector$Start@67097fc4
08:52:20.149 [qtp788185863-30] DEBUG org.eclipse.jetty.io.ManagedSelector - updates 0
08:52:20.149 [qtp788185863-30] DEBUG org.eclipse.jetty.io.ManagedSelector - Selector sun.nio.ch.WindowsSelectorImpl@35c273a1 waiting with 0 keys
08:52:20.149 [Thread-15] DEBUG o.e.j.u.component.AbstractLifeCycle - STARTED @4660ms ManagedSelector@8d0ba81{STARTED} id=0 keys=0 selected=0 updates=0
08:52:20.150 [Thread-15] DEBUG o.e.j.u.component.AbstractLifeCycle - starting ManagedSelector@5d35cbc0{STOPPED} id=1 keys=-1 selected=-1 updates=0
08:52:20.150 [Thread-15] DEBUG o.e.j.u.component.AbstractLifeCycle - starting EatWhatYouKill@6f7f734e/SelectorProducer@25ab12b0/IDLE/p=false/QueuedThreadPool[qtp788185863]@2efac307{STARTED,8<=8<=200,i=7,r=8,q=0}[ReservedThreadExecutor@324b704d{s=0/8,p=0}][pc=0,pic=0,pec=0,epc=0]@2019-12-26T08:52:20.15+01:00
08:52:20.150 [Thread-15] DEBUG o.e.j.u.component.AbstractLifeCycle - STARTED @4661ms EatWhatYouKill@6f7f734e/SelectorProducer@25ab12b0/IDLE/p=false/QueuedThreadPool[qtp788185863]@2efac307{STARTED,8<=8<=200,i=7,r=8,q=0}[ReservedThreadExecutor@324b704d{s=0/8,p=0}][pc=0,pic=0,pec=0,epc=0]@2019-12-26T08:52:20.15+01:00
08:52:20.151 [Thread-15] DEBUG o.e.j.util.thread.QueuedThreadPool - queue org.eclipse.jetty.io.ManagedSelector$$Lambda$217/1330559266@4403329a startThread=0
08:52:20.151 [qtp788185863-31] DEBUG o.e.j.util.thread.QueuedThreadPool - run org.eclipse.jetty.io.ManagedSelector$$Lambda$217/1330559266@4403329a in QueuedThreadPool[qtp788185863]@2efac307{STARTED,8<=8<=200,i=6,r=8,q=0}[ReservedThreadExecutor@324b704d{s=0/8,p=0}]
08:52:20.151 [Thread-15] DEBUG org.eclipse.jetty.io.ManagedSelector - Queued change org.eclipse.jetty.io.ManagedSelector$Start@603d684d on ManagedSelector@5d35cbc0{STARTING} id=1 keys=0 selected=0 updates=0
08:52:20.151 [qtp788185863-31] DEBUG o.e.j.u.t.strategy.EatWhatYouKill - EatWhatYouKill@6f7f734e/SelectorProducer@25ab12b0/IDLE/p=false/QueuedThreadPool[qtp788185863]@2efac307{STARTED,8<=8<=200,i=6,r=8,q=0}[ReservedThreadExecutor@324b704d{s=0/8,p=0}][pc=0,pic=0,pec=0,epc=0]@2019-12-26T08:52:20.151+01:00 tryProduce false
08:52:20.151 [qtp788185863-31] DEBUG org.eclipse.jetty.io.ManagedSelector - updateable 1
08:52:20.151 [qtp788185863-31] DEBUG org.eclipse.jetty.io.ManagedSelector - update org.eclipse.jetty.io.ManagedSelector$Start@603d684d
08:52:20.151 [qtp788185863-31] DEBUG org.eclipse.jetty.io.ManagedSelector - updates 0
08:52:20.151 [qtp788185863-31] DEBUG org.eclipse.jetty.io.ManagedSelector - Selector sun.nio.ch.WindowsSelectorImpl@cda3e14 waiting with 0 keys
08:52:20.151 [Thread-15] DEBUG o.e.j.u.component.AbstractLifeCycle - STARTED @4662ms ManagedSelector@5d35cbc0{STARTED} id=1 keys=0 selected=0 updates=0
08:52:20.151 [Thread-15] DEBUG o.e.j.u.component.AbstractLifeCycle - starting ManagedSelector@398e3ea4{STOPPED} id=2 keys=-1 selected=-1 updates=0
08:52:20.151 [Thread-15] DEBUG o.e.j.u.component.AbstractLifeCycle - starting EatWhatYouKill@50bc7655/SelectorProducer@444d8a0f/IDLE/p=false/QueuedThreadPool[qtp788185863]@2efac307{STARTED,8<=8<=200,i=6,r=8,q=0}[ReservedThreadExecutor@324b704d{s=0/8,p=0}][pc=0,pic=0,pec=0,epc=0]@2019-12-26T08:52:20.151+01:00
08:52:20.152 [Thread-15] DEBUG o.e.j.u.component.AbstractLifeCycle - STARTED @4662ms EatWhatYouKill@50bc7655/SelectorProducer@444d8a0f/IDLE/p=false/QueuedThreadPool[qtp788185863]@2efac307{STARTED,8<=8<=200,i=6,r=8,q=0}[ReservedThreadExecutor@324b704d{s=0/8,p=0}][pc=0,pic=0,pec=0,epc=0]@2019-12-26T08:52:20.152+01:00
08:52:20.152 [Thread-15] DEBUG o.e.j.util.thread.QueuedThreadPool - queue org.eclipse.jetty.io.ManagedSelector$$Lambda$217/1330559266@179f4eb3 startThread=0
08:52:20.152 [Thread-15] DEBUG org.eclipse.jetty.io.ManagedSelector - Queued change org.eclipse.jetty.io.ManagedSelector$Start@3b44e4db on ManagedSelector@398e3ea4{STARTING} id=2 keys=0 selected=0 updates=0
08:52:20.152 [qtp788185863-32] DEBUG o.e.j.util.thread.QueuedThreadPool - run org.eclipse.jetty.io.ManagedSelector$$Lambda$217/1330559266@179f4eb3 in QueuedThreadPool[qtp788185863]@2efac307{STARTED,8<=8<=200,i=5,r=8,q=0}[ReservedThreadExecutor@324b704d{s=0/8,p=0}]
08:52:20.152 [qtp788185863-32] DEBUG o.e.j.u.t.strategy.EatWhatYouKill - EatWhatYouKill@50bc7655/SelectorProducer@444d8a0f/IDLE/p=false/QueuedThreadPool[qtp788185863]@2efac307{STARTED,8<=8<=200,i=5,r=8,q=0}[ReservedThreadExecutor@324b704d{s=0/8,p=0}][pc=0,pic=0,pec=0,epc=0]@2019-12-26T08:52:20.152+01:00 tryProduce false
08:52:20.153 [qtp788185863-32] DEBUG org.eclipse.jetty.io.ManagedSelector - updateable 1
08:52:20.153 [qtp788185863-32] DEBUG org.eclipse.jetty.io.ManagedSelector - update org.eclipse.jetty.io.ManagedSelector$Start@3b44e4db
08:52:20.153 [qtp788185863-32] DEBUG org.eclipse.jetty.io.ManagedSelector - updates 0
08:52:20.153 [qtp788185863-32] DEBUG org.eclipse.jetty.io.ManagedSelector - Selector sun.nio.ch.WindowsSelectorImpl@6058b23d waiting with 0 keys
08:52:20.153 [Thread-15] DEBUG o.e.j.u.component.AbstractLifeCycle - STARTED @4664ms ManagedSelector@398e3ea4{STARTED} id=2 keys=0 selected=0 updates=0
08:52:20.153 [Thread-15] DEBUG o.e.j.u.component.AbstractLifeCycle - starting ManagedSelector@519ea08f{STOPPED} id=3 keys=-1 selected=-1 updates=0
08:52:20.153 [Thread-15] DEBUG o.e.j.u.component.AbstractLifeCycle - starting EatWhatYouKill@4a16999e/SelectorProducer@792b5057/IDLE/p=false/QueuedThreadPool[qtp788185863]@2efac307{STARTED,8<=8<=200,i=5,r=8,q=0}[ReservedThreadExecutor@324b704d{s=0/8,p=0}][pc=0,pic=0,pec=0,epc=0]@2019-12-26T08:52:20.153+01:00
08:52:20.153 [Thread-15] DEBUG o.e.j.u.component.AbstractLifeCycle - STARTED @4664ms EatWhatYouKill@4a16999e/SelectorProducer@792b5057/IDLE/p=false/QueuedThreadPool[qtp788185863]@2efac307{STARTED,8<=8<=200,i=5,r=8,q=0}[ReservedThreadExecutor@324b704d{s=0/8,p=0}][pc=0,pic=0,pec=0,epc=0]@2019-12-26T08:52:20.153+01:00
08:52:20.154 [Thread-15] DEBUG o.e.j.util.thread.QueuedThreadPool - queue org.eclipse.jetty.io.ManagedSelector$$Lambda$217/1330559266@660e96cb startThread=0
08:52:20.154 [qtp788185863-33] DEBUG o.e.j.util.thread.QueuedThreadPool - run org.eclipse.jetty.io.ManagedSelector$$Lambda$217/1330559266@660e96cb in QueuedThreadPool[qtp788185863]@2efac307{STARTED,8<=8<=200,i=4,r=8,q=0}[ReservedThreadExecutor@324b704d{s=0/8,p=0}]
08:52:20.154 [Thread-15] DEBUG org.eclipse.jetty.io.ManagedSelector - Queued change org.eclipse.jetty.io.ManagedSelector$Start@6dfaf547 on ManagedSelector@519ea08f{STARTING} id=3 keys=0 selected=0 updates=0
08:52:20.154 [qtp788185863-33] DEBUG o.e.j.u.t.strategy.EatWhatYouKill - EatWhatYouKill@4a16999e/SelectorProducer@792b5057/IDLE/p=false/QueuedThreadPool[qtp788185863]@2efac307{STARTED,8<=8<=200,i=4,r=8,q=0}[ReservedThreadExecutor@324b704d{s=0/8,p=0}][pc=0,pic=0,pec=0,epc=0]@2019-12-26T08:52:20.154+01:00 tryProduce false
08:52:20.154 [qtp788185863-33] DEBUG org.eclipse.jetty.io.ManagedSelector - updateable 1
08:52:20.154 [qtp788185863-33] DEBUG org.eclipse.jetty.io.ManagedSelector - update org.eclipse.jetty.io.ManagedSelector$Start@6dfaf547
08:52:20.154 [qtp788185863-33] DEBUG org.eclipse.jetty.io.ManagedSelector - updates 0
08:52:20.154 [qtp788185863-33] DEBUG org.eclipse.jetty.io.ManagedSelector - Selector sun.nio.ch.WindowsSelectorImpl@7def3090 waiting with 0 keys
08:52:20.154 [Thread-15] DEBUG o.e.j.u.component.AbstractLifeCycle - STARTED @4665ms ManagedSelector@519ea08f{STARTED} id=3 keys=0 selected=0 updates=0
08:52:20.155 [Thread-15] DEBUG o.e.j.u.component.AbstractLifeCycle - STARTED @4665ms SelectorManager@ServerConnector@199a374f{HTTP/1.1,[http/1.1]}{0.0.0.0:8888}
08:52:20.155 [Thread-15] DEBUG o.e.j.u.component.ContainerLifeCycle - ServerConnector@199a374f{HTTP/1.1,[http/1.1]}{0.0.0.0:8888} added {acceptor-0@fdc49d,POJO}
08:52:20.155 [Thread-15] DEBUG o.e.j.util.thread.QueuedThreadPool - queue acceptor-0@fdc49d startThread=0
08:52:20.155 [Thread-15] INFO  o.e.jetty.server.AbstractConnector - Started ServerConnector@199a374f{HTTP/1.1,[http/1.1]}{0.0.0.0:8888}
08:52:20.155 [qtp788185863-35] DEBUG o.e.j.util.thread.QueuedThreadPool - run acceptor-0@fdc49d in QueuedThreadPool[qtp788185863]@2efac307{STARTED,8<=8<=200,i=3,r=8,q=0}[ReservedThreadExecutor@324b704d{s=0/8,p=0}]
08:52:20.155 [Thread-15] DEBUG o.e.j.u.component.AbstractLifeCycle - STARTED @4666ms ServerConnector@199a374f{HTTP/1.1,[http/1.1]}{0.0.0.0:8888}
08:52:20.155 [Thread-15] INFO  org.eclipse.jetty.server.Server - Started @4666ms
08:52:20.155 [Thread-15] DEBUG o.e.j.u.component.AbstractLifeCycle - STARTED @4666ms Server@203d28a8{STARTED}[9.4.25.v20191220]
08:52:20.201 [Test worker] DEBUG o.a.h.c.protocol.RequestAddCookies - CookieSpec selected: default
08:52:20.201 [Test worker] DEBUG o.a.h.c.protocol.RequestAuthCache - Auth cache not set in the context
08:52:20.202 [Test worker] DEBUG o.a.h.i.c.PoolingHttpClientConnectionManager - Connection request: [route: {}->http://localhost:8888][total kept alive: 0; route allocated: 0 of 2; total allocated: 0 of 20]
08:52:20.202 [Test worker] DEBUG o.a.h.i.c.PoolingHttpClientConnectionManager - Connection leased: [id: 1][route: {}->http://localhost:8888][total kept alive: 0; route allocated: 1 of 2; total allocated: 1 of 20]
08:52:20.202 [Test worker] DEBUG o.a.h.impl.execchain.MainClientExec - Opening connection {}->http://localhost:8888
08:52:20.202 [Test worker] DEBUG o.a.h.i.c.DefaultHttpClientConnectionOperator - Connecting to localhost/127.0.0.1:8888
08:52:20.202 [Test worker] DEBUG o.a.h.i.c.DefaultHttpClientConnectionOperator - Connection established 127.0.0.1:57989<->127.0.0.1:8888
08:52:20.202 [Test worker] DEBUG o.a.h.impl.execchain.MainClientExec - Executing request POST /account/transfer HTTP/1.1
08:52:20.202 [Test worker] DEBUG o.a.h.impl.execchain.MainClientExec - Target auth state: UNCHALLENGED
08:52:20.202 [Test worker] DEBUG o.a.h.impl.execchain.MainClientExec - Proxy auth state: UNCHALLENGED
08:52:20.203 [qtp788185863-35-acceptor-0@fdc49d-ServerConnector@199a374f{HTTP/1.1,[http/1.1]}{0.0.0.0:8888}] DEBUG org.eclipse.jetty.io.ManagedSelector - Queued change org.eclipse.jetty.io.ManagedSelector$Accept@157f6550 on ManagedSelector@5d35cbc0{STARTED} id=1 keys=0 selected=0 updates=0
08:52:20.203 [Test worker] DEBUG org.apache.http.headers - http-outgoing-1 >> POST /account/transfer HTTP/1.1
08:52:20.203 [Test worker] DEBUG org.apache.http.headers - http-outgoing-1 >> Content-Type: application/json
08:52:20.203 [qtp788185863-35-acceptor-0@fdc49d-ServerConnector@199a374f{HTTP/1.1,[http/1.1]}{0.0.0.0:8888}] DEBUG org.eclipse.jetty.io.ManagedSelector - Wakeup on submit ManagedSelector@5d35cbc0{STARTED} id=1 keys=0 selected=0 updates=1
08:52:20.203 [Test worker] DEBUG org.apache.http.headers - http-outgoing-1 >> charset: UTF-8
08:52:20.203 [Test worker] DEBUG org.apache.http.headers - http-outgoing-1 >> Transfer-Encoding: chunked
08:52:20.203 [Test worker] DEBUG org.apache.http.headers - http-outgoing-1 >> Host: localhost:8888
08:52:20.203 [qtp788185863-31] DEBUG org.eclipse.jetty.io.ManagedSelector - Selector sun.nio.ch.WindowsSelectorImpl@cda3e14 woken with none selected
08:52:20.203 [Test worker] DEBUG org.apache.http.headers - http-outgoing-1 >> Connection: Keep-Alive
08:52:20.203 [qtp788185863-31] DEBUG org.eclipse.jetty.io.ManagedSelector - Selector sun.nio.ch.WindowsSelectorImpl@cda3e14 woken up from select, 0/0/0 selected
08:52:20.203 [Test worker] DEBUG org.apache.http.headers - http-outgoing-1 >> User-Agent: Apache-HttpClient/4.5.10 (Java/1.8.0_211)
08:52:20.203 [qtp788185863-31] DEBUG org.eclipse.jetty.io.ManagedSelector - Selector sun.nio.ch.WindowsSelectorImpl@cda3e14 processing 0 keys, 1 updates
08:52:20.203 [Test worker] DEBUG org.apache.http.headers - http-outgoing-1 >> Accept-Encoding: gzip,deflate
08:52:20.203 [qtp788185863-31] DEBUG org.eclipse.jetty.io.ManagedSelector - updateable 1
08:52:20.203 [qtp788185863-31] DEBUG org.eclipse.jetty.io.ManagedSelector - update org.eclipse.jetty.io.ManagedSelector$Accept@157f6550
08:52:20.203 [qtp788185863-31] DEBUG o.e.j.util.thread.QueuedThreadPool - queue org.eclipse.jetty.io.ManagedSelector$Accept@157f6550 startThread=0
08:52:20.203 [qtp788185863-31] DEBUG org.eclipse.jetty.io.ManagedSelector - updates 0
08:52:20.203 [qtp788185863-31] DEBUG org.eclipse.jetty.io.ManagedSelector - Selector sun.nio.ch.WindowsSelectorImpl@cda3e14 waiting with 1 keys
08:52:20.203 [qtp788185863-34] DEBUG o.e.j.util.thread.QueuedThreadPool - run org.eclipse.jetty.io.ManagedSelector$Accept@157f6550 in QueuedThreadPool[qtp788185863]@2efac307{STARTED,8<=8<=200,i=2,r=8,q=0}[ReservedThreadExecutor@324b704d{s=0/8,p=0}]
08:52:20.204 [Test worker] DEBUG org.apache.http.wire - http-outgoing-1 >> "POST /account/transfer HTTP/1.1[\r][\n]"
08:52:20.204 [qtp788185863-34] DEBUG org.eclipse.jetty.io.IdleTimeout - SocketChannelEndPoint@67be1983{/127.0.0.1:57989<->/127.0.0.1:8888,OPEN,fill=-,flush=-,to=0/30000}{io=0/0,kio=0,kro=0}-><null> idle timeout check, elapsed: 0 ms, remaining: 30000 ms
08:52:20.204 [Test worker] DEBUG org.apache.http.wire - http-outgoing-1 >> "Content-Type: application/json[\r][\n]"
08:52:20.204 [Test worker] DEBUG org.apache.http.wire - http-outgoing-1 >> "charset: UTF-8[\r][\n]"
08:52:20.204 [Test worker] DEBUG org.apache.http.wire - http-outgoing-1 >> "Transfer-Encoding: chunked[\r][\n]"
08:52:20.204 [Test worker] DEBUG org.apache.http.wire - http-outgoing-1 >> "Host: localhost:8888[\r][\n]"
08:52:20.204 [Test worker] DEBUG org.apache.http.wire - http-outgoing-1 >> "Connection: Keep-Alive[\r][\n]"
08:52:20.204 [Test worker] DEBUG org.apache.http.wire - http-outgoing-1 >> "User-Agent: Apache-HttpClient/4.5.10 (Java/1.8.0_211)[\r][\n]"
08:52:20.204 [Test worker] DEBUG org.apache.http.wire - http-outgoing-1 >> "Accept-Encoding: gzip,deflate[\r][\n]"
08:52:20.204 [Test worker] DEBUG org.apache.http.wire - http-outgoing-1 >> "[\r][\n]"
08:52:20.204 [Test worker] DEBUG org.apache.http.wire - http-outgoing-1 >> "80[\r][\n]"
08:52:20.204 [Test worker] DEBUG org.apache.http.wire - http-outgoing-1 >> "{"requestId":"e0b221d6-4e91-479f-bf91-2289d3bd0c8d","senderId":6636529201886160532,"receiverId":8989147334230814736,"amount":10}[\r][\n]"
08:52:20.204 [Test worker] DEBUG org.apache.http.wire - http-outgoing-1 >> "0[\r][\n]"
08:52:20.204 [Test worker] DEBUG org.apache.http.wire - http-outgoing-1 >> "[\r][\n]"
08:52:20.204 [qtp788185863-34] DEBUG org.eclipse.jetty.server.HttpChannel - new HttpChannelOverHttp@6d4672f3{s=HttpChannelState@2844e13f{s=IDLE rs=BLOCKING os=OPEN is=IDLE awp=false se=false i=true al=0},r=0,c=false/false,a=IDLE,uri=null,age=0} -> SocketChannelEndPoint@67be1983{/127.0.0.1:57989<->/127.0.0.1:8888,OPEN,fill=-,flush=-,to=0/30000}{io=0/0,kio=0,kro=0}-><null>,null,HttpChannelState@2844e13f{s=IDLE rs=BLOCKING os=OPEN is=IDLE awp=false se=false i=true al=0}
08:52:20.205 [qtp788185863-34] DEBUG o.e.jetty.server.HttpConnection - New HTTP Connection HttpConnection@3fa187b5::SocketChannelEndPoint@67be1983{/127.0.0.1:57989<->/127.0.0.1:8888,OPEN,fill=-,flush=-,to=1/30000}{io=0/0,kio=0,kro=0}-><null>
08:52:20.205 [qtp788185863-34] DEBUG o.eclipse.jetty.io.AbstractEndPoint - onOpen SocketChannelEndPoint@67be1983{/127.0.0.1:57989<->/127.0.0.1:8888,OPEN,fill=-,flush=-,to=1/30000}{io=0/0,kio=0,kro=0}->HttpConnection@3fa187b5[p=HttpParser{s=START,0 of -1},g=HttpGenerator@19a66a8e{s=START}]=>HttpChannelOverHttp@6d4672f3{s=HttpChannelState@2844e13f{s=IDLE rs=BLOCKING os=OPEN is=IDLE awp=false se=false i=true al=0},r=0,c=false/false,a=IDLE,uri=null,age=0}
08:52:20.205 [qtp788185863-34] DEBUG o.e.jetty.io.AbstractConnection - onOpen HttpConnection@3fa187b5::SocketChannelEndPoint@67be1983{/127.0.0.1:57989<->/127.0.0.1:8888,OPEN,fill=-,flush=-,to=1/30000}{io=0/0,kio=0,kro=0}->HttpConnection@3fa187b5[p=HttpParser{s=START,0 of -1},g=HttpGenerator@19a66a8e{s=START}]=>HttpChannelOverHttp@6d4672f3{s=HttpChannelState@2844e13f{s=IDLE rs=BLOCKING os=OPEN is=IDLE awp=false se=false i=true al=0},r=0,c=false/false,a=IDLE,uri=null,age=0}
08:52:20.205 [qtp788185863-34] DEBUG o.e.jetty.io.AbstractConnection - fillInterested HttpConnection@3fa187b5::SocketChannelEndPoint@67be1983{/127.0.0.1:57989<->/127.0.0.1:8888,OPEN,fill=-,flush=-,to=1/30000}{io=0/0,kio=0,kro=0}->HttpConnection@3fa187b5[p=HttpParser{s=START,0 of -1},g=HttpGenerator@19a66a8e{s=START}]=>HttpChannelOverHttp@6d4672f3{s=HttpChannelState@2844e13f{s=IDLE rs=BLOCKING os=OPEN is=IDLE awp=false se=false i=true al=0},r=0,c=false/false,a=IDLE,uri=null,age=0}
08:52:20.206 [qtp788185863-34] DEBUG org.eclipse.jetty.io.FillInterest - interested FillInterest@47a952a3{AC.ReadCB@3fa187b5{HttpConnection@3fa187b5::SocketChannelEndPoint@67be1983{/127.0.0.1:57989<->/127.0.0.1:8888,OPEN,fill=FI,flush=-,to=0/30000}{io=0/0,kio=0,kro=0}->HttpConnection@3fa187b5[p=HttpParser{s=START,0 of -1},g=HttpGenerator@19a66a8e{s=START}]=>HttpChannelOverHttp@6d4672f3{s=HttpChannelState@2844e13f{s=IDLE rs=BLOCKING os=OPEN is=IDLE awp=false se=false i=true al=0},r=0,c=false/false,a=IDLE,uri=null,age=0}}}
08:52:20.206 [qtp788185863-34] DEBUG org.eclipse.jetty.io.ChannelEndPoint - changeInterests p=false 0->1 for SocketChannelEndPoint@67be1983{/127.0.0.1:57989<->/127.0.0.1:8888,OPEN,fill=FI,flush=-,to=0/30000}{io=0/1,kio=0,kro=0}->HttpConnection@3fa187b5[p=HttpParser{s=START,0 of -1},g=HttpGenerator@19a66a8e{s=START}]=>HttpChannelOverHttp@6d4672f3{s=HttpChannelState@2844e13f{s=IDLE rs=BLOCKING os=OPEN is=IDLE awp=false se=false i=true al=0},r=0,c=false/false,a=IDLE,uri=null,age=0}
08:52:20.206 [qtp788185863-34] DEBUG org.eclipse.jetty.io.ManagedSelector - Queued change org.eclipse.jetty.io.ChannelEndPoint$1@486b1e70 on ManagedSelector@5d35cbc0{STARTED} id=1 keys=1 selected=0 updates=0
08:52:20.206 [qtp788185863-34] DEBUG org.eclipse.jetty.io.ManagedSelector - Wakeup on submit ManagedSelector@5d35cbc0{STARTED} id=1 keys=1 selected=0 updates=1
08:52:20.206 [qtp788185863-31] DEBUG org.eclipse.jetty.io.ManagedSelector - Selector sun.nio.ch.WindowsSelectorImpl@cda3e14 woken with none selected
08:52:20.206 [qtp788185863-31] DEBUG org.eclipse.jetty.io.ManagedSelector - Selector sun.nio.ch.WindowsSelectorImpl@cda3e14 woken up from select, 0/0/1 selected
08:52:20.206 [qtp788185863-31] DEBUG org.eclipse.jetty.io.ManagedSelector - Selector sun.nio.ch.WindowsSelectorImpl@cda3e14 processing 0 keys, 1 updates
08:52:20.206 [qtp788185863-31] DEBUG org.eclipse.jetty.io.ManagedSelector - updateable 1
08:52:20.206 [qtp788185863-31] DEBUG org.eclipse.jetty.io.ManagedSelector - update org.eclipse.jetty.io.ChannelEndPoint$1@486b1e70
08:52:20.206 [qtp788185863-34] DEBUG org.eclipse.jetty.io.ManagedSelector - Created SocketChannelEndPoint@67be1983{/127.0.0.1:57989<->/127.0.0.1:8888,OPEN,fill=FI,flush=-,to=0/30000}{io=0/1,kio=0,kro=0}->HttpConnection@3fa187b5[p=HttpParser{s=START,0 of -1},g=HttpGenerator@19a66a8e{s=START}]=>HttpChannelOverHttp@6d4672f3{s=HttpChannelState@2844e13f{s=IDLE rs=BLOCKING os=OPEN is=IDLE awp=false se=false i=true al=0},r=0,c=false/false,a=IDLE,uri=null,age=0}
08:52:20.206 [qtp788185863-34] DEBUG o.e.j.util.thread.QueuedThreadPool - ran org.eclipse.jetty.io.ManagedSelector$Accept@157f6550 in QueuedThreadPool[qtp788185863]@2efac307{STARTED,8<=8<=200,i=2,r=8,q=0}[ReservedThreadExecutor@324b704d{s=0/8,p=0}]
08:52:20.206 [qtp788185863-31] DEBUG org.eclipse.jetty.io.ChannelEndPoint - Key interests updated 0 -> 1 on SocketChannelEndPoint@67be1983{/127.0.0.1:57989<->/127.0.0.1:8888,OPEN,fill=FI,flush=-,to=0/30000}{io=1/1,kio=1,kro=0}->HttpConnection@3fa187b5[p=HttpParser{s=START,0 of -1},g=HttpGenerator@19a66a8e{s=START}]=>HttpChannelOverHttp@6d4672f3{s=HttpChannelState@2844e13f{s=IDLE rs=BLOCKING os=OPEN is=IDLE awp=false se=false i=true al=0},r=0,c=false/false,a=IDLE,uri=null,age=0}
08:52:20.206 [qtp788185863-31] DEBUG org.eclipse.jetty.io.ManagedSelector - updates 0
08:52:20.206 [qtp788185863-31] DEBUG org.eclipse.jetty.io.ManagedSelector - Selector sun.nio.ch.WindowsSelectorImpl@cda3e14 waiting with 1 keys
08:52:20.206 [qtp788185863-31] DEBUG org.eclipse.jetty.io.ManagedSelector - Selector sun.nio.ch.WindowsSelectorImpl@cda3e14 woken up from select, 1/1/1 selected
08:52:20.207 [qtp788185863-31] DEBUG org.eclipse.jetty.io.ManagedSelector - Selector sun.nio.ch.WindowsSelectorImpl@cda3e14 processing 1 keys, 0 updates
08:52:20.207 [qtp788185863-31] DEBUG org.eclipse.jetty.io.ManagedSelector - selected 1 sun.nio.ch.SelectionKeyImpl@21dc1ff SocketChannelEndPoint@67be1983{/127.0.0.1:57989<->/127.0.0.1:8888,OPEN,fill=FI,flush=-,to=1/30000}{io=1/1,kio=1,kro=1}->HttpConnection@3fa187b5[p=HttpParser{s=START,0 of -1},g=HttpGenerator@19a66a8e{s=START}]=>HttpChannelOverHttp@6d4672f3{s=HttpChannelState@2844e13f{s=IDLE rs=BLOCKING os=OPEN is=IDLE awp=false se=false i=true al=0},r=0,c=false/false,a=IDLE,uri=null,age=0} 
08:52:20.207 [qtp788185863-31] DEBUG org.eclipse.jetty.io.ChannelEndPoint - onSelected 1->0 r=true w=false for SocketChannelEndPoint@67be1983{/127.0.0.1:57989<->/127.0.0.1:8888,OPEN,fill=FI,flush=-,to=1/30000}{io=1/0,kio=1,kro=1}->HttpConnection@3fa187b5[p=HttpParser{s=START,0 of -1},g=HttpGenerator@19a66a8e{s=START}]=>HttpChannelOverHttp@6d4672f3{s=HttpChannelState@2844e13f{s=IDLE rs=BLOCKING os=OPEN is=IDLE awp=false se=false i=true al=0},r=0,c=false/false,a=IDLE,uri=null,age=0}
08:52:20.207 [qtp788185863-31] DEBUG org.eclipse.jetty.io.ChannelEndPoint - task CEP:SocketChannelEndPoint@67be1983{/127.0.0.1:57989<->/127.0.0.1:8888,OPEN,fill=FI,flush=-,to=1/30000}{io=1/0,kio=1,kro=1}->HttpConnection@3fa187b5[p=HttpParser{s=START,0 of -1},g=HttpGenerator@19a66a8e{s=START}]=>HttpChannelOverHttp@6d4672f3{s=HttpChannelState@2844e13f{s=IDLE rs=BLOCKING os=OPEN is=IDLE awp=false se=false i=true al=0},r=0,c=false/false,a=IDLE,uri=null,age=0}:runFillable:BLOCKING
08:52:20.207 [qtp788185863-31] DEBUG o.e.j.u.t.ReservedThreadExecutor - ReservedThreadExecutor@324b704d{s=0/8,p=0} tryExecute EatWhatYouKill@6f7f734e/SelectorProducer@25ab12b0/PRODUCING/p=false/QueuedThreadPool[qtp788185863]@2efac307{STARTED,8<=8<=200,i=3,r=8,q=0}[ReservedThreadExecutor@324b704d{s=0/8,p=0}][pc=0,pic=0,pec=0,epc=0]@2019-12-26T08:52:20.207+01:00
08:52:20.207 [qtp788185863-31] DEBUG o.e.j.u.t.ReservedThreadExecutor - ReservedThreadExecutor@324b704d{s=0/8,p=1} startReservedThread p=1
08:52:20.207 [qtp788185863-31] DEBUG o.e.j.util.thread.QueuedThreadPool - queue ReservedThreadExecutor@324b704d{s=0/8,p=1}@6225564 startThread=0
08:52:20.207 [qtp788185863-36] DEBUG o.e.j.util.thread.QueuedThreadPool - run ReservedThreadExecutor@324b704d{s=0/8,p=1}@6225564 in QueuedThreadPool[qtp788185863]@2efac307{STARTED,8<=8<=200,i=2,r=8,q=0}[ReservedThreadExecutor@324b704d{s=0/8,p=1}]
08:52:20.208 [qtp788185863-36] DEBUG o.e.j.u.t.ReservedThreadExecutor - ReservedThreadExecutor@324b704d{s=1/8,p=1}@6225564 started
08:52:20.208 [qtp788185863-36] DEBUG o.e.j.u.t.ReservedThreadExecutor - ReservedThreadExecutor@324b704d{s=1/8,p=0}@6225564 waiting
08:52:20.208 [qtp788185863-31] DEBUG o.e.j.u.t.strategy.EatWhatYouKill - EatWhatYouKill@6f7f734e/SelectorProducer@25ab12b0/PRODUCING/p=false/QueuedThreadPool[qtp788185863]@2efac307{STARTED,8<=8<=200,i=2,r=8,q=0}[ReservedThreadExecutor@324b704d{s=1/8,p=1}][pc=0,pic=0,pec=0,epc=0]@2019-12-26T08:52:20.208+01:00 m=PRODUCE_EXECUTE_CONSUME t=CEP:SocketChannelEndPoint@67be1983{/127.0.0.1:57989<->/127.0.0.1:8888,OPEN,fill=FI,flush=-,to=2/30000}{io=1/0,kio=1,kro=1}->HttpConnection@3fa187b5[p=HttpParser{s=START,0 of -1},g=HttpGenerator@19a66a8e{s=START}]=>HttpChannelOverHttp@6d4672f3{s=HttpChannelState@2844e13f{s=IDLE rs=BLOCKING os=OPEN is=IDLE awp=false se=false i=true al=0},r=0,c=false/false,a=IDLE,uri=null,age=0}:runFillable:BLOCKING/BLOCKING
08:52:20.208 [qtp788185863-31] DEBUG o.e.j.util.thread.QueuedThreadPool - queue CEP:SocketChannelEndPoint@67be1983{/127.0.0.1:57989<->/127.0.0.1:8888,OPEN,fill=FI,flush=-,to=2/30000}{io=1/0,kio=1,kro=1}->HttpConnection@3fa187b5[p=HttpParser{s=START,0 of -1},g=HttpGenerator@19a66a8e{s=START}]=>HttpChannelOverHttp@6d4672f3{s=HttpChannelState@2844e13f{s=IDLE rs=BLOCKING os=OPEN is=IDLE awp=false se=false i=true al=0},r=0,c=false/false,a=IDLE,uri=null,age=0}:runFillable:BLOCKING startThread=0
08:52:20.208 [qtp788185863-31] DEBUG org.eclipse.jetty.io.ManagedSelector - updateable 0
08:52:20.208 [qtp788185863-31] DEBUG org.eclipse.jetty.io.ManagedSelector - updates 0
08:52:20.208 [qtp788185863-37] DEBUG o.e.j.util.thread.QueuedThreadPool - run CEP:SocketChannelEndPoint@67be1983{/127.0.0.1:57989<->/127.0.0.1:8888,OPEN,fill=FI,flush=-,to=2/30000}{io=1/0,kio=1,kro=1}->HttpConnection@3fa187b5[p=HttpParser{s=START,0 of -1},g=HttpGenerator@19a66a8e{s=START}]=>HttpChannelOverHttp@6d4672f3{s=HttpChannelState@2844e13f{s=IDLE rs=BLOCKING os=OPEN is=IDLE awp=false se=false i=true al=0},r=0,c=false/false,a=IDLE,uri=null,age=0}:runFillable:BLOCKING in QueuedThreadPool[qtp788185863]@2efac307{STARTED,8<=8<=200,i=1,r=8,q=0}[ReservedThreadExecutor@324b704d{s=1/8,p=0}]
08:52:20.208 [qtp788185863-31] DEBUG org.eclipse.jetty.io.ChannelEndPoint - Key interests updated 1 -> 0 on SocketChannelEndPoint@67be1983{/127.0.0.1:57989<->/127.0.0.1:8888,OPEN,fill=FI,flush=-,to=2/30000}{io=0/0,kio=0,kro=1}->HttpConnection@3fa187b5[p=HttpParser{s=START,0 of -1},g=HttpGenerator@19a66a8e{s=START}]=>HttpChannelOverHttp@6d4672f3{s=HttpChannelState@2844e13f{s=IDLE rs=BLOCKING os=OPEN is=IDLE awp=false se=false i=true al=0},r=0,c=false/false,a=IDLE,uri=null,age=0}
08:52:20.208 [qtp788185863-31] DEBUG org.eclipse.jetty.io.ManagedSelector - Selector sun.nio.ch.WindowsSelectorImpl@cda3e14 waiting with 1 keys
08:52:20.208 [qtp788185863-37] DEBUG org.eclipse.jetty.io.FillInterest - fillable FillInterest@47a952a3{AC.ReadCB@3fa187b5{HttpConnection@3fa187b5::SocketChannelEndPoint@67be1983{/127.0.0.1:57989<->/127.0.0.1:8888,OPEN,fill=FI,flush=-,to=2/30000}{io=0/0,kio=0,kro=1}->HttpConnection@3fa187b5[p=HttpParser{s=START,0 of -1},g=HttpGenerator@19a66a8e{s=START}]=>HttpChannelOverHttp@6d4672f3{s=HttpChannelState@2844e13f{s=IDLE rs=BLOCKING os=OPEN is=IDLE awp=false se=false i=true al=0},r=0,c=false/false,a=IDLE,uri=null,age=0}}}
08:52:20.209 [qtp788185863-37] DEBUG o.e.jetty.server.HttpConnection - HttpConnection@3fa187b5::SocketChannelEndPoint@67be1983{/127.0.0.1:57989<->/127.0.0.1:8888,OPEN,fill=-,flush=-,to=3/30000}{io=0/0,kio=0,kro=1}->HttpConnection@3fa187b5[p=HttpParser{s=START,0 of -1},g=HttpGenerator@19a66a8e{s=START}]=>HttpChannelOverHttp@6d4672f3{s=HttpChannelState@2844e13f{s=IDLE rs=BLOCKING os=OPEN is=IDLE awp=false se=false i=true al=0},r=0,c=false/false,a=IDLE,uri=null,age=0} onFillable enter HttpChannelState@2844e13f{s=IDLE rs=BLOCKING os=OPEN is=IDLE awp=false se=false i=true al=0} null
08:52:20.209 [qtp788185863-37] DEBUG org.eclipse.jetty.io.ChannelEndPoint - filled 382 HeapByteBuffer@4f69dca9[p=0,l=382,c=8192,r=382]={<<<POST /account/transfer HT...736,"amount":10}\r\n0\r\n\r\n>>>\x00\x00\x00\x00\x00\x00\x00\x00\x00...\x00\x00\x00\x00\x00\x00\x00}
08:52:20.209 [qtp788185863-37] DEBUG o.e.jetty.server.HttpConnection - HttpConnection@3fa187b5::SocketChannelEndPoint@67be1983{/127.0.0.1:57989<->/127.0.0.1:8888,OPEN,fill=-,flush=-,to=0/30000}{io=0/0,kio=0,kro=1}->HttpConnection@3fa187b5[p=HttpParser{s=START,0 of -1},g=HttpGenerator@19a66a8e{s=START}]=>HttpChannelOverHttp@6d4672f3{s=HttpChannelState@2844e13f{s=IDLE rs=BLOCKING os=OPEN is=IDLE awp=false se=false i=true al=0},r=0,c=false/false,a=IDLE,uri=null,age=0} filled 382 HeapByteBuffer@4f69dca9[p=0,l=382,c=8192,r=382]={<<<POST /account/transfer HT...736,"amount":10}\r\n0\r\n\r\n>>>\x00\x00\x00\x00\x00\x00\x00\x00\x00...\x00\x00\x00\x00\x00\x00\x00}
08:52:20.209 [qtp788185863-37] DEBUG o.e.jetty.server.HttpConnection - HttpConnection@3fa187b5::SocketChannelEndPoint@67be1983{/127.0.0.1:57989<->/127.0.0.1:8888,OPEN,fill=-,flush=-,to=0/30000}{io=0/0,kio=0,kro=1}->HttpConnection@3fa187b5[p=HttpParser{s=START,0 of -1},g=HttpGenerator@19a66a8e{s=START}]=>HttpChannelOverHttp@6d4672f3{s=HttpChannelState@2844e13f{s=IDLE rs=BLOCKING os=OPEN is=IDLE awp=false se=false i=true al=0},r=0,c=false/false,a=IDLE,uri=null,age=0} parse HeapByteBuffer@4f69dca9[p=0,l=382,c=8192,r=382]={<<<POST /account/transfer HT...736,"amount":10}\r\n0\r\n\r\n>>>\x00\x00\x00\x00\x00\x00\x00\x00\x00...\x00\x00\x00\x00\x00\x00\x00} {}
08:52:20.209 [qtp788185863-37] DEBUG org.eclipse.jetty.http.HttpParser - parseNext s=START HeapByteBuffer@4f69dca9[p=0,l=382,c=8192,r=382]={<<<POST /account/transfer HT...736,"amount":10}\r\n0\r\n\r\n>>>\x00\x00\x00\x00\x00\x00\x00\x00\x00...\x00\x00\x00\x00\x00\x00\x00}
08:52:20.209 [qtp788185863-37] DEBUG org.eclipse.jetty.http.HttpParser - START --> SPACE1
08:52:20.209 [qtp788185863-37] DEBUG org.eclipse.jetty.http.HttpParser - SPACE1 --> URI
08:52:20.209 [qtp788185863-37] DEBUG org.eclipse.jetty.http.HttpParser - URI --> SPACE2
08:52:20.209 [qtp788185863-37] DEBUG org.eclipse.jetty.http.HttpParser - SPACE2 --> REQUEST_VERSION
08:52:20.210 [qtp788185863-37] DEBUG org.eclipse.jetty.http.HttpParser - REQUEST_VERSION --> HEADER
08:52:20.210 [qtp788185863-37] DEBUG org.eclipse.jetty.http.HttpParser - HEADER:Content-Type: application/json --> IN_VALUE
08:52:20.210 [qtp788185863-37] DEBUG org.eclipse.jetty.http.HttpParser - HEADER:Content-Type: application/json --> FIELD
08:52:20.210 [qtp788185863-37] DEBUG org.eclipse.jetty.http.HttpParser - HEADER: --> IN_NAME
08:52:20.210 [qtp788185863-37] DEBUG org.eclipse.jetty.http.HttpParser - HEADER:charset --> VALUE
08:52:20.210 [qtp788185863-37] DEBUG org.eclipse.jetty.http.HttpParser - HEADER:charset --> IN_VALUE
08:52:20.210 [qtp788185863-37] DEBUG org.eclipse.jetty.http.HttpParser - HEADER:charset --> FIELD
08:52:20.210 [qtp788185863-37] DEBUG org.eclipse.jetty.http.HttpParser - HEADER:Transfer-Encoding: chunked --> IN_VALUE
08:52:20.210 [qtp788185863-37] DEBUG org.eclipse.jetty.http.HttpParser - HEADER:Transfer-Encoding: chunked --> FIELD
08:52:20.210 [qtp788185863-37] DEBUG org.eclipse.jetty.http.HttpParser - HEADER:Host --> VALUE
08:52:20.210 [qtp788185863-37] DEBUG org.eclipse.jetty.http.HttpParser - HEADER:Host --> IN_VALUE
08:52:20.210 [qtp788185863-37] DEBUG org.eclipse.jetty.http.HttpParser - HEADER:Host --> FIELD
08:52:20.210 [qtp788185863-37] DEBUG org.eclipse.jetty.http.HttpParser - HEADER:Connection: keep-alive --> IN_VALUE
08:52:20.210 [qtp788185863-37] DEBUG org.eclipse.jetty.http.HttpParser - HEADER:Connection: keep-alive --> FIELD
08:52:20.210 [qtp788185863-37] DEBUG org.eclipse.jetty.http.HttpParser - HEADER:User-Agent --> VALUE
08:52:20.210 [qtp788185863-37] DEBUG org.eclipse.jetty.http.HttpParser - HEADER:User-Agent --> IN_VALUE
08:52:20.210 [qtp788185863-37] DEBUG org.eclipse.jetty.http.HttpParser - HEADER:User-Agent --> FIELD
08:52:20.210 [qtp788185863-37] DEBUG org.eclipse.jetty.http.HttpParser - HEADER:Accept-Encoding --> IN_VALUE
08:52:20.210 [qtp788185863-37] DEBUG org.eclipse.jetty.http.HttpParser - HEADER:Accept-Encoding --> FIELD
08:52:20.210 [qtp788185863-37] DEBUG org.eclipse.jetty.http.HttpParser - HEADER --> CHUNKED_CONTENT
08:52:20.210 [qtp788185863-37] DEBUG org.eclipse.jetty.server.HttpChannel - REQUEST for //localhost:8888/account/transfer on HttpChannelOverHttp@6d4672f3{s=HttpChannelState@2844e13f{s=IDLE rs=BLOCKING os=OPEN is=IDLE awp=false se=false i=true al=0},r=1,c=false/false,a=IDLE,uri=//localhost:8888/account/transfer,age=0}
POST //localhost:8888/account/transfer HTTP/1.1
Content-Type: application/json
charset: UTF-8
Transfer-Encoding: chunked
Host: localhost:8888
Connection: keep-alive
User-Agent: Apache-HttpClient/4.5.10 (Java/1.8.0_211)
Accept-Encoding: gzip,deflate


08:52:20.211 [qtp788185863-37] DEBUG o.e.jetty.server.HttpConnection - HttpConnection@3fa187b5::SocketChannelEndPoint@67be1983{/127.0.0.1:57989<->/127.0.0.1:8888,OPEN,fill=-,flush=-,to=1/30000}{io=0/0,kio=0,kro=1}->HttpConnection@3fa187b5[p=HttpParser{s=CHUNKED_CONTENT,0 of -1},g=HttpGenerator@19a66a8e{s=START}]=>HttpChannelOverHttp@6d4672f3{s=HttpChannelState@2844e13f{s=IDLE rs=BLOCKING os=OPEN is=IDLE awp=false se=false i=true al=0},r=1,c=false/false,a=IDLE,uri=//localhost:8888/account/transfer,age=1} parsed true HttpParser{s=CHUNKED_CONTENT,0 of -1}
08:52:20.211 [qtp788185863-37] DEBUG org.eclipse.jetty.server.HttpChannel - handle //localhost:8888/account/transfer HttpChannelOverHttp@6d4672f3{s=HttpChannelState@2844e13f{s=IDLE rs=BLOCKING os=OPEN is=IDLE awp=false se=false i=true al=0},r=1,c=false/false,a=IDLE,uri=//localhost:8888/account/transfer,age=1} 
08:52:20.211 [qtp788185863-37] DEBUG o.e.jetty.server.HttpChannelState - handling HttpChannelState@2844e13f{s=IDLE rs=BLOCKING os=OPEN is=IDLE awp=false se=false i=true al=0}
08:52:20.211 [qtp788185863-37] DEBUG org.eclipse.jetty.server.HttpChannel - action DISPATCH HttpChannelOverHttp@6d4672f3{s=HttpChannelState@2844e13f{s=HANDLING rs=BLOCKING os=OPEN is=IDLE awp=false se=false i=true al=0},r=1,c=false/false,a=HANDLING,uri=//localhost:8888/account/transfer,age=1}
08:52:20.211 [qtp788185863-37] DEBUG org.eclipse.jetty.server.Server - REQUEST POST /account/transfer on HttpChannelOverHttp@6d4672f3{s=HttpChannelState@2844e13f{s=HANDLING rs=BLOCKING os=OPEN is=IDLE awp=false se=false i=true al=0},r=1,c=false/false,a=HANDLING,uri=//localhost:8888/account/transfer,age=1}
08:52:20.211 [qtp788185863-37] DEBUG o.e.j.server.handler.ContextHandler - scope null||/account/transfer @ o.e.j.s.ServletContextHandler@49c7a2f9{/,null,AVAILABLE}
08:52:20.211 [qtp788185863-37] DEBUG o.e.j.server.handler.ContextHandler - context=||/account/transfer @ o.e.j.s.ServletContextHandler@49c7a2f9{/,null,AVAILABLE}
08:52:20.211 [qtp788185863-37] DEBUG org.eclipse.jetty.server.session - Entering scope org.eclipse.jetty.server.session.SessionHandler1077961145==dftMaxIdleSec=-1, dispatch=REQUEST asyncstarted=false
08:52:20.211 [qtp788185863-37] DEBUG org.eclipse.jetty.server.session - sessionHandler=org.eclipse.jetty.server.session.SessionHandler1077961145==dftMaxIdleSec=-1 session=null
08:52:20.211 [qtp788185863-37] DEBUG o.e.jetty.servlet.ServletHandler - servlet ||/account/transfer -> org.glassfish.jersey.servlet.ServletContainer-561205a@c4f494ec==org.glassfish.jersey.servlet.ServletContainer,jsp=null,order=0,inst=true,async=true
08:52:20.211 [qtp788185863-37] DEBUG o.e.jetty.servlet.ServletHandler - chain=null
08:52:20.310 [Finalizer] DEBUG o.a.h.i.c.PoolingHttpClientConnectionManager - Connection manager is shutting down
08:52:20.311 [Finalizer] DEBUG o.a.h.i.c.DefaultManagedHttpClientConnection - http-outgoing-0: Close connection
08:52:20.311 [Finalizer] DEBUG o.a.h.i.c.PoolingHttpClientConnectionManager - Connection manager shut down
08:52:20.361 [qtp788185863-37] DEBUG o.e.jetty.server.HttpConnection - HttpConnection@3fa187b5::SocketChannelEndPoint@67be1983{/127.0.0.1:57989<->/127.0.0.1:8888,OPEN,fill=-,flush=-,to=152/30000}{io=0/0,kio=0,kro=1}->HttpConnection@3fa187b5[p=HttpParser{s=CHUNKED_CONTENT,0 of -1},g=HttpGenerator@19a66a8e{s=START}]=>HttpChannelOverHttp@6d4672f3{s=HttpChannelState@2844e13f{s=HANDLING rs=BLOCKING os=OPEN is=IDLE awp=false se=false i=true al=0},r=1,c=false/false,a=HANDLING,uri=//localhost:8888/account/transfer,age=151} parse HeapByteBuffer@4f69dca9[p=243,l=382,c=8192,r=139]={POST /acc...ate\r\n\r\n<<<80\r\n{"requestId":"e0b221d...736,"amount":10}\r\n0\r\n\r\n>>>\x00\x00\x00\x00\x00\x00\x00\x00\x00...\x00\x00\x00\x00\x00\x00\x00} {}
08:52:20.361 [qtp788185863-37] DEBUG org.eclipse.jetty.http.HttpParser - parseNext s=CHUNKED_CONTENT HeapByteBuffer@4f69dca9[p=243,l=382,c=8192,r=139]={POST /acc...ate\r\n\r\n<<<80\r\n{"requestId":"e0b221d...736,"amount":10}\r\n0\r\n\r\n>>>\x00\x00\x00\x00\x00\x00\x00\x00\x00...\x00\x00\x00\x00\x00\x00\x00}
08:52:20.361 [qtp788185863-37] DEBUG org.eclipse.jetty.http.HttpParser - CHUNKED_CONTENT --> CHUNK_SIZE
08:52:20.361 [qtp788185863-37] DEBUG org.eclipse.jetty.http.HttpParser - CHUNK_SIZE --> CHUNK
08:52:20.361 [qtp788185863-37] DEBUG org.eclipse.jetty.server.HttpChannel - onContent HttpChannelOverHttp@6d4672f3{s=HttpChannelState@2844e13f{s=HANDLING rs=BLOCKING os=OPEN is=IDLE awp=false se=false i=true al=0},r=1,c=false/false,a=HANDLING,uri=//localhost:8888/account/transfer,age=151} Content@5e5edfa6{HeapByteBufferR@277d8750[p=247,l=375,c=8192,r=128]={POST /acc...\n\r\n80\r\n<<<{"requestId":"e0b221d6-4e...4230814736,"amount":10}>>>\r\n0\r\n\r\n\x00\x00...\x00\x00\x00\x00\x00\x00\x00}}
08:52:20.361 [qtp788185863-37] DEBUG org.eclipse.jetty.server.HttpInput - HttpInputOverHTTP@684b245c[c=0,q=0,[0]=null,s=STREAM] addContent Content@5e5edfa6{HeapByteBufferR@277d8750[p=247,l=375,c=8192,r=128]={POST /acc...\n\r\n80\r\n<<<{"requestId":"e0b221d6-4e...4230814736,"amount":10}>>>\r\n0\r\n\r\n\x00\x00...\x00\x00\x00\x00\x00\x00\x00}}
08:52:20.361 [qtp788185863-37] DEBUG org.eclipse.jetty.http.HttpParser - CHUNK --> CHUNKED_CONTENT
08:52:20.362 [qtp788185863-37] DEBUG org.eclipse.jetty.http.HttpParser - CHUNKED_CONTENT --> CHUNK_SIZE
08:52:20.362 [qtp788185863-37] DEBUG org.eclipse.jetty.http.HttpParser - CHUNK_SIZE --> TRAILER
08:52:20.362 [qtp788185863-37] DEBUG org.eclipse.jetty.server.HttpChannel - onContentComplete HttpChannelOverHttp@6d4672f3{s=HttpChannelState@2844e13f{s=HANDLING rs=BLOCKING os=OPEN is=IDLE awp=false se=false i=true al=0},r=1,c=false/false,a=HANDLING,uri=//localhost:8888/account/transfer,age=152}
08:52:20.362 [qtp788185863-37] DEBUG org.eclipse.jetty.http.HttpParser - TRAILER --> END
08:52:20.362 [qtp788185863-37] DEBUG org.eclipse.jetty.server.HttpChannel - onRequestComplete HttpChannelOverHttp@6d4672f3{s=HttpChannelState@2844e13f{s=HANDLING rs=BLOCKING os=OPEN is=IDLE awp=false se=false i=true al=0},r=1,c=false/false,a=HANDLING,uri=//localhost:8888/account/transfer,age=152}
08:52:20.362 [qtp788185863-37] DEBUG org.eclipse.jetty.server.HttpInput - HttpInputOverHTTP@684b245c[c=0,q=1,[0]=EOF,s=STREAM] addContent EOF
08:52:20.362 [qtp788185863-37] DEBUG o.e.jetty.server.HttpConnection - HttpConnection@3fa187b5::SocketChannelEndPoint@67be1983{/127.0.0.1:57989<->/127.0.0.1:8888,OPEN,fill=-,flush=-,to=152/30000}{io=0/0,kio=0,kro=1}->HttpConnection@3fa187b5[p=HttpParser{s=END,0 of -1},g=HttpGenerator@19a66a8e{s=START}]=>HttpChannelOverHttp@6d4672f3{s=HttpChannelState@2844e13f{s=HANDLING rs=BLOCKING os=OPEN is=IDLE awp=false se=false i=true al=0},r=1,c=false/false,a=HANDLING,uri=//localhost:8888/account/transfer,age=152} parsed false HttpParser{s=END,0 of -1}
08:52:20.362 [qtp788185863-37] DEBUG org.eclipse.jetty.server.HttpInput - HttpInputOverHTTP@684b245c[c=128,q=1,[0]=EOF,s=STREAM] read 128 from Content@5e5edfa6{HeapByteBufferR@277d8750[p=375,l=375,c=8192,r=0]={POST /acc...nt":10}<<<>>>\r\n0\r\n\r\n\x00\x00...\x00\x00\x00\x00\x00\x00\x00}}
08:52:20.362 [qtp788185863-37] DEBUG o.e.jetty.server.HttpConnection - releaseRequestBuffer HttpConnection@3fa187b5::SocketChannelEndPoint@67be1983{/127.0.0.1:57989<->/127.0.0.1:8888,OPEN,fill=-,flush=-,to=153/30000}{io=0/0,kio=0,kro=1}->HttpConnection@3fa187b5[p=HttpParser{s=END,0 of -1},g=HttpGenerator@19a66a8e{s=START}]=>HttpChannelOverHttp@6d4672f3{s=HttpChannelState@2844e13f{s=HANDLING rs=BLOCKING os=OPEN is=IDLE awp=false se=false i=true al=0},r=1,c=false/false,a=HANDLING,uri=//localhost:8888/account/transfer,age=152}
08:52:20.379 [qtp788185863-37] DEBUG org.hibernate.SQL - select transactio0_.id as id1_1_0_, transactio0_.completed as complete2_1_0_ from PUBLIC.Transaction transactio0_ where transactio0_.id=?
Hibernate: select transactio0_.id as id1_1_0_, transactio0_.completed as complete2_1_0_ from PUBLIC.Transaction transactio0_ where transactio0_.id=?
08:52:20.379 [qtp788185863-37] DEBUG o.h.l.e.p.AbstractLoadPlanBasedEntityLoader - Done entity load : com.revolut.money.domain.transaction.Transaction#e0b221d6-4e91-479f-bf91-2289d3bd0c8d
08:52:20.379 [qtp788185863-37] DEBUG o.h.r.j.i.LogicalConnectionManagedImpl - Initiating JDBC connection release from afterTransaction
08:52:20.387 [qtp788185863-37] DEBUG org.eclipse.jetty.server.HttpChannel - sendResponse info=null content=HeapByteBuffer@49f6f4f8[p=0,l=107,c=8192,r=107]={<<<{"details":"Transaction i...g.","successful":false}>>>\x00\x00\x00\x00\x00\x00\x00\x00\x00...\x00\x00\x00\x00\x00\x00\x00} complete=true committing=true callback=Blocker@2f3ac2{null}
08:52:20.387 [qtp788185863-37] DEBUG org.eclipse.jetty.server.HttpChannel - COMMIT for /account/transfer on HttpChannelOverHttp@6d4672f3{s=HttpChannelState@2844e13f{s=HANDLING rs=BLOCKING os=COMMITTED is=IDLE awp=false se=false i=true al=0},r=1,c=false/false,a=HANDLING,uri=//localhost:8888/account/transfer,age=177}
200 OK HTTP/1.1
Date: Thu, 26 Dec 2019 07:52:20 GMT
Content-Length: 107
Content-Type: application/json


08:52:20.387 [qtp788185863-37] DEBUG o.e.jetty.server.HttpConnection - generate: NEED_HEADER for org.eclipse.jetty.server.HttpConnection$SendCallback@5495f29c[PROCESSING][i=HTTP/1.1{s=200,h=3,cl=107},cb=org.eclipse.jetty.server.HttpChannel$SendCallback@3417bd15] (null,[p=0,l=107,c=8192,r=107],true)@START
08:52:20.387 [qtp788185863-37] DEBUG org.eclipse.jetty.http.HttpGenerator - generateHeaders HTTP/1.1{s=200,h=3,cl=107} last=true content=HeapByteBuffer@49f6f4f8[p=0,l=107,c=8192,r=107]={<<<{"details":"Transaction i...g.","successful":false}>>>\x00\x00\x00\x00\x00\x00\x00\x00\x00...\x00\x00\x00\x00\x00\x00\x00}
08:52:20.387 [qtp788185863-37] DEBUG org.eclipse.jetty.http.HttpGenerator - Date: Thu, 26 Dec 2019 07:52:20 GMT
Content-Length: 107
Content-Type: application/json


08:52:20.387 [qtp788185863-37] DEBUG org.eclipse.jetty.http.HttpGenerator - CONTENT_LENGTH
08:52:20.387 [qtp788185863-37] DEBUG o.e.jetty.server.HttpConnection - generate: FLUSH for org.eclipse.jetty.server.HttpConnection$SendCallback@5495f29c[PROCESSING][i=HTTP/1.1{s=200,h=3,cl=107},cb=org.eclipse.jetty.server.HttpChannel$SendCallback@3417bd15] ([p=0,l=142,c=8192,r=142],[p=0,l=107,c=8192,r=107],true)@COMPLETING
08:52:20.387 [qtp788185863-37] DEBUG org.eclipse.jetty.io.WriteFlusher - write: WriteFlusher@4a38ce5b{IDLE}->null [HeapByteBuffer@4f69dca9[p=0,l=142,c=8192,r=142]={<<<HTTP/1.1 200 OK\r\nDate: Th...y(9.4.25.v20191220)\r\n\r\n>>> Keep-Ali...\x00\x00\x00\x00\x00\x00\x00},HeapByteBuffer@49f6f4f8[p=0,l=107,c=8192,r=107]={<<<{"details":"Transaction i...g.","successful":false}>>>\x00\x00\x00\x00\x00\x00\x00\x00\x00...\x00\x00\x00\x00\x00\x00\x00}]
08:52:20.387 [qtp788185863-37] DEBUG org.eclipse.jetty.io.WriteFlusher - update WriteFlusher@4a38ce5b{WRITING}->null:IDLE-->WRITING
08:52:20.387 [Test worker] DEBUG org.apache.http.wire - http-outgoing-1 << "HTTP/1.1 200 OK[\r][\n]"
08:52:20.387 [Test worker] DEBUG org.apache.http.wire - http-outgoing-1 << "Date: Thu, 26 Dec 2019 07:52:20 GMT[\r][\n]"
08:52:20.387 [Test worker] DEBUG org.apache.http.wire - http-outgoing-1 << "Content-Type: application/json[\r][\n]"
08:52:20.387 [Test worker] DEBUG org.apache.http.wire - http-outgoing-1 << "Content-Length: 107[\r][\n]"
08:52:20.387 [Test worker] DEBUG org.apache.http.wire - http-outgoing-1 << "Server: Jetty(9.4.25.v20191220)[\r][\n]"
08:52:20.387 [Test worker] DEBUG org.apache.http.wire - http-outgoing-1 << "[\r][\n]"
08:52:20.387 [Test worker] DEBUG org.apache.http.wire - http-outgoing-1 << "{"details":"Transaction is not present. Please create transaction before transferring.","successful":false}"
08:52:20.387 [qtp788185863-37] DEBUG org.eclipse.jetty.io.ChannelEndPoint - flushed 249 SocketChannelEndPoint@67be1983{/127.0.0.1:57989<->/127.0.0.1:8888,OPEN,fill=-,flush=W,to=178/30000}{io=0/0,kio=0,kro=1}->HttpConnection@3fa187b5[p=HttpParser{s=END,0 of -1},g=HttpGenerator@19a66a8e{s=COMPLETING}]=>HttpChannelOverHttp@6d4672f3{s=HttpChannelState@2844e13f{s=HANDLING rs=BLOCKING os=COMMITTED is=IDLE awp=false se=false i=true al=0},r=1,c=false/false,a=HANDLING,uri=//localhost:8888/account/transfer,age=177}
08:52:20.387 [qtp788185863-37] DEBUG org.eclipse.jetty.io.WriteFlusher - Flushed=true written=249 remaining=0 WriteFlusher@4a38ce5b{WRITING}->null
08:52:20.387 [Test worker] DEBUG org.apache.http.headers - http-outgoing-1 << HTTP/1.1 200 OK
08:52:20.387 [qtp788185863-37] DEBUG org.eclipse.jetty.io.WriteFlusher - update WriteFlusher@4a38ce5b{IDLE}->null:WRITING-->IDLE
08:52:20.387 [Test worker] DEBUG org.apache.http.headers - http-outgoing-1 << Date: Thu, 26 Dec 2019 07:52:20 GMT
08:52:20.387 [Test worker] DEBUG org.apache.http.headers - http-outgoing-1 << Content-Type: application/json
08:52:20.387 [qtp788185863-37] DEBUG o.e.jetty.server.HttpConnection - generate: DONE for org.eclipse.jetty.server.HttpConnection$SendCallback@5495f29c[PROCESSING][i=HTTP/1.1{s=200,h=3,cl=107},cb=org.eclipse.jetty.server.HttpChannel$SendCallback@3417bd15] ([p=142,l=142,c=8192,r=0],[p=107,l=107,c=8192,r=0],true)@END
08:52:20.387 [Test worker] DEBUG org.apache.http.headers - http-outgoing-1 << Content-Length: 107
08:52:20.387 [Test worker] DEBUG org.apache.http.headers - http-outgoing-1 << Server: Jetty(9.4.25.v20191220)
08:52:20.388 [qtp788185863-37] DEBUG org.eclipse.jetty.server.HttpOutput - onWriteComplete(true,null) s=CLOSING,api=BLOCKED,sc=false,e=null->s=CLOSED,api=BLOCKING,sc=false,e=null c=null cb=null w=false
08:52:20.388 [Test worker] DEBUG o.a.h.impl.execchain.MainClientExec - Connection can be kept alive indefinitely
08:52:20.388 [qtp788185863-37] DEBUG org.eclipse.jetty.server.session - Leaving scope org.eclipse.jetty.server.session.SessionHandler1077961145==dftMaxIdleSec=-1 dispatch=REQUEST, async=false, session=null, oldsession=null, oldsessionhandler=null
08:52:20.388 [Test worker] DEBUG o.a.h.i.c.PoolingHttpClientConnectionManager - Connection [id: 1][route: {}->http://localhost:8888] can be kept alive indefinitely
08:52:20.388 [Test worker] DEBUG o.a.h.i.c.DefaultManagedHttpClientConnection - http-outgoing-1: set socket timeout to 0
08:52:20.388 [qtp788185863-37] DEBUG org.eclipse.jetty.server.Server - handled=true async=false committed=true on HttpChannelOverHttp@6d4672f3{s=HttpChannelState@2844e13f{s=HANDLING rs=BLOCKING os=COMPLETED is=IDLE awp=false se=false i=true al=0},r=1,c=false/true,a=HANDLING,uri=//localhost:8888/account/transfer,age=178}
08:52:20.388 [Test worker] DEBUG o.a.h.i.c.PoolingHttpClientConnectionManager - Connection released: [id: 1][route: {}->http://localhost:8888][total kept alive: 1; route allocated: 1 of 2; total allocated: 1 of 20]
08:52:20.388 [qtp788185863-37] DEBUG o.e.jetty.server.HttpChannelState - unhandle HttpChannelState@2844e13f{s=HANDLING rs=BLOCKING os=COMPLETED is=IDLE awp=false se=false i=true al=0}
08:52:20.388 [qtp788185863-37] DEBUG o.e.jetty.server.HttpChannelState - nextAction(false) COMPLETE HttpChannelState@2844e13f{s=HANDLING rs=COMPLETING os=COMPLETED is=IDLE awp=false se=false i=false al=0}
08:52:20.388 [qtp788185863-37] DEBUG org.eclipse.jetty.server.HttpChannel - action COMPLETE HttpChannelOverHttp@6d4672f3{s=HttpChannelState@2844e13f{s=HANDLING rs=COMPLETING os=COMPLETED is=IDLE awp=false se=false i=false al=0},r=1,c=false/true,a=HANDLING,uri=//localhost:8888/account/transfer,age=178}
08:52:20.388 [qtp788185863-37] DEBUG org.eclipse.jetty.server.HttpOutput - complete(org.eclipse.jetty.util.Callback$4@33b804f4) s=CLOSED,api=BLOCKING,sc=false,e=null s=true e=null, c=null
08:52:20.388 [qtp788185863-37] DEBUG o.e.jetty.server.HttpChannelState - completed HttpChannelState@2844e13f{s=HANDLING rs=COMPLETING os=COMPLETED is=IDLE awp=false se=false i=false al=0}
08:52:20.388 [qtp788185863-37] DEBUG o.e.jetty.server.HttpChannelState - unhandle HttpChannelState@2844e13f{s=HANDLING rs=COMPLETED os=COMPLETED is=IDLE awp=false se=false i=false al=0}
08:52:20.388 [qtp788185863-37] DEBUG o.e.jetty.server.HttpChannelState - nextAction(false) TERMINATED HttpChannelState@2844e13f{s=IDLE rs=COMPLETED os=COMPLETED is=IDLE awp=false se=false i=false al=0}
08:52:20.388 [qtp788185863-37] DEBUG org.eclipse.jetty.server.HttpChannel - action TERMINATED HttpChannelOverHttp@6d4672f3{s=HttpChannelState@2844e13f{s=IDLE rs=COMPLETED os=COMPLETED is=IDLE awp=false se=false i=false al=0},r=1,c=true/true,a=IDLE,uri=//localhost:8888/account/transfer,age=178}
08:52:20.388 [qtp788185863-37] DEBUG org.eclipse.jetty.server.HttpChannel - onCompleted for /account/transfer written=107
08:52:20.388 [qtp788185863-37] DEBUG o.e.jetty.server.HttpChannelState - recycle HttpChannelState@2844e13f{s=IDLE rs=COMPLETED os=COMPLETED is=IDLE awp=false se=false i=false al=0}
08:52:20.388 [qtp788185863-37] DEBUG org.eclipse.jetty.http.HttpParser - reset HttpParser{s=END,0 of -1}
08:52:20.388 [qtp788185863-37] DEBUG org.eclipse.jetty.http.HttpParser - END --> START
08:52:20.388 [qtp788185863-37] DEBUG org.eclipse.jetty.server.HttpChannel - !handle TERMINATED HttpChannelOverHttp@6d4672f3{s=HttpChannelState@2844e13f{s=IDLE rs=BLOCKING os=OPEN is=IDLE awp=false se=false i=true al=0},r=1,c=false/false,a=IDLE,uri=null,age=0}
08:52:20.389 [qtp788185863-37] DEBUG org.eclipse.jetty.io.ChannelEndPoint - filled 0 HeapByteBuffer@4f69dca9[p=0,l=0,c=8192,r=0]={<<<>>>HTTP/1.1 ...\x00\x00\x00\x00\x00\x00\x00}
08:52:20.389 [qtp788185863-37] DEBUG org.eclipse.jetty.io.ChannelEndPoint - filled 0 HeapByteBuffer@4f69dca9[p=0,l=0,c=8192,r=0]={<<<>>>HTTP/1.1 ...\x00\x00\x00\x00\x00\x00\x00}
08:52:20.389 [qtp788185863-37] DEBUG o.e.jetty.server.HttpConnection - HttpConnection@3fa187b5::SocketChannelEndPoint@67be1983{/127.0.0.1:57989<->/127.0.0.1:8888,OPEN,fill=-,flush=-,to=1/30000}{io=0/0,kio=0,kro=1}->HttpConnection@3fa187b5[p=HttpParser{s=START,0 of -1},g=HttpGenerator@19a66a8e{s=START}]=>HttpChannelOverHttp@6d4672f3{s=HttpChannelState@2844e13f{s=IDLE rs=BLOCKING os=OPEN is=IDLE awp=false se=false i=true al=0},r=1,c=false/false,a=IDLE,uri=null,age=0} filled 0 HeapByteBuffer@4f69dca9[p=0,l=0,c=8192,r=0]={<<<>>>HTTP/1.1 ...\x00\x00\x00\x00\x00\x00\x00}
08:52:20.389 [qtp788185863-37] DEBUG o.e.jetty.server.HttpConnection - HttpConnection@3fa187b5::SocketChannelEndPoint@67be1983{/127.0.0.1:57989<->/127.0.0.1:8888,OPEN,fill=-,flush=-,to=1/30000}{io=0/0,kio=0,kro=1}->HttpConnection@3fa187b5[p=HttpParser{s=START,0 of -1},g=HttpGenerator@19a66a8e{s=START}]=>HttpChannelOverHttp@6d4672f3{s=HttpChannelState@2844e13f{s=IDLE rs=BLOCKING os=OPEN is=IDLE awp=false se=false i=true al=0},r=1,c=false/false,a=IDLE,uri=null,age=0} parse HeapByteBuffer@4f69dca9[p=0,l=0,c=8192,r=0]={<<<>>>HTTP/1.1 ...\x00\x00\x00\x00\x00\x00\x00} {}
08:52:20.389 [qtp788185863-37] DEBUG org.eclipse.jetty.http.HttpParser - parseNext s=START HeapByteBuffer@4f69dca9[p=0,l=0,c=8192,r=0]={<<<>>>HTTP/1.1 ...\x00\x00\x00\x00\x00\x00\x00}
08:52:20.389 [qtp788185863-37] DEBUG o.e.jetty.server.HttpConnection - HttpConnection@3fa187b5::SocketChannelEndPoint@67be1983{/127.0.0.1:57989<->/127.0.0.1:8888,OPEN,fill=-,flush=-,to=1/30000}{io=0/0,kio=0,kro=1}->HttpConnection@3fa187b5[p=HttpParser{s=START,0 of -1},g=HttpGenerator@19a66a8e{s=START}]=>HttpChannelOverHttp@6d4672f3{s=HttpChannelState@2844e13f{s=IDLE rs=BLOCKING os=OPEN is=IDLE awp=false se=false i=true al=0},r=1,c=false/false,a=IDLE,uri=null,age=0} parsed false HttpParser{s=START,0 of -1}
08:52:20.389 [qtp788185863-37] DEBUG o.e.jetty.server.HttpConnection - releaseRequestBuffer HttpConnection@3fa187b5::SocketChannelEndPoint@67be1983{/127.0.0.1:57989<->/127.0.0.1:8888,OPEN,fill=-,flush=-,to=1/30000}{io=0/0,kio=0,kro=1}->HttpConnection@3fa187b5[p=HttpParser{s=START,0 of -1},g=HttpGenerator@19a66a8e{s=START}]=>HttpChannelOverHttp@6d4672f3{s=HttpChannelState@2844e13f{s=IDLE rs=BLOCKING os=OPEN is=IDLE awp=false se=false i=true al=0},r=1,c=false/false,a=IDLE,uri=null,age=0}
08:52:20.389 [qtp788185863-37] DEBUG o.e.jetty.io.AbstractConnection - fillInterested HttpConnection@3fa187b5::SocketChannelEndPoint@67be1983{/127.0.0.1:57989<->/127.0.0.1:8888,OPEN,fill=-,flush=-,to=2/30000}{io=0/0,kio=0,kro=1}->HttpConnection@3fa187b5[p=HttpParser{s=START,0 of -1},g=HttpGenerator@19a66a8e{s=START}]=>HttpChannelOverHttp@6d4672f3{s=HttpChannelState@2844e13f{s=IDLE rs=BLOCKING os=OPEN is=IDLE awp=false se=false i=true al=0},r=1,c=false/false,a=IDLE,uri=null,age=0}
08:52:20.390 [qtp788185863-37] DEBUG org.eclipse.jetty.io.FillInterest - interested FillInterest@47a952a3{AC.ReadCB@3fa187b5{HttpConnection@3fa187b5::SocketChannelEndPoint@67be1983{/127.0.0.1:57989<->/127.0.0.1:8888,OPEN,fill=FI,flush=-,to=0/30000}{io=0/0,kio=0,kro=1}->HttpConnection@3fa187b5[p=HttpParser{s=START,0 of -1},g=HttpGenerator@19a66a8e{s=START}]=>HttpChannelOverHttp@6d4672f3{s=HttpChannelState@2844e13f{s=IDLE rs=BLOCKING os=OPEN is=IDLE awp=false se=false i=true al=0},r=1,c=false/false,a=IDLE,uri=null,age=0}}}
08:52:20.390 [qtp788185863-37] DEBUG org.eclipse.jetty.io.ChannelEndPoint - changeInterests p=false 0->1 for SocketChannelEndPoint@67be1983{/127.0.0.1:57989<->/127.0.0.1:8888,OPEN,fill=FI,flush=-,to=0/30000}{io=0/1,kio=0,kro=1}->HttpConnection@3fa187b5[p=HttpParser{s=START,0 of -1},g=HttpGenerator@19a66a8e{s=START}]=>HttpChannelOverHttp@6d4672f3{s=HttpChannelState@2844e13f{s=IDLE rs=BLOCKING os=OPEN is=IDLE awp=false se=false i=true al=0},r=1,c=false/false,a=IDLE,uri=null,age=0}
08:52:20.390 [qtp788185863-37] DEBUG org.eclipse.jetty.io.ManagedSelector - Queued change org.eclipse.jetty.io.ChannelEndPoint$1@486b1e70 on ManagedSelector@5d35cbc0{STARTED} id=1 keys=1 selected=0 updates=0
08:52:20.390 [qtp788185863-37] DEBUG org.eclipse.jetty.io.ManagedSelector - Wakeup on submit ManagedSelector@5d35cbc0{STARTED} id=1 keys=1 selected=0 updates=1
08:52:20.390 [qtp788185863-31] DEBUG org.eclipse.jetty.io.ManagedSelector - Selector sun.nio.ch.WindowsSelectorImpl@cda3e14 woken with none selected
08:52:20.390 [qtp788185863-31] DEBUG org.eclipse.jetty.io.ManagedSelector - Selector sun.nio.ch.WindowsSelectorImpl@cda3e14 woken up from select, 0/0/1 selected
08:52:20.390 [qtp788185863-31] DEBUG org.eclipse.jetty.io.ManagedSelector - Selector sun.nio.ch.WindowsSelectorImpl@cda3e14 processing 0 keys, 1 updates
08:52:20.390 [qtp788185863-31] DEBUG org.eclipse.jetty.io.ManagedSelector - updateable 1
08:52:20.390 [qtp788185863-37] DEBUG o.e.jetty.server.HttpConnection - HttpConnection@3fa187b5::SocketChannelEndPoint@67be1983{/127.0.0.1:57989<->/127.0.0.1:8888,OPEN,fill=FI,flush=-,to=0/30000}{io=0/1,kio=0,kro=1}->HttpConnection@3fa187b5[p=HttpParser{s=START,0 of -1},g=HttpGenerator@19a66a8e{s=START}]=>HttpChannelOverHttp@6d4672f3{s=HttpChannelState@2844e13f{s=IDLE rs=BLOCKING os=OPEN is=IDLE awp=false se=false i=true al=0},r=1,c=false/false,a=IDLE,uri=null,age=0} onFillable exit HttpChannelState@2844e13f{s=IDLE rs=BLOCKING os=OPEN is=IDLE awp=false se=false i=true al=0} null
08:52:20.390 [qtp788185863-31] DEBUG org.eclipse.jetty.io.ManagedSelector - update org.eclipse.jetty.io.ChannelEndPoint$1@486b1e70
08:52:20.390 [qtp788185863-31] DEBUG org.eclipse.jetty.io.ChannelEndPoint - Key interests updated 0 -> 1 on SocketChannelEndPoint@67be1983{/127.0.0.1:57989<->/127.0.0.1:8888,OPEN,fill=FI,flush=-,to=0/30000}{io=1/1,kio=1,kro=1}->HttpConnection@3fa187b5[p=HttpParser{s=START,0 of -1},g=HttpGenerator@19a66a8e{s=START}]=>HttpChannelOverHttp@6d4672f3{s=HttpChannelState@2844e13f{s=IDLE rs=BLOCKING os=OPEN is=IDLE awp=false se=false i=true al=0},r=1,c=false/false,a=IDLE,uri=null,age=0}
08:52:20.390 [qtp788185863-37] DEBUG o.e.j.util.thread.QueuedThreadPool - ran CEP:SocketChannelEndPoint@67be1983{/127.0.0.1:57989<->/127.0.0.1:8888,OPEN,fill=FI,flush=-,to=0/30000}{io=1/1,kio=1,kro=1}->HttpConnection@3fa187b5[p=HttpParser{s=START,0 of -1},g=HttpGenerator@19a66a8e{s=START}]=>HttpChannelOverHttp@6d4672f3{s=HttpChannelState@2844e13f{s=IDLE rs=BLOCKING os=OPEN is=IDLE awp=false se=false i=true al=0},r=1,c=false/false,a=IDLE,uri=null,age=0}:runFillable:BLOCKING in QueuedThreadPool[qtp788185863]@2efac307{STARTED,8<=8<=200,i=1,r=8,q=0}[ReservedThreadExecutor@324b704d{s=1/8,p=0}]
08:52:20.390 [qtp788185863-31] DEBUG org.eclipse.jetty.io.ManagedSelector - updates 0
08:52:20.390 [qtp788185863-31] DEBUG org.eclipse.jetty.io.ManagedSelector - Selector sun.nio.ch.WindowsSelectorImpl@cda3e14 waiting with 1 keys
08:52:20.391 [Test worker] DEBUG o.e.j.u.component.AbstractLifeCycle - stopping Server@203d28a8{STARTED}[9.4.25.v20191220]
08:52:20.391 [Test worker] DEBUG org.eclipse.jetty.server.Server - doStop Server@203d28a8{STOPPING}[9.4.25.v20191220]
08:52:20.391 [Test worker] DEBUG o.e.j.s.h.AbstractHandlerContainer - Graceful shutdown Server@203d28a8{STOPPING}[9.4.25.v20191220] by 
08:52:20.392 [Test worker] DEBUG o.e.j.u.component.AbstractLifeCycle - stopping ServerConnector@199a374f{HTTP/1.1,[http/1.1]}{0.0.0.0:8888}
08:52:20.392 [qtp788185863-35] DEBUG o.e.j.util.thread.QueuedThreadPool - ran qtp788185863-35-acceptor-0@fdc49d-ServerConnector@199a374f{HTTP/1.1,[http/1.1]}{0.0.0.0:8888} in QueuedThreadPool[qtp788185863]@2efac307{STARTED,8<=8<=200,i=2,r=8,q=0}[ReservedThreadExecutor@324b704d{s=1/8,p=0}]
08:52:20.392 [Test worker] DEBUG o.e.j.u.component.AbstractLifeCycle - stopping SelectorManager@ServerConnector@199a374f{HTTP/1.1,[http/1.1]}{0.0.0.0:8888}
08:52:20.392 [Test worker] DEBUG o.e.j.u.component.AbstractLifeCycle - stopping ManagedSelector@519ea08f{STARTED} id=3 keys=0 selected=0 updates=0
08:52:20.392 [Test worker] DEBUG org.eclipse.jetty.io.ManagedSelector - Queued change org.eclipse.jetty.io.ManagedSelector$CloseConnections@722bfcf4 on ManagedSelector@519ea08f{STOPPING} id=3 keys=0 selected=0 updates=0
08:52:20.392 [Test worker] DEBUG org.eclipse.jetty.io.ManagedSelector - Wakeup on submit ManagedSelector@519ea08f{STOPPING} id=3 keys=0 selected=0 updates=1
08:52:20.392 [qtp788185863-33] DEBUG org.eclipse.jetty.io.ManagedSelector - Selector sun.nio.ch.WindowsSelectorImpl@7def3090 woken with none selected
08:52:20.392 [qtp788185863-33] DEBUG org.eclipse.jetty.io.ManagedSelector - Selector sun.nio.ch.WindowsSelectorImpl@7def3090 woken up from select, 0/0/0 selected
08:52:20.392 [qtp788185863-33] DEBUG org.eclipse.jetty.io.ManagedSelector - Selector sun.nio.ch.WindowsSelectorImpl@7def3090 processing 0 keys, 1 updates
08:52:20.392 [qtp788185863-33] DEBUG org.eclipse.jetty.io.ManagedSelector - updateable 1
08:52:20.392 [qtp788185863-33] DEBUG org.eclipse.jetty.io.ManagedSelector - update org.eclipse.jetty.io.ManagedSelector$CloseConnections@722bfcf4
08:52:20.392 [qtp788185863-33] DEBUG org.eclipse.jetty.io.ManagedSelector - Closing 0 connections on ManagedSelector@519ea08f{STOPPING} id=3 keys=0 selected=0 updates=0
08:52:20.392 [qtp788185863-33] DEBUG org.eclipse.jetty.io.ManagedSelector - updates 0
08:52:20.392 [qtp788185863-33] DEBUG org.eclipse.jetty.io.ManagedSelector - Selector sun.nio.ch.WindowsSelectorImpl@7def3090 waiting with 0 keys
08:52:20.393 [Test worker] DEBUG org.eclipse.jetty.io.ManagedSelector - Queued change org.eclipse.jetty.io.ManagedSelector$StopSelector@6169ffa5 on ManagedSelector@519ea08f{STOPPING} id=3 keys=0 selected=0 updates=0
08:52:20.393 [Test worker] DEBUG org.eclipse.jetty.io.ManagedSelector - Wakeup on submit ManagedSelector@519ea08f{STOPPING} id=3 keys=0 selected=0 updates=1
08:52:20.393 [qtp788185863-33] DEBUG org.eclipse.jetty.io.ManagedSelector - Selector sun.nio.ch.WindowsSelectorImpl@7def3090 woken with none selected
08:52:20.393 [qtp788185863-33] DEBUG org.eclipse.jetty.io.ManagedSelector - Selector sun.nio.ch.WindowsSelectorImpl@7def3090 woken up from select, 0/0/0 selected
08:52:20.393 [qtp788185863-33] DEBUG org.eclipse.jetty.io.ManagedSelector - Selector sun.nio.ch.WindowsSelectorImpl@7def3090 processing 0 keys, 1 updates
08:52:20.393 [qtp788185863-33] DEBUG org.eclipse.jetty.io.ManagedSelector - updateable 1
08:52:20.393 [qtp788185863-33] DEBUG org.eclipse.jetty.io.ManagedSelector - update org.eclipse.jetty.io.ManagedSelector$StopSelector@6169ffa5
08:52:20.393 [qtp788185863-33] DEBUG org.eclipse.jetty.io.ManagedSelector - updates 0
08:52:20.394 [Test worker] DEBUG o.e.j.u.component.AbstractLifeCycle - stopping EatWhatYouKill@4a16999e/SelectorProducer@792b5057/PRODUCING/p=false/QueuedThreadPool[qtp788185863]@2efac307{STARTED,8<=8<=200,i=3,r=8,q=0}[ReservedThreadExecutor@324b704d{s=1/8,p=0}][pc=0,pic=0,pec=0,epc=0]@2019-12-26T08:52:20.393+01:00
08:52:20.394 [qtp788185863-33] DEBUG o.e.j.util.thread.QueuedThreadPool - ran org.eclipse.jetty.io.ManagedSelector$$Lambda$217/1330559266@660e96cb in QueuedThreadPool[qtp788185863]@2efac307{STARTED,8<=8<=200,i=3,r=8,q=0}[ReservedThreadExecutor@324b704d{s=1/8,p=0}]
08:52:20.394 [Test worker] DEBUG o.e.j.u.component.AbstractLifeCycle - STOPPED EatWhatYouKill@4a16999e/SelectorProducer@792b5057/IDLE/p=false/QueuedThreadPool[qtp788185863]@2efac307{STARTED,8<=8<=200,i=4,r=8,q=0}[ReservedThreadExecutor@324b704d{s=1/8,p=0}][pc=0,pic=0,pec=0,epc=0]@2019-12-26T08:52:20.394+01:00
08:52:20.394 [Test worker] DEBUG o.e.j.u.component.AbstractLifeCycle - STOPPED ManagedSelector@519ea08f{STOPPED} id=3 keys=-1 selected=-1 updates=0
08:52:20.394 [Test worker] DEBUG o.e.j.u.component.AbstractLifeCycle - stopping ManagedSelector@398e3ea4{STARTED} id=2 keys=0 selected=0 updates=0
08:52:20.394 [Test worker] DEBUG org.eclipse.jetty.io.ManagedSelector - Queued change org.eclipse.jetty.io.ManagedSelector$CloseConnections@1e83932a on ManagedSelector@398e3ea4{STOPPING} id=2 keys=0 selected=0 updates=0
08:52:20.394 [Test worker] DEBUG org.eclipse.jetty.io.ManagedSelector - Wakeup on submit ManagedSelector@398e3ea4{STOPPING} id=2 keys=0 selected=0 updates=1
08:52:20.394 [qtp788185863-32] DEBUG org.eclipse.jetty.io.ManagedSelector - Selector sun.nio.ch.WindowsSelectorImpl@6058b23d woken with none selected
08:52:20.394 [qtp788185863-32] DEBUG org.eclipse.jetty.io.ManagedSelector - Selector sun.nio.ch.WindowsSelectorImpl@6058b23d woken up from select, 0/0/0 selected
08:52:20.394 [qtp788185863-32] DEBUG org.eclipse.jetty.io.ManagedSelector - Selector sun.nio.ch.WindowsSelectorImpl@6058b23d processing 0 keys, 1 updates
08:52:20.394 [qtp788185863-32] DEBUG org.eclipse.jetty.io.ManagedSelector - updateable 1
08:52:20.394 [qtp788185863-32] DEBUG org.eclipse.jetty.io.ManagedSelector - update org.eclipse.jetty.io.ManagedSelector$CloseConnections@1e83932a
08:52:20.394 [qtp788185863-32] DEBUG org.eclipse.jetty.io.ManagedSelector - Closing 0 connections on ManagedSelector@398e3ea4{STOPPING} id=2 keys=0 selected=0 updates=0
08:52:20.394 [qtp788185863-32] DEBUG org.eclipse.jetty.io.ManagedSelector - updates 0
08:52:20.394 [qtp788185863-32] DEBUG org.eclipse.jetty.io.ManagedSelector - Selector sun.nio.ch.WindowsSelectorImpl@6058b23d waiting with 0 keys
08:52:20.394 [Test worker] DEBUG org.eclipse.jetty.io.ManagedSelector - Queued change org.eclipse.jetty.io.ManagedSelector$StopSelector@212a414b on ManagedSelector@398e3ea4{STOPPING} id=2 keys=0 selected=0 updates=0
08:52:20.394 [Test worker] DEBUG org.eclipse.jetty.io.ManagedSelector - Wakeup on submit ManagedSelector@398e3ea4{STOPPING} id=2 keys=0 selected=0 updates=1
08:52:20.394 [qtp788185863-32] DEBUG org.eclipse.jetty.io.ManagedSelector - Selector sun.nio.ch.WindowsSelectorImpl@6058b23d woken with none selected
08:52:20.395 [qtp788185863-32] DEBUG org.eclipse.jetty.io.ManagedSelector - Selector sun.nio.ch.WindowsSelectorImpl@6058b23d woken up from select, 0/0/0 selected
08:52:20.395 [qtp788185863-32] DEBUG org.eclipse.jetty.io.ManagedSelector - Selector sun.nio.ch.WindowsSelectorImpl@6058b23d processing 0 keys, 1 updates
08:52:20.395 [qtp788185863-32] DEBUG org.eclipse.jetty.io.ManagedSelector - updateable 1
08:52:20.395 [qtp788185863-32] DEBUG org.eclipse.jetty.io.ManagedSelector - update org.eclipse.jetty.io.ManagedSelector$StopSelector@212a414b
08:52:20.395 [qtp788185863-32] DEBUG org.eclipse.jetty.io.ManagedSelector - updates 0
08:52:20.395 [Test worker] DEBUG o.e.j.u.component.AbstractLifeCycle - stopping EatWhatYouKill@50bc7655/SelectorProducer@444d8a0f/PRODUCING/p=false/QueuedThreadPool[qtp788185863]@2efac307{STARTED,8<=8<=200,i=4,r=8,q=0}[ReservedThreadExecutor@324b704d{s=1/8,p=0}][pc=0,pic=0,pec=0,epc=0]@2019-12-26T08:52:20.395+01:00
08:52:20.395 [qtp788185863-32] DEBUG o.e.j.util.thread.QueuedThreadPool - ran org.eclipse.jetty.io.ManagedSelector$$Lambda$217/1330559266@179f4eb3 in QueuedThreadPool[qtp788185863]@2efac307{STARTED,8<=8<=200,i=4,r=8,q=0}[ReservedThreadExecutor@324b704d{s=1/8,p=0}]
08:52:20.395 [Test worker] DEBUG o.e.j.u.component.AbstractLifeCycle - STOPPED EatWhatYouKill@50bc7655/SelectorProducer@444d8a0f/IDLE/p=false/QueuedThreadPool[qtp788185863]@2efac307{STARTED,8<=8<=200,i=4,r=8,q=0}[ReservedThreadExecutor@324b704d{s=1/8,p=0}][pc=0,pic=0,pec=0,epc=0]@2019-12-26T08:52:20.395+01:00
08:52:20.395 [Test worker] DEBUG o.e.j.u.component.AbstractLifeCycle - STOPPED ManagedSelector@398e3ea4{STOPPED} id=2 keys=-1 selected=-1 updates=0
08:52:20.395 [Test worker] DEBUG o.e.j.u.component.AbstractLifeCycle - stopping ManagedSelector@5d35cbc0{STARTED} id=1 keys=1 selected=0 updates=0
08:52:20.395 [Test worker] DEBUG org.eclipse.jetty.io.ManagedSelector - Queued change org.eclipse.jetty.io.ManagedSelector$CloseConnections@c4bd5c6 on ManagedSelector@5d35cbc0{STOPPING} id=1 keys=1 selected=0 updates=0
08:52:20.395 [Test worker] DEBUG org.eclipse.jetty.io.ManagedSelector - Wakeup on submit ManagedSelector@5d35cbc0{STOPPING} id=1 keys=1 selected=0 updates=1
08:52:20.395 [qtp788185863-31] DEBUG org.eclipse.jetty.io.ManagedSelector - Selector sun.nio.ch.WindowsSelectorImpl@cda3e14 woken with none selected
08:52:20.395 [qtp788185863-31] DEBUG org.eclipse.jetty.io.ManagedSelector - Selector sun.nio.ch.WindowsSelectorImpl@cda3e14 woken up from select, 0/0/1 selected
08:52:20.395 [qtp788185863-31] DEBUG org.eclipse.jetty.io.ManagedSelector - Selector sun.nio.ch.WindowsSelectorImpl@cda3e14 processing 0 keys, 1 updates
08:52:20.396 [qtp788185863-31] DEBUG org.eclipse.jetty.io.ManagedSelector - updateable 1
08:52:20.396 [qtp788185863-31] DEBUG org.eclipse.jetty.io.ManagedSelector - update org.eclipse.jetty.io.ManagedSelector$CloseConnections@c4bd5c6
08:52:20.396 [qtp788185863-31] DEBUG org.eclipse.jetty.io.ManagedSelector - Closing 1 connections on ManagedSelector@5d35cbc0{STOPPING} id=1 keys=1 selected=0 updates=0
08:52:20.396 [qtp788185863-31] DEBUG o.eclipse.jetty.io.AbstractEndPoint - close SocketChannelEndPoint@67be1983{/127.0.0.1:57989<->/127.0.0.1:8888,OPEN,fill=FI,flush=-,to=6/30000}{io=1/1,kio=1,kro=1}->HttpConnection@3fa187b5[p=HttpParser{s=START,0 of -1},g=HttpGenerator@19a66a8e{s=START}]=>HttpChannelOverHttp@6d4672f3{s=HttpChannelState@2844e13f{s=IDLE rs=BLOCKING os=OPEN is=IDLE awp=false se=false i=true al=0},r=1,c=false/false,a=IDLE,uri=null,age=0}
08:52:20.396 [qtp788185863-31] DEBUG o.eclipse.jetty.io.AbstractEndPoint - close(null) SocketChannelEndPoint@67be1983{/127.0.0.1:57989<->/127.0.0.1:8888,OPEN,fill=FI,flush=-,to=6/30000}{io=1/1,kio=1,kro=1}->HttpConnection@3fa187b5[p=HttpParser{s=START,0 of -1},g=HttpGenerator@19a66a8e{s=START}]=>HttpChannelOverHttp@6d4672f3{s=HttpChannelState@2844e13f{s=IDLE rs=BLOCKING os=OPEN is=IDLE awp=false se=false i=true al=0},r=1,c=false/false,a=IDLE,uri=null,age=0}
08:52:20.396 [qtp788185863-31] DEBUG org.eclipse.jetty.io.ChannelEndPoint - doClose SocketChannelEndPoint@67be1983{/127.0.0.1:57989<->/127.0.0.1:8888,CLOSED,fill=FI,flush=-,to=6/30000}{io=1/1,kio=1,kro=1}->HttpConnection@3fa187b5[p=HttpParser{s=START,0 of -1},g=HttpGenerator@19a66a8e{s=START}]=>HttpChannelOverHttp@6d4672f3{s=HttpChannelState@2844e13f{s=IDLE rs=BLOCKING os=OPEN is=IDLE awp=false se=false i=true al=0},r=1,c=false/false,a=IDLE,uri=null,age=0}
08:52:20.396 [qtp788185863-31] DEBUG org.eclipse.jetty.io.FillInterest - onClose FillInterest@47a952a3{AC.ReadCB@3fa187b5{HttpConnection@3fa187b5::SocketChannelEndPoint@67be1983{/127.0.0.1:57989<->/127.0.0.1:8888,CLOSED,fill=FI,flush=-,to=6/30000}{io=1/1,kio=-1,kro=-1}->HttpConnection@3fa187b5[p=HttpParser{s=START,0 of -1},g=HttpGenerator@19a66a8e{s=START}]=>HttpChannelOverHttp@6d4672f3{s=HttpChannelState@2844e13f{s=IDLE rs=BLOCKING os=OPEN is=IDLE awp=false se=false i=true al=0},r=1,c=false/false,a=IDLE,uri=null,age=0}}}
08:52:20.396 [qtp788185863-31] DEBUG org.eclipse.jetty.http.HttpParser - close HttpParser{s=START,0 of -1}
08:52:20.396 [qtp788185863-31] DEBUG org.eclipse.jetty.http.HttpParser - START --> CLOSE
08:52:20.396 [qtp788185863-31] DEBUG o.e.jetty.io.AbstractConnection - HttpConnection@3fa187b5::SocketChannelEndPoint@67be1983{/127.0.0.1:57989<->/127.0.0.1:8888,CLOSED,fill=-,flush=-,to=6/30000}{io=1/1,kio=-1,kro=-1}->HttpConnection@3fa187b5[p=HttpParser{s=CLOSE,0 of -1},g=HttpGenerator@19a66a8e{s=START}]=>HttpChannelOverHttp@6d4672f3{s=HttpChannelState@2844e13f{s=IDLE rs=BLOCKING os=OPEN is=IDLE awp=false se=false i=true al=0},r=1,c=false/false,a=IDLE,uri=null,age=0} onFillInterestedFailed java.nio.channels.ClosedChannelException
08:52:20.396 [qtp788185863-31] DEBUG org.eclipse.jetty.io.ManagedSelector - Wakeup ManagedSelector@5d35cbc0{STOPPING} id=1 keys=1 selected=0 updates=0
08:52:20.396 [qtp788185863-31] DEBUG o.e.j.util.thread.QueuedThreadPool - queue org.eclipse.jetty.io.ManagedSelector$DestroyEndPoint@4320cbc4 startThread=0
08:52:20.396 [qtp788185863-31] DEBUG org.eclipse.jetty.io.ManagedSelector - updates 0
08:52:20.396 [qtp788185863-31] DEBUG org.eclipse.jetty.io.ManagedSelector - Selector sun.nio.ch.WindowsSelectorImpl@cda3e14 waiting with 1 keys
08:52:20.396 [Test worker] DEBUG org.eclipse.jetty.io.ManagedSelector - Queued change org.eclipse.jetty.io.ManagedSelector$StopSelector@2271873d on ManagedSelector@5d35cbc0{STOPPING} id=1 keys=1 selected=0 updates=0
08:52:20.396 [qtp788185863-34] DEBUG o.e.j.util.thread.QueuedThreadPool - run org.eclipse.jetty.io.ManagedSelector$DestroyEndPoint@4320cbc4 in QueuedThreadPool[qtp788185863]@2efac307{STARTED,8<=8<=200,i=4,r=8,q=0}[ReservedThreadExecutor@324b704d{s=1/8,p=0}]
08:52:20.396 [Test worker] DEBUG org.eclipse.jetty.io.ManagedSelector - Wakeup on submit ManagedSelector@5d35cbc0{STOPPING} id=1 keys=0 selected=0 updates=1
08:52:20.397 [qtp788185863-31] DEBUG org.eclipse.jetty.io.ManagedSelector - Selector sun.nio.ch.WindowsSelectorImpl@cda3e14 woken with none selected
08:52:20.397 [qtp788185863-34] DEBUG org.eclipse.jetty.io.ManagedSelector - Destroyed SocketChannelEndPoint@67be1983{/127.0.0.1:57989<->/127.0.0.1:8888,CLOSED,fill=-,flush=-,to=7/30000}{io=1/1,kio=-1,kro=-1}->HttpConnection@3fa187b5[p=HttpParser{s=CLOSE,0 of -1},g=HttpGenerator@19a66a8e{s=START}]=>HttpChannelOverHttp@6d4672f3{s=HttpChannelState@2844e13f{s=IDLE rs=BLOCKING os=OPEN is=IDLE awp=false se=false i=true al=0},r=1,c=false/false,a=IDLE,uri=null,age=0}
08:52:20.397 [qtp788185863-31] DEBUG org.eclipse.jetty.io.ManagedSelector - Selector sun.nio.ch.WindowsSelectorImpl@cda3e14 woken up from select, 0/0/0 selected
08:52:20.397 [qtp788185863-31] DEBUG org.eclipse.jetty.io.ManagedSelector - Selector sun.nio.ch.WindowsSelectorImpl@cda3e14 processing 0 keys, 1 updates
08:52:20.397 [qtp788185863-31] DEBUG org.eclipse.jetty.io.ManagedSelector - updateable 1
08:52:20.397 [qtp788185863-31] DEBUG org.eclipse.jetty.io.ManagedSelector - update org.eclipse.jetty.io.ManagedSelector$StopSelector@2271873d
08:52:20.397 [qtp788185863-34] DEBUG o.e.jetty.io.AbstractConnection - onClose HttpConnection@3fa187b5::SocketChannelEndPoint@67be1983{/127.0.0.1:57989<->/127.0.0.1:8888,CLOSED,fill=-,flush=-,to=7/30000}{io=1/1,kio=-1,kro=-1}->HttpConnection@3fa187b5[p=HttpParser{s=CLOSE,0 of -1},g=HttpGenerator@19a66a8e{s=START}]=>HttpChannelOverHttp@6d4672f3{s=HttpChannelState@2844e13f{s=IDLE rs=BLOCKING os=OPEN is=IDLE awp=false se=false i=true al=0},r=1,c=false/false,a=IDLE,uri=null,age=0}
08:52:20.397 [qtp788185863-34] DEBUG o.e.j.util.thread.QueuedThreadPool - ran org.eclipse.jetty.io.ManagedSelector$DestroyEndPoint@4320cbc4 in QueuedThreadPool[qtp788185863]@2efac307{STARTED,8<=8<=200,i=4,r=8,q=0}[ReservedThreadExecutor@324b704d{s=1/8,p=0}]
08:52:20.397 [qtp788185863-31] DEBUG org.eclipse.jetty.io.ManagedSelector - updates 0
08:52:20.397 [Test worker] DEBUG o.e.j.u.component.AbstractLifeCycle - stopping EatWhatYouKill@6f7f734e/SelectorProducer@25ab12b0/PRODUCING/p=false/QueuedThreadPool[qtp788185863]@2efac307{STARTED,8<=8<=200,i=5,r=8,q=0}[ReservedThreadExecutor@324b704d{s=1/8,p=0}][pc=0,pic=0,pec=1,epc=0]@2019-12-26T08:52:20.397+01:00
08:52:20.397 [qtp788185863-31] DEBUG o.e.j.util.thread.QueuedThreadPool - ran org.eclipse.jetty.io.ManagedSelector$$Lambda$217/1330559266@4403329a in QueuedThreadPool[qtp788185863]@2efac307{STARTED,8<=8<=200,i=5,r=8,q=0}[ReservedThreadExecutor@324b704d{s=1/8,p=0}]
08:52:20.397 [Test worker] DEBUG o.e.j.u.component.AbstractLifeCycle - STOPPED EatWhatYouKill@6f7f734e/SelectorProducer@25ab12b0/IDLE/p=false/QueuedThreadPool[qtp788185863]@2efac307{STARTED,8<=8<=200,i=5,r=8,q=0}[ReservedThreadExecutor@324b704d{s=1/8,p=0}][pc=0,pic=0,pec=1,epc=0]@2019-12-26T08:52:20.397+01:00
08:52:20.397 [Test worker] DEBUG o.e.j.u.component.AbstractLifeCycle - STOPPED ManagedSelector@5d35cbc0{STOPPED} id=1 keys=-1 selected=-1 updates=0
08:52:20.397 [Test worker] DEBUG o.e.j.u.component.AbstractLifeCycle - stopping ManagedSelector@8d0ba81{STARTED} id=0 keys=0 selected=0 updates=0
08:52:20.397 [Test worker] DEBUG org.eclipse.jetty.io.ManagedSelector - Queued change org.eclipse.jetty.io.ManagedSelector$CloseConnections@20e95a9a on ManagedSelector@8d0ba81{STOPPING} id=0 keys=0 selected=0 updates=0
08:52:20.397 [Test worker] DEBUG org.eclipse.jetty.io.ManagedSelector - Wakeup on submit ManagedSelector@8d0ba81{STOPPING} id=0 keys=0 selected=0 updates=1
08:52:20.398 [qtp788185863-30] DEBUG org.eclipse.jetty.io.ManagedSelector - Selector sun.nio.ch.WindowsSelectorImpl@35c273a1 woken with none selected
08:52:20.398 [qtp788185863-30] DEBUG org.eclipse.jetty.io.ManagedSelector - Selector sun.nio.ch.WindowsSelectorImpl@35c273a1 woken up from select, 0/0/0 selected
08:52:20.398 [qtp788185863-30] DEBUG org.eclipse.jetty.io.ManagedSelector - Selector sun.nio.ch.WindowsSelectorImpl@35c273a1 processing 0 keys, 1 updates
08:52:20.398 [qtp788185863-30] DEBUG org.eclipse.jetty.io.ManagedSelector - updateable 1
08:52:20.398 [qtp788185863-30] DEBUG org.eclipse.jetty.io.ManagedSelector - update org.eclipse.jetty.io.ManagedSelector$CloseConnections@20e95a9a
08:52:20.398 [qtp788185863-30] DEBUG org.eclipse.jetty.io.ManagedSelector - Closing 0 connections on ManagedSelector@8d0ba81{STOPPING} id=0 keys=0 selected=0 updates=0
08:52:20.398 [qtp788185863-30] DEBUG org.eclipse.jetty.io.ManagedSelector - updates 0
08:52:20.398 [qtp788185863-30] DEBUG org.eclipse.jetty.io.ManagedSelector - Selector sun.nio.ch.WindowsSelectorImpl@35c273a1 waiting with 0 keys
08:52:20.398 [Test worker] DEBUG org.eclipse.jetty.io.ManagedSelector - Queued change org.eclipse.jetty.io.ManagedSelector$StopSelector@53ba77d5 on ManagedSelector@8d0ba81{STOPPING} id=0 keys=0 selected=0 updates=0
08:52:20.398 [Test worker] DEBUG org.eclipse.jetty.io.ManagedSelector - Wakeup on submit ManagedSelector@8d0ba81{STOPPING} id=0 keys=0 selected=0 updates=1
08:52:20.398 [qtp788185863-30] DEBUG org.eclipse.jetty.io.ManagedSelector - Selector sun.nio.ch.WindowsSelectorImpl@35c273a1 woken with none selected
08:52:20.398 [qtp788185863-30] DEBUG org.eclipse.jetty.io.ManagedSelector - Selector sun.nio.ch.WindowsSelectorImpl@35c273a1 woken up from select, 0/0/0 selected
08:52:20.398 [qtp788185863-30] DEBUG org.eclipse.jetty.io.ManagedSelector - Selector sun.nio.ch.WindowsSelectorImpl@35c273a1 processing 0 keys, 1 updates
08:52:20.398 [qtp788185863-30] DEBUG org.eclipse.jetty.io.ManagedSelector - updateable 1
08:52:20.398 [qtp788185863-30] DEBUG org.eclipse.jetty.io.ManagedSelector - update org.eclipse.jetty.io.ManagedSelector$StopSelector@53ba77d5
08:52:20.398 [qtp788185863-30] DEBUG org.eclipse.jetty.io.ManagedSelector - updates 0
08:52:20.398 [Test worker] DEBUG o.e.j.u.component.AbstractLifeCycle - stopping EatWhatYouKill@1497af3/SelectorProducer@16bddb6e/PRODUCING/p=false/QueuedThreadPool[qtp788185863]@2efac307{STARTED,8<=8<=200,i=6,r=8,q=0}[ReservedThreadExecutor@324b704d{s=1/8,p=0}][pc=0,pic=0,pec=0,epc=0]@2019-12-26T08:52:20.398+01:00
08:52:20.399 [qtp788185863-30] DEBUG o.e.j.util.thread.QueuedThreadPool - ran org.eclipse.jetty.io.ManagedSelector$$Lambda$217/1330559266@19adcf06 in QueuedThreadPool[qtp788185863]@2efac307{STARTED,8<=8<=200,i=6,r=8,q=0}[ReservedThreadExecutor@324b704d{s=1/8,p=0}]
08:52:20.399 [Test worker] DEBUG o.e.j.u.component.AbstractLifeCycle - STOPPED EatWhatYouKill@1497af3/SelectorProducer@16bddb6e/IDLE/p=false/QueuedThreadPool[qtp788185863]@2efac307{STARTED,8<=8<=200,i=6,r=8,q=0}[ReservedThreadExecutor@324b704d{s=1/8,p=0}][pc=0,pic=0,pec=0,epc=0]@2019-12-26T08:52:20.399+01:00
08:52:20.399 [Test worker] DEBUG o.e.j.u.component.AbstractLifeCycle - STOPPED ManagedSelector@8d0ba81{STOPPED} id=0 keys=-1 selected=-1 updates=0
08:52:20.399 [Test worker] DEBUG o.e.j.u.component.AbstractLifeCycle - STOPPED SelectorManager@ServerConnector@199a374f{HTTP/1.1,[http/1.1]}{0.0.0.0:8888}
08:52:20.399 [Test worker] DEBUG o.e.j.u.component.AbstractLifeCycle - stopping HttpConnectionFactory@2402a877[HTTP/1.1]
08:52:20.399 [Test worker] DEBUG o.e.j.u.component.AbstractLifeCycle - STOPPED HttpConnectionFactory@2402a877[HTTP/1.1]
08:52:20.399 [Test worker] DEBUG o.e.j.u.component.AbstractLifeCycle - stopping ScheduledExecutorScheduler@502b24bc{STARTED}
08:52:20.399 [Test worker] DEBUG o.e.j.u.component.AbstractLifeCycle - STOPPED ScheduledExecutorScheduler@502b24bc{STOPPED}
08:52:20.399 [Test worker] INFO  o.e.jetty.server.AbstractConnector - Stopped ServerConnector@199a374f{HTTP/1.1,[http/1.1]}{0.0.0.0:8888}
08:52:20.399 [Test worker] DEBUG o.e.j.u.component.AbstractLifeCycle - STOPPED ServerConnector@199a374f{HTTP/1.1,[http/1.1]}{0.0.0.0:8888}
08:52:20.399 [Test worker] DEBUG o.e.j.server.handler.AbstractHandler - stopping Server@203d28a8{STOPPING}[9.4.25.v20191220]
08:52:20.399 [Test worker] DEBUG o.e.j.u.component.AbstractLifeCycle - stopping DefaultSessionIdManager@2ae343e0{STARTED}[worker=node0]
08:52:20.399 [Test worker] DEBUG o.e.j.u.component.AbstractLifeCycle - stopping HouseKeeper@534a8f15{STARTED}[interval=660000, ownscheduler=true]
08:52:20.399 [Test worker] INFO  org.eclipse.jetty.server.session - node0 Stopped scavenging
08:52:20.399 [Test worker] DEBUG o.e.j.u.component.AbstractLifeCycle - stopping ScheduledExecutorScheduler@7991e136{STARTED}
08:52:20.399 [Test worker] DEBUG o.e.j.u.component.AbstractLifeCycle - STOPPED ScheduledExecutorScheduler@7991e136{STOPPED}
08:52:20.399 [Test worker] DEBUG o.e.j.u.component.AbstractLifeCycle - STOPPED HouseKeeper@534a8f15{STOPPED}[interval=660000, ownscheduler=true]
08:52:20.399 [Test worker] DEBUG o.e.j.u.component.AbstractLifeCycle - STOPPED DefaultSessionIdManager@2ae343e0{STOPPED}[worker=node0]
08:52:20.399 [Test worker] DEBUG o.e.j.u.component.AbstractLifeCycle - stopping ErrorHandler@71c59a65{STARTED}
08:52:20.399 [Test worker] DEBUG o.e.j.server.handler.AbstractHandler - stopping ErrorHandler@71c59a65{STOPPING}
08:52:20.400 [Test worker] DEBUG o.e.j.u.component.AbstractLifeCycle - STOPPED ErrorHandler@71c59a65{STOPPED}
08:52:20.400 [Test worker] DEBUG o.e.j.u.component.AbstractLifeCycle - stopping o.e.j.s.ServletContextHandler@49c7a2f9{/,null,SHUTDOWN}
08:52:20.400 [Test worker] DEBUG o.e.j.s.h.AbstractHandlerContainer - Graceful shutdown o.e.j.s.ServletContextHandler@49c7a2f9{/,null,SHUTDOWN} by 
08:52:20.400 [Test worker] DEBUG o.e.j.server.handler.AbstractHandler - stopping o.e.j.s.ServletContextHandler@49c7a2f9{/,null,UNAVAILABLE}
08:52:20.400 [Test worker] DEBUG o.e.j.u.component.AbstractLifeCycle - stopping org.eclipse.jetty.server.session.SessionHandler1077961145==dftMaxIdleSec=-1
08:52:20.400 [Test worker] DEBUG o.e.j.u.component.AbstractLifeCycle - stopping org.eclipse.jetty.server.session.DefaultSessionCache@719b7d4f[evict=-1,removeUnloadable=false,saveOnCreate=false,saveOnInactiveEvict=false]
08:52:20.400 [Test worker] DEBUG o.e.j.u.component.AbstractLifeCycle - stopping org.eclipse.jetty.server.session.NullSessionDataStore@77d5457e[passivating=false,graceSec=3600]
08:52:20.400 [Test worker] DEBUG o.e.j.u.component.AbstractLifeCycle - STOPPED org.eclipse.jetty.server.session.NullSessionDataStore@77d5457e[passivating=false,graceSec=3600]
08:52:20.400 [Test worker] DEBUG o.e.j.u.component.AbstractLifeCycle - STOPPED org.eclipse.jetty.server.session.DefaultSessionCache@719b7d4f[evict=-1,removeUnloadable=false,saveOnCreate=false,saveOnInactiveEvict=false]
08:52:20.400 [Test worker] DEBUG o.e.j.u.component.AbstractLifeCycle - stopping ScheduledExecutorScheduler@147e1eea{STARTED}
08:52:20.400 [Test worker] DEBUG o.e.j.u.component.AbstractLifeCycle - STOPPED ScheduledExecutorScheduler@147e1eea{STOPPED}
08:52:20.400 [Test worker] DEBUG o.e.j.server.handler.AbstractHandler - stopping org.eclipse.jetty.server.session.SessionHandler1077961145==dftMaxIdleSec=-1
08:52:20.400 [Test worker] DEBUG o.e.j.u.component.AbstractLifeCycle - stopping ServletHandler@7a5fc3f0{STARTED}
08:52:20.400 [Test worker] DEBUG o.e.j.server.handler.AbstractHandler - stopping ServletHandler@7a5fc3f0{STOPPING}
08:52:20.400 [Test worker] DEBUG o.e.j.u.component.AbstractLifeCycle - stopping org.eclipse.jetty.servlet.ServletHandler$Default404Servlet-13cb1957@778c15df==org.eclipse.jetty.servlet.ServletHandler$Default404Servlet,jsp=null,order=-1,inst=false,async=true
08:52:20.400 [Test worker] DEBUG o.e.j.u.component.AbstractLifeCycle - STOPPED org.eclipse.jetty.servlet.ServletHandler$Default404Servlet-13cb1957@778c15df==org.eclipse.jetty.servlet.ServletHandler$Default404Servlet,jsp=null,order=-1,inst=false,async=true
08:52:20.400 [Test worker] DEBUG o.e.j.u.component.AbstractLifeCycle - stopping org.glassfish.jersey.servlet.ServletContainer-561205a@c4f494ec==org.glassfish.jersey.servlet.ServletContainer,jsp=null,order=0,inst=true,async=true
08:52:20.406 [Test worker] DEBUG o.e.j.u.component.AbstractLifeCycle - STOPPED org.glassfish.jersey.servlet.ServletContainer-561205a@c4f494ec==org.glassfish.jersey.servlet.ServletContainer,jsp=null,order=0,inst=false,async=true
08:52:20.406 [Test worker] DEBUG o.e.j.u.component.AbstractLifeCycle - STOPPED ServletHandler@7a5fc3f0{STOPPED}
08:52:20.406 [Test worker] DEBUG o.e.j.u.component.AbstractLifeCycle - STOPPED org.eclipse.jetty.server.session.SessionHandler1077961145==dftMaxIdleSec=-1
08:52:20.406 [Test worker] INFO  o.e.j.server.handler.ContextHandler - Stopped o.e.j.s.ServletContextHandler@49c7a2f9{/,null,UNAVAILABLE}
08:52:20.406 [Test worker] DEBUG o.e.j.u.component.AbstractLifeCycle - STOPPED o.e.j.s.ServletContextHandler@49c7a2f9{/,null,UNAVAILABLE}
08:52:20.406 [Test worker] DEBUG o.e.j.u.component.AbstractLifeCycle - stopping QueuedThreadPool[qtp788185863]@2efac307{STARTED,8<=8<=200,i=7,r=8,q=0}[ReservedThreadExecutor@324b704d{s=1/8,p=0}]
08:52:20.406 [Test worker] DEBUG o.e.j.util.thread.QueuedThreadPool - Stopping QueuedThreadPool[qtp788185863]@2efac307{STOPPING,8<=8<=200,i=7,r=-1,q=0}[ReservedThreadExecutor@324b704d{s=1/8,p=0}]
08:52:20.406 [Test worker] DEBUG o.e.j.u.component.AbstractLifeCycle - stopping ReservedThreadExecutor@324b704d{s=1/8,p=0}
08:52:20.406 [Test worker] DEBUG o.e.j.u.t.ReservedThreadExecutor - ReservedThreadExecutor@324b704d{s=0/8,p=0}@6225564 offer STOP!
08:52:20.406 [Test worker] DEBUG o.e.j.u.component.AbstractLifeCycle - STOPPED ReservedThreadExecutor@324b704d{s=-1/8,p=0}
08:52:20.406 [qtp788185863-36] DEBUG o.e.j.u.t.ReservedThreadExecutor - ReservedThreadExecutor@324b704d{s=-1/8,p=0}@6225564 Exited
08:52:20.406 [Test worker] DEBUG o.e.j.util.thread.QueuedThreadPool - Waiting for Thread[qtp788185863-35,5,main] for 14999
08:52:20.406 [qtp788185863-35] DEBUG o.e.j.util.thread.QueuedThreadPool - run org.eclipse.jetty.util.thread.QueuedThreadPool$$Lambda$62/1544554620@72413677 in QueuedThreadPool[qtp788185863]@2efac307{STOPPING,8<=0<=200,i=7,r=-1,q=0}[NO_TRY]
08:52:20.406 [qtp788185863-33] DEBUG o.e.j.util.thread.QueuedThreadPool - run org.eclipse.jetty.util.thread.QueuedThreadPool$$Lambda$62/1544554620@72413677 in QueuedThreadPool[qtp788185863]@2efac307{STOPPING,8<=0<=200,i=7,r=-1,q=0}[NO_TRY]
08:52:20.406 [qtp788185863-32] DEBUG o.e.j.util.thread.QueuedThreadPool - run org.eclipse.jetty.util.thread.QueuedThreadPool$$Lambda$62/1544554620@72413677 in QueuedThreadPool[qtp788185863]@2efac307{STOPPING,8<=0<=200,i=7,r=-1,q=0}[NO_TRY]
08:52:20.406 [qtp788185863-36] DEBUG o.e.j.util.thread.QueuedThreadPool - ran ReservedThreadExecutor@324b704d{s=-1/8,p=0}@6225564 in QueuedThreadPool[qtp788185863]@2efac307{STOPPING,8<=0<=200,i=7,r=-1,q=0}[NO_TRY]
08:52:20.406 [qtp788185863-31] DEBUG o.e.j.util.thread.QueuedThreadPool - run org.eclipse.jetty.util.thread.QueuedThreadPool$$Lambda$62/1544554620@72413677 in QueuedThreadPool[qtp788185863]@2efac307{STOPPING,8<=0<=200,i=7,r=-1,q=0}[NO_TRY]
08:52:20.406 [qtp788185863-35] DEBUG o.e.j.util.thread.QueuedThreadPool - ran org.eclipse.jetty.util.thread.QueuedThreadPool$$Lambda$62/1544554620@72413677 in QueuedThreadPool[qtp788185863]@2efac307{STOPPING,8<=0<=200,i=7,r=-1,q=0}[NO_TRY]
08:52:20.406 [qtp788185863-30] DEBUG o.e.j.util.thread.QueuedThreadPool - run org.eclipse.jetty.util.thread.QueuedThreadPool$$Lambda$62/1544554620@72413677 in QueuedThreadPool[qtp788185863]@2efac307{STOPPING,8<=0<=200,i=7,r=-1,q=0}[NO_TRY]
08:52:20.406 [qtp788185863-37] DEBUG o.e.j.util.thread.QueuedThreadPool - run org.eclipse.jetty.util.thread.QueuedThreadPool$$Lambda$62/1544554620@72413677 in QueuedThreadPool[qtp788185863]@2efac307{STOPPING,8<=0<=200,i=7,r=-1,q=0}[NO_TRY]
08:52:20.406 [qtp788185863-33] DEBUG o.e.j.util.thread.QueuedThreadPool - ran org.eclipse.jetty.util.thread.QueuedThreadPool$$Lambda$62/1544554620@72413677 in QueuedThreadPool[qtp788185863]@2efac307{STOPPING,8<=0<=200,i=7,r=-1,q=0}[NO_TRY]
08:52:20.406 [qtp788185863-34] DEBUG o.e.j.util.thread.QueuedThreadPool - run org.eclipse.jetty.util.thread.QueuedThreadPool$$Lambda$62/1544554620@72413677 in QueuedThreadPool[qtp788185863]@2efac307{STOPPING,8<=0<=200,i=7,r=-1,q=0}[NO_TRY]
08:52:20.406 [qtp788185863-32] DEBUG o.e.j.util.thread.QueuedThreadPool - ran org.eclipse.jetty.util.thread.QueuedThreadPool$$Lambda$62/1544554620@72413677 in QueuedThreadPool[qtp788185863]@2efac307{STOPPING,8<=0<=200,i=7,r=-1,q=0}[NO_TRY]
08:52:20.407 [qtp788185863-31] DEBUG o.e.j.util.thread.QueuedThreadPool - ran org.eclipse.jetty.util.thread.QueuedThreadPool$$Lambda$62/1544554620@72413677 in QueuedThreadPool[qtp788185863]@2efac307{STOPPING,8<=0<=200,i=7,r=-1,q=0}[NO_TRY]
08:52:20.407 [qtp788185863-35] DEBUG o.e.j.util.thread.QueuedThreadPool - Thread[qtp788185863-35,5,main] exited for QueuedThreadPool[qtp788185863]@2efac307{STOPPING,8<=0<=200,i=7,r=-1,q=0}[NO_TRY]
08:52:20.407 [qtp788185863-36] DEBUG o.e.j.util.thread.QueuedThreadPool - Thread[qtp788185863-36,5,main] exited for QueuedThreadPool[qtp788185863]@2efac307{STOPPING,8<=0<=200,i=7,r=-1,q=0}[NO_TRY]
08:52:20.407 [qtp788185863-30] DEBUG o.e.j.util.thread.QueuedThreadPool - ran org.eclipse.jetty.util.thread.QueuedThreadPool$$Lambda$62/1544554620@72413677 in QueuedThreadPool[qtp788185863]@2efac307{STOPPING,8<=0<=200,i=7,r=-1,q=0}[NO_TRY]
08:52:20.407 [qtp788185863-37] DEBUG o.e.j.util.thread.QueuedThreadPool - ran org.eclipse.jetty.util.thread.QueuedThreadPool$$Lambda$62/1544554620@72413677 in QueuedThreadPool[qtp788185863]@2efac307{STOPPING,8<=0<=200,i=7,r=-1,q=0}[NO_TRY]
08:52:20.407 [qtp788185863-33] DEBUG o.e.j.util.thread.QueuedThreadPool - Thread[qtp788185863-33,5,main] exited for QueuedThreadPool[qtp788185863]@2efac307{STOPPING,8<=0<=200,i=7,r=-1,q=0}[NO_TRY]
08:52:20.407 [qtp788185863-34] DEBUG o.e.j.util.thread.QueuedThreadPool - ran org.eclipse.jetty.util.thread.QueuedThreadPool$$Lambda$62/1544554620@72413677 in QueuedThreadPool[qtp788185863]@2efac307{STOPPING,8<=0<=200,i=7,r=-1,q=0}[NO_TRY]
08:52:20.407 [qtp788185863-32] DEBUG o.e.j.util.thread.QueuedThreadPool - Thread[qtp788185863-32,5,main] exited for QueuedThreadPool[qtp788185863]@2efac307{STOPPING,8<=0<=200,i=7,r=-1,q=0}[NO_TRY]
08:52:20.407 [qtp788185863-31] DEBUG o.e.j.util.thread.QueuedThreadPool - Thread[qtp788185863-31,5,main] exited for QueuedThreadPool[qtp788185863]@2efac307{STOPPING,8<=0<=200,i=7,r=-1,q=0}[NO_TRY]
08:52:20.407 [Test worker] DEBUG o.e.j.util.thread.QueuedThreadPool - Waiting for Thread[qtp788185863-36,5,main] for 14999
08:52:20.407 [qtp788185863-30] DEBUG o.e.j.util.thread.QueuedThreadPool - Thread[qtp788185863-30,5,main] exited for QueuedThreadPool[qtp788185863]@2efac307{STOPPING,8<=0<=200,i=7,r=-1,q=0}[NO_TRY]
08:52:20.407 [qtp788185863-37] DEBUG o.e.j.util.thread.QueuedThreadPool - Thread[qtp788185863-37,5,main] exited for QueuedThreadPool[qtp788185863]@2efac307{STOPPING,8<=0<=200,i=7,r=-1,q=0}[NO_TRY]
08:52:20.407 [qtp788185863-34] DEBUG o.e.j.util.thread.QueuedThreadPool - Thread[qtp788185863-34,5,main] exited for QueuedThreadPool[qtp788185863]@2efac307{STOPPING,8<=0<=200,i=7,r=-1,q=0}[NO_TRY]
08:52:20.407 [Test worker] DEBUG o.e.j.util.thread.QueuedThreadPool - Waiting for Thread[qtp788185863-30,5,main] for 14999
08:52:20.407 [Test worker] DEBUG o.e.j.util.thread.QueuedThreadPool - Waiting for Thread[qtp788185863-34,5,main] for 14999
08:52:20.407 [Test worker] DEBUG o.e.j.u.component.AbstractLifeCycle - STOPPED QueuedThreadPool[qtp788185863]@2efac307{STOPPED,8<=0<=200,i=7,r=-1,q=0}[NO_TRY]
08:52:20.407 [Test worker] DEBUG o.e.j.u.component.AbstractLifeCycle - STOPPED Server@203d28a8{STOPPED}[9.4.25.v20191220]
08:52:20.408 [Test worker] DEBUG o.h.e.t.internal.TransactionImpl - On TransactionImpl creation, JpaCompliance#isJpaTransactionComplianceEnabled == false
08:52:20.408 [Test worker] DEBUG o.h.e.t.internal.TransactionImpl - begin
08:52:20.408 [Test worker] DEBUG o.h.e.i.AbstractSaveEventListener - Generated identifier: -7068045996842732675, using strategy: org.hibernate.id.Assigned
08:52:20.409 [Test worker] DEBUG o.h.e.t.internal.TransactionImpl - committing
08:52:20.409 [Test worker] DEBUG o.h.e.i.AbstractFlushingEventListener - Processing flush-time cascades
08:52:20.409 [Test worker] DEBUG o.h.e.i.AbstractFlushingEventListener - Dirty checking collections
08:52:20.409 [Test worker] DEBUG o.h.e.i.AbstractFlushingEventListener - Flushed: 1 insertions, 0 updates, 0 deletions to 1 objects
08:52:20.409 [Test worker] DEBUG o.h.e.i.AbstractFlushingEventListener - Flushed: 0 (re)creations, 0 updates, 0 removals to 0 collections
08:52:20.409 [Test worker] DEBUG o.h.internal.util.EntityPrinter - Listing entities:
08:52:20.409 [Test worker] DEBUG o.h.internal.util.EntityPrinter - com.revolut.money.domain.account.Account{balance=component[amount]{amount=15.00}, id=-7068045996842732675}
08:52:20.409 [Test worker] DEBUG org.hibernate.SQL - insert into PUBLIC.Account (amount, id) values (?, ?)
Hibernate: insert into PUBLIC.Account (amount, id) values (?, ?)
08:52:20.410 [Test worker] DEBUG o.h.r.j.i.LogicalConnectionManagedImpl - Initiating JDBC connection release from afterTransaction
08:52:20.410 [Test worker] DEBUG o.h.r.j.i.LogicalConnectionManagedImpl - Initiating JDBC connection release from afterTransaction
08:52:20.410 [Test worker] DEBUG o.h.e.t.internal.TransactionImpl - On TransactionImpl creation, JpaCompliance#isJpaTransactionComplianceEnabled == false
08:52:20.410 [Test worker] DEBUG o.h.e.t.internal.TransactionImpl - begin
08:52:20.410 [Test worker] DEBUG o.h.e.i.AbstractSaveEventListener - Generated identifier: 5113688443632233815, using strategy: org.hibernate.id.Assigned
08:52:20.410 [Test worker] DEBUG o.h.e.t.internal.TransactionImpl - committing
08:52:20.410 [Test worker] DEBUG o.h.e.i.AbstractFlushingEventListener - Processing flush-time cascades
08:52:20.410 [Test worker] DEBUG o.h.e.i.AbstractFlushingEventListener - Dirty checking collections
08:52:20.410 [Test worker] DEBUG o.h.e.i.AbstractFlushingEventListener - Flushed: 1 insertions, 0 updates, 0 deletions to 1 objects
08:52:20.410 [Test worker] DEBUG o.h.e.i.AbstractFlushingEventListener - Flushed: 0 (re)creations, 0 updates, 0 removals to 0 collections
08:52:20.410 [Test worker] DEBUG o.h.internal.util.EntityPrinter - Listing entities:
08:52:20.410 [Test worker] DEBUG o.h.internal.util.EntityPrinter - com.revolut.money.domain.account.Account{balance=component[amount]{amount=0.00}, id=5113688443632233815}
08:52:20.411 [Test worker] DEBUG org.hibernate.SQL - insert into PUBLIC.Account (amount, id) values (?, ?)
Hibernate: insert into PUBLIC.Account (amount, id) values (?, ?)
08:52:20.411 [Test worker] DEBUG o.h.r.j.i.LogicalConnectionManagedImpl - Initiating JDBC connection release from afterTransaction
08:52:20.411 [Test worker] DEBUG o.h.r.j.i.LogicalConnectionManagedImpl - Initiating JDBC connection release from afterTransaction
08:52:20.412 [Thread-24] DEBUG o.e.j.u.component.ContainerLifeCycle - Server@2cb8d417{STOPPED}[9.4.25.v20191220] added {QueuedThreadPool[qtp578764328]@227f3e28{STOPPED,8<=0<=200,i=0,r=-1,q=0}[NO_TRY],AUTO}
08:52:20.412 [Thread-24] DEBUG o.e.j.u.component.ContainerLifeCycle - HttpConnectionFactory@28875558[HTTP/1.1] added {HttpConfiguration@6d85de2c{32768/8192,8192/8192,https://:0,[]},POJO}
08:52:20.412 [Thread-24] DEBUG o.e.j.u.component.ContainerLifeCycle - ServerConnector@365023ca{null,[]}{0.0.0.0:0} added {Server@2cb8d417{STOPPED}[9.4.25.v20191220],UNMANAGED}
08:52:20.412 [Thread-24] DEBUG o.e.j.u.component.ContainerLifeCycle - ServerConnector@365023ca{null,[]}{0.0.0.0:0} added {QueuedThreadPool[qtp578764328]@227f3e28{STOPPED,8<=0<=200,i=0,r=-1,q=0}[NO_TRY],AUTO}
08:52:20.412 [Thread-24] DEBUG o.e.j.u.component.ContainerLifeCycle - ServerConnector@365023ca{null,[]}{0.0.0.0:0} added {ScheduledExecutorScheduler@5ca2517b{STOPPED},AUTO}
08:52:20.412 [Thread-24] DEBUG o.e.j.u.component.ContainerLifeCycle - ServerConnector@365023ca{null,[]}{0.0.0.0:0} added {org.eclipse.jetty.io.ArrayByteBufferPool@4e9df222,POJO}
08:52:20.413 [Thread-24] DEBUG o.e.j.u.component.ContainerLifeCycle - ServerConnector@365023ca{null,[http/1.1]}{0.0.0.0:0} added {HttpConnectionFactory@28875558[HTTP/1.1],AUTO}
08:52:20.413 [Thread-24] DEBUG o.e.jetty.server.AbstractConnector - ServerConnector@365023ca{HTTP/1.1,[http/1.1]}{0.0.0.0:0} added HttpConnectionFactory@28875558[HTTP/1.1]
08:52:20.413 [Thread-24] DEBUG o.e.j.u.component.ContainerLifeCycle - ServerConnector@365023ca{HTTP/1.1,[http/1.1]}{0.0.0.0:0} added {SelectorManager@ServerConnector@365023ca{HTTP/1.1,[http/1.1]}{0.0.0.0:0},MANAGED}
08:52:20.413 [Thread-24] DEBUG o.e.j.u.component.ContainerLifeCycle - Server@2cb8d417{STOPPED}[9.4.25.v20191220] added {ServerConnector@365023ca{HTTP/1.1,[http/1.1]}{0.0.0.0:8888},AUTO}
08:52:20.413 [Thread-24] DEBUG o.e.j.util.DecoratedObjectFactory - Adding Decorator: org.eclipse.jetty.util.DeprecationWarning@daa2163
08:52:20.413 [Thread-24] DEBUG o.e.j.u.component.ContainerLifeCycle - o.e.j.s.ServletContextHandler@3a530d6f{/,null,UNAVAILABLE} added {org.eclipse.jetty.server.session.SessionHandler1957997271==dftMaxIdleSec=-1,MANAGED}
08:52:20.413 [Thread-24] DEBUG o.e.j.u.component.ContainerLifeCycle - org.eclipse.jetty.server.session.SessionHandler1957997271==dftMaxIdleSec=-1 added {ServletHandler@55995a81{STOPPED},MANAGED}
08:52:20.413 [Thread-24] DEBUG o.e.j.u.component.ContainerLifeCycle - Server@2cb8d417{STOPPED}[9.4.25.v20191220] added {o.e.j.s.ServletContextHandler@3a530d6f{/,null,UNAVAILABLE},MANAGED}
08:52:20.413 [Thread-24] DEBUG o.e.j.u.component.AbstractLifeCycle - starting Server@2cb8d417{STOPPED}[9.4.25.v20191220]
08:52:20.413 [Thread-24] DEBUG o.e.j.u.component.ContainerLifeCycle - Server@2cb8d417{STARTING}[9.4.25.v20191220] added {ErrorHandler@2b7e944e{STOPPED},AUTO}
08:52:20.413 [Thread-24] INFO  org.eclipse.jetty.server.Server - jetty-9.4.25.v20191220; built: 2019-12-20T17:00:00.294Z; git: a9729c7e7f33a459d2616a8f9e9ba8a90f432e95; jvm 1.8.0_211-b12
08:52:20.413 [Thread-24] DEBUG o.e.j.server.handler.AbstractHandler - starting Server@2cb8d417{STARTING}[9.4.25.v20191220]
08:52:20.413 [Thread-24] DEBUG o.e.j.u.component.AbstractLifeCycle - starting QueuedThreadPool[qtp578764328]@227f3e28{STOPPED,8<=0<=200,i=0,r=-1,q=0}[NO_TRY]
08:52:20.413 [Thread-24] DEBUG o.e.j.u.t.ReservedThreadExecutor - ReservedThreadExecutor@7acd71e4{s=0/8,p=0}
08:52:20.413 [Thread-24] DEBUG o.e.j.u.component.ContainerLifeCycle - QueuedThreadPool[qtp578764328]@227f3e28{STARTING,8<=0<=200,i=0,r=-1,q=0}[ReservedThreadExecutor@7acd71e4{s=0/8,p=0}] added {ReservedThreadExecutor@7acd71e4{s=0/8,p=0},AUTO}
08:52:20.413 [Thread-24] DEBUG o.e.j.u.component.AbstractLifeCycle - starting ReservedThreadExecutor@7acd71e4{s=0/8,p=0}
08:52:20.414 [Thread-24] DEBUG o.e.j.u.component.AbstractLifeCycle - STARTED @4924ms ReservedThreadExecutor@7acd71e4{s=0/8,p=0}
08:52:20.414 [Thread-24] DEBUG o.e.j.util.thread.QueuedThreadPool - Starting Thread[qtp578764328-41,5,main]
08:52:20.414 [Thread-24] DEBUG o.e.j.util.thread.QueuedThreadPool - Starting Thread[qtp578764328-42,5,main]
08:52:20.414 [Thread-24] DEBUG o.e.j.util.thread.QueuedThreadPool - Starting Thread[qtp578764328-43,5,main]
08:52:20.414 [qtp578764328-41] DEBUG o.e.j.util.thread.QueuedThreadPool - Runner started for QueuedThreadPool[qtp578764328]@227f3e28{STARTING,8<=3<=200,i=3,r=-1,q=0}[ReservedThreadExecutor@7acd71e4{s=0/8,p=0}]
08:52:20.414 [Thread-24] DEBUG o.e.j.util.thread.QueuedThreadPool - Starting Thread[qtp578764328-44,5,main]
08:52:20.414 [qtp578764328-42] DEBUG o.e.j.util.thread.QueuedThreadPool - Runner started for QueuedThreadPool[qtp578764328]@227f3e28{STARTING,8<=3<=200,i=3,r=-1,q=0}[ReservedThreadExecutor@7acd71e4{s=0/8,p=0}]
08:52:20.414 [Thread-24] DEBUG o.e.j.util.thread.QueuedThreadPool - Starting Thread[qtp578764328-45,5,main]
08:52:20.414 [qtp578764328-43] DEBUG o.e.j.util.thread.QueuedThreadPool - Runner started for QueuedThreadPool[qtp578764328]@227f3e28{STARTING,8<=5<=200,i=5,r=-1,q=0}[ReservedThreadExecutor@7acd71e4{s=0/8,p=0}]
08:52:20.414 [Thread-24] DEBUG o.e.j.util.thread.QueuedThreadPool - Starting Thread[qtp578764328-46,5,main]
08:52:20.414 [qtp578764328-44] DEBUG o.e.j.util.thread.QueuedThreadPool - Runner started for QueuedThreadPool[qtp578764328]@227f3e28{STARTING,8<=6<=200,i=6,r=-1,q=0}[ReservedThreadExecutor@7acd71e4{s=0/8,p=0}]
08:52:20.414 [qtp578764328-45] DEBUG o.e.j.util.thread.QueuedThreadPool - Runner started for QueuedThreadPool[qtp578764328]@227f3e28{STARTING,8<=6<=200,i=6,r=-1,q=0}[ReservedThreadExecutor@7acd71e4{s=0/8,p=0}]
08:52:20.414 [Thread-24] DEBUG o.e.j.util.thread.QueuedThreadPool - Starting Thread[qtp578764328-47,5,main]
08:52:20.415 [qtp578764328-46] DEBUG o.e.j.util.thread.QueuedThreadPool - Runner started for QueuedThreadPool[qtp578764328]@227f3e28{STARTING,8<=7<=200,i=7,r=-1,q=0}[ReservedThreadExecutor@7acd71e4{s=0/8,p=0}]
08:52:20.415 [Thread-24] DEBUG o.e.j.util.thread.QueuedThreadPool - Starting Thread[qtp578764328-48,5,main]
08:52:20.415 [qtp578764328-47] DEBUG o.e.j.util.thread.QueuedThreadPool - Runner started for QueuedThreadPool[qtp578764328]@227f3e28{STARTING,8<=8<=200,i=8,r=-1,q=0}[ReservedThreadExecutor@7acd71e4{s=0/8,p=0}]
08:52:20.415 [Thread-24] DEBUG o.e.j.u.component.AbstractLifeCycle - STARTED @4926ms QueuedThreadPool[qtp578764328]@227f3e28{STARTED,8<=8<=200,i=8,r=8,q=0}[ReservedThreadExecutor@7acd71e4{s=0/8,p=0}]
08:52:20.415 [Thread-24] DEBUG o.e.j.u.component.AbstractLifeCycle - starting o.e.j.s.ServletContextHandler@3a530d6f{/,null,UNAVAILABLE}
08:52:20.415 [qtp578764328-48] DEBUG o.e.j.util.thread.QueuedThreadPool - Runner started for QueuedThreadPool[qtp578764328]@227f3e28{STARTED,8<=8<=200,i=8,r=8,q=0}[ReservedThreadExecutor@7acd71e4{s=0/8,p=0}]
08:52:20.415 [Thread-24] DEBUG o.e.j.server.handler.AbstractHandler - starting o.e.j.s.ServletContextHandler@3a530d6f{/,null,STARTING}
08:52:20.415 [Thread-24] DEBUG o.e.j.u.component.AbstractLifeCycle - starting org.eclipse.jetty.server.session.SessionHandler1957997271==dftMaxIdleSec=-1
08:52:20.415 [Thread-24] DEBUG o.e.j.u.component.ContainerLifeCycle - org.eclipse.jetty.server.session.SessionHandler1957997271==dftMaxIdleSec=-1 added {org.eclipse.jetty.server.session.DefaultSessionCache@12ec8b95[evict=-1,removeUnloadable=false,saveOnCreate=false,saveOnInactiveEvict=false],AUTO}
08:52:20.415 [Thread-24] DEBUG o.e.j.u.component.ContainerLifeCycle - org.eclipse.jetty.server.session.DefaultSessionCache@12ec8b95[evict=-1,removeUnloadable=false,saveOnCreate=false,saveOnInactiveEvict=false] added {org.eclipse.jetty.server.session.NullSessionDataStore@60071b3[passivating=false,graceSec=3600],AUTO}
08:52:20.415 [Thread-24] DEBUG o.e.j.u.component.AbstractLifeCycle - starting DefaultSessionIdManager@6642d745{STOPPED}[worker=null]
08:52:20.416 [Thread-24] INFO  org.eclipse.jetty.server.session - DefaultSessionIdManager workerName=node0
08:52:20.416 [Thread-24] INFO  org.eclipse.jetty.server.session - No SessionScavenger set, using defaults
08:52:20.416 [Thread-24] DEBUG o.e.j.u.component.ContainerLifeCycle - DefaultSessionIdManager@6642d745{STARTING}[worker=node0] added {HouseKeeper@68c16aa3{STOPPED}[interval=600000, ownscheduler=false],MANAGED}
08:52:20.416 [Thread-24] DEBUG o.e.j.u.component.AbstractLifeCycle - starting HouseKeeper@68c16aa3{STOPPED}[interval=600000, ownscheduler=false]
08:52:20.416 [Thread-24] DEBUG o.e.j.u.component.AbstractLifeCycle - starting ScheduledExecutorScheduler@1e07e40d{STOPPED}
08:52:20.416 [Thread-24] DEBUG o.e.j.u.component.AbstractLifeCycle - STARTED @4927ms ScheduledExecutorScheduler@1e07e40d{STARTED}
08:52:20.416 [Thread-24] DEBUG org.eclipse.jetty.server.session - Using own scheduler for scavenging
08:52:20.416 [Thread-24] INFO  org.eclipse.jetty.server.session - node0 Scavenging every 660000ms
08:52:20.416 [Thread-24] DEBUG o.e.j.u.component.AbstractLifeCycle - STARTED @4927ms HouseKeeper@68c16aa3{STARTED}[interval=660000, ownscheduler=true]
08:52:20.416 [Thread-24] DEBUG o.e.j.u.component.AbstractLifeCycle - STARTED @4927ms DefaultSessionIdManager@6642d745{STARTED}[worker=node0]
08:52:20.416 [Thread-24] DEBUG o.e.j.u.component.ContainerLifeCycle - Server@2cb8d417{STARTING}[9.4.25.v20191220] added {DefaultSessionIdManager@6642d745{STARTED}[worker=node0],MANAGED}
08:52:20.416 [Thread-24] DEBUG o.e.j.u.component.ContainerLifeCycle - org.eclipse.jetty.server.session.SessionHandler1957997271==dftMaxIdleSec=-1 added {DefaultSessionIdManager@6642d745{STARTED}[worker=node0],UNMANAGED}
08:52:20.416 [Thread-24] DEBUG o.e.j.u.component.AbstractLifeCycle - starting ScheduledExecutorScheduler@6b07974c{STOPPED}
08:52:20.416 [Thread-24] DEBUG o.e.j.u.component.AbstractLifeCycle - STARTED @4927ms ScheduledExecutorScheduler@6b07974c{STARTED}
08:52:20.416 [Thread-24] DEBUG o.e.j.server.handler.AbstractHandler - starting org.eclipse.jetty.server.session.SessionHandler1957997271==dftMaxIdleSec=-1
08:52:20.416 [Thread-24] DEBUG o.e.j.u.component.AbstractLifeCycle - starting ServletHandler@55995a81{STOPPED}
08:52:20.416 [Thread-24] DEBUG o.e.jetty.servlet.ServletHandler - Path=/*[EMBEDDED:null] mapped to servlet=org.glassfish.jersey.servlet.ServletContainer-9e4d868[EMBEDDED:null]
08:52:20.416 [Thread-24] DEBUG o.e.jetty.http.pathmap.PathMappings - Added MappedResource[pathSpec=ServletPathSpec["/*",pathDepth=1,group=PREFIX_GLOB],resource=org.glassfish.jersey.servlet.ServletContainer-9e4d868@e9026630==org.glassfish.jersey.servlet.ServletContainer,jsp=null,order=0,inst=false,async=true] to PathMappings[size=1]
08:52:20.416 [Thread-24] DEBUG o.e.jetty.servlet.ServletHandler - filterNameMap={}
08:52:20.416 [Thread-24] DEBUG o.e.jetty.servlet.ServletHandler - pathFilters=null
08:52:20.416 [Thread-24] DEBUG o.e.jetty.servlet.ServletHandler - servletFilterMap=null
08:52:20.416 [Thread-24] DEBUG o.e.jetty.servlet.ServletHandler - servletPathMap=PathMappings[size=1]
08:52:20.417 [Thread-24] DEBUG o.e.jetty.servlet.ServletHandler - servletNameMap={org.glassfish.jersey.servlet.ServletContainer-9e4d868=org.glassfish.jersey.servlet.ServletContainer-9e4d868@e9026630==org.glassfish.jersey.servlet.ServletContainer,jsp=null,order=0,inst=false,async=true}
08:52:20.417 [Thread-24] DEBUG o.e.jetty.servlet.ServletHandler - Adding Default404Servlet to ServletHandler@55995a81{STARTING}
08:52:20.417 [Thread-24] DEBUG o.e.jetty.servlet.ServletHandler - Path=/*[EMBEDDED:null] mapped to servlet=org.glassfish.jersey.servlet.ServletContainer-9e4d868[EMBEDDED:null]
08:52:20.417 [Thread-24] DEBUG o.e.jetty.http.pathmap.PathMappings - Added MappedResource[pathSpec=ServletPathSpec["/*",pathDepth=1,group=PREFIX_GLOB],resource=org.glassfish.jersey.servlet.ServletContainer-9e4d868@e9026630==org.glassfish.jersey.servlet.ServletContainer,jsp=null,order=0,inst=false,async=true] to PathMappings[size=1]
08:52:20.417 [Thread-24] DEBUG o.e.jetty.servlet.ServletHandler - Path=/[EMBEDDED:null] mapped to servlet=org.eclipse.jetty.servlet.ServletHandler$Default404Servlet-8706cfd[EMBEDDED:null]
08:52:20.417 [Thread-24] DEBUG o.e.jetty.http.pathmap.PathMappings - Added MappedResource[pathSpec=ServletPathSpec["/",pathDepth=-1,group=DEFAULT],resource=org.eclipse.jetty.servlet.ServletHandler$Default404Servlet-8706cfd@2783a8e8==org.eclipse.jetty.servlet.ServletHandler$Default404Servlet,jsp=null,order=-1,inst=false,async=true] to PathMappings[size=2]
08:52:20.417 [Thread-24] DEBUG o.e.jetty.servlet.ServletHandler - filterNameMap={}
08:52:20.417 [Thread-24] DEBUG o.e.jetty.servlet.ServletHandler - pathFilters=null
08:52:20.417 [Thread-24] DEBUG o.e.jetty.servlet.ServletHandler - servletFilterMap=null
08:52:20.417 [Thread-24] DEBUG o.e.jetty.servlet.ServletHandler - servletPathMap=PathMappings[size=2]
08:52:20.417 [Thread-24] DEBUG o.e.jetty.servlet.ServletHandler - servletNameMap={org.glassfish.jersey.servlet.ServletContainer-9e4d868=org.glassfish.jersey.servlet.ServletContainer-9e4d868@e9026630==org.glassfish.jersey.servlet.ServletContainer,jsp=null,order=0,inst=false,async=true, org.eclipse.jetty.servlet.ServletHandler$Default404Servlet-8706cfd=org.eclipse.jetty.servlet.ServletHandler$Default404Servlet-8706cfd@2783a8e8==org.eclipse.jetty.servlet.ServletHandler$Default404Servlet,jsp=null,order=-1,inst=false,async=true}
08:52:20.417 [Thread-24] DEBUG o.e.j.server.handler.AbstractHandler - starting ServletHandler@55995a81{STARTING}
08:52:20.417 [Thread-24] DEBUG o.e.j.u.component.AbstractLifeCycle - STARTED @4928ms ServletHandler@55995a81{STARTED}
08:52:20.417 [Thread-24] DEBUG o.e.j.u.component.AbstractLifeCycle - starting org.eclipse.jetty.server.session.DefaultSessionCache@12ec8b95[evict=-1,removeUnloadable=false,saveOnCreate=false,saveOnInactiveEvict=false]
08:52:20.417 [Thread-24] DEBUG o.e.j.u.component.AbstractLifeCycle - starting org.eclipse.jetty.server.session.NullSessionDataStore@60071b3[passivating=false,graceSec=3600]
08:52:20.417 [Thread-24] DEBUG o.e.j.u.component.AbstractLifeCycle - STARTED @4928ms org.eclipse.jetty.server.session.NullSessionDataStore@60071b3[passivating=false,graceSec=3600]
08:52:20.417 [Thread-24] DEBUG o.e.j.u.component.AbstractLifeCycle - STARTED @4928ms org.eclipse.jetty.server.session.DefaultSessionCache@12ec8b95[evict=-1,removeUnloadable=false,saveOnCreate=false,saveOnInactiveEvict=false]
08:52:20.417 [Thread-24] DEBUG o.e.j.u.component.AbstractLifeCycle - STARTED @4928ms org.eclipse.jetty.server.session.SessionHandler1957997271==dftMaxIdleSec=-1
08:52:20.417 [Thread-24] DEBUG o.e.j.u.component.AbstractLifeCycle - starting org.eclipse.jetty.servlet.ServletHandler$Default404Servlet-8706cfd@2783a8e8==org.eclipse.jetty.servlet.ServletHandler$Default404Servlet,jsp=null,order=-1,inst=false,async=true
08:52:20.417 [Thread-24] DEBUG o.e.j.u.component.AbstractLifeCycle - STARTED @4928ms org.eclipse.jetty.servlet.ServletHandler$Default404Servlet-8706cfd@2783a8e8==org.eclipse.jetty.servlet.ServletHandler$Default404Servlet,jsp=null,order=-1,inst=false,async=true
08:52:20.417 [Thread-24] DEBUG o.e.j.u.component.AbstractLifeCycle - starting org.glassfish.jersey.servlet.ServletContainer-9e4d868@e9026630==org.glassfish.jersey.servlet.ServletContainer,jsp=null,order=0,inst=false,async=true
08:52:20.417 [Thread-24] DEBUG o.e.j.u.component.AbstractLifeCycle - STARTED @4928ms org.glassfish.jersey.servlet.ServletContainer-9e4d868@e9026630==org.glassfish.jersey.servlet.ServletContainer,jsp=null,order=0,inst=false,async=true
08:52:20.417 [Thread-24] DEBUG o.e.jetty.servlet.ServletHolder - Servlet.init org.glassfish.jersey.servlet.ServletContainer@29f6c672 for org.glassfish.jersey.servlet.ServletContainer-9e4d868
08:52:20.470 [Thread-24] INFO  o.e.j.server.handler.ContextHandler - Started o.e.j.s.ServletContextHandler@3a530d6f{/,null,AVAILABLE}
08:52:20.470 [Thread-24] DEBUG o.e.j.u.component.AbstractLifeCycle - STARTED @4981ms o.e.j.s.ServletContextHandler@3a530d6f{/,null,AVAILABLE}
08:52:20.471 [Thread-24] DEBUG o.e.j.u.component.AbstractLifeCycle - starting ErrorHandler@2b7e944e{STOPPED}
08:52:20.471 [Thread-24] DEBUG o.e.j.server.handler.AbstractHandler - starting ErrorHandler@2b7e944e{STARTING}
08:52:20.471 [Thread-24] DEBUG o.e.j.u.component.AbstractLifeCycle - STARTED @4982ms ErrorHandler@2b7e944e{STARTED}
08:52:20.471 [Thread-24] DEBUG o.e.j.u.component.AbstractLifeCycle - starting ServerConnector@365023ca{HTTP/1.1,[http/1.1]}{0.0.0.0:8888}
08:52:20.471 [Thread-24] DEBUG o.e.j.u.component.ContainerLifeCycle - ServerConnector@365023ca{HTTP/1.1,[http/1.1]}{0.0.0.0:8888} added {sun.nio.ch.ServerSocketChannelImpl[/0:0:0:0:0:0:0:0:8888],POJO}
08:52:20.471 [Thread-24] DEBUG o.e.j.u.component.AbstractLifeCycle - starting ScheduledExecutorScheduler@5ca2517b{STOPPED}
08:52:20.471 [Thread-24] DEBUG o.e.j.u.component.AbstractLifeCycle - STARTED @4982ms ScheduledExecutorScheduler@5ca2517b{STARTED}
08:52:20.471 [Thread-24] DEBUG o.e.j.u.component.AbstractLifeCycle - starting HttpConnectionFactory@28875558[HTTP/1.1]
08:52:20.471 [Thread-24] DEBUG o.e.j.u.component.AbstractLifeCycle - STARTED @4982ms HttpConnectionFactory@28875558[HTTP/1.1]
08:52:20.471 [Thread-24] DEBUG o.e.j.u.component.AbstractLifeCycle - starting SelectorManager@ServerConnector@365023ca{HTTP/1.1,[http/1.1]}{0.0.0.0:8888}
08:52:20.472 [Thread-24] DEBUG o.e.j.u.component.ContainerLifeCycle - EatWhatYouKill@639b4f1a/SelectorProducer@7ade7cf/IDLE/p=false/QueuedThreadPool[qtp578764328]@227f3e28{STARTED,8<=8<=200,i=8,r=8,q=0}[ReservedThreadExecutor@7acd71e4{s=0/8,p=0}][pc=0,pic=0,pec=0,epc=0]@2019-12-26T08:52:20.472+01:00 added {SelectorProducer@7ade7cf,POJO}
08:52:20.472 [Thread-24] DEBUG o.e.j.u.component.ContainerLifeCycle - EatWhatYouKill@639b4f1a/SelectorProducer@7ade7cf/IDLE/p=false/QueuedThreadPool[qtp578764328]@227f3e28{STARTED,8<=8<=200,i=8,r=8,q=0}[ReservedThreadExecutor@7acd71e4{s=0/8,p=0}][pc=0,pic=0,pec=0,epc=0]@2019-12-26T08:52:20.472+01:00 added {QueuedThreadPool[qtp578764328]@227f3e28{STARTED,8<=8<=200,i=8,r=8,q=0}[ReservedThreadExecutor@7acd71e4{s=0/8,p=0}],UNMANAGED}
08:52:20.472 [Thread-24] DEBUG o.e.j.u.t.strategy.EatWhatYouKill - EatWhatYouKill@639b4f1a/SelectorProducer@7ade7cf/IDLE/p=false/QueuedThreadPool[qtp578764328]@227f3e28{STARTED,8<=8<=200,i=8,r=8,q=0}[ReservedThreadExecutor@7acd71e4{s=0/8,p=0}][pc=0,pic=0,pec=0,epc=0]@2019-12-26T08:52:20.472+01:00 created
08:52:20.472 [Thread-24] DEBUG o.e.j.u.component.ContainerLifeCycle - ManagedSelector@24f75ecc{STOPPED} id=0 keys=-1 selected=-1 updates=0 added {EatWhatYouKill@639b4f1a/SelectorProducer@7ade7cf/IDLE/p=false/QueuedThreadPool[qtp578764328]@227f3e28{STARTED,8<=8<=200,i=8,r=8,q=0}[ReservedThreadExecutor@7acd71e4{s=0/8,p=0}][pc=0,pic=0,pec=0,epc=0]@2019-12-26T08:52:20.472+01:00,MANAGED}
08:52:20.472 [Thread-24] DEBUG o.e.j.u.component.ContainerLifeCycle - SelectorManager@ServerConnector@365023ca{HTTP/1.1,[http/1.1]}{0.0.0.0:8888} added {ManagedSelector@24f75ecc{STOPPED} id=0 keys=-1 selected=-1 updates=0,AUTO}
08:52:20.473 [Thread-24] DEBUG o.e.j.u.component.ContainerLifeCycle - EatWhatYouKill@89b3e2c/SelectorProducer@314153ba/IDLE/p=false/QueuedThreadPool[qtp578764328]@227f3e28{STARTED,8<=8<=200,i=8,r=8,q=0}[ReservedThreadExecutor@7acd71e4{s=0/8,p=0}][pc=0,pic=0,pec=0,epc=0]@2019-12-26T08:52:20.473+01:00 added {SelectorProducer@314153ba,POJO}
08:52:20.473 [Thread-24] DEBUG o.e.j.u.component.ContainerLifeCycle - EatWhatYouKill@89b3e2c/SelectorProducer@314153ba/IDLE/p=false/QueuedThreadPool[qtp578764328]@227f3e28{STARTED,8<=8<=200,i=8,r=8,q=0}[ReservedThreadExecutor@7acd71e4{s=0/8,p=0}][pc=0,pic=0,pec=0,epc=0]@2019-12-26T08:52:20.473+01:00 added {QueuedThreadPool[qtp578764328]@227f3e28{STARTED,8<=8<=200,i=8,r=8,q=0}[ReservedThreadExecutor@7acd71e4{s=0/8,p=0}],UNMANAGED}
08:52:20.473 [Thread-24] DEBUG o.e.j.u.t.strategy.EatWhatYouKill - EatWhatYouKill@89b3e2c/SelectorProducer@314153ba/IDLE/p=false/QueuedThreadPool[qtp578764328]@227f3e28{STARTED,8<=8<=200,i=8,r=8,q=0}[ReservedThreadExecutor@7acd71e4{s=0/8,p=0}][pc=0,pic=0,pec=0,epc=0]@2019-12-26T08:52:20.473+01:00 created
08:52:20.473 [Thread-24] DEBUG o.e.j.u.component.ContainerLifeCycle - ManagedSelector@59ba49c2{STOPPED} id=1 keys=-1 selected=-1 updates=0 added {EatWhatYouKill@89b3e2c/SelectorProducer@314153ba/IDLE/p=false/QueuedThreadPool[qtp578764328]@227f3e28{STARTED,8<=8<=200,i=8,r=8,q=0}[ReservedThreadExecutor@7acd71e4{s=0/8,p=0}][pc=0,pic=0,pec=0,epc=0]@2019-12-26T08:52:20.473+01:00,MANAGED}
08:52:20.473 [Thread-24] DEBUG o.e.j.u.component.ContainerLifeCycle - SelectorManager@ServerConnector@365023ca{HTTP/1.1,[http/1.1]}{0.0.0.0:8888} added {ManagedSelector@59ba49c2{STOPPED} id=1 keys=-1 selected=-1 updates=0,AUTO}
08:52:20.473 [Thread-24] DEBUG o.e.j.u.component.ContainerLifeCycle - EatWhatYouKill@47a56d07/SelectorProducer@169e4181/IDLE/p=false/QueuedThreadPool[qtp578764328]@227f3e28{STARTED,8<=8<=200,i=8,r=8,q=0}[ReservedThreadExecutor@7acd71e4{s=0/8,p=0}][pc=0,pic=0,pec=0,epc=0]@2019-12-26T08:52:20.473+01:00 added {SelectorProducer@169e4181,POJO}
08:52:20.474 [Thread-24] DEBUG o.e.j.u.component.ContainerLifeCycle - EatWhatYouKill@47a56d07/SelectorProducer@169e4181/IDLE/p=false/QueuedThreadPool[qtp578764328]@227f3e28{STARTED,8<=8<=200,i=8,r=8,q=0}[ReservedThreadExecutor@7acd71e4{s=0/8,p=0}][pc=0,pic=0,pec=0,epc=0]@2019-12-26T08:52:20.473+01:00 added {QueuedThreadPool[qtp578764328]@227f3e28{STARTED,8<=8<=200,i=8,r=8,q=0}[ReservedThreadExecutor@7acd71e4{s=0/8,p=0}],UNMANAGED}
08:52:20.474 [Thread-24] DEBUG o.e.j.u.t.strategy.EatWhatYouKill - EatWhatYouKill@47a56d07/SelectorProducer@169e4181/IDLE/p=false/QueuedThreadPool[qtp578764328]@227f3e28{STARTED,8<=8<=200,i=8,r=8,q=0}[ReservedThreadExecutor@7acd71e4{s=0/8,p=0}][pc=0,pic=0,pec=0,epc=0]@2019-12-26T08:52:20.474+01:00 created
08:52:20.474 [Thread-24] DEBUG o.e.j.u.component.ContainerLifeCycle - ManagedSelector@2df90c6b{STOPPED} id=2 keys=-1 selected=-1 updates=0 added {EatWhatYouKill@47a56d07/SelectorProducer@169e4181/IDLE/p=false/QueuedThreadPool[qtp578764328]@227f3e28{STARTED,8<=8<=200,i=8,r=8,q=0}[ReservedThreadExecutor@7acd71e4{s=0/8,p=0}][pc=0,pic=0,pec=0,epc=0]@2019-12-26T08:52:20.474+01:00,MANAGED}
08:52:20.474 [Thread-24] DEBUG o.e.j.u.component.ContainerLifeCycle - SelectorManager@ServerConnector@365023ca{HTTP/1.1,[http/1.1]}{0.0.0.0:8888} added {ManagedSelector@2df90c6b{STOPPED} id=2 keys=-1 selected=-1 updates=0,AUTO}
08:52:20.474 [Thread-24] DEBUG o.e.j.u.component.ContainerLifeCycle - EatWhatYouKill@2606a44f/SelectorProducer@4a2738dd/IDLE/p=false/QueuedThreadPool[qtp578764328]@227f3e28{STARTED,8<=8<=200,i=8,r=8,q=0}[ReservedThreadExecutor@7acd71e4{s=0/8,p=0}][pc=0,pic=0,pec=0,epc=0]@2019-12-26T08:52:20.474+01:00 added {SelectorProducer@4a2738dd,POJO}
08:52:20.474 [Thread-24] DEBUG o.e.j.u.component.ContainerLifeCycle - EatWhatYouKill@2606a44f/SelectorProducer@4a2738dd/IDLE/p=false/QueuedThreadPool[qtp578764328]@227f3e28{STARTED,8<=8<=200,i=8,r=8,q=0}[ReservedThreadExecutor@7acd71e4{s=0/8,p=0}][pc=0,pic=0,pec=0,epc=0]@2019-12-26T08:52:20.474+01:00 added {QueuedThreadPool[qtp578764328]@227f3e28{STARTED,8<=8<=200,i=8,r=8,q=0}[ReservedThreadExecutor@7acd71e4{s=0/8,p=0}],UNMANAGED}
08:52:20.474 [Thread-24] DEBUG o.e.j.u.t.strategy.EatWhatYouKill - EatWhatYouKill@2606a44f/SelectorProducer@4a2738dd/IDLE/p=false/QueuedThreadPool[qtp578764328]@227f3e28{STARTED,8<=8<=200,i=8,r=8,q=0}[ReservedThreadExecutor@7acd71e4{s=0/8,p=0}][pc=0,pic=0,pec=0,epc=0]@2019-12-26T08:52:20.474+01:00 created
08:52:20.475 [Thread-24] DEBUG o.e.j.u.component.ContainerLifeCycle - ManagedSelector@2ed1fa51{STOPPED} id=3 keys=-1 selected=-1 updates=0 added {EatWhatYouKill@2606a44f/SelectorProducer@4a2738dd/IDLE/p=false/QueuedThreadPool[qtp578764328]@227f3e28{STARTED,8<=8<=200,i=8,r=8,q=0}[ReservedThreadExecutor@7acd71e4{s=0/8,p=0}][pc=0,pic=0,pec=0,epc=0]@2019-12-26T08:52:20.475+01:00,MANAGED}
08:52:20.475 [Thread-24] DEBUG o.e.j.u.component.ContainerLifeCycle - SelectorManager@ServerConnector@365023ca{HTTP/1.1,[http/1.1]}{0.0.0.0:8888} added {ManagedSelector@2ed1fa51{STOPPED} id=3 keys=-1 selected=-1 updates=0,AUTO}
08:52:20.475 [Thread-24] DEBUG o.e.j.u.component.AbstractLifeCycle - starting ManagedSelector@24f75ecc{STOPPED} id=0 keys=-1 selected=-1 updates=0
08:52:20.475 [Thread-24] DEBUG o.e.j.u.component.AbstractLifeCycle - starting EatWhatYouKill@639b4f1a/SelectorProducer@7ade7cf/IDLE/p=false/QueuedThreadPool[qtp578764328]@227f3e28{STARTED,8<=8<=200,i=8,r=8,q=0}[ReservedThreadExecutor@7acd71e4{s=0/8,p=0}][pc=0,pic=0,pec=0,epc=0]@2019-12-26T08:52:20.475+01:00
08:52:20.475 [Thread-24] DEBUG o.e.j.u.component.AbstractLifeCycle - STARTED @4986ms EatWhatYouKill@639b4f1a/SelectorProducer@7ade7cf/IDLE/p=false/QueuedThreadPool[qtp578764328]@227f3e28{STARTED,8<=8<=200,i=8,r=8,q=0}[ReservedThreadExecutor@7acd71e4{s=0/8,p=0}][pc=0,pic=0,pec=0,epc=0]@2019-12-26T08:52:20.475+01:00
08:52:20.476 [Thread-24] DEBUG o.e.j.util.thread.QueuedThreadPool - queue org.eclipse.jetty.io.ManagedSelector$$Lambda$217/1330559266@4bae21b4 startThread=0
08:52:20.476 [qtp578764328-41] DEBUG o.e.j.util.thread.QueuedThreadPool - run org.eclipse.jetty.io.ManagedSelector$$Lambda$217/1330559266@4bae21b4 in QueuedThreadPool[qtp578764328]@227f3e28{STARTED,8<=8<=200,i=7,r=8,q=0}[ReservedThreadExecutor@7acd71e4{s=0/8,p=0}]
08:52:20.476 [Thread-24] DEBUG org.eclipse.jetty.io.ManagedSelector - Queued change org.eclipse.jetty.io.ManagedSelector$Start@5899d052 on ManagedSelector@24f75ecc{STARTING} id=0 keys=0 selected=0 updates=0
08:52:20.476 [qtp578764328-41] DEBUG o.e.j.u.t.strategy.EatWhatYouKill - EatWhatYouKill@639b4f1a/SelectorProducer@7ade7cf/IDLE/p=false/QueuedThreadPool[qtp578764328]@227f3e28{STARTED,8<=8<=200,i=7,r=8,q=0}[ReservedThreadExecutor@7acd71e4{s=0/8,p=0}][pc=0,pic=0,pec=0,epc=0]@2019-12-26T08:52:20.476+01:00 tryProduce false
08:52:20.476 [qtp578764328-41] DEBUG org.eclipse.jetty.io.ManagedSelector - updateable 1
08:52:20.476 [qtp578764328-41] DEBUG org.eclipse.jetty.io.ManagedSelector - update org.eclipse.jetty.io.ManagedSelector$Start@5899d052
08:52:20.476 [qtp578764328-41] DEBUG org.eclipse.jetty.io.ManagedSelector - updates 0
08:52:20.476 [qtp578764328-41] DEBUG org.eclipse.jetty.io.ManagedSelector - Selector sun.nio.ch.WindowsSelectorImpl@42cf0abb waiting with 0 keys
08:52:20.477 [Thread-24] DEBUG o.e.j.u.component.AbstractLifeCycle - STARTED @4987ms ManagedSelector@24f75ecc{STARTED} id=0 keys=0 selected=0 updates=0
08:52:20.477 [Thread-24] DEBUG o.e.j.u.component.AbstractLifeCycle - starting ManagedSelector@59ba49c2{STOPPED} id=1 keys=-1 selected=-1 updates=0
08:52:20.477 [Thread-24] DEBUG o.e.j.u.component.AbstractLifeCycle - starting EatWhatYouKill@89b3e2c/SelectorProducer@314153ba/IDLE/p=false/QueuedThreadPool[qtp578764328]@227f3e28{STARTED,8<=8<=200,i=7,r=8,q=0}[ReservedThreadExecutor@7acd71e4{s=0/8,p=0}][pc=0,pic=0,pec=0,epc=0]@2019-12-26T08:52:20.477+01:00
08:52:20.477 [Thread-24] DEBUG o.e.j.u.component.AbstractLifeCycle - STARTED @4988ms EatWhatYouKill@89b3e2c/SelectorProducer@314153ba/IDLE/p=false/QueuedThreadPool[qtp578764328]@227f3e28{STARTED,8<=8<=200,i=7,r=8,q=0}[ReservedThreadExecutor@7acd71e4{s=0/8,p=0}][pc=0,pic=0,pec=0,epc=0]@2019-12-26T08:52:20.477+01:00
08:52:20.478 [Thread-24] DEBUG o.e.j.util.thread.QueuedThreadPool - queue org.eclipse.jetty.io.ManagedSelector$$Lambda$217/1330559266@2b8bea4c startThread=0
08:52:20.478 [qtp578764328-42] DEBUG o.e.j.util.thread.QueuedThreadPool - run org.eclipse.jetty.io.ManagedSelector$$Lambda$217/1330559266@2b8bea4c in QueuedThreadPool[qtp578764328]@227f3e28{STARTED,8<=8<=200,i=6,r=8,q=0}[ReservedThreadExecutor@7acd71e4{s=0/8,p=0}]
08:52:20.478 [Thread-24] DEBUG org.eclipse.jetty.io.ManagedSelector - Queued change org.eclipse.jetty.io.ManagedSelector$Start@aa98e1e on ManagedSelector@59ba49c2{STARTING} id=1 keys=0 selected=0 updates=0
08:52:20.478 [qtp578764328-42] DEBUG o.e.j.u.t.strategy.EatWhatYouKill - EatWhatYouKill@89b3e2c/SelectorProducer@314153ba/IDLE/p=false/QueuedThreadPool[qtp578764328]@227f3e28{STARTED,8<=8<=200,i=6,r=8,q=0}[ReservedThreadExecutor@7acd71e4{s=0/8,p=0}][pc=0,pic=0,pec=0,epc=0]@2019-12-26T08:52:20.478+01:00 tryProduce false
08:52:20.478 [qtp578764328-42] DEBUG org.eclipse.jetty.io.ManagedSelector - updateable 1
08:52:20.478 [qtp578764328-42] DEBUG org.eclipse.jetty.io.ManagedSelector - update org.eclipse.jetty.io.ManagedSelector$Start@aa98e1e
08:52:20.478 [qtp578764328-42] DEBUG org.eclipse.jetty.io.ManagedSelector - updates 0
08:52:20.478 [qtp578764328-42] DEBUG org.eclipse.jetty.io.ManagedSelector - Selector sun.nio.ch.WindowsSelectorImpl@2acbf4a7 waiting with 0 keys
08:52:20.478 [Thread-24] DEBUG o.e.j.u.component.AbstractLifeCycle - STARTED @4989ms ManagedSelector@59ba49c2{STARTED} id=1 keys=0 selected=0 updates=0
08:52:20.478 [Thread-24] DEBUG o.e.j.u.component.AbstractLifeCycle - starting ManagedSelector@2df90c6b{STOPPED} id=2 keys=-1 selected=-1 updates=0
08:52:20.478 [Thread-24] DEBUG o.e.j.u.component.AbstractLifeCycle - starting EatWhatYouKill@47a56d07/SelectorProducer@169e4181/IDLE/p=false/QueuedThreadPool[qtp578764328]@227f3e28{STARTED,8<=8<=200,i=6,r=8,q=0}[ReservedThreadExecutor@7acd71e4{s=0/8,p=0}][pc=0,pic=0,pec=0,epc=0]@2019-12-26T08:52:20.478+01:00
08:52:20.478 [Thread-24] DEBUG o.e.j.u.component.AbstractLifeCycle - STARTED @4989ms EatWhatYouKill@47a56d07/SelectorProducer@169e4181/IDLE/p=false/QueuedThreadPool[qtp578764328]@227f3e28{STARTED,8<=8<=200,i=6,r=8,q=0}[ReservedThreadExecutor@7acd71e4{s=0/8,p=0}][pc=0,pic=0,pec=0,epc=0]@2019-12-26T08:52:20.478+01:00
08:52:20.479 [Thread-24] DEBUG o.e.j.util.thread.QueuedThreadPool - queue org.eclipse.jetty.io.ManagedSelector$$Lambda$217/1330559266@3030bd7e startThread=0
08:52:20.479 [qtp578764328-43] DEBUG o.e.j.util.thread.QueuedThreadPool - run org.eclipse.jetty.io.ManagedSelector$$Lambda$217/1330559266@3030bd7e in QueuedThreadPool[qtp578764328]@227f3e28{STARTED,8<=8<=200,i=5,r=8,q=0}[ReservedThreadExecutor@7acd71e4{s=0/8,p=0}]
08:52:20.479 [Thread-24] DEBUG org.eclipse.jetty.io.ManagedSelector - Queued change org.eclipse.jetty.io.ManagedSelector$Start@26bdf06a on ManagedSelector@2df90c6b{STARTING} id=2 keys=0 selected=0 updates=0
08:52:20.480 [qtp578764328-43] DEBUG o.e.j.u.t.strategy.EatWhatYouKill - EatWhatYouKill@47a56d07/SelectorProducer@169e4181/IDLE/p=false/QueuedThreadPool[qtp578764328]@227f3e28{STARTED,8<=8<=200,i=5,r=8,q=0}[ReservedThreadExecutor@7acd71e4{s=0/8,p=0}][pc=0,pic=0,pec=0,epc=0]@2019-12-26T08:52:20.479+01:00 tryProduce false
08:52:20.480 [qtp578764328-43] DEBUG org.eclipse.jetty.io.ManagedSelector - updateable 1
08:52:20.480 [qtp578764328-43] DEBUG org.eclipse.jetty.io.ManagedSelector - update org.eclipse.jetty.io.ManagedSelector$Start@26bdf06a
08:52:20.480 [qtp578764328-43] DEBUG org.eclipse.jetty.io.ManagedSelector - updates 0
08:52:20.480 [Thread-24] DEBUG o.e.j.u.component.AbstractLifeCycle - STARTED @4991ms ManagedSelector@2df90c6b{STARTED} id=2 keys=0 selected=0 updates=0
08:52:20.480 [qtp578764328-43] DEBUG org.eclipse.jetty.io.ManagedSelector - Selector sun.nio.ch.WindowsSelectorImpl@2805467c waiting with 0 keys
08:52:20.480 [Thread-24] DEBUG o.e.j.u.component.AbstractLifeCycle - starting ManagedSelector@2ed1fa51{STOPPED} id=3 keys=-1 selected=-1 updates=0
08:52:20.480 [Thread-24] DEBUG o.e.j.u.component.AbstractLifeCycle - starting EatWhatYouKill@2606a44f/SelectorProducer@4a2738dd/IDLE/p=false/QueuedThreadPool[qtp578764328]@227f3e28{STARTED,8<=8<=200,i=5,r=8,q=0}[ReservedThreadExecutor@7acd71e4{s=0/8,p=0}][pc=0,pic=0,pec=0,epc=0]@2019-12-26T08:52:20.48+01:00
08:52:20.480 [Thread-24] DEBUG o.e.j.u.component.AbstractLifeCycle - STARTED @4991ms EatWhatYouKill@2606a44f/SelectorProducer@4a2738dd/IDLE/p=false/QueuedThreadPool[qtp578764328]@227f3e28{STARTED,8<=8<=200,i=5,r=8,q=0}[ReservedThreadExecutor@7acd71e4{s=0/8,p=0}][pc=0,pic=0,pec=0,epc=0]@2019-12-26T08:52:20.48+01:00
08:52:20.481 [Thread-24] DEBUG o.e.j.util.thread.QueuedThreadPool - queue org.eclipse.jetty.io.ManagedSelector$$Lambda$217/1330559266@5290a77b startThread=0
08:52:20.481 [qtp578764328-44] DEBUG o.e.j.util.thread.QueuedThreadPool - run org.eclipse.jetty.io.ManagedSelector$$Lambda$217/1330559266@5290a77b in QueuedThreadPool[qtp578764328]@227f3e28{STARTED,8<=8<=200,i=4,r=8,q=0}[ReservedThreadExecutor@7acd71e4{s=0/8,p=0}]
08:52:20.481 [Thread-24] DEBUG org.eclipse.jetty.io.ManagedSelector - Queued change org.eclipse.jetty.io.ManagedSelector$Start@148f1a49 on ManagedSelector@2ed1fa51{STARTING} id=3 keys=0 selected=0 updates=0
08:52:20.481 [qtp578764328-44] DEBUG o.e.j.u.t.strategy.EatWhatYouKill - EatWhatYouKill@2606a44f/SelectorProducer@4a2738dd/IDLE/p=false/QueuedThreadPool[qtp578764328]@227f3e28{STARTED,8<=8<=200,i=4,r=8,q=0}[ReservedThreadExecutor@7acd71e4{s=0/8,p=0}][pc=0,pic=0,pec=0,epc=0]@2019-12-26T08:52:20.481+01:00 tryProduce false
08:52:20.481 [qtp578764328-44] DEBUG org.eclipse.jetty.io.ManagedSelector - updateable 1
08:52:20.481 [qtp578764328-44] DEBUG org.eclipse.jetty.io.ManagedSelector - update org.eclipse.jetty.io.ManagedSelector$Start@148f1a49
08:52:20.481 [qtp578764328-44] DEBUG org.eclipse.jetty.io.ManagedSelector - updates 0
08:52:20.481 [qtp578764328-44] DEBUG org.eclipse.jetty.io.ManagedSelector - Selector sun.nio.ch.WindowsSelectorImpl@56a408e5 waiting with 0 keys
08:52:20.481 [Thread-24] DEBUG o.e.j.u.component.AbstractLifeCycle - STARTED @4992ms ManagedSelector@2ed1fa51{STARTED} id=3 keys=0 selected=0 updates=0
08:52:20.481 [Thread-24] DEBUG o.e.j.u.component.AbstractLifeCycle - STARTED @4992ms SelectorManager@ServerConnector@365023ca{HTTP/1.1,[http/1.1]}{0.0.0.0:8888}
08:52:20.482 [Thread-24] DEBUG o.e.j.u.component.ContainerLifeCycle - ServerConnector@365023ca{HTTP/1.1,[http/1.1]}{0.0.0.0:8888} added {acceptor-0@21618eeb,POJO}
08:52:20.482 [Thread-24] DEBUG o.e.j.util.thread.QueuedThreadPool - queue acceptor-0@21618eeb startThread=0
08:52:20.482 [Thread-24] INFO  o.e.jetty.server.AbstractConnector - Started ServerConnector@365023ca{HTTP/1.1,[http/1.1]}{0.0.0.0:8888}
08:52:20.482 [Thread-24] DEBUG o.e.j.u.component.AbstractLifeCycle - STARTED @4992ms ServerConnector@365023ca{HTTP/1.1,[http/1.1]}{0.0.0.0:8888}
08:52:20.482 [Thread-24] INFO  org.eclipse.jetty.server.Server - Started @4993ms
08:52:20.482 [qtp578764328-45] DEBUG o.e.j.util.thread.QueuedThreadPool - run acceptor-0@21618eeb in QueuedThreadPool[qtp578764328]@227f3e28{STARTED,8<=8<=200,i=3,r=8,q=0}[ReservedThreadExecutor@7acd71e4{s=0/8,p=0}]
08:52:20.482 [Thread-24] DEBUG o.e.j.u.component.AbstractLifeCycle - STARTED @4993ms Server@2cb8d417{STARTED}[9.4.25.v20191220]
08:52:20.484 [Test worker] DEBUG o.a.h.c.protocol.RequestAddCookies - CookieSpec selected: default
08:52:20.484 [Test worker] DEBUG o.a.h.c.protocol.RequestAuthCache - Auth cache not set in the context
08:52:20.484 [Test worker] DEBUG o.a.h.i.c.PoolingHttpClientConnectionManager - Connection request: [route: {}->http://localhost:8888][total kept alive: 0; route allocated: 0 of 2; total allocated: 0 of 20]
08:52:20.484 [Test worker] DEBUG o.a.h.i.c.PoolingHttpClientConnectionManager - Connection leased: [id: 2][route: {}->http://localhost:8888][total kept alive: 0; route allocated: 1 of 2; total allocated: 1 of 20]
08:52:20.484 [Test worker] DEBUG o.a.h.impl.execchain.MainClientExec - Opening connection {}->http://localhost:8888
08:52:20.484 [Test worker] DEBUG o.a.h.i.c.DefaultHttpClientConnectionOperator - Connecting to localhost/127.0.0.1:8888
08:52:20.485 [Test worker] DEBUG o.a.h.i.c.DefaultHttpClientConnectionOperator - Connection established 127.0.0.1:57999<->127.0.0.1:8888
08:52:20.485 [Test worker] DEBUG o.a.h.impl.execchain.MainClientExec - Executing request POST /transaction HTTP/1.1
08:52:20.485 [Test worker] DEBUG o.a.h.impl.execchain.MainClientExec - Target auth state: UNCHALLENGED
08:52:20.485 [Test worker] DEBUG o.a.h.impl.execchain.MainClientExec - Proxy auth state: UNCHALLENGED
08:52:20.485 [qtp578764328-45-acceptor-0@21618eeb-ServerConnector@365023ca{HTTP/1.1,[http/1.1]}{0.0.0.0:8888}] DEBUG org.eclipse.jetty.io.ManagedSelector - Queued change org.eclipse.jetty.io.ManagedSelector$Accept@5710fe00 on ManagedSelector@59ba49c2{STARTED} id=1 keys=0 selected=0 updates=0
08:52:20.485 [qtp578764328-45-acceptor-0@21618eeb-ServerConnector@365023ca{HTTP/1.1,[http/1.1]}{0.0.0.0:8888}] DEBUG org.eclipse.jetty.io.ManagedSelector - Wakeup on submit ManagedSelector@59ba49c2{STARTED} id=1 keys=0 selected=0 updates=1
08:52:20.485 [Test worker] DEBUG org.apache.http.headers - http-outgoing-2 >> POST /transaction HTTP/1.1
08:52:20.485 [Test worker] DEBUG org.apache.http.headers - http-outgoing-2 >> Content-Length: 0
08:52:20.485 [qtp578764328-42] DEBUG org.eclipse.jetty.io.ManagedSelector - Selector sun.nio.ch.WindowsSelectorImpl@2acbf4a7 woken with none selected
08:52:20.485 [Test worker] DEBUG org.apache.http.headers - http-outgoing-2 >> Host: localhost:8888
08:52:20.485 [qtp578764328-42] DEBUG org.eclipse.jetty.io.ManagedSelector - Selector sun.nio.ch.WindowsSelectorImpl@2acbf4a7 woken up from select, 0/0/0 selected
08:52:20.485 [Test worker] DEBUG org.apache.http.headers - http-outgoing-2 >> Connection: Keep-Alive
08:52:20.485 [qtp578764328-42] DEBUG org.eclipse.jetty.io.ManagedSelector - Selector sun.nio.ch.WindowsSelectorImpl@2acbf4a7 processing 0 keys, 1 updates
08:52:20.485 [Test worker] DEBUG org.apache.http.headers - http-outgoing-2 >> User-Agent: Apache-HttpClient/4.5.10 (Java/1.8.0_211)
08:52:20.485 [qtp578764328-42] DEBUG org.eclipse.jetty.io.ManagedSelector - updateable 1
08:52:20.485 [Test worker] DEBUG org.apache.http.headers - http-outgoing-2 >> Accept-Encoding: gzip,deflate
08:52:20.485 [qtp578764328-42] DEBUG org.eclipse.jetty.io.ManagedSelector - update org.eclipse.jetty.io.ManagedSelector$Accept@5710fe00
08:52:20.485 [Test worker] DEBUG org.apache.http.wire - http-outgoing-2 >> "POST /transaction HTTP/1.1[\r][\n]"
08:52:20.485 [Test worker] DEBUG org.apache.http.wire - http-outgoing-2 >> "Content-Length: 0[\r][\n]"
08:52:20.485 [Test worker] DEBUG org.apache.http.wire - http-outgoing-2 >> "Host: localhost:8888[\r][\n]"
08:52:20.485 [qtp578764328-42] DEBUG o.e.j.util.thread.QueuedThreadPool - queue org.eclipse.jetty.io.ManagedSelector$Accept@5710fe00 startThread=0
08:52:20.485 [qtp578764328-42] DEBUG org.eclipse.jetty.io.ManagedSelector - updates 0
08:52:20.485 [Test worker] DEBUG org.apache.http.wire - http-outgoing-2 >> "Connection: Keep-Alive[\r][\n]"
08:52:20.486 [qtp578764328-42] DEBUG org.eclipse.jetty.io.ManagedSelector - Selector sun.nio.ch.WindowsSelectorImpl@2acbf4a7 waiting with 1 keys
08:52:20.486 [Test worker] DEBUG org.apache.http.wire - http-outgoing-2 >> "User-Agent: Apache-HttpClient/4.5.10 (Java/1.8.0_211)[\r][\n]"
08:52:20.486 [qtp578764328-46] DEBUG o.e.j.util.thread.QueuedThreadPool - run org.eclipse.jetty.io.ManagedSelector$Accept@5710fe00 in QueuedThreadPool[qtp578764328]@227f3e28{STARTED,8<=8<=200,i=2,r=8,q=0}[ReservedThreadExecutor@7acd71e4{s=0/8,p=0}]
08:52:20.486 [Test worker] DEBUG org.apache.http.wire - http-outgoing-2 >> "Accept-Encoding: gzip,deflate[\r][\n]"
08:52:20.486 [Test worker] DEBUG org.apache.http.wire - http-outgoing-2 >> "[\r][\n]"
08:52:20.486 [qtp578764328-46] DEBUG org.eclipse.jetty.io.IdleTimeout - SocketChannelEndPoint@70c67136{/127.0.0.1:57999<->/127.0.0.1:8888,OPEN,fill=-,flush=-,to=0/30000}{io=0/0,kio=0,kro=0}-><null> idle timeout check, elapsed: 0 ms, remaining: 30000 ms
08:52:20.487 [qtp578764328-46] DEBUG org.eclipse.jetty.server.HttpChannel - new HttpChannelOverHttp@7a3e1a46{s=HttpChannelState@3f3c9b65{s=IDLE rs=BLOCKING os=OPEN is=IDLE awp=false se=false i=true al=0},r=0,c=false/false,a=IDLE,uri=null,age=0} -> SocketChannelEndPoint@70c67136{/127.0.0.1:57999<->/127.0.0.1:8888,OPEN,fill=-,flush=-,to=0/30000}{io=0/0,kio=0,kro=0}-><null>,null,HttpChannelState@3f3c9b65{s=IDLE rs=BLOCKING os=OPEN is=IDLE awp=false se=false i=true al=0}
08:52:20.487 [qtp578764328-46] DEBUG o.e.jetty.server.HttpConnection - New HTTP Connection HttpConnection@7cb01275::SocketChannelEndPoint@70c67136{/127.0.0.1:57999<->/127.0.0.1:8888,OPEN,fill=-,flush=-,to=1/30000}{io=0/0,kio=0,kro=0}-><null>
08:52:20.487 [qtp578764328-46] DEBUG o.eclipse.jetty.io.AbstractEndPoint - onOpen SocketChannelEndPoint@70c67136{/127.0.0.1:57999<->/127.0.0.1:8888,OPEN,fill=-,flush=-,to=1/30000}{io=0/0,kio=0,kro=0}->HttpConnection@7cb01275[p=HttpParser{s=START,0 of -1},g=HttpGenerator@e49e7dc{s=START}]=>HttpChannelOverHttp@7a3e1a46{s=HttpChannelState@3f3c9b65{s=IDLE rs=BLOCKING os=OPEN is=IDLE awp=false se=false i=true al=0},r=0,c=false/false,a=IDLE,uri=null,age=0}
08:52:20.487 [qtp578764328-46] DEBUG o.e.jetty.io.AbstractConnection - onOpen HttpConnection@7cb01275::SocketChannelEndPoint@70c67136{/127.0.0.1:57999<->/127.0.0.1:8888,OPEN,fill=-,flush=-,to=1/30000}{io=0/0,kio=0,kro=0}->HttpConnection@7cb01275[p=HttpParser{s=START,0 of -1},g=HttpGenerator@e49e7dc{s=START}]=>HttpChannelOverHttp@7a3e1a46{s=HttpChannelState@3f3c9b65{s=IDLE rs=BLOCKING os=OPEN is=IDLE awp=false se=false i=true al=0},r=0,c=false/false,a=IDLE,uri=null,age=0}
08:52:20.487 [qtp578764328-46] DEBUG o.e.jetty.io.AbstractConnection - fillInterested HttpConnection@7cb01275::SocketChannelEndPoint@70c67136{/127.0.0.1:57999<->/127.0.0.1:8888,OPEN,fill=-,flush=-,to=1/30000}{io=0/0,kio=0,kro=0}->HttpConnection@7cb01275[p=HttpParser{s=START,0 of -1},g=HttpGenerator@e49e7dc{s=START}]=>HttpChannelOverHttp@7a3e1a46{s=HttpChannelState@3f3c9b65{s=IDLE rs=BLOCKING os=OPEN is=IDLE awp=false se=false i=true al=0},r=0,c=false/false,a=IDLE,uri=null,age=0}
08:52:20.488 [qtp578764328-46] DEBUG org.eclipse.jetty.io.FillInterest - interested FillInterest@42f3079{AC.ReadCB@7cb01275{HttpConnection@7cb01275::SocketChannelEndPoint@70c67136{/127.0.0.1:57999<->/127.0.0.1:8888,OPEN,fill=FI,flush=-,to=0/30000}{io=0/0,kio=0,kro=0}->HttpConnection@7cb01275[p=HttpParser{s=START,0 of -1},g=HttpGenerator@e49e7dc{s=START}]=>HttpChannelOverHttp@7a3e1a46{s=HttpChannelState@3f3c9b65{s=IDLE rs=BLOCKING os=OPEN is=IDLE awp=false se=false i=true al=0},r=0,c=false/false,a=IDLE,uri=null,age=0}}}
08:52:20.488 [qtp578764328-46] DEBUG org.eclipse.jetty.io.ChannelEndPoint - changeInterests p=false 0->1 for SocketChannelEndPoint@70c67136{/127.0.0.1:57999<->/127.0.0.1:8888,OPEN,fill=FI,flush=-,to=0/30000}{io=0/1,kio=0,kro=0}->HttpConnection@7cb01275[p=HttpParser{s=START,0 of -1},g=HttpGenerator@e49e7dc{s=START}]=>HttpChannelOverHttp@7a3e1a46{s=HttpChannelState@3f3c9b65{s=IDLE rs=BLOCKING os=OPEN is=IDLE awp=false se=false i=true al=0},r=0,c=false/false,a=IDLE,uri=null,age=0}
08:52:20.488 [qtp578764328-46] DEBUG org.eclipse.jetty.io.ManagedSelector - Queued change org.eclipse.jetty.io.ChannelEndPoint$1@5f13642a on ManagedSelector@59ba49c2{STARTED} id=1 keys=1 selected=0 updates=0
08:52:20.488 [qtp578764328-46] DEBUG org.eclipse.jetty.io.ManagedSelector - Wakeup on submit ManagedSelector@59ba49c2{STARTED} id=1 keys=1 selected=0 updates=1
08:52:20.488 [qtp578764328-42] DEBUG org.eclipse.jetty.io.ManagedSelector - Selector sun.nio.ch.WindowsSelectorImpl@2acbf4a7 woken with none selected
08:52:20.488 [qtp578764328-42] DEBUG org.eclipse.jetty.io.ManagedSelector - Selector sun.nio.ch.WindowsSelectorImpl@2acbf4a7 woken up from select, 0/0/1 selected
08:52:20.488 [qtp578764328-42] DEBUG org.eclipse.jetty.io.ManagedSelector - Selector sun.nio.ch.WindowsSelectorImpl@2acbf4a7 processing 0 keys, 1 updates
08:52:20.488 [qtp578764328-46] DEBUG org.eclipse.jetty.io.ManagedSelector - Created SocketChannelEndPoint@70c67136{/127.0.0.1:57999<->/127.0.0.1:8888,OPEN,fill=FI,flush=-,to=0/30000}{io=0/1,kio=0,kro=0}->HttpConnection@7cb01275[p=HttpParser{s=START,0 of -1},g=HttpGenerator@e49e7dc{s=START}]=>HttpChannelOverHttp@7a3e1a46{s=HttpChannelState@3f3c9b65{s=IDLE rs=BLOCKING os=OPEN is=IDLE awp=false se=false i=true al=0},r=0,c=false/false,a=IDLE,uri=null,age=0}
08:52:20.488 [qtp578764328-42] DEBUG org.eclipse.jetty.io.ManagedSelector - updateable 1
08:52:20.488 [qtp578764328-42] DEBUG org.eclipse.jetty.io.ManagedSelector - update org.eclipse.jetty.io.ChannelEndPoint$1@5f13642a
08:52:20.488 [qtp578764328-46] DEBUG o.e.j.util.thread.QueuedThreadPool - ran org.eclipse.jetty.io.ManagedSelector$Accept@5710fe00 in QueuedThreadPool[qtp578764328]@227f3e28{STARTED,8<=8<=200,i=2,r=8,q=0}[ReservedThreadExecutor@7acd71e4{s=0/8,p=0}]
08:52:20.488 [qtp578764328-42] DEBUG org.eclipse.jetty.io.ChannelEndPoint - Key interests updated 0 -> 1 on SocketChannelEndPoint@70c67136{/127.0.0.1:57999<->/127.0.0.1:8888,OPEN,fill=FI,flush=-,to=0/30000}{io=1/1,kio=1,kro=0}->HttpConnection@7cb01275[p=HttpParser{s=START,0 of -1},g=HttpGenerator@e49e7dc{s=START}]=>HttpChannelOverHttp@7a3e1a46{s=HttpChannelState@3f3c9b65{s=IDLE rs=BLOCKING os=OPEN is=IDLE awp=false se=false i=true al=0},r=0,c=false/false,a=IDLE,uri=null,age=0}
08:52:20.488 [qtp578764328-42] DEBUG org.eclipse.jetty.io.ManagedSelector - updates 0
08:52:20.488 [qtp578764328-42] DEBUG org.eclipse.jetty.io.ManagedSelector - Selector sun.nio.ch.WindowsSelectorImpl@2acbf4a7 waiting with 1 keys
08:52:20.488 [qtp578764328-42] DEBUG org.eclipse.jetty.io.ManagedSelector - Selector sun.nio.ch.WindowsSelectorImpl@2acbf4a7 woken up from select, 1/1/1 selected
08:52:20.488 [qtp578764328-42] DEBUG org.eclipse.jetty.io.ManagedSelector - Selector sun.nio.ch.WindowsSelectorImpl@2acbf4a7 processing 1 keys, 0 updates
08:52:20.488 [qtp578764328-42] DEBUG org.eclipse.jetty.io.ManagedSelector - selected 1 sun.nio.ch.SelectionKeyImpl@240c1f8e SocketChannelEndPoint@70c67136{/127.0.0.1:57999<->/127.0.0.1:8888,OPEN,fill=FI,flush=-,to=0/30000}{io=1/1,kio=1,kro=1}->HttpConnection@7cb01275[p=HttpParser{s=START,0 of -1},g=HttpGenerator@e49e7dc{s=START}]=>HttpChannelOverHttp@7a3e1a46{s=HttpChannelState@3f3c9b65{s=IDLE rs=BLOCKING os=OPEN is=IDLE awp=false se=false i=true al=0},r=0,c=false/false,a=IDLE,uri=null,age=0} 
08:52:20.489 [qtp578764328-42] DEBUG org.eclipse.jetty.io.ChannelEndPoint - onSelected 1->0 r=true w=false for SocketChannelEndPoint@70c67136{/127.0.0.1:57999<->/127.0.0.1:8888,OPEN,fill=FI,flush=-,to=1/30000}{io=1/0,kio=1,kro=1}->HttpConnection@7cb01275[p=HttpParser{s=START,0 of -1},g=HttpGenerator@e49e7dc{s=START}]=>HttpChannelOverHttp@7a3e1a46{s=HttpChannelState@3f3c9b65{s=IDLE rs=BLOCKING os=OPEN is=IDLE awp=false se=false i=true al=0},r=0,c=false/false,a=IDLE,uri=null,age=0}
08:52:20.489 [qtp578764328-42] DEBUG org.eclipse.jetty.io.ChannelEndPoint - task CEP:SocketChannelEndPoint@70c67136{/127.0.0.1:57999<->/127.0.0.1:8888,OPEN,fill=FI,flush=-,to=1/30000}{io=1/0,kio=1,kro=1}->HttpConnection@7cb01275[p=HttpParser{s=START,0 of -1},g=HttpGenerator@e49e7dc{s=START}]=>HttpChannelOverHttp@7a3e1a46{s=HttpChannelState@3f3c9b65{s=IDLE rs=BLOCKING os=OPEN is=IDLE awp=false se=false i=true al=0},r=0,c=false/false,a=IDLE,uri=null,age=0}:runFillable:BLOCKING
08:52:20.489 [qtp578764328-42] DEBUG o.e.j.u.t.ReservedThreadExecutor - ReservedThreadExecutor@7acd71e4{s=0/8,p=0} tryExecute EatWhatYouKill@89b3e2c/SelectorProducer@314153ba/PRODUCING/p=false/QueuedThreadPool[qtp578764328]@227f3e28{STARTED,8<=8<=200,i=3,r=8,q=0}[ReservedThreadExecutor@7acd71e4{s=0/8,p=0}][pc=0,pic=0,pec=0,epc=0]@2019-12-26T08:52:20.489+01:00
08:52:20.489 [qtp578764328-42] DEBUG o.e.j.u.t.ReservedThreadExecutor - ReservedThreadExecutor@7acd71e4{s=0/8,p=1} startReservedThread p=1
08:52:20.489 [qtp578764328-42] DEBUG o.e.j.util.thread.QueuedThreadPool - queue ReservedThreadExecutor@7acd71e4{s=0/8,p=1}@20339fd7 startThread=0
08:52:20.489 [qtp578764328-47] DEBUG o.e.j.util.thread.QueuedThreadPool - run ReservedThreadExecutor@7acd71e4{s=0/8,p=1}@20339fd7 in QueuedThreadPool[qtp578764328]@227f3e28{STARTED,8<=8<=200,i=2,r=8,q=0}[ReservedThreadExecutor@7acd71e4{s=0/8,p=1}]
08:52:20.489 [qtp578764328-47] DEBUG o.e.j.u.t.ReservedThreadExecutor - ReservedThreadExecutor@7acd71e4{s=1/8,p=1}@20339fd7 started
08:52:20.489 [qtp578764328-47] DEBUG o.e.j.u.t.ReservedThreadExecutor - ReservedThreadExecutor@7acd71e4{s=1/8,p=0}@20339fd7 waiting
08:52:20.489 [qtp578764328-42] DEBUG o.e.j.u.t.strategy.EatWhatYouKill - EatWhatYouKill@89b3e2c/SelectorProducer@314153ba/PRODUCING/p=false/QueuedThreadPool[qtp578764328]@227f3e28{STARTED,8<=8<=200,i=2,r=8,q=0}[ReservedThreadExecutor@7acd71e4{s=0/8,p=1}][pc=0,pic=0,pec=0,epc=0]@2019-12-26T08:52:20.489+01:00 m=PRODUCE_EXECUTE_CONSUME t=CEP:SocketChannelEndPoint@70c67136{/127.0.0.1:57999<->/127.0.0.1:8888,OPEN,fill=FI,flush=-,to=1/30000}{io=1/0,kio=1,kro=1}->HttpConnection@7cb01275[p=HttpParser{s=START,0 of -1},g=HttpGenerator@e49e7dc{s=START}]=>HttpChannelOverHttp@7a3e1a46{s=HttpChannelState@3f3c9b65{s=IDLE rs=BLOCKING os=OPEN is=IDLE awp=false se=false i=true al=0},r=0,c=false/false,a=IDLE,uri=null,age=0}:runFillable:BLOCKING/BLOCKING
08:52:20.489 [qtp578764328-42] DEBUG o.e.j.util.thread.QueuedThreadPool - queue CEP:SocketChannelEndPoint@70c67136{/127.0.0.1:57999<->/127.0.0.1:8888,OPEN,fill=FI,flush=-,to=1/30000}{io=1/0,kio=1,kro=1}->HttpConnection@7cb01275[p=HttpParser{s=START,0 of -1},g=HttpGenerator@e49e7dc{s=START}]=>HttpChannelOverHttp@7a3e1a46{s=HttpChannelState@3f3c9b65{s=IDLE rs=BLOCKING os=OPEN is=IDLE awp=false se=false i=true al=0},r=0,c=false/false,a=IDLE,uri=null,age=0}:runFillable:BLOCKING startThread=0
08:52:20.489 [qtp578764328-42] DEBUG org.eclipse.jetty.io.ManagedSelector - updateable 0
08:52:20.489 [qtp578764328-42] DEBUG org.eclipse.jetty.io.ManagedSelector - updates 0
08:52:20.489 [qtp578764328-48] DEBUG o.e.j.util.thread.QueuedThreadPool - run CEP:SocketChannelEndPoint@70c67136{/127.0.0.1:57999<->/127.0.0.1:8888,OPEN,fill=FI,flush=-,to=1/30000}{io=1/0,kio=1,kro=1}->HttpConnection@7cb01275[p=HttpParser{s=START,0 of -1},g=HttpGenerator@e49e7dc{s=START}]=>HttpChannelOverHttp@7a3e1a46{s=HttpChannelState@3f3c9b65{s=IDLE rs=BLOCKING os=OPEN is=IDLE awp=false se=false i=true al=0},r=0,c=false/false,a=IDLE,uri=null,age=0}:runFillable:BLOCKING in QueuedThreadPool[qtp578764328]@227f3e28{STARTED,8<=8<=200,i=1,r=8,q=0}[ReservedThreadExecutor@7acd71e4{s=1/8,p=0}]
08:52:20.490 [qtp578764328-42] DEBUG org.eclipse.jetty.io.ChannelEndPoint - Key interests updated 1 -> 0 on SocketChannelEndPoint@70c67136{/127.0.0.1:57999<->/127.0.0.1:8888,OPEN,fill=FI,flush=-,to=1/30000}{io=0/0,kio=0,kro=1}->HttpConnection@7cb01275[p=HttpParser{s=START,0 of -1},g=HttpGenerator@e49e7dc{s=START}]=>HttpChannelOverHttp@7a3e1a46{s=HttpChannelState@3f3c9b65{s=IDLE rs=BLOCKING os=OPEN is=IDLE awp=false se=false i=true al=0},r=0,c=false/false,a=IDLE,uri=null,age=0}
08:52:20.490 [qtp578764328-42] DEBUG org.eclipse.jetty.io.ManagedSelector - Selector sun.nio.ch.WindowsSelectorImpl@2acbf4a7 waiting with 1 keys
08:52:20.490 [qtp578764328-48] DEBUG org.eclipse.jetty.io.FillInterest - fillable FillInterest@42f3079{AC.ReadCB@7cb01275{HttpConnection@7cb01275::SocketChannelEndPoint@70c67136{/127.0.0.1:57999<->/127.0.0.1:8888,OPEN,fill=FI,flush=-,to=2/30000}{io=0/0,kio=0,kro=1}->HttpConnection@7cb01275[p=HttpParser{s=START,0 of -1},g=HttpGenerator@e49e7dc{s=START}]=>HttpChannelOverHttp@7a3e1a46{s=HttpChannelState@3f3c9b65{s=IDLE rs=BLOCKING os=OPEN is=IDLE awp=false se=false i=true al=0},r=0,c=false/false,a=IDLE,uri=null,age=0}}}
08:52:20.490 [qtp578764328-48] DEBUG o.e.jetty.server.HttpConnection - HttpConnection@7cb01275::SocketChannelEndPoint@70c67136{/127.0.0.1:57999<->/127.0.0.1:8888,OPEN,fill=-,flush=-,to=2/30000}{io=0/0,kio=0,kro=1}->HttpConnection@7cb01275[p=HttpParser{s=START,0 of -1},g=HttpGenerator@e49e7dc{s=START}]=>HttpChannelOverHttp@7a3e1a46{s=HttpChannelState@3f3c9b65{s=IDLE rs=BLOCKING os=OPEN is=IDLE awp=false se=false i=true al=0},r=0,c=false/false,a=IDLE,uri=null,age=0} onFillable enter HttpChannelState@3f3c9b65{s=IDLE rs=BLOCKING os=OPEN is=IDLE awp=false se=false i=true al=0} null
08:52:20.490 [qtp578764328-48] DEBUG org.eclipse.jetty.io.ChannelEndPoint - filled 181 HeapByteBuffer@73258452[p=0,l=181,c=8192,r=181]={<<<POST /transaction HTTP/1....oding: gzip,deflate\r\n\r\n>>>\x00\x00\x00\x00\x00\x00\x00\x00\x00...\x00\x00\x00\x00\x00\x00\x00}
08:52:20.490 [qtp578764328-48] DEBUG o.e.jetty.server.HttpConnection - HttpConnection@7cb01275::SocketChannelEndPoint@70c67136{/127.0.0.1:57999<->/127.0.0.1:8888,OPEN,fill=-,flush=-,to=0/30000}{io=0/0,kio=0,kro=1}->HttpConnection@7cb01275[p=HttpParser{s=START,0 of -1},g=HttpGenerator@e49e7dc{s=START}]=>HttpChannelOverHttp@7a3e1a46{s=HttpChannelState@3f3c9b65{s=IDLE rs=BLOCKING os=OPEN is=IDLE awp=false se=false i=true al=0},r=0,c=false/false,a=IDLE,uri=null,age=0} filled 181 HeapByteBuffer@73258452[p=0,l=181,c=8192,r=181]={<<<POST /transaction HTTP/1....oding: gzip,deflate\r\n\r\n>>>\x00\x00\x00\x00\x00\x00\x00\x00\x00...\x00\x00\x00\x00\x00\x00\x00}
08:52:20.490 [qtp578764328-48] DEBUG o.e.jetty.server.HttpConnection - HttpConnection@7cb01275::SocketChannelEndPoint@70c67136{/127.0.0.1:57999<->/127.0.0.1:8888,OPEN,fill=-,flush=-,to=0/30000}{io=0/0,kio=0,kro=1}->HttpConnection@7cb01275[p=HttpParser{s=START,0 of -1},g=HttpGenerator@e49e7dc{s=START}]=>HttpChannelOverHttp@7a3e1a46{s=HttpChannelState@3f3c9b65{s=IDLE rs=BLOCKING os=OPEN is=IDLE awp=false se=false i=true al=0},r=0,c=false/false,a=IDLE,uri=null,age=0} parse HeapByteBuffer@73258452[p=0,l=181,c=8192,r=181]={<<<POST /transaction HTTP/1....oding: gzip,deflate\r\n\r\n>>>\x00\x00\x00\x00\x00\x00\x00\x00\x00...\x00\x00\x00\x00\x00\x00\x00} {}
08:52:20.490 [qtp578764328-48] DEBUG org.eclipse.jetty.http.HttpParser - parseNext s=START HeapByteBuffer@73258452[p=0,l=181,c=8192,r=181]={<<<POST /transaction HTTP/1....oding: gzip,deflate\r\n\r\n>>>\x00\x00\x00\x00\x00\x00\x00\x00\x00...\x00\x00\x00\x00\x00\x00\x00}
08:52:20.490 [qtp578764328-48] DEBUG org.eclipse.jetty.http.HttpParser - START --> SPACE1
08:52:20.490 [qtp578764328-48] DEBUG org.eclipse.jetty.http.HttpParser - SPACE1 --> URI
08:52:20.490 [qtp578764328-48] DEBUG org.eclipse.jetty.http.HttpParser - URI --> SPACE2
08:52:20.490 [qtp578764328-48] DEBUG org.eclipse.jetty.http.HttpParser - SPACE2 --> REQUEST_VERSION
08:52:20.490 [qtp578764328-48] DEBUG org.eclipse.jetty.http.HttpParser - REQUEST_VERSION --> HEADER
08:52:20.490 [qtp578764328-48] DEBUG org.eclipse.jetty.http.HttpParser - HEADER:Content-Length: 0 --> IN_VALUE
08:52:20.490 [qtp578764328-48] DEBUG org.eclipse.jetty.http.HttpParser - HEADER:Content-Length: 0 --> FIELD
08:52:20.491 [qtp578764328-48] DEBUG org.eclipse.jetty.http.HttpParser - HEADER:Host --> VALUE
08:52:20.491 [qtp578764328-48] DEBUG org.eclipse.jetty.http.HttpParser - HEADER:Host --> IN_VALUE
08:52:20.491 [qtp578764328-48] DEBUG org.eclipse.jetty.http.HttpParser - HEADER:Host --> FIELD
08:52:20.491 [qtp578764328-48] DEBUG org.eclipse.jetty.http.HttpParser - HEADER:Connection: keep-alive --> IN_VALUE
08:52:20.491 [qtp578764328-48] DEBUG org.eclipse.jetty.http.HttpParser - HEADER:Connection: keep-alive --> FIELD
08:52:20.491 [qtp578764328-48] DEBUG org.eclipse.jetty.http.HttpParser - HEADER:User-Agent --> VALUE
08:52:20.491 [qtp578764328-48] DEBUG org.eclipse.jetty.http.HttpParser - HEADER:User-Agent --> IN_VALUE
08:52:20.491 [qtp578764328-48] DEBUG org.eclipse.jetty.http.HttpParser - HEADER:User-Agent --> FIELD
08:52:20.491 [qtp578764328-48] DEBUG org.eclipse.jetty.http.HttpParser - HEADER:Accept-Encoding --> IN_VALUE
08:52:20.491 [qtp578764328-48] DEBUG org.eclipse.jetty.http.HttpParser - HEADER:Accept-Encoding --> FIELD
08:52:20.491 [qtp578764328-48] DEBUG org.eclipse.jetty.http.HttpParser - HEADER --> CONTENT
08:52:20.491 [qtp578764328-48] DEBUG org.eclipse.jetty.server.HttpChannel - REQUEST for //localhost:8888/transaction on HttpChannelOverHttp@7a3e1a46{s=HttpChannelState@3f3c9b65{s=IDLE rs=BLOCKING os=OPEN is=IDLE awp=false se=false i=true al=0},r=1,c=false/false,a=IDLE,uri=//localhost:8888/transaction,age=0}
POST //localhost:8888/transaction HTTP/1.1
Content-Length: 0
Host: localhost:8888
Connection: keep-alive
User-Agent: Apache-HttpClient/4.5.10 (Java/1.8.0_211)
Accept-Encoding: gzip,deflate


08:52:20.491 [qtp578764328-48] DEBUG o.e.jetty.server.HttpConnection - HttpConnection@7cb01275::SocketChannelEndPoint@70c67136{/127.0.0.1:57999<->/127.0.0.1:8888,OPEN,fill=-,flush=-,to=1/30000}{io=0/0,kio=0,kro=1}->HttpConnection@7cb01275[p=HttpParser{s=CONTENT,0 of 0},g=HttpGenerator@e49e7dc{s=START}]=>HttpChannelOverHttp@7a3e1a46{s=HttpChannelState@3f3c9b65{s=IDLE rs=BLOCKING os=OPEN is=IDLE awp=false se=false i=true al=0},r=1,c=false/false,a=IDLE,uri=//localhost:8888/transaction,age=0} parsed true HttpParser{s=CONTENT,0 of 0}
08:52:20.491 [qtp578764328-48] DEBUG o.e.jetty.server.HttpConnection - releaseRequestBuffer HttpConnection@7cb01275::SocketChannelEndPoint@70c67136{/127.0.0.1:57999<->/127.0.0.1:8888,OPEN,fill=-,flush=-,to=1/30000}{io=0/0,kio=0,kro=1}->HttpConnection@7cb01275[p=HttpParser{s=CONTENT,0 of 0},g=HttpGenerator@e49e7dc{s=START}]=>HttpChannelOverHttp@7a3e1a46{s=HttpChannelState@3f3c9b65{s=IDLE rs=BLOCKING os=OPEN is=IDLE awp=false se=false i=true al=0},r=1,c=false/false,a=IDLE,uri=//localhost:8888/transaction,age=0}
08:52:20.491 [qtp578764328-48] DEBUG org.eclipse.jetty.server.HttpChannel - handle //localhost:8888/transaction HttpChannelOverHttp@7a3e1a46{s=HttpChannelState@3f3c9b65{s=IDLE rs=BLOCKING os=OPEN is=IDLE awp=false se=false i=true al=0},r=1,c=false/false,a=IDLE,uri=//localhost:8888/transaction,age=0} 
08:52:20.491 [qtp578764328-48] DEBUG o.e.jetty.server.HttpChannelState - handling HttpChannelState@3f3c9b65{s=IDLE rs=BLOCKING os=OPEN is=IDLE awp=false se=false i=true al=0}
08:52:20.492 [qtp578764328-48] DEBUG org.eclipse.jetty.server.HttpChannel - action DISPATCH HttpChannelOverHttp@7a3e1a46{s=HttpChannelState@3f3c9b65{s=HANDLING rs=BLOCKING os=OPEN is=IDLE awp=false se=false i=true al=0},r=1,c=false/false,a=HANDLING,uri=//localhost:8888/transaction,age=1}
08:52:20.492 [qtp578764328-48] DEBUG org.eclipse.jetty.server.Server - REQUEST POST /transaction on HttpChannelOverHttp@7a3e1a46{s=HttpChannelState@3f3c9b65{s=HANDLING rs=BLOCKING os=OPEN is=IDLE awp=false se=false i=true al=0},r=1,c=false/false,a=HANDLING,uri=//localhost:8888/transaction,age=1}
08:52:20.492 [qtp578764328-48] DEBUG o.e.j.server.handler.ContextHandler - scope null||/transaction @ o.e.j.s.ServletContextHandler@3a530d6f{/,null,AVAILABLE}
08:52:20.492 [qtp578764328-48] DEBUG o.e.j.server.handler.ContextHandler - context=||/transaction @ o.e.j.s.ServletContextHandler@3a530d6f{/,null,AVAILABLE}
08:52:20.492 [qtp578764328-48] DEBUG org.eclipse.jetty.server.session - Entering scope org.eclipse.jetty.server.session.SessionHandler1957997271==dftMaxIdleSec=-1, dispatch=REQUEST asyncstarted=false
08:52:20.492 [qtp578764328-48] DEBUG org.eclipse.jetty.server.session - sessionHandler=org.eclipse.jetty.server.session.SessionHandler1957997271==dftMaxIdleSec=-1 session=null
08:52:20.492 [qtp578764328-48] DEBUG o.e.jetty.servlet.ServletHandler - servlet ||/transaction -> org.glassfish.jersey.servlet.ServletContainer-9e4d868@e9026630==org.glassfish.jersey.servlet.ServletContainer,jsp=null,order=0,inst=true,async=true
08:52:20.492 [qtp578764328-48] DEBUG o.e.jetty.servlet.ServletHandler - chain=null
08:52:20.497 [qtp578764328-48] DEBUG o.h.e.t.internal.TransactionImpl - On TransactionImpl creation, JpaCompliance#isJpaTransactionComplianceEnabled == false
08:52:20.497 [qtp578764328-48] DEBUG o.h.e.t.internal.TransactionImpl - begin
08:52:20.498 [qtp578764328-48] DEBUG o.h.e.i.AbstractSaveEventListener - Generated identifier: 9ceb5e92-6f31-4f1c-8cc7-79fcf887d639, using strategy: org.hibernate.id.Assigned
08:52:20.498 [qtp578764328-48] DEBUG o.h.e.t.internal.TransactionImpl - committing
08:52:20.498 [qtp578764328-48] DEBUG o.h.e.i.AbstractFlushingEventListener - Processing flush-time cascades
08:52:20.498 [qtp578764328-48] DEBUG o.h.e.i.AbstractFlushingEventListener - Dirty checking collections
08:52:20.498 [qtp578764328-48] DEBUG o.h.e.i.AbstractFlushingEventListener - Flushed: 1 insertions, 0 updates, 0 deletions to 1 objects
08:52:20.498 [qtp578764328-48] DEBUG o.h.e.i.AbstractFlushingEventListener - Flushed: 0 (re)creations, 0 updates, 0 removals to 0 collections
08:52:20.498 [qtp578764328-48] DEBUG o.h.internal.util.EntityPrinter - Listing entities:
08:52:20.498 [qtp578764328-48] DEBUG o.h.internal.util.EntityPrinter - com.revolut.money.domain.transaction.Transaction{id=9ceb5e92-6f31-4f1c-8cc7-79fcf887d639, completed=false}
08:52:20.498 [qtp578764328-48] DEBUG org.hibernate.SQL - insert into PUBLIC.Transaction (completed, id) values (?, ?)
Hibernate: insert into PUBLIC.Transaction (completed, id) values (?, ?)
08:52:20.499 [qtp578764328-48] DEBUG o.h.r.j.i.LogicalConnectionManagedImpl - Initiating JDBC connection release from afterTransaction
08:52:20.499 [qtp578764328-48] DEBUG o.h.r.j.i.LogicalConnectionManagedImpl - Initiating JDBC connection release from afterTransaction
08:52:20.500 [qtp578764328-48] DEBUG org.eclipse.jetty.server.HttpChannel - sendResponse info=null content=HeapByteBuffer@da9f2d2[p=0,l=36,c=8192,r=36]={<<<9ceb5e92-6f31-4f1c-8cc7-79fcf887d639>>>\x00\x00\x00\x00\x00\x00\x00\x00\x00...\x00\x00\x00\x00\x00\x00\x00} complete=true committing=true callback=Blocker@1b9bb8ba{null}
08:52:20.500 [qtp578764328-48] DEBUG org.eclipse.jetty.server.HttpChannel - COMMIT for /transaction on HttpChannelOverHttp@7a3e1a46{s=HttpChannelState@3f3c9b65{s=HANDLING rs=BLOCKING os=COMMITTED is=IDLE awp=false se=false i=true al=0},r=1,c=false/false,a=HANDLING,uri=//localhost:8888/transaction,age=9}
200 OK HTTP/1.1
Date: Thu, 26 Dec 2019 07:52:20 GMT
Content-Length: 36
Content-Type: text/plain


08:52:20.500 [qtp578764328-48] DEBUG o.e.jetty.server.HttpConnection - generate: NEED_HEADER for org.eclipse.jetty.server.HttpConnection$SendCallback@5cf09132[PROCESSING][i=HTTP/1.1{s=200,h=3,cl=36},cb=org.eclipse.jetty.server.HttpChannel$SendCallback@4fa2276] (null,[p=0,l=36,c=8192,r=36],true)@START
08:52:20.500 [qtp578764328-48] DEBUG org.eclipse.jetty.http.HttpGenerator - generateHeaders HTTP/1.1{s=200,h=3,cl=36} last=true content=HeapByteBuffer@da9f2d2[p=0,l=36,c=8192,r=36]={<<<9ceb5e92-6f31-4f1c-8cc7-79fcf887d639>>>\x00\x00\x00\x00\x00\x00\x00\x00\x00...\x00\x00\x00\x00\x00\x00\x00}
08:52:20.500 [qtp578764328-48] DEBUG org.eclipse.jetty.http.HttpGenerator - Date: Thu, 26 Dec 2019 07:52:20 GMT
Content-Length: 36
Content-Type: text/plain


08:52:20.500 [qtp578764328-48] DEBUG org.eclipse.jetty.http.HttpGenerator - CONTENT_LENGTH
08:52:20.500 [qtp578764328-48] DEBUG o.e.jetty.server.HttpConnection - generate: FLUSH for org.eclipse.jetty.server.HttpConnection$SendCallback@5cf09132[PROCESSING][i=HTTP/1.1{s=200,h=3,cl=36},cb=org.eclipse.jetty.server.HttpChannel$SendCallback@4fa2276] ([p=0,l=135,c=8192,r=135],[p=0,l=36,c=8192,r=36],true)@COMPLETING
08:52:20.501 [qtp578764328-48] DEBUG org.eclipse.jetty.io.WriteFlusher - write: WriteFlusher@46077f59{IDLE}->null [HeapByteBuffer@73258452[p=0,l=135,c=8192,r=135]={<<<HTTP/1.1 200 OK\r\nDate: Th...y(9.4.25.v20191220)\r\n\r\n>>>/1.8.0_21...\x00\x00\x00\x00\x00\x00\x00},HeapByteBuffer@da9f2d2[p=0,l=36,c=8192,r=36]={<<<9ceb5e92-6f31-4f1c-8cc7-79fcf887d639>>>\x00\x00\x00\x00\x00\x00\x00\x00\x00...\x00\x00\x00\x00\x00\x00\x00}]
08:52:20.501 [qtp578764328-48] DEBUG org.eclipse.jetty.io.WriteFlusher - update WriteFlusher@46077f59{WRITING}->null:IDLE-->WRITING
08:52:20.501 [Test worker] DEBUG org.apache.http.wire - http-outgoing-2 << "HTTP/1.1 200 OK[\r][\n]"
08:52:20.501 [Test worker] DEBUG org.apache.http.wire - http-outgoing-2 << "Date: Thu, 26 Dec 2019 07:52:20 GMT[\r][\n]"
08:52:20.501 [Test worker] DEBUG org.apache.http.wire - http-outgoing-2 << "Content-Type: text/plain[\r][\n]"
08:52:20.501 [Test worker] DEBUG org.apache.http.wire - http-outgoing-2 << "Content-Length: 36[\r][\n]"
08:52:20.501 [Test worker] DEBUG org.apache.http.wire - http-outgoing-2 << "Server: Jetty(9.4.25.v20191220)[\r][\n]"
08:52:20.501 [Test worker] DEBUG org.apache.http.wire - http-outgoing-2 << "[\r][\n]"
08:52:20.501 [Test worker] DEBUG org.apache.http.wire - http-outgoing-2 << "9ceb5e92-6f31-4f1c-8cc7-79fcf887d639"
08:52:20.501 [qtp578764328-48] DEBUG org.eclipse.jetty.io.ChannelEndPoint - flushed 171 SocketChannelEndPoint@70c67136{/127.0.0.1:57999<->/127.0.0.1:8888,OPEN,fill=-,flush=W,to=10/30000}{io=0/0,kio=0,kro=1}->HttpConnection@7cb01275[p=HttpParser{s=CONTENT,0 of 0},g=HttpGenerator@e49e7dc{s=COMPLETING}]=>HttpChannelOverHttp@7a3e1a46{s=HttpChannelState@3f3c9b65{s=HANDLING rs=BLOCKING os=COMMITTED is=IDLE awp=false se=false i=true al=0},r=1,c=false/false,a=HANDLING,uri=//localhost:8888/transaction,age=10}
08:52:20.501 [qtp578764328-48] DEBUG org.eclipse.jetty.io.WriteFlusher - Flushed=true written=171 remaining=0 WriteFlusher@46077f59{WRITING}->null
08:52:20.501 [Test worker] DEBUG org.apache.http.headers - http-outgoing-2 << HTTP/1.1 200 OK
08:52:20.501 [Test worker] DEBUG org.apache.http.headers - http-outgoing-2 << Date: Thu, 26 Dec 2019 07:52:20 GMT
08:52:20.501 [qtp578764328-48] DEBUG org.eclipse.jetty.io.WriteFlusher - update WriteFlusher@46077f59{IDLE}->null:WRITING-->IDLE
08:52:20.501 [Test worker] DEBUG org.apache.http.headers - http-outgoing-2 << Content-Type: text/plain
08:52:20.501 [Test worker] DEBUG org.apache.http.headers - http-outgoing-2 << Content-Length: 36
08:52:20.501 [Test worker] DEBUG org.apache.http.headers - http-outgoing-2 << Server: Jetty(9.4.25.v20191220)
08:52:20.501 [qtp578764328-48] DEBUG o.e.jetty.server.HttpConnection - generate: DONE for org.eclipse.jetty.server.HttpConnection$SendCallback@5cf09132[PROCESSING][i=HTTP/1.1{s=200,h=3,cl=36},cb=org.eclipse.jetty.server.HttpChannel$SendCallback@4fa2276] ([p=135,l=135,c=8192,r=0],[p=36,l=36,c=8192,r=0],true)@END
08:52:20.501 [qtp578764328-48] DEBUG org.eclipse.jetty.server.HttpOutput - onWriteComplete(true,null) s=CLOSING,api=BLOCKED,sc=false,e=null->s=CLOSED,api=BLOCKING,sc=false,e=null c=null cb=null w=false
08:52:20.501 [Test worker] DEBUG o.a.h.impl.execchain.MainClientExec - Connection can be kept alive indefinitely
08:52:20.501 [Test worker] DEBUG o.a.h.i.c.PoolingHttpClientConnectionManager - Connection [id: 2][route: {}->http://localhost:8888] can be kept alive indefinitely
08:52:20.501 [qtp578764328-48] DEBUG org.eclipse.jetty.server.session - Leaving scope org.eclipse.jetty.server.session.SessionHandler1957997271==dftMaxIdleSec=-1 dispatch=REQUEST, async=false, session=null, oldsession=null, oldsessionhandler=null
08:52:20.501 [Test worker] DEBUG o.a.h.i.c.DefaultManagedHttpClientConnection - http-outgoing-2: set socket timeout to 0
08:52:20.501 [Test worker] DEBUG o.a.h.i.c.PoolingHttpClientConnectionManager - Connection released: [id: 2][route: {}->http://localhost:8888][total kept alive: 1; route allocated: 1 of 2; total allocated: 1 of 20]
08:52:20.501 [qtp578764328-48] DEBUG org.eclipse.jetty.server.Server - handled=true async=false committed=true on HttpChannelOverHttp@7a3e1a46{s=HttpChannelState@3f3c9b65{s=HANDLING rs=BLOCKING os=COMPLETED is=IDLE awp=false se=false i=true al=0},r=1,c=false/true,a=HANDLING,uri=//localhost:8888/transaction,age=10}
08:52:20.501 [qtp578764328-48] DEBUG o.e.jetty.server.HttpChannelState - unhandle HttpChannelState@3f3c9b65{s=HANDLING rs=BLOCKING os=COMPLETED is=IDLE awp=false se=false i=true al=0}
08:52:20.501 [qtp578764328-48] DEBUG o.e.jetty.server.HttpChannelState - nextAction(false) COMPLETE HttpChannelState@3f3c9b65{s=HANDLING rs=COMPLETING os=COMPLETED is=IDLE awp=false se=false i=false al=0}
08:52:20.501 [qtp578764328-48] DEBUG org.eclipse.jetty.server.HttpChannel - action COMPLETE HttpChannelOverHttp@7a3e1a46{s=HttpChannelState@3f3c9b65{s=HANDLING rs=COMPLETING os=COMPLETED is=IDLE awp=false se=false i=false al=0},r=1,c=false/true,a=HANDLING,uri=//localhost:8888/transaction,age=10}
08:52:20.502 [qtp578764328-48] DEBUG org.eclipse.jetty.server.HttpOutput - complete(org.eclipse.jetty.util.Callback$4@9f514b) s=CLOSED,api=BLOCKING,sc=false,e=null s=true e=null, c=null
08:52:20.502 [qtp578764328-48] DEBUG o.e.jetty.server.HttpChannelState - completed HttpChannelState@3f3c9b65{s=HANDLING rs=COMPLETING os=COMPLETED is=IDLE awp=false se=false i=false al=0}
08:52:20.502 [qtp578764328-48] DEBUG o.e.jetty.server.HttpChannelState - unhandle HttpChannelState@3f3c9b65{s=HANDLING rs=COMPLETED os=COMPLETED is=IDLE awp=false se=false i=false al=0}
08:52:20.502 [qtp578764328-48] DEBUG o.e.jetty.server.HttpChannelState - nextAction(false) TERMINATED HttpChannelState@3f3c9b65{s=IDLE rs=COMPLETED os=COMPLETED is=IDLE awp=false se=false i=false al=0}
08:52:20.502 [qtp578764328-48] DEBUG org.eclipse.jetty.server.HttpChannel - action TERMINATED HttpChannelOverHttp@7a3e1a46{s=HttpChannelState@3f3c9b65{s=IDLE rs=COMPLETED os=COMPLETED is=IDLE awp=false se=false i=false al=0},r=1,c=true/true,a=IDLE,uri=//localhost:8888/transaction,age=11}
08:52:20.502 [qtp578764328-48] DEBUG org.eclipse.jetty.server.HttpChannel - onCompleted for /transaction written=36
{"requestId":"9ceb5e92-6f31-4f1c-8cc7-79fcf887d639","senderId":-7068045996842732675,"receiverId":5113688443632233815,"amount":10}
08:52:20.502 [qtp578764328-48] DEBUG o.e.jetty.server.HttpConnection - HttpConnection@7cb01275::SocketChannelEndPoint@70c67136{/127.0.0.1:57999<->/127.0.0.1:8888,OPEN,fill=-,flush=-,to=0/30000}{io=0/0,kio=0,kro=1}->HttpConnection@7cb01275[p=HttpParser{s=CONTENT,0 of 0},g=HttpGenerator@e49e7dc{s=END}]=>HttpChannelOverHttp@7a3e1a46{s=HttpChannelState@3f3c9b65{s=IDLE rs=COMPLETED os=COMPLETED is=IDLE awp=false se=false i=false al=0},r=1,c=true/true,a=IDLE,uri=//localhost:8888/transaction,age=11} parse null {}
08:52:20.502 [qtp578764328-48] DEBUG org.eclipse.jetty.http.HttpParser - parseNext s=CONTENT HeapByteBuffer@5ccd10d8[p=0,l=0,c=0,r=0]={<<<>>>}
08:52:20.502 [qtp578764328-48] DEBUG org.eclipse.jetty.http.HttpParser - CONTENT --> CONTENT_END
08:52:20.502 [qtp578764328-48] DEBUG org.eclipse.jetty.server.HttpChannel - onContentComplete HttpChannelOverHttp@7a3e1a46{s=HttpChannelState@3f3c9b65{s=IDLE rs=COMPLETED os=COMPLETED is=IDLE awp=false se=false i=false al=0},r=1,c=true/true,a=IDLE,uri=//localhost:8888/transaction,age=11}
08:52:20.502 [qtp578764328-48] DEBUG org.eclipse.jetty.http.HttpParser - CONTENT_END --> END
08:52:20.502 [qtp578764328-48] DEBUG org.eclipse.jetty.server.HttpChannel - onRequestComplete HttpChannelOverHttp@7a3e1a46{s=HttpChannelState@3f3c9b65{s=IDLE rs=COMPLETED os=COMPLETED is=IDLE awp=false se=false i=false al=0},r=1,c=true/true,a=IDLE,uri=//localhost:8888/transaction,age=11}
08:52:20.502 [qtp578764328-48] DEBUG org.eclipse.jetty.server.HttpInput - HttpInputOverHTTP@58be296b[c=0,q=0,[0]=null,s=STREAM] addContent EOF
08:52:20.502 [qtp578764328-48] DEBUG o.e.jetty.server.HttpConnection - HttpConnection@7cb01275::SocketChannelEndPoint@70c67136{/127.0.0.1:57999<->/127.0.0.1:8888,OPEN,fill=-,flush=-,to=1/30000}{io=0/0,kio=0,kro=1}->HttpConnection@7cb01275[p=HttpParser{s=END,0 of 0},g=HttpGenerator@e49e7dc{s=END}]=>HttpChannelOverHttp@7a3e1a46{s=HttpChannelState@3f3c9b65{s=IDLE rs=COMPLETED os=COMPLETED is=IDLE awp=false se=false i=false al=0},r=1,c=true/true,a=IDLE,uri=//localhost:8888/transaction,age=11} parsed false HttpParser{s=END,0 of 0}
08:52:20.502 [qtp578764328-48] DEBUG o.e.jetty.server.HttpChannelState - recycle HttpChannelState@3f3c9b65{s=IDLE rs=COMPLETED os=COMPLETED is=IDLE awp=false se=false i=false al=0}
08:52:20.502 [qtp578764328-48] DEBUG org.eclipse.jetty.http.HttpParser - reset HttpParser{s=END,0 of 0}
08:52:20.502 [qtp578764328-48] DEBUG org.eclipse.jetty.http.HttpParser - END --> START
08:52:20.502 [qtp578764328-48] DEBUG org.eclipse.jetty.server.HttpChannel - !handle TERMINATED HttpChannelOverHttp@7a3e1a46{s=HttpChannelState@3f3c9b65{s=IDLE rs=BLOCKING os=OPEN is=IDLE awp=false se=false i=true al=0},r=1,c=false/false,a=IDLE,uri=null,age=0}
08:52:20.503 [qtp578764328-48] DEBUG org.eclipse.jetty.io.ChannelEndPoint - filled 0 HeapByteBuffer@73258452[p=0,l=0,c=8192,r=0]={<<<>>>HTTP/1.1 ...\x00\x00\x00\x00\x00\x00\x00}
08:52:20.503 [qtp578764328-48] DEBUG org.eclipse.jetty.io.ChannelEndPoint - filled 0 HeapByteBuffer@73258452[p=0,l=0,c=8192,r=0]={<<<>>>HTTP/1.1 ...\x00\x00\x00\x00\x00\x00\x00}
08:52:20.503 [qtp578764328-48] DEBUG o.e.jetty.server.HttpConnection - HttpConnection@7cb01275::SocketChannelEndPoint@70c67136{/127.0.0.1:57999<->/127.0.0.1:8888,OPEN,fill=-,flush=-,to=1/30000}{io=0/0,kio=0,kro=1}->HttpConnection@7cb01275[p=HttpParser{s=START,0 of -1},g=HttpGenerator@e49e7dc{s=START}]=>HttpChannelOverHttp@7a3e1a46{s=HttpChannelState@3f3c9b65{s=IDLE rs=BLOCKING os=OPEN is=IDLE awp=false se=false i=true al=0},r=1,c=false/false,a=IDLE,uri=null,age=0} filled 0 HeapByteBuffer@73258452[p=0,l=0,c=8192,r=0]={<<<>>>HTTP/1.1 ...\x00\x00\x00\x00\x00\x00\x00}
08:52:20.503 [qtp578764328-48] DEBUG o.e.jetty.server.HttpConnection - HttpConnection@7cb01275::SocketChannelEndPoint@70c67136{/127.0.0.1:57999<->/127.0.0.1:8888,OPEN,fill=-,flush=-,to=1/30000}{io=0/0,kio=0,kro=1}->HttpConnection@7cb01275[p=HttpParser{s=START,0 of -1},g=HttpGenerator@e49e7dc{s=START}]=>HttpChannelOverHttp@7a3e1a46{s=HttpChannelState@3f3c9b65{s=IDLE rs=BLOCKING os=OPEN is=IDLE awp=false se=false i=true al=0},r=1,c=false/false,a=IDLE,uri=null,age=0} parse HeapByteBuffer@73258452[p=0,l=0,c=8192,r=0]={<<<>>>HTTP/1.1 ...\x00\x00\x00\x00\x00\x00\x00} {}
08:52:20.503 [qtp578764328-48] DEBUG org.eclipse.jetty.http.HttpParser - parseNext s=START HeapByteBuffer@73258452[p=0,l=0,c=8192,r=0]={<<<>>>HTTP/1.1 ...\x00\x00\x00\x00\x00\x00\x00}
08:52:20.503 [qtp578764328-48] DEBUG o.e.jetty.server.HttpConnection - HttpConnection@7cb01275::SocketChannelEndPoint@70c67136{/127.0.0.1:57999<->/127.0.0.1:8888,OPEN,fill=-,flush=-,to=2/30000}{io=0/0,kio=0,kro=1}->HttpConnection@7cb01275[p=HttpParser{s=START,0 of -1},g=HttpGenerator@e49e7dc{s=START}]=>HttpChannelOverHttp@7a3e1a46{s=HttpChannelState@3f3c9b65{s=IDLE rs=BLOCKING os=OPEN is=IDLE awp=false se=false i=true al=0},r=1,c=false/false,a=IDLE,uri=null,age=0} parsed false HttpParser{s=START,0 of -1}
08:52:20.503 [Test worker] DEBUG o.a.h.c.protocol.RequestAddCookies - CookieSpec selected: default
08:52:20.503 [qtp578764328-48] DEBUG o.e.jetty.server.HttpConnection - releaseRequestBuffer HttpConnection@7cb01275::SocketChannelEndPoint@70c67136{/127.0.0.1:57999<->/127.0.0.1:8888,OPEN,fill=-,flush=-,to=2/30000}{io=0/0,kio=0,kro=1}->HttpConnection@7cb01275[p=HttpParser{s=START,0 of -1},g=HttpGenerator@e49e7dc{s=START}]=>HttpChannelOverHttp@7a3e1a46{s=HttpChannelState@3f3c9b65{s=IDLE rs=BLOCKING os=OPEN is=IDLE awp=false se=false i=true al=0},r=1,c=false/false,a=IDLE,uri=null,age=0}
08:52:20.503 [Test worker] DEBUG o.a.h.c.protocol.RequestAuthCache - Auth cache not set in the context
08:52:20.503 [Test worker] DEBUG o.a.h.i.c.PoolingHttpClientConnectionManager - Connection request: [route: {}->http://localhost:8888][total kept alive: 0; route allocated: 0 of 2; total allocated: 0 of 20]
08:52:20.503 [qtp578764328-48] DEBUG o.e.jetty.io.AbstractConnection - fillInterested HttpConnection@7cb01275::SocketChannelEndPoint@70c67136{/127.0.0.1:57999<->/127.0.0.1:8888,OPEN,fill=-,flush=-,to=2/30000}{io=0/0,kio=0,kro=1}->HttpConnection@7cb01275[p=HttpParser{s=START,0 of -1},g=HttpGenerator@e49e7dc{s=START}]=>HttpChannelOverHttp@7a3e1a46{s=HttpChannelState@3f3c9b65{s=IDLE rs=BLOCKING os=OPEN is=IDLE awp=false se=false i=true al=0},r=1,c=false/false,a=IDLE,uri=null,age=0}
08:52:20.503 [Test worker] DEBUG o.a.h.i.c.PoolingHttpClientConnectionManager - Connection leased: [id: 3][route: {}->http://localhost:8888][total kept alive: 0; route allocated: 1 of 2; total allocated: 1 of 20]
08:52:20.503 [Test worker] DEBUG o.a.h.impl.execchain.MainClientExec - Opening connection {}->http://localhost:8888
08:52:20.503 [qtp578764328-48] DEBUG org.eclipse.jetty.io.FillInterest - interested FillInterest@42f3079{AC.ReadCB@7cb01275{HttpConnection@7cb01275::SocketChannelEndPoint@70c67136{/127.0.0.1:57999<->/127.0.0.1:8888,OPEN,fill=FI,flush=-,to=0/30000}{io=0/0,kio=0,kro=1}->HttpConnection@7cb01275[p=HttpParser{s=START,0 of -1},g=HttpGenerator@e49e7dc{s=START}]=>HttpChannelOverHttp@7a3e1a46{s=HttpChannelState@3f3c9b65{s=IDLE rs=BLOCKING os=OPEN is=IDLE awp=false se=false i=true al=0},r=1,c=false/false,a=IDLE,uri=null,age=0}}}
08:52:20.504 [Test worker] DEBUG o.a.h.i.c.DefaultHttpClientConnectionOperator - Connecting to localhost/127.0.0.1:8888
08:52:20.504 [qtp578764328-48] DEBUG org.eclipse.jetty.io.ChannelEndPoint - changeInterests p=false 0->1 for SocketChannelEndPoint@70c67136{/127.0.0.1:57999<->/127.0.0.1:8888,OPEN,fill=FI,flush=-,to=0/30000}{io=0/1,kio=0,kro=1}->HttpConnection@7cb01275[p=HttpParser{s=START,0 of -1},g=HttpGenerator@e49e7dc{s=START}]=>HttpChannelOverHttp@7a3e1a46{s=HttpChannelState@3f3c9b65{s=IDLE rs=BLOCKING os=OPEN is=IDLE awp=false se=false i=true al=0},r=1,c=false/false,a=IDLE,uri=null,age=0}
08:52:20.504 [qtp578764328-48] DEBUG org.eclipse.jetty.io.ManagedSelector - Queued change org.eclipse.jetty.io.ChannelEndPoint$1@5f13642a on ManagedSelector@59ba49c2{STARTED} id=1 keys=1 selected=0 updates=0
08:52:20.504 [qtp578764328-48] DEBUG org.eclipse.jetty.io.ManagedSelector - Wakeup on submit ManagedSelector@59ba49c2{STARTED} id=1 keys=1 selected=0 updates=1
08:52:20.504 [qtp578764328-42] DEBUG org.eclipse.jetty.io.ManagedSelector - Selector sun.nio.ch.WindowsSelectorImpl@2acbf4a7 woken with none selected
08:52:20.504 [qtp578764328-42] DEBUG org.eclipse.jetty.io.ManagedSelector - Selector sun.nio.ch.WindowsSelectorImpl@2acbf4a7 woken up from select, 0/0/1 selected
08:52:20.504 [qtp578764328-42] DEBUG org.eclipse.jetty.io.ManagedSelector - Selector sun.nio.ch.WindowsSelectorImpl@2acbf4a7 processing 0 keys, 1 updates
08:52:20.504 [qtp578764328-42] DEBUG org.eclipse.jetty.io.ManagedSelector - updateable 1
08:52:20.504 [qtp578764328-42] DEBUG org.eclipse.jetty.io.ManagedSelector - update org.eclipse.jetty.io.ChannelEndPoint$1@5f13642a
08:52:20.504 [qtp578764328-48] DEBUG o.e.jetty.server.HttpConnection - HttpConnection@7cb01275::SocketChannelEndPoint@70c67136{/127.0.0.1:57999<->/127.0.0.1:8888,OPEN,fill=FI,flush=-,to=0/30000}{io=0/1,kio=0,kro=1}->HttpConnection@7cb01275[p=HttpParser{s=START,0 of -1},g=HttpGenerator@e49e7dc{s=START}]=>HttpChannelOverHttp@7a3e1a46{s=HttpChannelState@3f3c9b65{s=IDLE rs=BLOCKING os=OPEN is=IDLE awp=false se=false i=true al=0},r=1,c=false/false,a=IDLE,uri=null,age=0} onFillable exit HttpChannelState@3f3c9b65{s=IDLE rs=BLOCKING os=OPEN is=IDLE awp=false se=false i=true al=0} null
08:52:20.504 [Test worker] DEBUG o.a.h.i.c.DefaultHttpClientConnectionOperator - Connection established 127.0.0.1:58000<->127.0.0.1:8888
08:52:20.504 [qtp578764328-42] DEBUG org.eclipse.jetty.io.ChannelEndPoint - Key interests updated 0 -> 1 on SocketChannelEndPoint@70c67136{/127.0.0.1:57999<->/127.0.0.1:8888,OPEN,fill=FI,flush=-,to=0/30000}{io=1/1,kio=1,kro=1}->HttpConnection@7cb01275[p=HttpParser{s=START,0 of -1},g=HttpGenerator@e49e7dc{s=START}]=>HttpChannelOverHttp@7a3e1a46{s=HttpChannelState@3f3c9b65{s=IDLE rs=BLOCKING os=OPEN is=IDLE awp=false se=false i=true al=0},r=1,c=false/false,a=IDLE,uri=null,age=0}
08:52:20.504 [Test worker] DEBUG o.a.h.impl.execchain.MainClientExec - Executing request POST /account/transfer HTTP/1.1
08:52:20.504 [qtp578764328-42] DEBUG org.eclipse.jetty.io.ManagedSelector - updates 0
08:52:20.504 [Test worker] DEBUG o.a.h.impl.execchain.MainClientExec - Target auth state: UNCHALLENGED
08:52:20.504 [qtp578764328-42] DEBUG org.eclipse.jetty.io.ManagedSelector - Selector sun.nio.ch.WindowsSelectorImpl@2acbf4a7 waiting with 1 keys
08:52:20.504 [Test worker] DEBUG o.a.h.impl.execchain.MainClientExec - Proxy auth state: UNCHALLENGED
08:52:20.504 [qtp578764328-48] DEBUG o.e.j.util.thread.QueuedThreadPool - ran CEP:SocketChannelEndPoint@70c67136{/127.0.0.1:57999<->/127.0.0.1:8888,OPEN,fill=FI,flush=-,to=0/30000}{io=1/1,kio=1,kro=1}->HttpConnection@7cb01275[p=HttpParser{s=START,0 of -1},g=HttpGenerator@e49e7dc{s=START}]=>HttpChannelOverHttp@7a3e1a46{s=HttpChannelState@3f3c9b65{s=IDLE rs=BLOCKING os=OPEN is=IDLE awp=false se=false i=true al=0},r=1,c=false/false,a=IDLE,uri=null,age=0}:runFillable:BLOCKING in QueuedThreadPool[qtp578764328]@227f3e28{STARTED,8<=8<=200,i=1,r=8,q=0}[ReservedThreadExecutor@7acd71e4{s=1/8,p=0}]
08:52:20.504 [Test worker] DEBUG org.apache.http.headers - http-outgoing-3 >> POST /account/transfer HTTP/1.1
08:52:20.504 [Test worker] DEBUG org.apache.http.headers - http-outgoing-3 >> Content-Type: application/json
08:52:20.504 [Test worker] DEBUG org.apache.http.headers - http-outgoing-3 >> charset: UTF-8
08:52:20.504 [qtp578764328-45-acceptor-0@21618eeb-ServerConnector@365023ca{HTTP/1.1,[http/1.1]}{0.0.0.0:8888}] DEBUG org.eclipse.jetty.io.ManagedSelector - Queued change org.eclipse.jetty.io.ManagedSelector$Accept@59d71a92 on ManagedSelector@2df90c6b{STARTED} id=2 keys=0 selected=0 updates=0
08:52:20.504 [Test worker] DEBUG org.apache.http.headers - http-outgoing-3 >> Transfer-Encoding: chunked
08:52:20.504 [Test worker] DEBUG org.apache.http.headers - http-outgoing-3 >> Host: localhost:8888
08:52:20.504 [qtp578764328-45-acceptor-0@21618eeb-ServerConnector@365023ca{HTTP/1.1,[http/1.1]}{0.0.0.0:8888}] DEBUG org.eclipse.jetty.io.ManagedSelector - Wakeup on submit ManagedSelector@2df90c6b{STARTED} id=2 keys=0 selected=0 updates=1
08:52:20.504 [Test worker] DEBUG org.apache.http.headers - http-outgoing-3 >> Connection: Keep-Alive
08:52:20.504 [Test worker] DEBUG org.apache.http.headers - http-outgoing-3 >> User-Agent: Apache-HttpClient/4.5.10 (Java/1.8.0_211)
08:52:20.504 [Test worker] DEBUG org.apache.http.headers - http-outgoing-3 >> Accept-Encoding: gzip,deflate
08:52:20.505 [qtp578764328-43] DEBUG org.eclipse.jetty.io.ManagedSelector - Selector sun.nio.ch.WindowsSelectorImpl@2805467c woken with none selected
08:52:20.505 [Test worker] DEBUG org.apache.http.wire - http-outgoing-3 >> "POST /account/transfer HTTP/1.1[\r][\n]"
08:52:20.505 [qtp578764328-43] DEBUG org.eclipse.jetty.io.ManagedSelector - Selector sun.nio.ch.WindowsSelectorImpl@2805467c woken up from select, 0/0/0 selected
08:52:20.505 [Test worker] DEBUG org.apache.http.wire - http-outgoing-3 >> "Content-Type: application/json[\r][\n]"
08:52:20.505 [qtp578764328-43] DEBUG org.eclipse.jetty.io.ManagedSelector - Selector sun.nio.ch.WindowsSelectorImpl@2805467c processing 0 keys, 1 updates
08:52:20.505 [Test worker] DEBUG org.apache.http.wire - http-outgoing-3 >> "charset: UTF-8[\r][\n]"
08:52:20.505 [qtp578764328-43] DEBUG org.eclipse.jetty.io.ManagedSelector - updateable 1
08:52:20.505 [Test worker] DEBUG org.apache.http.wire - http-outgoing-3 >> "Transfer-Encoding: chunked[\r][\n]"
08:52:20.505 [qtp578764328-43] DEBUG org.eclipse.jetty.io.ManagedSelector - update org.eclipse.jetty.io.ManagedSelector$Accept@59d71a92
08:52:20.505 [Test worker] DEBUG org.apache.http.wire - http-outgoing-3 >> "Host: localhost:8888[\r][\n]"
08:52:20.505 [Test worker] DEBUG org.apache.http.wire - http-outgoing-3 >> "Connection: Keep-Alive[\r][\n]"
08:52:20.505 [Test worker] DEBUG org.apache.http.wire - http-outgoing-3 >> "User-Agent: Apache-HttpClient/4.5.10 (Java/1.8.0_211)[\r][\n]"
08:52:20.505 [Test worker] DEBUG org.apache.http.wire - http-outgoing-3 >> "Accept-Encoding: gzip,deflate[\r][\n]"
08:52:20.505 [qtp578764328-43] DEBUG o.e.j.util.thread.QueuedThreadPool - queue org.eclipse.jetty.io.ManagedSelector$Accept@59d71a92 startThread=0
08:52:20.505 [Test worker] DEBUG org.apache.http.wire - http-outgoing-3 >> "[\r][\n]"
08:52:20.505 [qtp578764328-43] DEBUG org.eclipse.jetty.io.ManagedSelector - updates 0
08:52:20.505 [Test worker] DEBUG org.apache.http.wire - http-outgoing-3 >> "81[\r][\n]"
08:52:20.505 [qtp578764328-43] DEBUG org.eclipse.jetty.io.ManagedSelector - Selector sun.nio.ch.WindowsSelectorImpl@2805467c waiting with 1 keys
08:52:20.505 [Test worker] DEBUG org.apache.http.wire - http-outgoing-3 >> "{"requestId":"9ceb5e92-6f31-4f1c-8cc7-79fcf887d639","senderId":-7068045996842732675,"receiverId":5113688443632233815,"amount":10}[\r][\n]"
08:52:20.505 [Test worker] DEBUG org.apache.http.wire - http-outgoing-3 >> "0[\r][\n]"
08:52:20.505 [Test worker] DEBUG org.apache.http.wire - http-outgoing-3 >> "[\r][\n]"
08:52:20.505 [qtp578764328-46] DEBUG o.e.j.util.thread.QueuedThreadPool - run org.eclipse.jetty.io.ManagedSelector$Accept@59d71a92 in QueuedThreadPool[qtp578764328]@227f3e28{STARTED,8<=8<=200,i=1,r=8,q=0}[ReservedThreadExecutor@7acd71e4{s=1/8,p=0}]
08:52:20.505 [qtp578764328-46] DEBUG org.eclipse.jetty.io.IdleTimeout - SocketChannelEndPoint@234ce607{/127.0.0.1:58000<->/127.0.0.1:8888,OPEN,fill=-,flush=-,to=0/30000}{io=0/0,kio=0,kro=0}-><null> idle timeout check, elapsed: 0 ms, remaining: 30000 ms
08:52:20.506 [qtp578764328-46] DEBUG org.eclipse.jetty.server.HttpChannel - new HttpChannelOverHttp@62fa82b5{s=HttpChannelState@1f2bda6b{s=IDLE rs=BLOCKING os=OPEN is=IDLE awp=false se=false i=true al=0},r=0,c=false/false,a=IDLE,uri=null,age=0} -> SocketChannelEndPoint@234ce607{/127.0.0.1:58000<->/127.0.0.1:8888,OPEN,fill=-,flush=-,to=0/30000}{io=0/0,kio=0,kro=0}-><null>,null,HttpChannelState@1f2bda6b{s=IDLE rs=BLOCKING os=OPEN is=IDLE awp=false se=false i=true al=0}
08:52:20.506 [qtp578764328-46] DEBUG o.e.jetty.server.HttpConnection - New HTTP Connection HttpConnection@5b5ddf90::SocketChannelEndPoint@234ce607{/127.0.0.1:58000<->/127.0.0.1:8888,OPEN,fill=-,flush=-,to=0/30000}{io=0/0,kio=0,kro=0}-><null>
08:52:20.506 [qtp578764328-46] DEBUG o.eclipse.jetty.io.AbstractEndPoint - onOpen SocketChannelEndPoint@234ce607{/127.0.0.1:58000<->/127.0.0.1:8888,OPEN,fill=-,flush=-,to=0/30000}{io=0/0,kio=0,kro=0}->HttpConnection@5b5ddf90[p=HttpParser{s=START,0 of -1},g=HttpGenerator@1fe57622{s=START}]=>HttpChannelOverHttp@62fa82b5{s=HttpChannelState@1f2bda6b{s=IDLE rs=BLOCKING os=OPEN is=IDLE awp=false se=false i=true al=0},r=0,c=false/false,a=IDLE,uri=null,age=0}
08:52:20.506 [qtp578764328-46] DEBUG o.e.jetty.io.AbstractConnection - onOpen HttpConnection@5b5ddf90::SocketChannelEndPoint@234ce607{/127.0.0.1:58000<->/127.0.0.1:8888,OPEN,fill=-,flush=-,to=0/30000}{io=0/0,kio=0,kro=0}->HttpConnection@5b5ddf90[p=HttpParser{s=START,0 of -1},g=HttpGenerator@1fe57622{s=START}]=>HttpChannelOverHttp@62fa82b5{s=HttpChannelState@1f2bda6b{s=IDLE rs=BLOCKING os=OPEN is=IDLE awp=false se=false i=true al=0},r=0,c=false/false,a=IDLE,uri=null,age=0}
08:52:20.506 [qtp578764328-46] DEBUG o.e.jetty.io.AbstractConnection - fillInterested HttpConnection@5b5ddf90::SocketChannelEndPoint@234ce607{/127.0.0.1:58000<->/127.0.0.1:8888,OPEN,fill=-,flush=-,to=0/30000}{io=0/0,kio=0,kro=0}->HttpConnection@5b5ddf90[p=HttpParser{s=START,0 of -1},g=HttpGenerator@1fe57622{s=START}]=>HttpChannelOverHttp@62fa82b5{s=HttpChannelState@1f2bda6b{s=IDLE rs=BLOCKING os=OPEN is=IDLE awp=false se=false i=true al=0},r=0,c=false/false,a=IDLE,uri=null,age=0}
08:52:20.506 [qtp578764328-46] DEBUG org.eclipse.jetty.io.FillInterest - interested FillInterest@29bca041{AC.ReadCB@5b5ddf90{HttpConnection@5b5ddf90::SocketChannelEndPoint@234ce607{/127.0.0.1:58000<->/127.0.0.1:8888,OPEN,fill=FI,flush=-,to=0/30000}{io=0/0,kio=0,kro=0}->HttpConnection@5b5ddf90[p=HttpParser{s=START,0 of -1},g=HttpGenerator@1fe57622{s=START}]=>HttpChannelOverHttp@62fa82b5{s=HttpChannelState@1f2bda6b{s=IDLE rs=BLOCKING os=OPEN is=IDLE awp=false se=false i=true al=0},r=0,c=false/false,a=IDLE,uri=null,age=0}}}
08:52:20.506 [qtp578764328-46] DEBUG org.eclipse.jetty.io.ChannelEndPoint - changeInterests p=false 0->1 for SocketChannelEndPoint@234ce607{/127.0.0.1:58000<->/127.0.0.1:8888,OPEN,fill=FI,flush=-,to=0/30000}{io=0/1,kio=0,kro=0}->HttpConnection@5b5ddf90[p=HttpParser{s=START,0 of -1},g=HttpGenerator@1fe57622{s=START}]=>HttpChannelOverHttp@62fa82b5{s=HttpChannelState@1f2bda6b{s=IDLE rs=BLOCKING os=OPEN is=IDLE awp=false se=false i=true al=0},r=0,c=false/false,a=IDLE,uri=null,age=0}
08:52:20.506 [qtp578764328-46] DEBUG org.eclipse.jetty.io.ManagedSelector - Queued change org.eclipse.jetty.io.ChannelEndPoint$1@6805df9f on ManagedSelector@2df90c6b{STARTED} id=2 keys=1 selected=0 updates=0
08:52:20.506 [qtp578764328-46] DEBUG org.eclipse.jetty.io.ManagedSelector - Wakeup on submit ManagedSelector@2df90c6b{STARTED} id=2 keys=1 selected=0 updates=1
08:52:20.507 [qtp578764328-43] DEBUG org.eclipse.jetty.io.ManagedSelector - Selector sun.nio.ch.WindowsSelectorImpl@2805467c woken with none selected
08:52:20.507 [qtp578764328-43] DEBUG org.eclipse.jetty.io.ManagedSelector - Selector sun.nio.ch.WindowsSelectorImpl@2805467c woken up from select, 0/0/1 selected
08:52:20.507 [qtp578764328-46] DEBUG org.eclipse.jetty.io.ManagedSelector - Created SocketChannelEndPoint@234ce607{/127.0.0.1:58000<->/127.0.0.1:8888,OPEN,fill=FI,flush=-,to=0/30000}{io=0/1,kio=0,kro=0}->HttpConnection@5b5ddf90[p=HttpParser{s=START,0 of -1},g=HttpGenerator@1fe57622{s=START}]=>HttpChannelOverHttp@62fa82b5{s=HttpChannelState@1f2bda6b{s=IDLE rs=BLOCKING os=OPEN is=IDLE awp=false se=false i=true al=0},r=0,c=false/false,a=IDLE,uri=null,age=0}
08:52:20.507 [qtp578764328-43] DEBUG org.eclipse.jetty.io.ManagedSelector - Selector sun.nio.ch.WindowsSelectorImpl@2805467c processing 0 keys, 1 updates
08:52:20.507 [qtp578764328-43] DEBUG org.eclipse.jetty.io.ManagedSelector - updateable 1
08:52:20.507 [qtp578764328-46] DEBUG o.e.j.util.thread.QueuedThreadPool - ran org.eclipse.jetty.io.ManagedSelector$Accept@59d71a92 in QueuedThreadPool[qtp578764328]@227f3e28{STARTED,8<=8<=200,i=1,r=8,q=0}[ReservedThreadExecutor@7acd71e4{s=1/8,p=0}]
08:52:20.507 [qtp578764328-43] DEBUG org.eclipse.jetty.io.ManagedSelector - update org.eclipse.jetty.io.ChannelEndPoint$1@6805df9f
08:52:20.507 [qtp578764328-43] DEBUG org.eclipse.jetty.io.ChannelEndPoint - Key interests updated 0 -> 1 on SocketChannelEndPoint@234ce607{/127.0.0.1:58000<->/127.0.0.1:8888,OPEN,fill=FI,flush=-,to=0/30000}{io=1/1,kio=1,kro=0}->HttpConnection@5b5ddf90[p=HttpParser{s=START,0 of -1},g=HttpGenerator@1fe57622{s=START}]=>HttpChannelOverHttp@62fa82b5{s=HttpChannelState@1f2bda6b{s=IDLE rs=BLOCKING os=OPEN is=IDLE awp=false se=false i=true al=0},r=0,c=false/false,a=IDLE,uri=null,age=0}
08:52:20.507 [qtp578764328-43] DEBUG org.eclipse.jetty.io.ManagedSelector - updates 0
08:52:20.507 [qtp578764328-43] DEBUG org.eclipse.jetty.io.ManagedSelector - Selector sun.nio.ch.WindowsSelectorImpl@2805467c waiting with 1 keys
08:52:20.507 [qtp578764328-43] DEBUG org.eclipse.jetty.io.ManagedSelector - Selector sun.nio.ch.WindowsSelectorImpl@2805467c woken up from select, 1/1/1 selected
08:52:20.507 [qtp578764328-43] DEBUG org.eclipse.jetty.io.ManagedSelector - Selector sun.nio.ch.WindowsSelectorImpl@2805467c processing 1 keys, 0 updates
08:52:20.507 [qtp578764328-43] DEBUG org.eclipse.jetty.io.ManagedSelector - selected 1 sun.nio.ch.SelectionKeyImpl@26c2bd0c SocketChannelEndPoint@234ce607{/127.0.0.1:58000<->/127.0.0.1:8888,OPEN,fill=FI,flush=-,to=0/30000}{io=1/1,kio=1,kro=1}->HttpConnection@5b5ddf90[p=HttpParser{s=START,0 of -1},g=HttpGenerator@1fe57622{s=START}]=>HttpChannelOverHttp@62fa82b5{s=HttpChannelState@1f2bda6b{s=IDLE rs=BLOCKING os=OPEN is=IDLE awp=false se=false i=true al=0},r=0,c=false/false,a=IDLE,uri=null,age=0} 
08:52:20.507 [qtp578764328-43] DEBUG org.eclipse.jetty.io.ChannelEndPoint - onSelected 1->0 r=true w=false for SocketChannelEndPoint@234ce607{/127.0.0.1:58000<->/127.0.0.1:8888,OPEN,fill=FI,flush=-,to=1/30000}{io=1/0,kio=1,kro=1}->HttpConnection@5b5ddf90[p=HttpParser{s=START,0 of -1},g=HttpGenerator@1fe57622{s=START}]=>HttpChannelOverHttp@62fa82b5{s=HttpChannelState@1f2bda6b{s=IDLE rs=BLOCKING os=OPEN is=IDLE awp=false se=false i=true al=0},r=0,c=false/false,a=IDLE,uri=null,age=0}
08:52:20.507 [qtp578764328-43] DEBUG org.eclipse.jetty.io.ChannelEndPoint - task CEP:SocketChannelEndPoint@234ce607{/127.0.0.1:58000<->/127.0.0.1:8888,OPEN,fill=FI,flush=-,to=1/30000}{io=1/0,kio=1,kro=1}->HttpConnection@5b5ddf90[p=HttpParser{s=START,0 of -1},g=HttpGenerator@1fe57622{s=START}]=>HttpChannelOverHttp@62fa82b5{s=HttpChannelState@1f2bda6b{s=IDLE rs=BLOCKING os=OPEN is=IDLE awp=false se=false i=true al=0},r=0,c=false/false,a=IDLE,uri=null,age=0}:runFillable:BLOCKING
08:52:20.508 [qtp578764328-43] DEBUG o.e.j.u.t.ReservedThreadExecutor - ReservedThreadExecutor@7acd71e4{s=1/8,p=0} tryExecute EatWhatYouKill@47a56d07/SelectorProducer@169e4181/PRODUCING/p=false/QueuedThreadPool[qtp578764328]@227f3e28{STARTED,8<=8<=200,i=2,r=8,q=0}[ReservedThreadExecutor@7acd71e4{s=1/8,p=0}][pc=0,pic=0,pec=0,epc=0]@2019-12-26T08:52:20.507+01:00
08:52:20.508 [qtp578764328-43] DEBUG o.e.j.u.t.ReservedThreadExecutor - ReservedThreadExecutor@7acd71e4{s=0/8,p=0}@20339fd7 offer EatWhatYouKill@47a56d07/SelectorProducer@169e4181/PRODUCING/p=false/QueuedThreadPool[qtp578764328]@227f3e28{STARTED,8<=8<=200,i=2,r=8,q=0}[ReservedThreadExecutor@7acd71e4{s=0/8,p=0}][pc=0,pic=0,pec=0,epc=0]@2019-12-26T08:52:20.508+01:00
08:52:20.508 [qtp578764328-43] DEBUG o.e.j.u.t.ReservedThreadExecutor - ReservedThreadExecutor@7acd71e4{s=0/8,p=1} startReservedThread p=1
08:52:20.508 [qtp578764328-43] DEBUG o.e.j.util.thread.QueuedThreadPool - queue ReservedThreadExecutor@7acd71e4{s=0/8,p=1}@22fd2d0c startThread=0
08:52:20.508 [qtp578764328-48] DEBUG o.e.j.util.thread.QueuedThreadPool - run ReservedThreadExecutor@7acd71e4{s=0/8,p=1}@22fd2d0c in QueuedThreadPool[qtp578764328]@227f3e28{STARTED,8<=8<=200,i=1,r=8,q=0}[ReservedThreadExecutor@7acd71e4{s=0/8,p=1}]
08:52:20.508 [qtp578764328-48] DEBUG o.e.j.u.t.ReservedThreadExecutor - ReservedThreadExecutor@7acd71e4{s=1/8,p=1}@22fd2d0c started
08:52:20.508 [qtp578764328-47] DEBUG o.e.j.u.t.ReservedThreadExecutor - ReservedThreadExecutor@7acd71e4{s=0/8,p=1}@20339fd7 task=EatWhatYouKill@47a56d07/SelectorProducer@169e4181/IDLE/p=true/QueuedThreadPool[qtp578764328]@227f3e28{STARTED,8<=8<=200,i=1,r=8,q=0}[ReservedThreadExecutor@7acd71e4{s=0/8,p=1}][pc=0,pic=0,pec=0,epc=0]@2019-12-26T08:52:20.508+01:00
08:52:20.508 [qtp578764328-48] DEBUG o.e.j.u.t.ReservedThreadExecutor - ReservedThreadExecutor@7acd71e4{s=1/8,p=0}@22fd2d0c waiting
08:52:20.508 [qtp578764328-47] DEBUG o.e.j.u.t.strategy.EatWhatYouKill - EatWhatYouKill@47a56d07/SelectorProducer@169e4181/IDLE/p=true/QueuedThreadPool[qtp578764328]@227f3e28{STARTED,8<=8<=200,i=1,r=8,q=0}[ReservedThreadExecutor@7acd71e4{s=1/8,p=0}][pc=0,pic=0,pec=0,epc=0]@2019-12-26T08:52:20.508+01:00 tryProduce true
08:52:20.508 [qtp578764328-43] DEBUG o.e.j.u.t.strategy.EatWhatYouKill - EatWhatYouKill@47a56d07/SelectorProducer@169e4181/IDLE/p=true/QueuedThreadPool[qtp578764328]@227f3e28{STARTED,8<=8<=200,i=1,r=8,q=0}[ReservedThreadExecutor@7acd71e4{s=1/8,p=0}][pc=0,pic=0,pec=0,epc=0]@2019-12-26T08:52:20.508+01:00 m=EXECUTE_PRODUCE_CONSUME t=CEP:SocketChannelEndPoint@234ce607{/127.0.0.1:58000<->/127.0.0.1:8888,OPEN,fill=FI,flush=-,to=2/30000}{io=1/0,kio=1,kro=1}->HttpConnection@5b5ddf90[p=HttpParser{s=START,0 of -1},g=HttpGenerator@1fe57622{s=START}]=>HttpChannelOverHttp@62fa82b5{s=HttpChannelState@1f2bda6b{s=IDLE rs=BLOCKING os=OPEN is=IDLE awp=false se=false i=true al=0},r=0,c=false/false,a=IDLE,uri=null,age=0}:runFillable:BLOCKING/BLOCKING
08:52:20.508 [qtp578764328-47] DEBUG org.eclipse.jetty.io.ManagedSelector - updateable 0
08:52:20.508 [qtp578764328-47] DEBUG org.eclipse.jetty.io.ManagedSelector - updates 0
08:52:20.509 [qtp578764328-43] DEBUG org.eclipse.jetty.io.FillInterest - fillable FillInterest@29bca041{AC.ReadCB@5b5ddf90{HttpConnection@5b5ddf90::SocketChannelEndPoint@234ce607{/127.0.0.1:58000<->/127.0.0.1:8888,OPEN,fill=FI,flush=-,to=2/30000}{io=1/0,kio=1,kro=1}->HttpConnection@5b5ddf90[p=HttpParser{s=START,0 of -1},g=HttpGenerator@1fe57622{s=START}]=>HttpChannelOverHttp@62fa82b5{s=HttpChannelState@1f2bda6b{s=IDLE rs=BLOCKING os=OPEN is=IDLE awp=false se=false i=true al=0},r=0,c=false/false,a=IDLE,uri=null,age=0}}}
08:52:20.509 [qtp578764328-47] DEBUG org.eclipse.jetty.io.ChannelEndPoint - Key interests updated 1 -> 0 on SocketChannelEndPoint@234ce607{/127.0.0.1:58000<->/127.0.0.1:8888,OPEN,fill=FI,flush=-,to=2/30000}{io=0/0,kio=0,kro=1}->HttpConnection@5b5ddf90[p=HttpParser{s=START,0 of -1},g=HttpGenerator@1fe57622{s=START}]=>HttpChannelOverHttp@62fa82b5{s=HttpChannelState@1f2bda6b{s=IDLE rs=BLOCKING os=OPEN is=IDLE awp=false se=false i=true al=0},r=0,c=false/false,a=IDLE,uri=null,age=0}
08:52:20.509 [qtp578764328-47] DEBUG org.eclipse.jetty.io.ManagedSelector - Selector sun.nio.ch.WindowsSelectorImpl@2805467c waiting with 1 keys
08:52:20.509 [qtp578764328-43] DEBUG o.e.jetty.server.HttpConnection - HttpConnection@5b5ddf90::SocketChannelEndPoint@234ce607{/127.0.0.1:58000<->/127.0.0.1:8888,OPEN,fill=-,flush=-,to=2/30000}{io=0/0,kio=0,kro=1}->HttpConnection@5b5ddf90[p=HttpParser{s=START,0 of -1},g=HttpGenerator@1fe57622{s=START}]=>HttpChannelOverHttp@62fa82b5{s=HttpChannelState@1f2bda6b{s=IDLE rs=BLOCKING os=OPEN is=IDLE awp=false se=false i=true al=0},r=0,c=false/false,a=IDLE,uri=null,age=0} onFillable enter HttpChannelState@1f2bda6b{s=IDLE rs=BLOCKING os=OPEN is=IDLE awp=false se=false i=true al=0} null
08:52:20.509 [qtp578764328-43] DEBUG org.eclipse.jetty.io.ChannelEndPoint - filled 383 HeapByteBuffer@73258452[p=0,l=383,c=8192,r=383]={<<<POST /account/transfer HT...815,"amount":10}\r\n0\r\n\r\n>>>\x00\x00\x00\x00\x00\x00\x00\x00\x00...\x00\x00\x00\x00\x00\x00\x00}
08:52:20.509 [qtp578764328-43] DEBUG o.e.jetty.server.HttpConnection - HttpConnection@5b5ddf90::SocketChannelEndPoint@234ce607{/127.0.0.1:58000<->/127.0.0.1:8888,OPEN,fill=-,flush=-,to=0/30000}{io=0/0,kio=0,kro=1}->HttpConnection@5b5ddf90[p=HttpParser{s=START,0 of -1},g=HttpGenerator@1fe57622{s=START}]=>HttpChannelOverHttp@62fa82b5{s=HttpChannelState@1f2bda6b{s=IDLE rs=BLOCKING os=OPEN is=IDLE awp=false se=false i=true al=0},r=0,c=false/false,a=IDLE,uri=null,age=0} filled 383 HeapByteBuffer@73258452[p=0,l=383,c=8192,r=383]={<<<POST /account/transfer HT...815,"amount":10}\r\n0\r\n\r\n>>>\x00\x00\x00\x00\x00\x00\x00\x00\x00...\x00\x00\x00\x00\x00\x00\x00}
08:52:20.510 [qtp578764328-43] DEBUG o.e.jetty.server.HttpConnection - HttpConnection@5b5ddf90::SocketChannelEndPoint@234ce607{/127.0.0.1:58000<->/127.0.0.1:8888,OPEN,fill=-,flush=-,to=0/30000}{io=0/0,kio=0,kro=1}->HttpConnection@5b5ddf90[p=HttpParser{s=START,0 of -1},g=HttpGenerator@1fe57622{s=START}]=>HttpChannelOverHttp@62fa82b5{s=HttpChannelState@1f2bda6b{s=IDLE rs=BLOCKING os=OPEN is=IDLE awp=false se=false i=true al=0},r=0,c=false/false,a=IDLE,uri=null,age=0} parse HeapByteBuffer@73258452[p=0,l=383,c=8192,r=383]={<<<POST /account/transfer HT...815,"amount":10}\r\n0\r\n\r\n>>>\x00\x00\x00\x00\x00\x00\x00\x00\x00...\x00\x00\x00\x00\x00\x00\x00} {}
08:52:20.510 [qtp578764328-43] DEBUG org.eclipse.jetty.http.HttpParser - parseNext s=START HeapByteBuffer@73258452[p=0,l=383,c=8192,r=383]={<<<POST /account/transfer HT...815,"amount":10}\r\n0\r\n\r\n>>>\x00\x00\x00\x00\x00\x00\x00\x00\x00...\x00\x00\x00\x00\x00\x00\x00}
08:52:20.510 [qtp578764328-43] DEBUG org.eclipse.jetty.http.HttpParser - START --> SPACE1
08:52:20.510 [qtp578764328-43] DEBUG org.eclipse.jetty.http.HttpParser - SPACE1 --> URI
08:52:20.510 [qtp578764328-43] DEBUG org.eclipse.jetty.http.HttpParser - URI --> SPACE2
08:52:20.510 [qtp578764328-43] DEBUG org.eclipse.jetty.http.HttpParser - SPACE2 --> REQUEST_VERSION
08:52:20.510 [qtp578764328-43] DEBUG org.eclipse.jetty.http.HttpParser - REQUEST_VERSION --> HEADER
08:52:20.510 [qtp578764328-43] DEBUG org.eclipse.jetty.http.HttpParser - HEADER:Content-Type: application/json --> IN_VALUE
08:52:20.510 [qtp578764328-43] DEBUG org.eclipse.jetty.http.HttpParser - HEADER:Content-Type: application/json --> FIELD
08:52:20.510 [qtp578764328-43] DEBUG org.eclipse.jetty.http.HttpParser - HEADER: --> IN_NAME
08:52:20.510 [qtp578764328-43] DEBUG org.eclipse.jetty.http.HttpParser - HEADER:charset --> VALUE
08:52:20.510 [qtp578764328-43] DEBUG org.eclipse.jetty.http.HttpParser - HEADER:charset --> IN_VALUE
08:52:20.510 [qtp578764328-43] DEBUG org.eclipse.jetty.http.HttpParser - HEADER:charset --> FIELD
08:52:20.510 [qtp578764328-43] DEBUG org.eclipse.jetty.http.HttpParser - HEADER:Transfer-Encoding: chunked --> IN_VALUE
08:52:20.510 [qtp578764328-43] DEBUG org.eclipse.jetty.http.HttpParser - HEADER:Transfer-Encoding: chunked --> FIELD
08:52:20.510 [qtp578764328-43] DEBUG org.eclipse.jetty.http.HttpParser - HEADER:Host --> VALUE
08:52:20.510 [qtp578764328-43] DEBUG org.eclipse.jetty.http.HttpParser - HEADER:Host --> IN_VALUE
08:52:20.510 [qtp578764328-43] DEBUG org.eclipse.jetty.http.HttpParser - HEADER:Host --> FIELD
08:52:20.510 [qtp578764328-43] DEBUG org.eclipse.jetty.http.HttpParser - HEADER:Connection: keep-alive --> IN_VALUE
08:52:20.510 [qtp578764328-43] DEBUG org.eclipse.jetty.http.HttpParser - HEADER:Connection: keep-alive --> FIELD
08:52:20.510 [qtp578764328-43] DEBUG org.eclipse.jetty.http.HttpParser - HEADER:User-Agent --> VALUE
08:52:20.510 [qtp578764328-43] DEBUG org.eclipse.jetty.http.HttpParser - HEADER:User-Agent --> IN_VALUE
08:52:20.510 [qtp578764328-43] DEBUG org.eclipse.jetty.http.HttpParser - HEADER:User-Agent --> FIELD
08:52:20.510 [qtp578764328-43] DEBUG org.eclipse.jetty.http.HttpParser - HEADER:Accept-Encoding --> IN_VALUE
08:52:20.510 [qtp578764328-43] DEBUG org.eclipse.jetty.http.HttpParser - HEADER:Accept-Encoding --> FIELD
08:52:20.510 [qtp578764328-43] DEBUG org.eclipse.jetty.http.HttpParser - HEADER --> CHUNKED_CONTENT
08:52:20.510 [qtp578764328-43] DEBUG org.eclipse.jetty.server.HttpChannel - REQUEST for //localhost:8888/account/transfer on HttpChannelOverHttp@62fa82b5{s=HttpChannelState@1f2bda6b{s=IDLE rs=BLOCKING os=OPEN is=IDLE awp=false se=false i=true al=0},r=1,c=false/false,a=IDLE,uri=//localhost:8888/account/transfer,age=0}
POST //localhost:8888/account/transfer HTTP/1.1
Content-Type: application/json
charset: UTF-8
Transfer-Encoding: chunked
Host: localhost:8888
Connection: keep-alive
User-Agent: Apache-HttpClient/4.5.10 (Java/1.8.0_211)
Accept-Encoding: gzip,deflate


08:52:20.511 [qtp578764328-43] DEBUG o.e.jetty.server.HttpConnection - HttpConnection@5b5ddf90::SocketChannelEndPoint@234ce607{/127.0.0.1:58000<->/127.0.0.1:8888,OPEN,fill=-,flush=-,to=1/30000}{io=0/0,kio=0,kro=1}->HttpConnection@5b5ddf90[p=HttpParser{s=CHUNKED_CONTENT,0 of -1},g=HttpGenerator@1fe57622{s=START}]=>HttpChannelOverHttp@62fa82b5{s=HttpChannelState@1f2bda6b{s=IDLE rs=BLOCKING os=OPEN is=IDLE awp=false se=false i=true al=0},r=1,c=false/false,a=IDLE,uri=//localhost:8888/account/transfer,age=0} parsed true HttpParser{s=CHUNKED_CONTENT,0 of -1}
08:52:20.511 [qtp578764328-43] DEBUG org.eclipse.jetty.server.HttpChannel - handle //localhost:8888/account/transfer HttpChannelOverHttp@62fa82b5{s=HttpChannelState@1f2bda6b{s=IDLE rs=BLOCKING os=OPEN is=IDLE awp=false se=false i=true al=0},r=1,c=false/false,a=IDLE,uri=//localhost:8888/account/transfer,age=1} 
08:52:20.511 [qtp578764328-43] DEBUG o.e.jetty.server.HttpChannelState - handling HttpChannelState@1f2bda6b{s=IDLE rs=BLOCKING os=OPEN is=IDLE awp=false se=false i=true al=0}
08:52:20.511 [qtp578764328-43] DEBUG org.eclipse.jetty.server.HttpChannel - action DISPATCH HttpChannelOverHttp@62fa82b5{s=HttpChannelState@1f2bda6b{s=HANDLING rs=BLOCKING os=OPEN is=IDLE awp=false se=false i=true al=0},r=1,c=false/false,a=HANDLING,uri=//localhost:8888/account/transfer,age=1}
08:52:20.511 [qtp578764328-43] DEBUG org.eclipse.jetty.server.Server - REQUEST POST /account/transfer on HttpChannelOverHttp@62fa82b5{s=HttpChannelState@1f2bda6b{s=HANDLING rs=BLOCKING os=OPEN is=IDLE awp=false se=false i=true al=0},r=1,c=false/false,a=HANDLING,uri=//localhost:8888/account/transfer,age=1}
08:52:20.511 [qtp578764328-43] DEBUG o.e.j.server.handler.ContextHandler - scope null||/account/transfer @ o.e.j.s.ServletContextHandler@3a530d6f{/,null,AVAILABLE}
08:52:20.511 [qtp578764328-43] DEBUG o.e.j.server.handler.ContextHandler - context=||/account/transfer @ o.e.j.s.ServletContextHandler@3a530d6f{/,null,AVAILABLE}
08:52:20.511 [qtp578764328-43] DEBUG org.eclipse.jetty.server.session - Entering scope org.eclipse.jetty.server.session.SessionHandler1957997271==dftMaxIdleSec=-1, dispatch=REQUEST asyncstarted=false
08:52:20.511 [qtp578764328-43] DEBUG org.eclipse.jetty.server.session - sessionHandler=org.eclipse.jetty.server.session.SessionHandler1957997271==dftMaxIdleSec=-1 session=null
08:52:20.511 [qtp578764328-43] DEBUG o.e.jetty.servlet.ServletHandler - servlet ||/account/transfer -> org.glassfish.jersey.servlet.ServletContainer-9e4d868@e9026630==org.glassfish.jersey.servlet.ServletContainer,jsp=null,order=0,inst=true,async=true
08:52:20.511 [qtp578764328-43] DEBUG o.e.jetty.servlet.ServletHandler - chain=null
08:52:20.513 [qtp578764328-43] DEBUG o.e.jetty.server.HttpConnection - HttpConnection@5b5ddf90::SocketChannelEndPoint@234ce607{/127.0.0.1:58000<->/127.0.0.1:8888,OPEN,fill=-,flush=-,to=3/30000}{io=0/0,kio=0,kro=1}->HttpConnection@5b5ddf90[p=HttpParser{s=CHUNKED_CONTENT,0 of -1},g=HttpGenerator@1fe57622{s=START}]=>HttpChannelOverHttp@62fa82b5{s=HttpChannelState@1f2bda6b{s=HANDLING rs=BLOCKING os=OPEN is=IDLE awp=false se=false i=true al=0},r=1,c=false/false,a=HANDLING,uri=//localhost:8888/account/transfer,age=3} parse HeapByteBuffer@73258452[p=243,l=383,c=8192,r=140]={POST /acc...ate\r\n\r\n<<<81\r\n{"requestId":"9ceb5e9...815,"amount":10}\r\n0\r\n\r\n>>>\x00\x00\x00\x00\x00\x00\x00\x00\x00...\x00\x00\x00\x00\x00\x00\x00} {}
08:52:20.513 [qtp578764328-43] DEBUG org.eclipse.jetty.http.HttpParser - parseNext s=CHUNKED_CONTENT HeapByteBuffer@73258452[p=243,l=383,c=8192,r=140]={POST /acc...ate\r\n\r\n<<<81\r\n{"requestId":"9ceb5e9...815,"amount":10}\r\n0\r\n\r\n>>>\x00\x00\x00\x00\x00\x00\x00\x00\x00...\x00\x00\x00\x00\x00\x00\x00}
08:52:20.513 [qtp578764328-43] DEBUG org.eclipse.jetty.http.HttpParser - CHUNKED_CONTENT --> CHUNK_SIZE
08:52:20.513 [qtp578764328-43] DEBUG org.eclipse.jetty.http.HttpParser - CHUNK_SIZE --> CHUNK
08:52:20.514 [qtp578764328-43] DEBUG org.eclipse.jetty.server.HttpChannel - onContent HttpChannelOverHttp@62fa82b5{s=HttpChannelState@1f2bda6b{s=HANDLING rs=BLOCKING os=OPEN is=IDLE awp=false se=false i=true al=0},r=1,c=false/false,a=HANDLING,uri=//localhost:8888/account/transfer,age=3} Content@65cb3b12{HeapByteBufferR@5652d07a[p=247,l=376,c=8192,r=129]={POST /acc...\n\r\n81\r\n<<<{"requestId":"9ceb5e92-6f...3632233815,"amount":10}>>>\r\n0\r\n\r\n\x00\x00...\x00\x00\x00\x00\x00\x00\x00}}
08:52:20.514 [qtp578764328-43] DEBUG org.eclipse.jetty.server.HttpInput - HttpInputOverHTTP@1d8c02f1[c=0,q=0,[0]=null,s=STREAM] addContent Content@65cb3b12{HeapByteBufferR@5652d07a[p=247,l=376,c=8192,r=129]={POST /acc...\n\r\n81\r\n<<<{"requestId":"9ceb5e92-6f...3632233815,"amount":10}>>>\r\n0\r\n\r\n\x00\x00...\x00\x00\x00\x00\x00\x00\x00}}
08:52:20.514 [qtp578764328-43] DEBUG org.eclipse.jetty.http.HttpParser - CHUNK --> CHUNKED_CONTENT
08:52:20.514 [qtp578764328-43] DEBUG org.eclipse.jetty.http.HttpParser - CHUNKED_CONTENT --> CHUNK_SIZE
08:52:20.514 [qtp578764328-43] DEBUG org.eclipse.jetty.http.HttpParser - CHUNK_SIZE --> TRAILER
08:52:20.514 [qtp578764328-43] DEBUG org.eclipse.jetty.server.HttpChannel - onContentComplete HttpChannelOverHttp@62fa82b5{s=HttpChannelState@1f2bda6b{s=HANDLING rs=BLOCKING os=OPEN is=IDLE awp=false se=false i=true al=0},r=1,c=false/false,a=HANDLING,uri=//localhost:8888/account/transfer,age=4}
08:52:20.514 [qtp578764328-43] DEBUG org.eclipse.jetty.http.HttpParser - TRAILER --> END
08:52:20.514 [qtp578764328-43] DEBUG org.eclipse.jetty.server.HttpChannel - onRequestComplete HttpChannelOverHttp@62fa82b5{s=HttpChannelState@1f2bda6b{s=HANDLING rs=BLOCKING os=OPEN is=IDLE awp=false se=false i=true al=0},r=1,c=false/false,a=HANDLING,uri=//localhost:8888/account/transfer,age=4}
08:52:20.514 [qtp578764328-43] DEBUG org.eclipse.jetty.server.HttpInput - HttpInputOverHTTP@1d8c02f1[c=0,q=1,[0]=EOF,s=STREAM] addContent EOF
08:52:20.514 [qtp578764328-43] DEBUG o.e.jetty.server.HttpConnection - HttpConnection@5b5ddf90::SocketChannelEndPoint@234ce607{/127.0.0.1:58000<->/127.0.0.1:8888,OPEN,fill=-,flush=-,to=4/30000}{io=0/0,kio=0,kro=1}->HttpConnection@5b5ddf90[p=HttpParser{s=END,0 of -1},g=HttpGenerator@1fe57622{s=START}]=>HttpChannelOverHttp@62fa82b5{s=HttpChannelState@1f2bda6b{s=HANDLING rs=BLOCKING os=OPEN is=IDLE awp=false se=false i=true al=0},r=1,c=false/false,a=HANDLING,uri=//localhost:8888/account/transfer,age=4} parsed false HttpParser{s=END,0 of -1}
08:52:20.514 [qtp578764328-43] DEBUG org.eclipse.jetty.server.HttpInput - HttpInputOverHTTP@1d8c02f1[c=129,q=1,[0]=EOF,s=STREAM] read 129 from Content@65cb3b12{HeapByteBufferR@5652d07a[p=376,l=376,c=8192,r=0]={POST /acc...nt":10}<<<>>>\r\n0\r\n\r\n\x00\x00...\x00\x00\x00\x00\x00\x00\x00}}
08:52:20.514 [qtp578764328-43] DEBUG o.e.jetty.server.HttpConnection - releaseRequestBuffer HttpConnection@5b5ddf90::SocketChannelEndPoint@234ce607{/127.0.0.1:58000<->/127.0.0.1:8888,OPEN,fill=-,flush=-,to=4/30000}{io=0/0,kio=0,kro=1}->HttpConnection@5b5ddf90[p=HttpParser{s=END,0 of -1},g=HttpGenerator@1fe57622{s=START}]=>HttpChannelOverHttp@62fa82b5{s=HttpChannelState@1f2bda6b{s=HANDLING rs=BLOCKING os=OPEN is=IDLE awp=false se=false i=true al=0},r=1,c=false/false,a=HANDLING,uri=//localhost:8888/account/transfer,age=4}
08:52:20.515 [qtp578764328-43] DEBUG org.hibernate.SQL - select transactio0_.id as id1_1_0_, transactio0_.completed as complete2_1_0_ from PUBLIC.Transaction transactio0_ where transactio0_.id=?
Hibernate: select transactio0_.id as id1_1_0_, transactio0_.completed as complete2_1_0_ from PUBLIC.Transaction transactio0_ where transactio0_.id=?
08:52:20.515 [qtp578764328-43] DEBUG o.h.l.p.e.p.i.EntityReferenceInitializerImpl - On call to EntityIdentifierReaderImpl#resolve, EntityKey was already known; should only happen on root returns with an optional identifier specified
08:52:20.515 [qtp578764328-43] DEBUG o.h.engine.internal.TwoPhaseLoad - Resolving attributes for [com.revolut.money.domain.transaction.Transaction#9ceb5e92-6f31-4f1c-8cc7-79fcf887d639]
08:52:20.515 [qtp578764328-43] DEBUG o.h.engine.internal.TwoPhaseLoad - Processing attribute `completed` : value = false
08:52:20.515 [qtp578764328-43] DEBUG o.h.engine.internal.TwoPhaseLoad - Attribute (`completed`)  - enhanced for lazy-loading? - false
08:52:20.516 [qtp578764328-43] DEBUG o.h.engine.internal.TwoPhaseLoad - Done materializing entity [com.revolut.money.domain.transaction.Transaction#9ceb5e92-6f31-4f1c-8cc7-79fcf887d639]
08:52:20.516 [qtp578764328-43] DEBUG o.h.l.e.p.AbstractLoadPlanBasedEntityLoader - Done entity load : com.revolut.money.domain.transaction.Transaction#9ceb5e92-6f31-4f1c-8cc7-79fcf887d639
08:52:20.516 [qtp578764328-43] DEBUG o.h.r.j.i.LogicalConnectionManagedImpl - Initiating JDBC connection release from afterTransaction
08:52:20.516 [qtp578764328-43] DEBUG org.hibernate.SQL - select account0_.id as id1_0_0_, account0_.amount as amount2_0_0_ from PUBLIC.Account account0_ where account0_.id=?
Hibernate: select account0_.id as id1_0_0_, account0_.amount as amount2_0_0_ from PUBLIC.Account account0_ where account0_.id=?
08:52:20.516 [qtp578764328-43] DEBUG o.h.l.p.e.p.i.EntityReferenceInitializerImpl - On call to EntityIdentifierReaderImpl#resolve, EntityKey was already known; should only happen on root returns with an optional identifier specified
08:52:20.516 [qtp578764328-43] DEBUG o.h.engine.internal.TwoPhaseLoad - Resolving attributes for [com.revolut.money.domain.account.Account#-7068045996842732675]
08:52:20.517 [qtp578764328-43] DEBUG o.h.engine.internal.TwoPhaseLoad - Processing attribute `balance` : value = [Ljava.lang.Object;@4df174f5
08:52:20.517 [qtp578764328-43] DEBUG o.h.engine.internal.TwoPhaseLoad - Attribute (`balance`)  - enhanced for lazy-loading? - false
08:52:20.517 [qtp578764328-43] DEBUG o.h.engine.internal.TwoPhaseLoad - Done materializing entity [com.revolut.money.domain.account.Account#-7068045996842732675]
08:52:20.517 [qtp578764328-43] DEBUG o.h.l.e.p.AbstractLoadPlanBasedEntityLoader - Done entity load : com.revolut.money.domain.account.Account#-7068045996842732675
08:52:20.517 [qtp578764328-43] DEBUG o.h.r.j.i.LogicalConnectionManagedImpl - Initiating JDBC connection release from afterTransaction
08:52:20.517 [qtp578764328-43] DEBUG org.hibernate.SQL - select account0_.id as id1_0_0_, account0_.amount as amount2_0_0_ from PUBLIC.Account account0_ where account0_.id=?
Hibernate: select account0_.id as id1_0_0_, account0_.amount as amount2_0_0_ from PUBLIC.Account account0_ where account0_.id=?
08:52:20.518 [qtp578764328-43] DEBUG o.h.l.p.e.p.i.EntityReferenceInitializerImpl - On call to EntityIdentifierReaderImpl#resolve, EntityKey was already known; should only happen on root returns with an optional identifier specified
08:52:20.518 [qtp578764328-43] DEBUG o.h.engine.internal.TwoPhaseLoad - Resolving attributes for [com.revolut.money.domain.account.Account#5113688443632233815]
08:52:20.518 [qtp578764328-43] DEBUG o.h.engine.internal.TwoPhaseLoad - Processing attribute `balance` : value = [Ljava.lang.Object;@5e748456
08:52:20.518 [qtp578764328-43] DEBUG o.h.engine.internal.TwoPhaseLoad - Attribute (`balance`)  - enhanced for lazy-loading? - false
08:52:20.518 [qtp578764328-43] DEBUG o.h.engine.internal.TwoPhaseLoad - Done materializing entity [com.revolut.money.domain.account.Account#5113688443632233815]
08:52:20.518 [qtp578764328-43] DEBUG o.h.l.e.p.AbstractLoadPlanBasedEntityLoader - Done entity load : com.revolut.money.domain.account.Account#5113688443632233815
08:52:20.518 [qtp578764328-43] DEBUG o.h.r.j.i.LogicalConnectionManagedImpl - Initiating JDBC connection release from afterTransaction
08:52:20.518 [qtp578764328-43] DEBUG o.h.e.t.internal.TransactionImpl - On TransactionImpl creation, JpaCompliance#isJpaTransactionComplianceEnabled == false
08:52:20.518 [qtp578764328-43] DEBUG o.h.e.t.internal.TransactionImpl - begin
08:52:20.519 [qtp578764328-43] DEBUG o.h.e.t.internal.TransactionImpl - committing
08:52:20.519 [qtp578764328-43] DEBUG o.h.e.i.AbstractFlushingEventListener - Processing flush-time cascades
08:52:20.519 [qtp578764328-43] DEBUG o.h.e.i.AbstractFlushingEventListener - Dirty checking collections
08:52:20.519 [qtp578764328-43] DEBUG o.h.e.i.AbstractFlushingEventListener - Flushed: 0 insertions, 3 updates, 0 deletions to 3 objects
08:52:20.519 [qtp578764328-43] DEBUG o.h.e.i.AbstractFlushingEventListener - Flushed: 0 (re)creations, 0 updates, 0 removals to 0 collections
08:52:20.519 [qtp578764328-43] DEBUG o.h.internal.util.EntityPrinter - Listing entities:
08:52:20.519 [qtp578764328-43] DEBUG o.h.internal.util.EntityPrinter - com.revolut.money.domain.transaction.Transaction{id=9ceb5e92-6f31-4f1c-8cc7-79fcf887d639, completed=true}
08:52:20.519 [qtp578764328-43] DEBUG o.h.internal.util.EntityPrinter - com.revolut.money.domain.account.Account{balance=component[amount]{amount=5.00}, id=-7068045996842732675}
08:52:20.519 [qtp578764328-43] DEBUG o.h.internal.util.EntityPrinter - com.revolut.money.domain.account.Account{balance=component[amount]{amount=10.00}, id=5113688443632233815}
08:52:20.519 [qtp578764328-43] DEBUG org.hibernate.SQL - update PUBLIC.Transaction set completed=? where id=?
Hibernate: update PUBLIC.Transaction set completed=? where id=?
08:52:20.520 [qtp578764328-43] DEBUG org.hibernate.SQL - update PUBLIC.Account set amount=? where id=?
Hibernate: update PUBLIC.Account set amount=? where id=?
08:52:20.520 [qtp578764328-43] DEBUG org.hibernate.SQL - update PUBLIC.Account set amount=? where id=?
Hibernate: update PUBLIC.Account set amount=? where id=?
08:52:20.521 [qtp578764328-43] DEBUG o.h.r.j.i.LogicalConnectionManagedImpl - Initiating JDBC connection release from afterTransaction
08:52:20.521 [qtp578764328-43] DEBUG o.h.r.j.i.LogicalConnectionManagedImpl - Initiating JDBC connection release from afterTransaction
08:52:20.522 [qtp578764328-43] DEBUG org.eclipse.jetty.server.HttpChannel - sendResponse info=null content=HeapByteBuffer@14a69dfb[p=0,l=32,c=8192,r=32]={<<<{"details":"","successful":true}>>>\x00\x00\x00\x00\x00\x00\x00\x00\x00...\x00\x00\x00\x00\x00\x00\x00} complete=true committing=true callback=Blocker@1b092b09{null}
08:52:20.523 [qtp578764328-43] DEBUG org.eclipse.jetty.server.HttpChannel - COMMIT for /account/transfer on HttpChannelOverHttp@62fa82b5{s=HttpChannelState@1f2bda6b{s=HANDLING rs=BLOCKING os=COMMITTED is=IDLE awp=false se=false i=true al=0},r=1,c=false/false,a=HANDLING,uri=//localhost:8888/account/transfer,age=12}
200 OK HTTP/1.1
Date: Thu, 26 Dec 2019 07:52:20 GMT
Content-Length: 32
Content-Type: application/json


08:52:20.523 [qtp578764328-43] DEBUG o.e.jetty.server.HttpConnection - generate: NEED_HEADER for org.eclipse.jetty.server.HttpConnection$SendCallback@d3364f8[PROCESSING][i=HTTP/1.1{s=200,h=3,cl=32},cb=org.eclipse.jetty.server.HttpChannel$SendCallback@202f4e3e] (null,[p=0,l=32,c=8192,r=32],true)@START
08:52:20.523 [qtp578764328-43] DEBUG org.eclipse.jetty.http.HttpGenerator - generateHeaders HTTP/1.1{s=200,h=3,cl=32} last=true content=HeapByteBuffer@14a69dfb[p=0,l=32,c=8192,r=32]={<<<{"details":"","successful":true}>>>\x00\x00\x00\x00\x00\x00\x00\x00\x00...\x00\x00\x00\x00\x00\x00\x00}
08:52:20.523 [qtp578764328-43] DEBUG org.eclipse.jetty.http.HttpGenerator - Date: Thu, 26 Dec 2019 07:52:20 GMT
Content-Length: 32
Content-Type: application/json


08:52:20.523 [qtp578764328-43] DEBUG org.eclipse.jetty.http.HttpGenerator - CONTENT_LENGTH
08:52:20.523 [qtp578764328-43] DEBUG o.e.jetty.server.HttpConnection - generate: FLUSH for org.eclipse.jetty.server.HttpConnection$SendCallback@d3364f8[PROCESSING][i=HTTP/1.1{s=200,h=3,cl=32},cb=org.eclipse.jetty.server.HttpChannel$SendCallback@202f4e3e] ([p=0,l=141,c=8192,r=141],[p=0,l=32,c=8192,r=32],true)@COMPLETING
08:52:20.523 [qtp578764328-43] DEBUG org.eclipse.jetty.io.WriteFlusher - write: WriteFlusher@c65685{IDLE}->null [HeapByteBuffer@73258452[p=0,l=141,c=8192,r=141]={<<<HTTP/1.1 200 OK\r\nDate: Th...y(9.4.25.v20191220)\r\n\r\n>>>: Keep-Al...\x00\x00\x00\x00\x00\x00\x00},HeapByteBuffer@14a69dfb[p=0,l=32,c=8192,r=32]={<<<{"details":"","successful":true}>>>\x00\x00\x00\x00\x00\x00\x00\x00\x00...\x00\x00\x00\x00\x00\x00\x00}]
08:52:20.523 [qtp578764328-43] DEBUG org.eclipse.jetty.io.WriteFlusher - update WriteFlusher@c65685{WRITING}->null:IDLE-->WRITING
08:52:20.523 [Test worker] DEBUG org.apache.http.wire - http-outgoing-3 << "HTTP/1.1 200 OK[\r][\n]"
08:52:20.523 [Test worker] DEBUG org.apache.http.wire - http-outgoing-3 << "Date: Thu, 26 Dec 2019 07:52:20 GMT[\r][\n]"
08:52:20.523 [Test worker] DEBUG org.apache.http.wire - http-outgoing-3 << "Content-Type: application/json[\r][\n]"
08:52:20.523 [Test worker] DEBUG org.apache.http.wire - http-outgoing-3 << "Content-Length: 32[\r][\n]"
08:52:20.523 [Test worker] DEBUG org.apache.http.wire - http-outgoing-3 << "Server: Jetty(9.4.25.v20191220)[\r][\n]"
08:52:20.523 [Test worker] DEBUG org.apache.http.wire - http-outgoing-3 << "[\r][\n]"
08:52:20.523 [qtp578764328-43] DEBUG org.eclipse.jetty.io.ChannelEndPoint - flushed 173 SocketChannelEndPoint@234ce607{/127.0.0.1:58000<->/127.0.0.1:8888,OPEN,fill=-,flush=W,to=13/30000}{io=0/0,kio=0,kro=1}->HttpConnection@5b5ddf90[p=HttpParser{s=END,0 of -1},g=HttpGenerator@1fe57622{s=COMPLETING}]=>HttpChannelOverHttp@62fa82b5{s=HttpChannelState@1f2bda6b{s=HANDLING rs=BLOCKING os=COMMITTED is=IDLE awp=false se=false i=true al=0},r=1,c=false/false,a=HANDLING,uri=//localhost:8888/account/transfer,age=13}
08:52:20.523 [Test worker] DEBUG org.apache.http.wire - http-outgoing-3 << "{"details":"","successful":true}"
08:52:20.523 [qtp578764328-43] DEBUG org.eclipse.jetty.io.WriteFlusher - Flushed=true written=173 remaining=0 WriteFlusher@c65685{WRITING}->null
08:52:20.523 [qtp578764328-43] DEBUG org.eclipse.jetty.io.WriteFlusher - update WriteFlusher@c65685{IDLE}->null:WRITING-->IDLE
08:52:20.523 [Test worker] DEBUG org.apache.http.headers - http-outgoing-3 << HTTP/1.1 200 OK
08:52:20.523 [Test worker] DEBUG org.apache.http.headers - http-outgoing-3 << Date: Thu, 26 Dec 2019 07:52:20 GMT
08:52:20.523 [Test worker] DEBUG org.apache.http.headers - http-outgoing-3 << Content-Type: application/json
08:52:20.523 [qtp578764328-43] DEBUG o.e.jetty.server.HttpConnection - generate: DONE for org.eclipse.jetty.server.HttpConnection$SendCallback@d3364f8[PROCESSING][i=HTTP/1.1{s=200,h=3,cl=32},cb=org.eclipse.jetty.server.HttpChannel$SendCallback@202f4e3e] ([p=141,l=141,c=8192,r=0],[p=32,l=32,c=8192,r=0],true)@END
08:52:20.523 [Test worker] DEBUG org.apache.http.headers - http-outgoing-3 << Content-Length: 32
08:52:20.523 [Test worker] DEBUG org.apache.http.headers - http-outgoing-3 << Server: Jetty(9.4.25.v20191220)
08:52:20.523 [qtp578764328-43] DEBUG org.eclipse.jetty.server.HttpOutput - onWriteComplete(true,null) s=CLOSING,api=BLOCKED,sc=false,e=null->s=CLOSED,api=BLOCKING,sc=false,e=null c=null cb=null w=false
08:52:20.523 [Test worker] DEBUG o.a.h.impl.execchain.MainClientExec - Connection can be kept alive indefinitely
08:52:20.524 [qtp578764328-43] DEBUG org.eclipse.jetty.server.session - Leaving scope org.eclipse.jetty.server.session.SessionHandler1957997271==dftMaxIdleSec=-1 dispatch=REQUEST, async=false, session=null, oldsession=null, oldsessionhandler=null
08:52:20.524 [Test worker] DEBUG o.a.h.i.c.PoolingHttpClientConnectionManager - Connection [id: 3][route: {}->http://localhost:8888] can be kept alive indefinitely
08:52:20.524 [Test worker] DEBUG o.a.h.i.c.DefaultManagedHttpClientConnection - http-outgoing-3: set socket timeout to 0
08:52:20.524 [qtp578764328-43] DEBUG org.eclipse.jetty.server.Server - handled=true async=false committed=true on HttpChannelOverHttp@62fa82b5{s=HttpChannelState@1f2bda6b{s=HANDLING rs=BLOCKING os=COMPLETED is=IDLE awp=false se=false i=true al=0},r=1,c=false/true,a=HANDLING,uri=//localhost:8888/account/transfer,age=14}
08:52:20.524 [qtp578764328-43] DEBUG o.e.jetty.server.HttpChannelState - unhandle HttpChannelState@1f2bda6b{s=HANDLING rs=BLOCKING os=COMPLETED is=IDLE awp=false se=false i=true al=0}
08:52:20.524 [Test worker] DEBUG o.a.h.i.c.PoolingHttpClientConnectionManager - Connection released: [id: 3][route: {}->http://localhost:8888][total kept alive: 1; route allocated: 1 of 2; total allocated: 1 of 20]
08:52:20.524 [qtp578764328-43] DEBUG o.e.jetty.server.HttpChannelState - nextAction(false) COMPLETE HttpChannelState@1f2bda6b{s=HANDLING rs=COMPLETING os=COMPLETED is=IDLE awp=false se=false i=false al=0}
08:52:20.524 [qtp578764328-43] DEBUG org.eclipse.jetty.server.HttpChannel - action COMPLETE HttpChannelOverHttp@62fa82b5{s=HttpChannelState@1f2bda6b{s=HANDLING rs=COMPLETING os=COMPLETED is=IDLE awp=false se=false i=false al=0},r=1,c=false/true,a=HANDLING,uri=//localhost:8888/account/transfer,age=14}
08:52:20.524 [qtp578764328-43] DEBUG org.eclipse.jetty.server.HttpOutput - complete(org.eclipse.jetty.util.Callback$4@52c564f7) s=CLOSED,api=BLOCKING,sc=false,e=null s=true e=null, c=null
08:52:20.524 [qtp578764328-43] DEBUG o.e.jetty.server.HttpChannelState - completed HttpChannelState@1f2bda6b{s=HANDLING rs=COMPLETING os=COMPLETED is=IDLE awp=false se=false i=false al=0}
08:52:20.524 [qtp578764328-43] DEBUG o.e.jetty.server.HttpChannelState - unhandle HttpChannelState@1f2bda6b{s=HANDLING rs=COMPLETED os=COMPLETED is=IDLE awp=false se=false i=false al=0}
08:52:20.524 [qtp578764328-43] DEBUG o.e.jetty.server.HttpChannelState - nextAction(false) TERMINATED HttpChannelState@1f2bda6b{s=IDLE rs=COMPLETED os=COMPLETED is=IDLE awp=false se=false i=false al=0}
08:52:20.524 [qtp578764328-43] DEBUG org.eclipse.jetty.server.HttpChannel - action TERMINATED HttpChannelOverHttp@62fa82b5{s=HttpChannelState@1f2bda6b{s=IDLE rs=COMPLETED os=COMPLETED is=IDLE awp=false se=false i=false al=0},r=1,c=true/true,a=IDLE,uri=//localhost:8888/account/transfer,age=14}
08:52:20.524 [qtp578764328-43] DEBUG org.eclipse.jetty.server.HttpChannel - onCompleted for /account/transfer written=32
08:52:20.524 [qtp578764328-43] DEBUG o.e.jetty.server.HttpChannelState - recycle HttpChannelState@1f2bda6b{s=IDLE rs=COMPLETED os=COMPLETED is=IDLE awp=false se=false i=false al=0}
08:52:20.524 [qtp578764328-43] DEBUG org.eclipse.jetty.http.HttpParser - reset HttpParser{s=END,0 of -1}
08:52:20.524 [qtp578764328-43] DEBUG org.eclipse.jetty.http.HttpParser - END --> START
08:52:20.524 [qtp578764328-43] DEBUG org.eclipse.jetty.server.HttpChannel - !handle TERMINATED HttpChannelOverHttp@62fa82b5{s=HttpChannelState@1f2bda6b{s=IDLE rs=BLOCKING os=OPEN is=IDLE awp=false se=false i=true al=0},r=1,c=false/false,a=IDLE,uri=null,age=0}
08:52:20.524 [qtp578764328-43] DEBUG org.eclipse.jetty.io.ChannelEndPoint - filled 0 HeapByteBuffer@73258452[p=0,l=0,c=8192,r=0]={<<<>>>HTTP/1.1 ...\x00\x00\x00\x00\x00\x00\x00}
08:52:20.524 [qtp578764328-43] DEBUG org.eclipse.jetty.io.ChannelEndPoint - filled 0 HeapByteBuffer@73258452[p=0,l=0,c=8192,r=0]={<<<>>>HTTP/1.1 ...\x00\x00\x00\x00\x00\x00\x00}
08:52:20.524 [qtp578764328-43] DEBUG o.e.jetty.server.HttpConnection - HttpConnection@5b5ddf90::SocketChannelEndPoint@234ce607{/127.0.0.1:58000<->/127.0.0.1:8888,OPEN,fill=-,flush=-,to=1/30000}{io=0/0,kio=0,kro=1}->HttpConnection@5b5ddf90[p=HttpParser{s=START,0 of -1},g=HttpGenerator@1fe57622{s=START}]=>HttpChannelOverHttp@62fa82b5{s=HttpChannelState@1f2bda6b{s=IDLE rs=BLOCKING os=OPEN is=IDLE awp=false se=false i=true al=0},r=1,c=false/false,a=IDLE,uri=null,age=0} filled 0 HeapByteBuffer@73258452[p=0,l=0,c=8192,r=0]={<<<>>>HTTP/1.1 ...\x00\x00\x00\x00\x00\x00\x00}
08:52:20.525 [qtp578764328-43] DEBUG o.e.jetty.server.HttpConnection - HttpConnection@5b5ddf90::SocketChannelEndPoint@234ce607{/127.0.0.1:58000<->/127.0.0.1:8888,OPEN,fill=-,flush=-,to=1/30000}{io=0/0,kio=0,kro=1}->HttpConnection@5b5ddf90[p=HttpParser{s=START,0 of -1},g=HttpGenerator@1fe57622{s=START}]=>HttpChannelOverHttp@62fa82b5{s=HttpChannelState@1f2bda6b{s=IDLE rs=BLOCKING os=OPEN is=IDLE awp=false se=false i=true al=0},r=1,c=false/false,a=IDLE,uri=null,age=0} parse HeapByteBuffer@73258452[p=0,l=0,c=8192,r=0]={<<<>>>HTTP/1.1 ...\x00\x00\x00\x00\x00\x00\x00} {}
08:52:20.525 [qtp578764328-43] DEBUG org.eclipse.jetty.http.HttpParser - parseNext s=START HeapByteBuffer@73258452[p=0,l=0,c=8192,r=0]={<<<>>>HTTP/1.1 ...\x00\x00\x00\x00\x00\x00\x00}
08:52:20.525 [qtp578764328-43] DEBUG o.e.jetty.server.HttpConnection - HttpConnection@5b5ddf90::SocketChannelEndPoint@234ce607{/127.0.0.1:58000<->/127.0.0.1:8888,OPEN,fill=-,flush=-,to=1/30000}{io=0/0,kio=0,kro=1}->HttpConnection@5b5ddf90[p=HttpParser{s=START,0 of -1},g=HttpGenerator@1fe57622{s=START}]=>HttpChannelOverHttp@62fa82b5{s=HttpChannelState@1f2bda6b{s=IDLE rs=BLOCKING os=OPEN is=IDLE awp=false se=false i=true al=0},r=1,c=false/false,a=IDLE,uri=null,age=0} parsed false HttpParser{s=START,0 of -1}
08:52:20.525 [qtp578764328-43] DEBUG o.e.jetty.server.HttpConnection - releaseRequestBuffer HttpConnection@5b5ddf90::SocketChannelEndPoint@234ce607{/127.0.0.1:58000<->/127.0.0.1:8888,OPEN,fill=-,flush=-,to=1/30000}{io=0/0,kio=0,kro=1}->HttpConnection@5b5ddf90[p=HttpParser{s=START,0 of -1},g=HttpGenerator@1fe57622{s=START}]=>HttpChannelOverHttp@62fa82b5{s=HttpChannelState@1f2bda6b{s=IDLE rs=BLOCKING os=OPEN is=IDLE awp=false se=false i=true al=0},r=1,c=false/false,a=IDLE,uri=null,age=0}
08:52:20.525 [qtp578764328-43] DEBUG o.e.jetty.io.AbstractConnection - fillInterested HttpConnection@5b5ddf90::SocketChannelEndPoint@234ce607{/127.0.0.1:58000<->/127.0.0.1:8888,OPEN,fill=-,flush=-,to=1/30000}{io=0/0,kio=0,kro=1}->HttpConnection@5b5ddf90[p=HttpParser{s=START,0 of -1},g=HttpGenerator@1fe57622{s=START}]=>HttpChannelOverHttp@62fa82b5{s=HttpChannelState@1f2bda6b{s=IDLE rs=BLOCKING os=OPEN is=IDLE awp=false se=false i=true al=0},r=1,c=false/false,a=IDLE,uri=null,age=0}
08:52:20.525 [qtp578764328-43] DEBUG org.eclipse.jetty.io.FillInterest - interested FillInterest@29bca041{AC.ReadCB@5b5ddf90{HttpConnection@5b5ddf90::SocketChannelEndPoint@234ce607{/127.0.0.1:58000<->/127.0.0.1:8888,OPEN,fill=FI,flush=-,to=0/30000}{io=0/0,kio=0,kro=1}->HttpConnection@5b5ddf90[p=HttpParser{s=START,0 of -1},g=HttpGenerator@1fe57622{s=START}]=>HttpChannelOverHttp@62fa82b5{s=HttpChannelState@1f2bda6b{s=IDLE rs=BLOCKING os=OPEN is=IDLE awp=false se=false i=true al=0},r=1,c=false/false,a=IDLE,uri=null,age=0}}}
08:52:20.525 [qtp578764328-43] DEBUG org.eclipse.jetty.io.ChannelEndPoint - changeInterests p=false 0->1 for SocketChannelEndPoint@234ce607{/127.0.0.1:58000<->/127.0.0.1:8888,OPEN,fill=FI,flush=-,to=0/30000}{io=0/1,kio=0,kro=1}->HttpConnection@5b5ddf90[p=HttpParser{s=START,0 of -1},g=HttpGenerator@1fe57622{s=START}]=>HttpChannelOverHttp@62fa82b5{s=HttpChannelState@1f2bda6b{s=IDLE rs=BLOCKING os=OPEN is=IDLE awp=false se=false i=true al=0},r=1,c=false/false,a=IDLE,uri=null,age=0}
08:52:20.525 [Test worker] DEBUG o.a.h.c.protocol.RequestAddCookies - CookieSpec selected: default
08:52:20.525 [qtp578764328-43] DEBUG org.eclipse.jetty.io.ManagedSelector - Queued change org.eclipse.jetty.io.ChannelEndPoint$1@6805df9f on ManagedSelector@2df90c6b{STARTED} id=2 keys=1 selected=0 updates=0
08:52:20.525 [qtp578764328-43] DEBUG org.eclipse.jetty.io.ManagedSelector - Wakeup on submit ManagedSelector@2df90c6b{STARTED} id=2 keys=1 selected=0 updates=1
08:52:20.525 [Test worker] DEBUG o.a.h.c.protocol.RequestAuthCache - Auth cache not set in the context
08:52:20.525 [qtp578764328-47] DEBUG org.eclipse.jetty.io.ManagedSelector - Selector sun.nio.ch.WindowsSelectorImpl@2805467c woken with none selected
08:52:20.525 [qtp578764328-47] DEBUG org.eclipse.jetty.io.ManagedSelector - Selector sun.nio.ch.WindowsSelectorImpl@2805467c woken up from select, 0/0/1 selected
08:52:20.526 [qtp578764328-47] DEBUG org.eclipse.jetty.io.ManagedSelector - Selector sun.nio.ch.WindowsSelectorImpl@2805467c processing 0 keys, 1 updates
08:52:20.526 [Test worker] DEBUG o.a.h.i.c.PoolingHttpClientConnectionManager - Connection request: [route: {}->http://localhost:8888][total kept alive: 0; route allocated: 0 of 2; total allocated: 0 of 20]
08:52:20.526 [qtp578764328-43] DEBUG o.e.jetty.server.HttpConnection - HttpConnection@5b5ddf90::SocketChannelEndPoint@234ce607{/127.0.0.1:58000<->/127.0.0.1:8888,OPEN,fill=FI,flush=-,to=0/30000}{io=0/1,kio=0,kro=1}->HttpConnection@5b5ddf90[p=HttpParser{s=START,0 of -1},g=HttpGenerator@1fe57622{s=START}]=>HttpChannelOverHttp@62fa82b5{s=HttpChannelState@1f2bda6b{s=IDLE rs=BLOCKING os=OPEN is=IDLE awp=false se=false i=true al=0},r=1,c=false/false,a=IDLE,uri=null,age=0} onFillable exit HttpChannelState@1f2bda6b{s=IDLE rs=BLOCKING os=OPEN is=IDLE awp=false se=false i=true al=0} null
08:52:20.526 [qtp578764328-47] DEBUG org.eclipse.jetty.io.ManagedSelector - updateable 1
08:52:20.526 [qtp578764328-47] DEBUG org.eclipse.jetty.io.ManagedSelector - update org.eclipse.jetty.io.ChannelEndPoint$1@6805df9f
08:52:20.526 [Test worker] DEBUG o.a.h.i.c.PoolingHttpClientConnectionManager - Connection leased: [id: 4][route: {}->http://localhost:8888][total kept alive: 0; route allocated: 1 of 2; total allocated: 1 of 20]
08:52:20.526 [qtp578764328-43] DEBUG o.e.j.util.thread.QueuedThreadPool - ran org.eclipse.jetty.io.ManagedSelector$$Lambda$217/1330559266@3030bd7e in QueuedThreadPool[qtp578764328]@227f3e28{STARTED,8<=8<=200,i=1,r=8,q=0}[ReservedThreadExecutor@7acd71e4{s=1/8,p=0}]
08:52:20.526 [Test worker] DEBUG o.a.h.impl.execchain.MainClientExec - Opening connection {}->http://localhost:8888
08:52:20.526 [qtp578764328-47] DEBUG org.eclipse.jetty.io.ChannelEndPoint - Key interests updated 0 -> 1 on SocketChannelEndPoint@234ce607{/127.0.0.1:58000<->/127.0.0.1:8888,OPEN,fill=FI,flush=-,to=0/30000}{io=1/1,kio=1,kro=1}->HttpConnection@5b5ddf90[p=HttpParser{s=START,0 of -1},g=HttpGenerator@1fe57622{s=START}]=>HttpChannelOverHttp@62fa82b5{s=HttpChannelState@1f2bda6b{s=IDLE rs=BLOCKING os=OPEN is=IDLE awp=false se=false i=true al=0},r=1,c=false/false,a=IDLE,uri=null,age=0}
08:52:20.526 [qtp578764328-47] DEBUG org.eclipse.jetty.io.ManagedSelector - updates 0
08:52:20.526 [qtp578764328-47] DEBUG org.eclipse.jetty.io.ManagedSelector - Selector sun.nio.ch.WindowsSelectorImpl@2805467c waiting with 1 keys
08:52:20.526 [Test worker] DEBUG o.a.h.i.c.DefaultHttpClientConnectionOperator - Connecting to localhost/127.0.0.1:8888
08:52:20.526 [Test worker] DEBUG o.a.h.i.c.DefaultHttpClientConnectionOperator - Connection established 127.0.0.1:58001<->127.0.0.1:8888
08:52:20.526 [Test worker] DEBUG o.a.h.impl.execchain.MainClientExec - Executing request GET /account/-7068045996842732675/balance HTTP/1.1
08:52:20.526 [Test worker] DEBUG o.a.h.impl.execchain.MainClientExec - Target auth state: UNCHALLENGED
08:52:20.526 [Test worker] DEBUG o.a.h.impl.execchain.MainClientExec - Proxy auth state: UNCHALLENGED
08:52:20.526 [qtp578764328-45-acceptor-0@21618eeb-ServerConnector@365023ca{HTTP/1.1,[http/1.1]}{0.0.0.0:8888}] DEBUG org.eclipse.jetty.io.ManagedSelector - Queued change org.eclipse.jetty.io.ManagedSelector$Accept@5de89570 on ManagedSelector@2ed1fa51{STARTED} id=3 keys=0 selected=0 updates=0
08:52:20.526 [qtp578764328-45-acceptor-0@21618eeb-ServerConnector@365023ca{HTTP/1.1,[http/1.1]}{0.0.0.0:8888}] DEBUG org.eclipse.jetty.io.ManagedSelector - Wakeup on submit ManagedSelector@2ed1fa51{STARTED} id=3 keys=0 selected=0 updates=1
08:52:20.527 [Test worker] DEBUG org.apache.http.headers - http-outgoing-4 >> GET /account/-7068045996842732675/balance HTTP/1.1
08:52:20.527 [Test worker] DEBUG org.apache.http.headers - http-outgoing-4 >> Host: localhost:8888
08:52:20.527 [qtp578764328-44] DEBUG org.eclipse.jetty.io.ManagedSelector - Selector sun.nio.ch.WindowsSelectorImpl@56a408e5 woken with none selected
08:52:20.527 [Test worker] DEBUG org.apache.http.headers - http-outgoing-4 >> Connection: Keep-Alive
08:52:20.527 [Test worker] DEBUG org.apache.http.headers - http-outgoing-4 >> User-Agent: Apache-HttpClient/4.5.10 (Java/1.8.0_211)
08:52:20.527 [qtp578764328-44] DEBUG org.eclipse.jetty.io.ManagedSelector - Selector sun.nio.ch.WindowsSelectorImpl@56a408e5 woken up from select, 0/0/0 selected
08:52:20.527 [Test worker] DEBUG org.apache.http.headers - http-outgoing-4 >> Accept-Encoding: gzip,deflate
08:52:20.527 [qtp578764328-44] DEBUG org.eclipse.jetty.io.ManagedSelector - Selector sun.nio.ch.WindowsSelectorImpl@56a408e5 processing 0 keys, 1 updates
08:52:20.527 [Test worker] DEBUG org.apache.http.wire - http-outgoing-4 >> "GET /account/-7068045996842732675/balance HTTP/1.1[\r][\n]"
08:52:20.527 [qtp578764328-44] DEBUG org.eclipse.jetty.io.ManagedSelector - updateable 1
08:52:20.527 [Test worker] DEBUG org.apache.http.wire - http-outgoing-4 >> "Host: localhost:8888[\r][\n]"
08:52:20.527 [qtp578764328-44] DEBUG org.eclipse.jetty.io.ManagedSelector - update org.eclipse.jetty.io.ManagedSelector$Accept@5de89570
08:52:20.527 [Test worker] DEBUG org.apache.http.wire - http-outgoing-4 >> "Connection: Keep-Alive[\r][\n]"
08:52:20.527 [Test worker] DEBUG org.apache.http.wire - http-outgoing-4 >> "User-Agent: Apache-HttpClient/4.5.10 (Java/1.8.0_211)[\r][\n]"
08:52:20.527 [Test worker] DEBUG org.apache.http.wire - http-outgoing-4 >> "Accept-Encoding: gzip,deflate[\r][\n]"
08:52:20.527 [Test worker] DEBUG org.apache.http.wire - http-outgoing-4 >> "[\r][\n]"
08:52:20.527 [qtp578764328-44] DEBUG o.e.j.util.thread.QueuedThreadPool - queue org.eclipse.jetty.io.ManagedSelector$Accept@5de89570 startThread=0
08:52:20.527 [qtp578764328-44] DEBUG org.eclipse.jetty.io.ManagedSelector - updates 0
08:52:20.527 [qtp578764328-44] DEBUG org.eclipse.jetty.io.ManagedSelector - Selector sun.nio.ch.WindowsSelectorImpl@56a408e5 waiting with 1 keys
08:52:20.527 [qtp578764328-46] DEBUG o.e.j.util.thread.QueuedThreadPool - run org.eclipse.jetty.io.ManagedSelector$Accept@5de89570 in QueuedThreadPool[qtp578764328]@227f3e28{STARTED,8<=8<=200,i=1,r=8,q=0}[ReservedThreadExecutor@7acd71e4{s=1/8,p=0}]
08:52:20.527 [qtp578764328-46] DEBUG org.eclipse.jetty.io.IdleTimeout - SocketChannelEndPoint@5d112c50{/127.0.0.1:58001<->/127.0.0.1:8888,OPEN,fill=-,flush=-,to=0/30000}{io=0/0,kio=0,kro=0}-><null> idle timeout check, elapsed: 0 ms, remaining: 30000 ms
08:52:20.528 [qtp578764328-46] DEBUG org.eclipse.jetty.server.HttpChannel - new HttpChannelOverHttp@69f105b6{s=HttpChannelState@25831e61{s=IDLE rs=BLOCKING os=OPEN is=IDLE awp=false se=false i=true al=0},r=0,c=false/false,a=IDLE,uri=null,age=0} -> SocketChannelEndPoint@5d112c50{/127.0.0.1:58001<->/127.0.0.1:8888,OPEN,fill=-,flush=-,to=0/30000}{io=0/0,kio=0,kro=0}-><null>,null,HttpChannelState@25831e61{s=IDLE rs=BLOCKING os=OPEN is=IDLE awp=false se=false i=true al=0}
08:52:20.528 [qtp578764328-46] DEBUG o.e.jetty.server.HttpConnection - New HTTP Connection HttpConnection@633cd469::SocketChannelEndPoint@5d112c50{/127.0.0.1:58001<->/127.0.0.1:8888,OPEN,fill=-,flush=-,to=0/30000}{io=0/0,kio=0,kro=0}-><null>
08:52:20.528 [qtp578764328-46] DEBUG o.eclipse.jetty.io.AbstractEndPoint - onOpen SocketChannelEndPoint@5d112c50{/127.0.0.1:58001<->/127.0.0.1:8888,OPEN,fill=-,flush=-,to=0/30000}{io=0/0,kio=0,kro=0}->HttpConnection@633cd469[p=HttpParser{s=START,0 of -1},g=HttpGenerator@371b17f2{s=START}]=>HttpChannelOverHttp@69f105b6{s=HttpChannelState@25831e61{s=IDLE rs=BLOCKING os=OPEN is=IDLE awp=false se=false i=true al=0},r=0,c=false/false,a=IDLE,uri=null,age=0}
08:52:20.528 [qtp578764328-46] DEBUG o.e.jetty.io.AbstractConnection - onOpen HttpConnection@633cd469::SocketChannelEndPoint@5d112c50{/127.0.0.1:58001<->/127.0.0.1:8888,OPEN,fill=-,flush=-,to=0/30000}{io=0/0,kio=0,kro=0}->HttpConnection@633cd469[p=HttpParser{s=START,0 of -1},g=HttpGenerator@371b17f2{s=START}]=>HttpChannelOverHttp@69f105b6{s=HttpChannelState@25831e61{s=IDLE rs=BLOCKING os=OPEN is=IDLE awp=false se=false i=true al=0},r=0,c=false/false,a=IDLE,uri=null,age=0}
08:52:20.528 [qtp578764328-46] DEBUG o.e.jetty.io.AbstractConnection - fillInterested HttpConnection@633cd469::SocketChannelEndPoint@5d112c50{/127.0.0.1:58001<->/127.0.0.1:8888,OPEN,fill=-,flush=-,to=0/30000}{io=0/0,kio=0,kro=0}->HttpConnection@633cd469[p=HttpParser{s=START,0 of -1},g=HttpGenerator@371b17f2{s=START}]=>HttpChannelOverHttp@69f105b6{s=HttpChannelState@25831e61{s=IDLE rs=BLOCKING os=OPEN is=IDLE awp=false se=false i=true al=0},r=0,c=false/false,a=IDLE,uri=null,age=0}
08:52:20.528 [qtp578764328-46] DEBUG org.eclipse.jetty.io.FillInterest - interested FillInterest@56266812{AC.ReadCB@633cd469{HttpConnection@633cd469::SocketChannelEndPoint@5d112c50{/127.0.0.1:58001<->/127.0.0.1:8888,OPEN,fill=FI,flush=-,to=0/30000}{io=0/0,kio=0,kro=0}->HttpConnection@633cd469[p=HttpParser{s=START,0 of -1},g=HttpGenerator@371b17f2{s=START}]=>HttpChannelOverHttp@69f105b6{s=HttpChannelState@25831e61{s=IDLE rs=BLOCKING os=OPEN is=IDLE awp=false se=false i=true al=0},r=0,c=false/false,a=IDLE,uri=null,age=0}}}
08:52:20.528 [qtp578764328-46] DEBUG org.eclipse.jetty.io.ChannelEndPoint - changeInterests p=false 0->1 for SocketChannelEndPoint@5d112c50{/127.0.0.1:58001<->/127.0.0.1:8888,OPEN,fill=FI,flush=-,to=0/30000}{io=0/1,kio=0,kro=0}->HttpConnection@633cd469[p=HttpParser{s=START,0 of -1},g=HttpGenerator@371b17f2{s=START}]=>HttpChannelOverHttp@69f105b6{s=HttpChannelState@25831e61{s=IDLE rs=BLOCKING os=OPEN is=IDLE awp=false se=false i=true al=0},r=0,c=false/false,a=IDLE,uri=null,age=0}
08:52:20.528 [qtp578764328-46] DEBUG org.eclipse.jetty.io.ManagedSelector - Queued change org.eclipse.jetty.io.ChannelEndPoint$1@6beb04a1 on ManagedSelector@2ed1fa51{STARTED} id=3 keys=1 selected=0 updates=0
08:52:20.528 [qtp578764328-46] DEBUG org.eclipse.jetty.io.ManagedSelector - Wakeup on submit ManagedSelector@2ed1fa51{STARTED} id=3 keys=1 selected=0 updates=1
08:52:20.528 [qtp578764328-44] DEBUG org.eclipse.jetty.io.ManagedSelector - Selector sun.nio.ch.WindowsSelectorImpl@56a408e5 woken with none selected
08:52:20.529 [qtp578764328-44] DEBUG org.eclipse.jetty.io.ManagedSelector - Selector sun.nio.ch.WindowsSelectorImpl@56a408e5 woken up from select, 0/0/1 selected
08:52:20.529 [qtp578764328-46] DEBUG org.eclipse.jetty.io.ManagedSelector - Created SocketChannelEndPoint@5d112c50{/127.0.0.1:58001<->/127.0.0.1:8888,OPEN,fill=FI,flush=-,to=0/30000}{io=0/1,kio=0,kro=0}->HttpConnection@633cd469[p=HttpParser{s=START,0 of -1},g=HttpGenerator@371b17f2{s=START}]=>HttpChannelOverHttp@69f105b6{s=HttpChannelState@25831e61{s=IDLE rs=BLOCKING os=OPEN is=IDLE awp=false se=false i=true al=0},r=0,c=false/false,a=IDLE,uri=null,age=0}
08:52:20.529 [qtp578764328-44] DEBUG org.eclipse.jetty.io.ManagedSelector - Selector sun.nio.ch.WindowsSelectorImpl@56a408e5 processing 0 keys, 1 updates
08:52:20.529 [qtp578764328-44] DEBUG org.eclipse.jetty.io.ManagedSelector - updateable 1
08:52:20.529 [qtp578764328-46] DEBUG o.e.j.util.thread.QueuedThreadPool - ran org.eclipse.jetty.io.ManagedSelector$Accept@5de89570 in QueuedThreadPool[qtp578764328]@227f3e28{STARTED,8<=8<=200,i=1,r=8,q=0}[ReservedThreadExecutor@7acd71e4{s=1/8,p=0}]
08:52:20.529 [qtp578764328-44] DEBUG org.eclipse.jetty.io.ManagedSelector - update org.eclipse.jetty.io.ChannelEndPoint$1@6beb04a1
08:52:20.529 [qtp578764328-44] DEBUG org.eclipse.jetty.io.ChannelEndPoint - Key interests updated 0 -> 1 on SocketChannelEndPoint@5d112c50{/127.0.0.1:58001<->/127.0.0.1:8888,OPEN,fill=FI,flush=-,to=0/30000}{io=1/1,kio=1,kro=0}->HttpConnection@633cd469[p=HttpParser{s=START,0 of -1},g=HttpGenerator@371b17f2{s=START}]=>HttpChannelOverHttp@69f105b6{s=HttpChannelState@25831e61{s=IDLE rs=BLOCKING os=OPEN is=IDLE awp=false se=false i=true al=0},r=0,c=false/false,a=IDLE,uri=null,age=0}
08:52:20.529 [qtp578764328-44] DEBUG org.eclipse.jetty.io.ManagedSelector - updates 0
08:52:20.529 [qtp578764328-44] DEBUG org.eclipse.jetty.io.ManagedSelector - Selector sun.nio.ch.WindowsSelectorImpl@56a408e5 waiting with 1 keys
08:52:20.529 [qtp578764328-44] DEBUG org.eclipse.jetty.io.ManagedSelector - Selector sun.nio.ch.WindowsSelectorImpl@56a408e5 woken up from select, 1/1/1 selected
08:52:20.529 [qtp578764328-44] DEBUG org.eclipse.jetty.io.ManagedSelector - Selector sun.nio.ch.WindowsSelectorImpl@56a408e5 processing 1 keys, 0 updates
08:52:20.529 [qtp578764328-44] DEBUG org.eclipse.jetty.io.ManagedSelector - selected 1 sun.nio.ch.SelectionKeyImpl@5863ec41 SocketChannelEndPoint@5d112c50{/127.0.0.1:58001<->/127.0.0.1:8888,OPEN,fill=FI,flush=-,to=0/30000}{io=1/1,kio=1,kro=1}->HttpConnection@633cd469[p=HttpParser{s=START,0 of -1},g=HttpGenerator@371b17f2{s=START}]=>HttpChannelOverHttp@69f105b6{s=HttpChannelState@25831e61{s=IDLE rs=BLOCKING os=OPEN is=IDLE awp=false se=false i=true al=0},r=0,c=false/false,a=IDLE,uri=null,age=0} 
08:52:20.529 [qtp578764328-44] DEBUG org.eclipse.jetty.io.ChannelEndPoint - onSelected 1->0 r=true w=false for SocketChannelEndPoint@5d112c50{/127.0.0.1:58001<->/127.0.0.1:8888,OPEN,fill=FI,flush=-,to=0/30000}{io=1/0,kio=1,kro=1}->HttpConnection@633cd469[p=HttpParser{s=START,0 of -1},g=HttpGenerator@371b17f2{s=START}]=>HttpChannelOverHttp@69f105b6{s=HttpChannelState@25831e61{s=IDLE rs=BLOCKING os=OPEN is=IDLE awp=false se=false i=true al=0},r=0,c=false/false,a=IDLE,uri=null,age=0}
08:52:20.529 [qtp578764328-44] DEBUG org.eclipse.jetty.io.ChannelEndPoint - task CEP:SocketChannelEndPoint@5d112c50{/127.0.0.1:58001<->/127.0.0.1:8888,OPEN,fill=FI,flush=-,to=1/30000}{io=1/0,kio=1,kro=1}->HttpConnection@633cd469[p=HttpParser{s=START,0 of -1},g=HttpGenerator@371b17f2{s=START}]=>HttpChannelOverHttp@69f105b6{s=HttpChannelState@25831e61{s=IDLE rs=BLOCKING os=OPEN is=IDLE awp=false se=false i=true al=0},r=0,c=false/false,a=IDLE,uri=null,age=0}:runFillable:BLOCKING
08:52:20.529 [qtp578764328-44] DEBUG o.e.j.u.t.ReservedThreadExecutor - ReservedThreadExecutor@7acd71e4{s=1/8,p=0} tryExecute EatWhatYouKill@2606a44f/SelectorProducer@4a2738dd/PRODUCING/p=false/QueuedThreadPool[qtp578764328]@227f3e28{STARTED,8<=8<=200,i=2,r=8,q=0}[ReservedThreadExecutor@7acd71e4{s=1/8,p=0}][pc=0,pic=0,pec=0,epc=0]@2019-12-26T08:52:20.529+01:00
08:52:20.530 [qtp578764328-44] DEBUG o.e.j.u.t.ReservedThreadExecutor - ReservedThreadExecutor@7acd71e4{s=0/8,p=0}@22fd2d0c offer EatWhatYouKill@2606a44f/SelectorProducer@4a2738dd/PRODUCING/p=false/QueuedThreadPool[qtp578764328]@227f3e28{STARTED,8<=8<=200,i=2,r=8,q=0}[ReservedThreadExecutor@7acd71e4{s=0/8,p=0}][pc=0,pic=0,pec=0,epc=0]@2019-12-26T08:52:20.53+01:00
08:52:20.530 [qtp578764328-44] DEBUG o.e.j.u.t.ReservedThreadExecutor - ReservedThreadExecutor@7acd71e4{s=0/8,p=1} startReservedThread p=1
08:52:20.530 [qtp578764328-44] DEBUG o.e.j.util.thread.QueuedThreadPool - queue ReservedThreadExecutor@7acd71e4{s=0/8,p=1}@5c5c6395 startThread=0
08:52:20.530 [qtp578764328-43] DEBUG o.e.j.util.thread.QueuedThreadPool - run ReservedThreadExecutor@7acd71e4{s=0/8,p=1}@5c5c6395 in QueuedThreadPool[qtp578764328]@227f3e28{STARTED,8<=8<=200,i=1,r=8,q=0}[ReservedThreadExecutor@7acd71e4{s=0/8,p=1}]
08:52:20.530 [qtp578764328-43] DEBUG o.e.j.u.t.ReservedThreadExecutor - ReservedThreadExecutor@7acd71e4{s=1/8,p=1}@5c5c6395 started
08:52:20.530 [qtp578764328-43] DEBUG o.e.j.u.t.ReservedThreadExecutor - ReservedThreadExecutor@7acd71e4{s=1/8,p=0}@5c5c6395 waiting
08:52:20.530 [qtp578764328-48] DEBUG o.e.j.u.t.ReservedThreadExecutor - ReservedThreadExecutor@7acd71e4{s=0/8,p=1}@22fd2d0c task=EatWhatYouKill@2606a44f/SelectorProducer@4a2738dd/IDLE/p=true/QueuedThreadPool[qtp578764328]@227f3e28{STARTED,8<=8<=200,i=1,r=8,q=0}[ReservedThreadExecutor@7acd71e4{s=0/8,p=1}][pc=0,pic=0,pec=0,epc=0]@2019-12-26T08:52:20.53+01:00
08:52:20.530 [qtp578764328-48] DEBUG o.e.j.u.t.strategy.EatWhatYouKill - EatWhatYouKill@2606a44f/SelectorProducer@4a2738dd/IDLE/p=true/QueuedThreadPool[qtp578764328]@227f3e28{STARTED,8<=8<=200,i=1,r=8,q=0}[ReservedThreadExecutor@7acd71e4{s=1/8,p=0}][pc=0,pic=0,pec=0,epc=0]@2019-12-26T08:52:20.53+01:00 tryProduce true
08:52:20.530 [qtp578764328-44] DEBUG o.e.j.u.t.strategy.EatWhatYouKill - EatWhatYouKill@2606a44f/SelectorProducer@4a2738dd/IDLE/p=true/QueuedThreadPool[qtp578764328]@227f3e28{STARTED,8<=8<=200,i=1,r=8,q=0}[ReservedThreadExecutor@7acd71e4{s=1/8,p=0}][pc=0,pic=0,pec=0,epc=0]@2019-12-26T08:52:20.53+01:00 m=EXECUTE_PRODUCE_CONSUME t=CEP:SocketChannelEndPoint@5d112c50{/127.0.0.1:58001<->/127.0.0.1:8888,OPEN,fill=FI,flush=-,to=1/30000}{io=1/0,kio=1,kro=1}->HttpConnection@633cd469[p=HttpParser{s=START,0 of -1},g=HttpGenerator@371b17f2{s=START}]=>HttpChannelOverHttp@69f105b6{s=HttpChannelState@25831e61{s=IDLE rs=BLOCKING os=OPEN is=IDLE awp=false se=false i=true al=0},r=0,c=false/false,a=IDLE,uri=null,age=0}:runFillable:BLOCKING/BLOCKING
08:52:20.530 [qtp578764328-48] DEBUG org.eclipse.jetty.io.ManagedSelector - updateable 0
08:52:20.530 [qtp578764328-48] DEBUG org.eclipse.jetty.io.ManagedSelector - updates 0
08:52:20.530 [qtp578764328-44] DEBUG org.eclipse.jetty.io.FillInterest - fillable FillInterest@56266812{AC.ReadCB@633cd469{HttpConnection@633cd469::SocketChannelEndPoint@5d112c50{/127.0.0.1:58001<->/127.0.0.1:8888,OPEN,fill=FI,flush=-,to=2/30000}{io=1/0,kio=1,kro=1}->HttpConnection@633cd469[p=HttpParser{s=START,0 of -1},g=HttpGenerator@371b17f2{s=START}]=>HttpChannelOverHttp@69f105b6{s=HttpChannelState@25831e61{s=IDLE rs=BLOCKING os=OPEN is=IDLE awp=false se=false i=true al=0},r=0,c=false/false,a=IDLE,uri=null,age=0}}}
08:52:20.530 [qtp578764328-48] DEBUG org.eclipse.jetty.io.ChannelEndPoint - Key interests updated 1 -> 0 on SocketChannelEndPoint@5d112c50{/127.0.0.1:58001<->/127.0.0.1:8888,OPEN,fill=FI,flush=-,to=2/30000}{io=0/0,kio=0,kro=1}->HttpConnection@633cd469[p=HttpParser{s=START,0 of -1},g=HttpGenerator@371b17f2{s=START}]=>HttpChannelOverHttp@69f105b6{s=HttpChannelState@25831e61{s=IDLE rs=BLOCKING os=OPEN is=IDLE awp=false se=false i=true al=0},r=0,c=false/false,a=IDLE,uri=null,age=0}
08:52:20.531 [qtp578764328-48] DEBUG org.eclipse.jetty.io.ManagedSelector - Selector sun.nio.ch.WindowsSelectorImpl@56a408e5 waiting with 1 keys
08:52:20.531 [qtp578764328-44] DEBUG o.e.jetty.server.HttpConnection - HttpConnection@633cd469::SocketChannelEndPoint@5d112c50{/127.0.0.1:58001<->/127.0.0.1:8888,OPEN,fill=-,flush=-,to=2/30000}{io=0/0,kio=0,kro=1}->HttpConnection@633cd469[p=HttpParser{s=START,0 of -1},g=HttpGenerator@371b17f2{s=START}]=>HttpChannelOverHttp@69f105b6{s=HttpChannelState@25831e61{s=IDLE rs=BLOCKING os=OPEN is=IDLE awp=false se=false i=true al=0},r=0,c=false/false,a=IDLE,uri=null,age=0} onFillable enter HttpChannelState@25831e61{s=IDLE rs=BLOCKING os=OPEN is=IDLE awp=false se=false i=true al=0} null
08:52:20.531 [qtp578764328-44] DEBUG org.eclipse.jetty.io.ChannelEndPoint - filled 186 HeapByteBuffer@73258452[p=0,l=186,c=8192,r=186]={<<<GET /account/-70680459968...oding: gzip,deflate\r\n\r\n>>>.5.10 (Ja...\x00\x00\x00\x00\x00\x00\x00}
08:52:20.531 [qtp578764328-44] DEBUG o.e.jetty.server.HttpConnection - HttpConnection@633cd469::SocketChannelEndPoint@5d112c50{/127.0.0.1:58001<->/127.0.0.1:8888,OPEN,fill=-,flush=-,to=0/30000}{io=0/0,kio=0,kro=1}->HttpConnection@633cd469[p=HttpParser{s=START,0 of -1},g=HttpGenerator@371b17f2{s=START}]=>HttpChannelOverHttp@69f105b6{s=HttpChannelState@25831e61{s=IDLE rs=BLOCKING os=OPEN is=IDLE awp=false se=false i=true al=0},r=0,c=false/false,a=IDLE,uri=null,age=0} filled 186 HeapByteBuffer@73258452[p=0,l=186,c=8192,r=186]={<<<GET /account/-70680459968...oding: gzip,deflate\r\n\r\n>>>.5.10 (Ja...\x00\x00\x00\x00\x00\x00\x00}
08:52:20.531 [qtp578764328-44] DEBUG o.e.jetty.server.HttpConnection - HttpConnection@633cd469::SocketChannelEndPoint@5d112c50{/127.0.0.1:58001<->/127.0.0.1:8888,OPEN,fill=-,flush=-,to=0/30000}{io=0/0,kio=0,kro=1}->HttpConnection@633cd469[p=HttpParser{s=START,0 of -1},g=HttpGenerator@371b17f2{s=START}]=>HttpChannelOverHttp@69f105b6{s=HttpChannelState@25831e61{s=IDLE rs=BLOCKING os=OPEN is=IDLE awp=false se=false i=true al=0},r=0,c=false/false,a=IDLE,uri=null,age=0} parse HeapByteBuffer@73258452[p=0,l=186,c=8192,r=186]={<<<GET /account/-70680459968...oding: gzip,deflate\r\n\r\n>>>.5.10 (Ja...\x00\x00\x00\x00\x00\x00\x00} {}
08:52:20.531 [qtp578764328-44] DEBUG org.eclipse.jetty.http.HttpParser - parseNext s=START HeapByteBuffer@73258452[p=0,l=186,c=8192,r=186]={<<<GET /account/-70680459968...oding: gzip,deflate\r\n\r\n>>>.5.10 (Ja...\x00\x00\x00\x00\x00\x00\x00}
08:52:20.531 [qtp578764328-44] DEBUG org.eclipse.jetty.http.HttpParser - START --> SPACE1
08:52:20.531 [qtp578764328-44] DEBUG org.eclipse.jetty.http.HttpParser - SPACE1 --> URI
08:52:20.531 [qtp578764328-44] DEBUG org.eclipse.jetty.http.HttpParser - URI --> SPACE2
08:52:20.531 [qtp578764328-44] DEBUG org.eclipse.jetty.http.HttpParser - SPACE2 --> REQUEST_VERSION
08:52:20.531 [qtp578764328-44] DEBUG org.eclipse.jetty.http.HttpParser - REQUEST_VERSION --> HEADER
08:52:20.532 [qtp578764328-44] DEBUG org.eclipse.jetty.http.HttpParser - HEADER:Host --> VALUE
08:52:20.532 [qtp578764328-44] DEBUG org.eclipse.jetty.http.HttpParser - HEADER:Host --> IN_VALUE
08:52:20.532 [qtp578764328-44] DEBUG org.eclipse.jetty.http.HttpParser - HEADER:Host --> FIELD
08:52:20.532 [qtp578764328-44] DEBUG org.eclipse.jetty.http.HttpParser - HEADER:Connection: keep-alive --> IN_VALUE
08:52:20.532 [qtp578764328-44] DEBUG org.eclipse.jetty.http.HttpParser - HEADER:Connection: keep-alive --> FIELD
08:52:20.532 [qtp578764328-44] DEBUG org.eclipse.jetty.http.HttpParser - HEADER:User-Agent --> VALUE
08:52:20.532 [qtp578764328-44] DEBUG org.eclipse.jetty.http.HttpParser - HEADER:User-Agent --> IN_VALUE
08:52:20.532 [qtp578764328-44] DEBUG org.eclipse.jetty.http.HttpParser - HEADER:User-Agent --> FIELD
08:52:20.532 [qtp578764328-44] DEBUG org.eclipse.jetty.http.HttpParser - HEADER:Accept-Encoding --> IN_VALUE
08:52:20.532 [qtp578764328-44] DEBUG org.eclipse.jetty.http.HttpParser - HEADER:Accept-Encoding --> FIELD
08:52:20.532 [qtp578764328-44] DEBUG org.eclipse.jetty.http.HttpParser - HEADER --> CONTENT
08:52:20.532 [qtp578764328-44] DEBUG org.eclipse.jetty.server.HttpChannel - REQUEST for //localhost:8888/account/-7068045996842732675/balance on HttpChannelOverHttp@69f105b6{s=HttpChannelState@25831e61{s=IDLE rs=BLOCKING os=OPEN is=IDLE awp=false se=false i=true al=0},r=1,c=false/false,a=IDLE,uri=//localhost:8888/account/-7068045996842732675/balance,age=0}
GET //localhost:8888/account/-7068045996842732675/balance HTTP/1.1
Host: localhost:8888
Connection: keep-alive
User-Agent: Apache-HttpClient/4.5.10 (Java/1.8.0_211)
Accept-Encoding: gzip,deflate


08:52:20.532 [qtp578764328-44] DEBUG o.e.jetty.server.HttpConnection - HttpConnection@633cd469::SocketChannelEndPoint@5d112c50{/127.0.0.1:58001<->/127.0.0.1:8888,OPEN,fill=-,flush=-,to=1/30000}{io=0/0,kio=0,kro=1}->HttpConnection@633cd469[p=HttpParser{s=CONTENT,0 of -1},g=HttpGenerator@371b17f2{s=START}]=>HttpChannelOverHttp@69f105b6{s=HttpChannelState@25831e61{s=IDLE rs=BLOCKING os=OPEN is=IDLE awp=false se=false i=true al=0},r=1,c=false/false,a=IDLE,uri=//localhost:8888/account/-7068045996842732675/balance,age=0} parsed true HttpParser{s=CONTENT,0 of -1}
08:52:20.532 [qtp578764328-44] DEBUG o.e.jetty.server.HttpConnection - releaseRequestBuffer HttpConnection@633cd469::SocketChannelEndPoint@5d112c50{/127.0.0.1:58001<->/127.0.0.1:8888,OPEN,fill=-,flush=-,to=1/30000}{io=0/0,kio=0,kro=1}->HttpConnection@633cd469[p=HttpParser{s=CONTENT,0 of -1},g=HttpGenerator@371b17f2{s=START}]=>HttpChannelOverHttp@69f105b6{s=HttpChannelState@25831e61{s=IDLE rs=BLOCKING os=OPEN is=IDLE awp=false se=false i=true al=0},r=1,c=false/false,a=IDLE,uri=//localhost:8888/account/-7068045996842732675/balance,age=0}
08:52:20.532 [qtp578764328-44] DEBUG org.eclipse.jetty.server.HttpChannel - handle //localhost:8888/account/-7068045996842732675/balance HttpChannelOverHttp@69f105b6{s=HttpChannelState@25831e61{s=IDLE rs=BLOCKING os=OPEN is=IDLE awp=false se=false i=true al=0},r=1,c=false/false,a=IDLE,uri=//localhost:8888/account/-7068045996842732675/balance,age=0} 
08:52:20.532 [qtp578764328-44] DEBUG o.e.jetty.server.HttpChannelState - handling HttpChannelState@25831e61{s=IDLE rs=BLOCKING os=OPEN is=IDLE awp=false se=false i=true al=0}
08:52:20.532 [qtp578764328-44] DEBUG org.eclipse.jetty.server.HttpChannel - action DISPATCH HttpChannelOverHttp@69f105b6{s=HttpChannelState@25831e61{s=HANDLING rs=BLOCKING os=OPEN is=IDLE awp=false se=false i=true al=0},r=1,c=false/false,a=HANDLING,uri=//localhost:8888/account/-7068045996842732675/balance,age=0}
08:52:20.532 [qtp578764328-44] DEBUG org.eclipse.jetty.server.Server - REQUEST GET /account/-7068045996842732675/balance on HttpChannelOverHttp@69f105b6{s=HttpChannelState@25831e61{s=HANDLING rs=BLOCKING os=OPEN is=IDLE awp=false se=false i=true al=0},r=1,c=false/false,a=HANDLING,uri=//localhost:8888/account/-7068045996842732675/balance,age=0}
08:52:20.533 [qtp578764328-44] DEBUG o.e.j.server.handler.ContextHandler - scope null||/account/-7068045996842732675/balance @ o.e.j.s.ServletContextHandler@3a530d6f{/,null,AVAILABLE}
08:52:20.533 [qtp578764328-44] DEBUG o.e.j.server.handler.ContextHandler - context=||/account/-7068045996842732675/balance @ o.e.j.s.ServletContextHandler@3a530d6f{/,null,AVAILABLE}
08:52:20.533 [qtp578764328-44] DEBUG org.eclipse.jetty.server.session - Entering scope org.eclipse.jetty.server.session.SessionHandler1957997271==dftMaxIdleSec=-1, dispatch=REQUEST asyncstarted=false
08:52:20.533 [qtp578764328-44] DEBUG org.eclipse.jetty.server.session - sessionHandler=org.eclipse.jetty.server.session.SessionHandler1957997271==dftMaxIdleSec=-1 session=null
08:52:20.533 [qtp578764328-44] DEBUG o.e.jetty.servlet.ServletHandler - servlet ||/account/-7068045996842732675/balance -> org.glassfish.jersey.servlet.ServletContainer-9e4d868@e9026630==org.glassfish.jersey.servlet.ServletContainer,jsp=null,order=0,inst=true,async=true
08:52:20.533 [qtp578764328-44] DEBUG o.e.jetty.servlet.ServletHandler - chain=null
08:52:20.534 [qtp578764328-44] DEBUG org.hibernate.SQL - select account0_.id as id1_0_0_, account0_.amount as amount2_0_0_ from PUBLIC.Account account0_ where account0_.id=?
Hibernate: select account0_.id as id1_0_0_, account0_.amount as amount2_0_0_ from PUBLIC.Account account0_ where account0_.id=?
08:52:20.535 [qtp578764328-44] DEBUG o.h.l.p.e.p.i.EntityReferenceInitializerImpl - On call to EntityIdentifierReaderImpl#resolve, EntityKey was already known; should only happen on root returns with an optional identifier specified
08:52:20.535 [qtp578764328-44] DEBUG o.h.engine.internal.TwoPhaseLoad - Resolving attributes for [com.revolut.money.domain.account.Account#-7068045996842732675]
08:52:20.535 [qtp578764328-44] DEBUG o.h.engine.internal.TwoPhaseLoad - Processing attribute `balance` : value = [Ljava.lang.Object;@79711935
08:52:20.535 [qtp578764328-44] DEBUG o.h.engine.internal.TwoPhaseLoad - Attribute (`balance`)  - enhanced for lazy-loading? - false
08:52:20.535 [qtp578764328-44] DEBUG o.h.engine.internal.TwoPhaseLoad - Done materializing entity [com.revolut.money.domain.account.Account#-7068045996842732675]
08:52:20.535 [qtp578764328-44] DEBUG o.h.l.e.p.AbstractLoadPlanBasedEntityLoader - Done entity load : com.revolut.money.domain.account.Account#-7068045996842732675
08:52:20.535 [qtp578764328-44] DEBUG o.h.r.j.i.LogicalConnectionManagedImpl - Initiating JDBC connection release from afterTransaction
08:52:20.536 [qtp578764328-44] DEBUG org.eclipse.jetty.server.HttpChannel - sendResponse info=null content=HeapByteBuffer@4fb8ff09[p=0,l=4,c=8192,r=4]={<<<5.00>>>\x00\x00\x00\x00\x00\x00\x00\x00\x00...\x00\x00\x00\x00\x00\x00\x00} complete=true committing=true callback=Blocker@9851338{null}
08:52:20.536 [qtp578764328-44] DEBUG org.eclipse.jetty.server.HttpChannel - COMMIT for /account/-7068045996842732675/balance on HttpChannelOverHttp@69f105b6{s=HttpChannelState@25831e61{s=HANDLING rs=BLOCKING os=COMMITTED is=IDLE awp=false se=false i=true al=0},r=1,c=false/false,a=HANDLING,uri=//localhost:8888/account/-7068045996842732675/balance,age=4}
200 OK HTTP/1.1
Date: Thu, 26 Dec 2019 07:52:20 GMT
Content-Length: 4
Content-Type: text/plain


08:52:20.536 [qtp578764328-44] DEBUG o.e.jetty.server.HttpConnection - generate: NEED_HEADER for org.eclipse.jetty.server.HttpConnection$SendCallback@cf68cf7[PROCESSING][i=HTTP/1.1{s=200,h=3,cl=4},cb=org.eclipse.jetty.server.HttpChannel$SendCallback@7d3f84ed] (null,[p=0,l=4,c=8192,r=4],true)@START
08:52:20.537 [qtp578764328-44] DEBUG org.eclipse.jetty.http.HttpGenerator - generateHeaders HTTP/1.1{s=200,h=3,cl=4} last=true content=HeapByteBuffer@4fb8ff09[p=0,l=4,c=8192,r=4]={<<<5.00>>>\x00\x00\x00\x00\x00\x00\x00\x00\x00...\x00\x00\x00\x00\x00\x00\x00}
08:52:20.537 [qtp578764328-44] DEBUG org.eclipse.jetty.http.HttpGenerator - Date: Thu, 26 Dec 2019 07:52:20 GMT
Content-Length: 4
Content-Type: text/plain


08:52:20.537 [qtp578764328-44] DEBUG org.eclipse.jetty.http.HttpGenerator - CONTENT_LENGTH
08:52:20.537 [qtp578764328-44] DEBUG o.e.jetty.server.HttpConnection - generate: FLUSH for org.eclipse.jetty.server.HttpConnection$SendCallback@cf68cf7[PROCESSING][i=HTTP/1.1{s=200,h=3,cl=4},cb=org.eclipse.jetty.server.HttpChannel$SendCallback@7d3f84ed] ([p=0,l=134,c=8192,r=134],[p=0,l=4,c=8192,r=4],true)@COMPLETING
08:52:20.537 [qtp578764328-44] DEBUG org.eclipse.jetty.io.WriteFlusher - write: WriteFlusher@75f77cf4{IDLE}->null [HeapByteBuffer@73258452[p=0,l=134,c=8192,r=134]={<<<HTTP/1.1 200 OK\r\nDate: Th...y(9.4.25.v20191220)\r\n\r\n>>> (Java/1....\x00\x00\x00\x00\x00\x00\x00},HeapByteBuffer@4fb8ff09[p=0,l=4,c=8192,r=4]={<<<5.00>>>\x00\x00\x00\x00\x00\x00\x00\x00\x00...\x00\x00\x00\x00\x00\x00\x00}]
08:52:20.537 [qtp578764328-44] DEBUG org.eclipse.jetty.io.WriteFlusher - update WriteFlusher@75f77cf4{WRITING}->null:IDLE-->WRITING
08:52:20.537 [Test worker] DEBUG org.apache.http.wire - http-outgoing-4 << "HTTP/1.1 200 OK[\r][\n]"
08:52:20.537 [Test worker] DEBUG org.apache.http.wire - http-outgoing-4 << "Date: Thu, 26 Dec 2019 07:52:20 GMT[\r][\n]"
08:52:20.537 [Test worker] DEBUG org.apache.http.wire - http-outgoing-4 << "Content-Type: text/plain[\r][\n]"
08:52:20.537 [Test worker] DEBUG org.apache.http.wire - http-outgoing-4 << "Content-Length: 4[\r][\n]"
08:52:20.537 [Test worker] DEBUG org.apache.http.wire - http-outgoing-4 << "Server: Jetty(9.4.25.v20191220)[\r][\n]"
08:52:20.537 [Test worker] DEBUG org.apache.http.wire - http-outgoing-4 << "[\r][\n]"
08:52:20.537 [Test worker] DEBUG org.apache.http.wire - http-outgoing-4 << "5.00"
08:52:20.537 [qtp578764328-44] DEBUG org.eclipse.jetty.io.ChannelEndPoint - flushed 138 SocketChannelEndPoint@5d112c50{/127.0.0.1:58001<->/127.0.0.1:8888,OPEN,fill=-,flush=W,to=6/30000}{io=0/0,kio=0,kro=1}->HttpConnection@633cd469[p=HttpParser{s=CONTENT,0 of -1},g=HttpGenerator@371b17f2{s=COMPLETING}]=>HttpChannelOverHttp@69f105b6{s=HttpChannelState@25831e61{s=HANDLING rs=BLOCKING os=COMMITTED is=IDLE awp=false se=false i=true al=0},r=1,c=false/false,a=HANDLING,uri=//localhost:8888/account/-7068045996842732675/balance,age=5}
08:52:20.537 [Test worker] DEBUG org.apache.http.headers - http-outgoing-4 << HTTP/1.1 200 OK
08:52:20.537 [qtp578764328-44] DEBUG org.eclipse.jetty.io.WriteFlusher - Flushed=true written=138 remaining=0 WriteFlusher@75f77cf4{WRITING}->null
08:52:20.537 [Test worker] DEBUG org.apache.http.headers - http-outgoing-4 << Date: Thu, 26 Dec 2019 07:52:20 GMT
08:52:20.537 [Test worker] DEBUG org.apache.http.headers - http-outgoing-4 << Content-Type: text/plain
08:52:20.537 [qtp578764328-44] DEBUG org.eclipse.jetty.io.WriteFlusher - update WriteFlusher@75f77cf4{IDLE}->null:WRITING-->IDLE
08:52:20.537 [Test worker] DEBUG org.apache.http.headers - http-outgoing-4 << Content-Length: 4
08:52:20.537 [Test worker] DEBUG org.apache.http.headers - http-outgoing-4 << Server: Jetty(9.4.25.v20191220)
08:52:20.537 [qtp578764328-44] DEBUG o.e.jetty.server.HttpConnection - generate: DONE for org.eclipse.jetty.server.HttpConnection$SendCallback@cf68cf7[PROCESSING][i=HTTP/1.1{s=200,h=3,cl=4},cb=org.eclipse.jetty.server.HttpChannel$SendCallback@7d3f84ed] ([p=134,l=134,c=8192,r=0],[p=4,l=4,c=8192,r=0],true)@END
08:52:20.537 [Test worker] DEBUG o.a.h.impl.execchain.MainClientExec - Connection can be kept alive indefinitely
08:52:20.537 [qtp578764328-44] DEBUG org.eclipse.jetty.server.HttpOutput - onWriteComplete(true,null) s=CLOSING,api=BLOCKED,sc=false,e=null->s=CLOSED,api=BLOCKING,sc=false,e=null c=null cb=null w=false
08:52:20.538 [Test worker] DEBUG o.a.h.i.c.PoolingHttpClientConnectionManager - Connection [id: 4][route: {}->http://localhost:8888] can be kept alive indefinitely
08:52:20.538 [Test worker] DEBUG o.a.h.i.c.DefaultManagedHttpClientConnection - http-outgoing-4: set socket timeout to 0
08:52:20.538 [qtp578764328-44] DEBUG org.eclipse.jetty.server.session - Leaving scope org.eclipse.jetty.server.session.SessionHandler1957997271==dftMaxIdleSec=-1 dispatch=REQUEST, async=false, session=null, oldsession=null, oldsessionhandler=null
08:52:20.538 [Test worker] DEBUG o.a.h.i.c.PoolingHttpClientConnectionManager - Connection released: [id: 4][route: {}->http://localhost:8888][total kept alive: 1; route allocated: 1 of 2; total allocated: 1 of 20]
08:52:20.538 [qtp578764328-44] DEBUG org.eclipse.jetty.server.Server - handled=true async=false committed=true on HttpChannelOverHttp@69f105b6{s=HttpChannelState@25831e61{s=HANDLING rs=BLOCKING os=COMPLETED is=IDLE awp=false se=false i=true al=0},r=1,c=false/true,a=HANDLING,uri=//localhost:8888/account/-7068045996842732675/balance,age=6}
08:52:20.538 [qtp578764328-44] DEBUG o.e.jetty.server.HttpChannelState - unhandle HttpChannelState@25831e61{s=HANDLING rs=BLOCKING os=COMPLETED is=IDLE awp=false se=false i=true al=0}
08:52:20.538 [qtp578764328-44] DEBUG o.e.jetty.server.HttpChannelState - nextAction(false) COMPLETE HttpChannelState@25831e61{s=HANDLING rs=COMPLETING os=COMPLETED is=IDLE awp=false se=false i=false al=0}
08:52:20.538 [qtp578764328-44] DEBUG org.eclipse.jetty.server.HttpChannel - action COMPLETE HttpChannelOverHttp@69f105b6{s=HttpChannelState@25831e61{s=HANDLING rs=COMPLETING os=COMPLETED is=IDLE awp=false se=false i=false al=0},r=1,c=false/true,a=HANDLING,uri=//localhost:8888/account/-7068045996842732675/balance,age=6}
08:52:20.538 [qtp578764328-44] DEBUG org.eclipse.jetty.server.HttpOutput - complete(org.eclipse.jetty.util.Callback$4@544aada1) s=CLOSED,api=BLOCKING,sc=false,e=null s=true e=null, c=null
08:52:20.538 [qtp578764328-44] DEBUG o.e.jetty.server.HttpChannelState - completed HttpChannelState@25831e61{s=HANDLING rs=COMPLETING os=COMPLETED is=IDLE awp=false se=false i=false al=0}
08:52:20.538 [qtp578764328-44] DEBUG o.e.jetty.server.HttpChannelState - unhandle HttpChannelState@25831e61{s=HANDLING rs=COMPLETED os=COMPLETED is=IDLE awp=false se=false i=false al=0}
08:52:20.538 [qtp578764328-44] DEBUG o.e.jetty.server.HttpChannelState - nextAction(false) TERMINATED HttpChannelState@25831e61{s=IDLE rs=COMPLETED os=COMPLETED is=IDLE awp=false se=false i=false al=0}
08:52:20.538 [qtp578764328-44] DEBUG org.eclipse.jetty.server.HttpChannel - action TERMINATED HttpChannelOverHttp@69f105b6{s=HttpChannelState@25831e61{s=IDLE rs=COMPLETED os=COMPLETED is=IDLE awp=false se=false i=false al=0},r=1,c=true/true,a=IDLE,uri=//localhost:8888/account/-7068045996842732675/balance,age=6}
08:52:20.538 [qtp578764328-44] DEBUG org.eclipse.jetty.server.HttpChannel - onCompleted for /account/-7068045996842732675/balance written=4
08:52:20.538 [qtp578764328-44] DEBUG o.e.jetty.server.HttpConnection - HttpConnection@633cd469::SocketChannelEndPoint@5d112c50{/127.0.0.1:58001<->/127.0.0.1:8888,OPEN,fill=-,flush=-,to=0/30000}{io=0/0,kio=0,kro=1}->HttpConnection@633cd469[p=HttpParser{s=CONTENT,0 of -1},g=HttpGenerator@371b17f2{s=END}]=>HttpChannelOverHttp@69f105b6{s=HttpChannelState@25831e61{s=IDLE rs=COMPLETED os=COMPLETED is=IDLE awp=false se=false i=false al=0},r=1,c=true/true,a=IDLE,uri=//localhost:8888/account/-7068045996842732675/balance,age=6} parse null {}
08:52:20.538 [qtp578764328-44] DEBUG org.eclipse.jetty.http.HttpParser - parseNext s=CONTENT HeapByteBuffer@5ccd10d8[p=0,l=0,c=0,r=0]={<<<>>>}
08:52:20.538 [qtp578764328-44] DEBUG org.eclipse.jetty.http.HttpParser - CONTENT --> CONTENT_END
08:52:20.538 [qtp578764328-44] DEBUG org.eclipse.jetty.server.HttpChannel - onContentComplete HttpChannelOverHttp@69f105b6{s=HttpChannelState@25831e61{s=IDLE rs=COMPLETED os=COMPLETED is=IDLE awp=false se=false i=false al=0},r=1,c=true/true,a=IDLE,uri=//localhost:8888/account/-7068045996842732675/balance,age=6}
08:52:20.538 [qtp578764328-44] DEBUG org.eclipse.jetty.http.HttpParser - CONTENT_END --> END
08:52:20.538 [qtp578764328-44] DEBUG org.eclipse.jetty.server.HttpChannel - onRequestComplete HttpChannelOverHttp@69f105b6{s=HttpChannelState@25831e61{s=IDLE rs=COMPLETED os=COMPLETED is=IDLE awp=false se=false i=false al=0},r=1,c=true/true,a=IDLE,uri=//localhost:8888/account/-7068045996842732675/balance,age=6}
08:52:20.538 [qtp578764328-44] DEBUG org.eclipse.jetty.server.HttpInput - HttpInputOverHTTP@6c6302eb[c=0,q=0,[0]=null,s=STREAM] addContent EOF
08:52:20.539 [qtp578764328-44] DEBUG o.e.jetty.server.HttpConnection - HttpConnection@633cd469::SocketChannelEndPoint@5d112c50{/127.0.0.1:58001<->/127.0.0.1:8888,OPEN,fill=-,flush=-,to=1/30000}{io=0/0,kio=0,kro=1}->HttpConnection@633cd469[p=HttpParser{s=END,0 of -1},g=HttpGenerator@371b17f2{s=END}]=>HttpChannelOverHttp@69f105b6{s=HttpChannelState@25831e61{s=IDLE rs=COMPLETED os=COMPLETED is=IDLE awp=false se=false i=false al=0},r=1,c=true/true,a=IDLE,uri=//localhost:8888/account/-7068045996842732675/balance,age=6} parsed false HttpParser{s=END,0 of -1}
08:52:20.539 [qtp578764328-44] DEBUG o.e.jetty.server.HttpChannelState - recycle HttpChannelState@25831e61{s=IDLE rs=COMPLETED os=COMPLETED is=IDLE awp=false se=false i=false al=0}
08:52:20.539 [qtp578764328-44] DEBUG org.eclipse.jetty.http.HttpParser - reset HttpParser{s=END,0 of -1}
08:52:20.539 [qtp578764328-44] DEBUG org.eclipse.jetty.http.HttpParser - END --> START
08:52:20.539 [qtp578764328-44] DEBUG org.eclipse.jetty.server.HttpChannel - !handle TERMINATED HttpChannelOverHttp@69f105b6{s=HttpChannelState@25831e61{s=IDLE rs=BLOCKING os=OPEN is=IDLE awp=false se=false i=true al=0},r=1,c=false/false,a=IDLE,uri=null,age=0}
08:52:20.539 [qtp578764328-44] DEBUG org.eclipse.jetty.io.ChannelEndPoint - filled 0 HeapByteBuffer@73258452[p=0,l=0,c=8192,r=0]={<<<>>>HTTP/1.1 ...\x00\x00\x00\x00\x00\x00\x00}
08:52:20.539 [qtp578764328-44] DEBUG org.eclipse.jetty.io.ChannelEndPoint - filled 0 HeapByteBuffer@73258452[p=0,l=0,c=8192,r=0]={<<<>>>HTTP/1.1 ...\x00\x00\x00\x00\x00\x00\x00}
08:52:20.539 [qtp578764328-44] DEBUG o.e.jetty.server.HttpConnection - HttpConnection@633cd469::SocketChannelEndPoint@5d112c50{/127.0.0.1:58001<->/127.0.0.1:8888,OPEN,fill=-,flush=-,to=1/30000}{io=0/0,kio=0,kro=1}->HttpConnection@633cd469[p=HttpParser{s=START,0 of -1},g=HttpGenerator@371b17f2{s=START}]=>HttpChannelOverHttp@69f105b6{s=HttpChannelState@25831e61{s=IDLE rs=BLOCKING os=OPEN is=IDLE awp=false se=false i=true al=0},r=1,c=false/false,a=IDLE,uri=null,age=0} filled 0 HeapByteBuffer@73258452[p=0,l=0,c=8192,r=0]={<<<>>>HTTP/1.1 ...\x00\x00\x00\x00\x00\x00\x00}
08:52:20.539 [Test worker] DEBUG o.a.h.c.protocol.RequestAddCookies - CookieSpec selected: default
08:52:20.539 [Test worker] DEBUG o.a.h.c.protocol.RequestAuthCache - Auth cache not set in the context
08:52:20.539 [qtp578764328-44] DEBUG o.e.jetty.server.HttpConnection - HttpConnection@633cd469::SocketChannelEndPoint@5d112c50{/127.0.0.1:58001<->/127.0.0.1:8888,OPEN,fill=-,flush=-,to=1/30000}{io=0/0,kio=0,kro=1}->HttpConnection@633cd469[p=HttpParser{s=START,0 of -1},g=HttpGenerator@371b17f2{s=START}]=>HttpChannelOverHttp@69f105b6{s=HttpChannelState@25831e61{s=IDLE rs=BLOCKING os=OPEN is=IDLE awp=false se=false i=true al=0},r=1,c=false/false,a=IDLE,uri=null,age=0} parse HeapByteBuffer@73258452[p=0,l=0,c=8192,r=0]={<<<>>>HTTP/1.1 ...\x00\x00\x00\x00\x00\x00\x00} {}
08:52:20.539 [Test worker] DEBUG o.a.h.i.c.PoolingHttpClientConnectionManager - Connection request: [route: {}->http://localhost:8888][total kept alive: 0; route allocated: 0 of 2; total allocated: 0 of 20]
08:52:20.539 [qtp578764328-44] DEBUG org.eclipse.jetty.http.HttpParser - parseNext s=START HeapByteBuffer@73258452[p=0,l=0,c=8192,r=0]={<<<>>>HTTP/1.1 ...\x00\x00\x00\x00\x00\x00\x00}
08:52:20.539 [Test worker] DEBUG o.a.h.i.c.PoolingHttpClientConnectionManager - Connection leased: [id: 5][route: {}->http://localhost:8888][total kept alive: 0; route allocated: 1 of 2; total allocated: 1 of 20]
08:52:20.539 [Test worker] DEBUG o.a.h.impl.execchain.MainClientExec - Opening connection {}->http://localhost:8888
08:52:20.539 [qtp578764328-44] DEBUG o.e.jetty.server.HttpConnection - HttpConnection@633cd469::SocketChannelEndPoint@5d112c50{/127.0.0.1:58001<->/127.0.0.1:8888,OPEN,fill=-,flush=-,to=2/30000}{io=0/0,kio=0,kro=1}->HttpConnection@633cd469[p=HttpParser{s=START,0 of -1},g=HttpGenerator@371b17f2{s=START}]=>HttpChannelOverHttp@69f105b6{s=HttpChannelState@25831e61{s=IDLE rs=BLOCKING os=OPEN is=IDLE awp=false se=false i=true al=0},r=1,c=false/false,a=IDLE,uri=null,age=0} parsed false HttpParser{s=START,0 of -1}
08:52:20.539 [qtp578764328-44] DEBUG o.e.jetty.server.HttpConnection - releaseRequestBuffer HttpConnection@633cd469::SocketChannelEndPoint@5d112c50{/127.0.0.1:58001<->/127.0.0.1:8888,OPEN,fill=-,flush=-,to=2/30000}{io=0/0,kio=0,kro=1}->HttpConnection@633cd469[p=HttpParser{s=START,0 of -1},g=HttpGenerator@371b17f2{s=START}]=>HttpChannelOverHttp@69f105b6{s=HttpChannelState@25831e61{s=IDLE rs=BLOCKING os=OPEN is=IDLE awp=false se=false i=true al=0},r=1,c=false/false,a=IDLE,uri=null,age=0}
08:52:20.540 [Test worker] DEBUG o.a.h.i.c.DefaultHttpClientConnectionOperator - Connecting to localhost/127.0.0.1:8888
08:52:20.540 [qtp578764328-44] DEBUG o.e.jetty.io.AbstractConnection - fillInterested HttpConnection@633cd469::SocketChannelEndPoint@5d112c50{/127.0.0.1:58001<->/127.0.0.1:8888,OPEN,fill=-,flush=-,to=2/30000}{io=0/0,kio=0,kro=1}->HttpConnection@633cd469[p=HttpParser{s=START,0 of -1},g=HttpGenerator@371b17f2{s=START}]=>HttpChannelOverHttp@69f105b6{s=HttpChannelState@25831e61{s=IDLE rs=BLOCKING os=OPEN is=IDLE awp=false se=false i=true al=0},r=1,c=false/false,a=IDLE,uri=null,age=0}
08:52:20.540 [qtp578764328-44] DEBUG org.eclipse.jetty.io.FillInterest - interested FillInterest@56266812{AC.ReadCB@633cd469{HttpConnection@633cd469::SocketChannelEndPoint@5d112c50{/127.0.0.1:58001<->/127.0.0.1:8888,OPEN,fill=FI,flush=-,to=0/30000}{io=0/0,kio=0,kro=1}->HttpConnection@633cd469[p=HttpParser{s=START,0 of -1},g=HttpGenerator@371b17f2{s=START}]=>HttpChannelOverHttp@69f105b6{s=HttpChannelState@25831e61{s=IDLE rs=BLOCKING os=OPEN is=IDLE awp=false se=false i=true al=0},r=1,c=false/false,a=IDLE,uri=null,age=0}}}
08:52:20.540 [qtp578764328-44] DEBUG org.eclipse.jetty.io.ChannelEndPoint - changeInterests p=false 0->1 for SocketChannelEndPoint@5d112c50{/127.0.0.1:58001<->/127.0.0.1:8888,OPEN,fill=FI,flush=-,to=0/30000}{io=0/1,kio=0,kro=1}->HttpConnection@633cd469[p=HttpParser{s=START,0 of -1},g=HttpGenerator@371b17f2{s=START}]=>HttpChannelOverHttp@69f105b6{s=HttpChannelState@25831e61{s=IDLE rs=BLOCKING os=OPEN is=IDLE awp=false se=false i=true al=0},r=1,c=false/false,a=IDLE,uri=null,age=0}
08:52:20.540 [qtp578764328-44] DEBUG org.eclipse.jetty.io.ManagedSelector - Queued change org.eclipse.jetty.io.ChannelEndPoint$1@6beb04a1 on ManagedSelector@2ed1fa51{STARTED} id=3 keys=1 selected=0 updates=0
08:52:20.540 [Test worker] DEBUG o.a.h.i.c.DefaultHttpClientConnectionOperator - Connection established 127.0.0.1:58002<->127.0.0.1:8888
08:52:20.540 [qtp578764328-44] DEBUG org.eclipse.jetty.io.ManagedSelector - Wakeup on submit ManagedSelector@2ed1fa51{STARTED} id=3 keys=1 selected=0 updates=1
08:52:20.540 [Test worker] DEBUG o.a.h.impl.execchain.MainClientExec - Executing request GET /account/5113688443632233815/balance HTTP/1.1
08:52:20.540 [Test worker] DEBUG o.a.h.impl.execchain.MainClientExec - Target auth state: UNCHALLENGED
08:52:20.540 [Test worker] DEBUG o.a.h.impl.execchain.MainClientExec - Proxy auth state: UNCHALLENGED
08:52:20.540 [qtp578764328-48] DEBUG org.eclipse.jetty.io.ManagedSelector - Selector sun.nio.ch.WindowsSelectorImpl@56a408e5 woken with none selected
08:52:20.540 [qtp578764328-45-acceptor-0@21618eeb-ServerConnector@365023ca{HTTP/1.1,[http/1.1]}{0.0.0.0:8888}] DEBUG org.eclipse.jetty.io.ManagedSelector - Queued change org.eclipse.jetty.io.ManagedSelector$Accept@18ea10a9 on ManagedSelector@24f75ecc{STARTED} id=0 keys=0 selected=0 updates=0
08:52:20.540 [qtp578764328-48] DEBUG org.eclipse.jetty.io.ManagedSelector - Selector sun.nio.ch.WindowsSelectorImpl@56a408e5 woken up from select, 0/0/1 selected
08:52:20.540 [qtp578764328-48] DEBUG org.eclipse.jetty.io.ManagedSelector - Selector sun.nio.ch.WindowsSelectorImpl@56a408e5 processing 0 keys, 1 updates
08:52:20.540 [qtp578764328-45-acceptor-0@21618eeb-ServerConnector@365023ca{HTTP/1.1,[http/1.1]}{0.0.0.0:8888}] DEBUG org.eclipse.jetty.io.ManagedSelector - Wakeup on submit ManagedSelector@24f75ecc{STARTED} id=0 keys=0 selected=0 updates=1
08:52:20.540 [Test worker] DEBUG org.apache.http.headers - http-outgoing-5 >> GET /account/5113688443632233815/balance HTTP/1.1
08:52:20.540 [qtp578764328-48] DEBUG org.eclipse.jetty.io.ManagedSelector - updateable 1
08:52:20.540 [qtp578764328-44] DEBUG o.e.jetty.server.HttpConnection - HttpConnection@633cd469::SocketChannelEndPoint@5d112c50{/127.0.0.1:58001<->/127.0.0.1:8888,OPEN,fill=FI,flush=-,to=0/30000}{io=0/1,kio=0,kro=1}->HttpConnection@633cd469[p=HttpParser{s=START,0 of -1},g=HttpGenerator@371b17f2{s=START}]=>HttpChannelOverHttp@69f105b6{s=HttpChannelState@25831e61{s=IDLE rs=BLOCKING os=OPEN is=IDLE awp=false se=false i=true al=0},r=1,c=false/false,a=IDLE,uri=null,age=0} onFillable exit HttpChannelState@25831e61{s=IDLE rs=BLOCKING os=OPEN is=IDLE awp=false se=false i=true al=0} null
08:52:20.540 [Test worker] DEBUG org.apache.http.headers - http-outgoing-5 >> Host: localhost:8888
08:52:20.540 [qtp578764328-48] DEBUG org.eclipse.jetty.io.ManagedSelector - update org.eclipse.jetty.io.ChannelEndPoint$1@6beb04a1
08:52:20.540 [qtp578764328-41] DEBUG org.eclipse.jetty.io.ManagedSelector - Selector sun.nio.ch.WindowsSelectorImpl@42cf0abb woken with none selected
08:52:20.540 [Test worker] DEBUG org.apache.http.headers - http-outgoing-5 >> Connection: Keep-Alive
08:52:20.540 [qtp578764328-41] DEBUG org.eclipse.jetty.io.ManagedSelector - Selector sun.nio.ch.WindowsSelectorImpl@42cf0abb woken up from select, 0/0/0 selected
08:52:20.540 [Test worker] DEBUG org.apache.http.headers - http-outgoing-5 >> User-Agent: Apache-HttpClient/4.5.10 (Java/1.8.0_211)
08:52:20.540 [qtp578764328-44] DEBUG o.e.j.util.thread.QueuedThreadPool - ran org.eclipse.jetty.io.ManagedSelector$$Lambda$217/1330559266@5290a77b in QueuedThreadPool[qtp578764328]@227f3e28{STARTED,8<=8<=200,i=1,r=8,q=0}[ReservedThreadExecutor@7acd71e4{s=1/8,p=0}]
08:52:20.540 [qtp578764328-41] DEBUG org.eclipse.jetty.io.ManagedSelector - Selector sun.nio.ch.WindowsSelectorImpl@42cf0abb processing 0 keys, 1 updates
08:52:20.540 [Test worker] DEBUG org.apache.http.headers - http-outgoing-5 >> Accept-Encoding: gzip,deflate
08:52:20.540 [qtp578764328-48] DEBUG org.eclipse.jetty.io.ChannelEndPoint - Key interests updated 0 -> 1 on SocketChannelEndPoint@5d112c50{/127.0.0.1:58001<->/127.0.0.1:8888,OPEN,fill=FI,flush=-,to=0/30000}{io=1/1,kio=1,kro=1}->HttpConnection@633cd469[p=HttpParser{s=START,0 of -1},g=HttpGenerator@371b17f2{s=START}]=>HttpChannelOverHttp@69f105b6{s=HttpChannelState@25831e61{s=IDLE rs=BLOCKING os=OPEN is=IDLE awp=false se=false i=true al=0},r=1,c=false/false,a=IDLE,uri=null,age=0}
08:52:20.540 [qtp578764328-41] DEBUG org.eclipse.jetty.io.ManagedSelector - updateable 1
08:52:20.540 [Test worker] DEBUG org.apache.http.wire - http-outgoing-5 >> "GET /account/5113688443632233815/balance HTTP/1.1[\r][\n]"
08:52:20.541 [qtp578764328-48] DEBUG org.eclipse.jetty.io.ManagedSelector - updates 0
08:52:20.541 [qtp578764328-41] DEBUG org.eclipse.jetty.io.ManagedSelector - update org.eclipse.jetty.io.ManagedSelector$Accept@18ea10a9
08:52:20.541 [Test worker] DEBUG org.apache.http.wire - http-outgoing-5 >> "Host: localhost:8888[\r][\n]"
08:52:20.541 [qtp578764328-48] DEBUG org.eclipse.jetty.io.ManagedSelector - Selector sun.nio.ch.WindowsSelectorImpl@56a408e5 waiting with 1 keys
08:52:20.541 [Test worker] DEBUG org.apache.http.wire - http-outgoing-5 >> "Connection: Keep-Alive[\r][\n]"
08:52:20.541 [qtp578764328-41] DEBUG o.e.j.util.thread.QueuedThreadPool - queue org.eclipse.jetty.io.ManagedSelector$Accept@18ea10a9 startThread=0
08:52:20.541 [Test worker] DEBUG org.apache.http.wire - http-outgoing-5 >> "User-Agent: Apache-HttpClient/4.5.10 (Java/1.8.0_211)[\r][\n]"
08:52:20.541 [qtp578764328-41] DEBUG org.eclipse.jetty.io.ManagedSelector - updates 0
08:52:20.541 [Test worker] DEBUG org.apache.http.wire - http-outgoing-5 >> "Accept-Encoding: gzip,deflate[\r][\n]"
08:52:20.541 [qtp578764328-41] DEBUG org.eclipse.jetty.io.ManagedSelector - Selector sun.nio.ch.WindowsSelectorImpl@42cf0abb waiting with 1 keys
08:52:20.541 [Test worker] DEBUG org.apache.http.wire - http-outgoing-5 >> "[\r][\n]"
08:52:20.541 [qtp578764328-46] DEBUG o.e.j.util.thread.QueuedThreadPool - run org.eclipse.jetty.io.ManagedSelector$Accept@18ea10a9 in QueuedThreadPool[qtp578764328]@227f3e28{STARTED,8<=8<=200,i=1,r=8,q=0}[ReservedThreadExecutor@7acd71e4{s=1/8,p=0}]
08:52:20.541 [qtp578764328-46] DEBUG org.eclipse.jetty.io.IdleTimeout - SocketChannelEndPoint@6e711a29{/127.0.0.1:58002<->/127.0.0.1:8888,OPEN,fill=-,flush=-,to=0/30000}{io=0/0,kio=0,kro=0}-><null> idle timeout check, elapsed: 0 ms, remaining: 30000 ms
08:52:20.541 [qtp578764328-46] DEBUG org.eclipse.jetty.server.HttpChannel - new HttpChannelOverHttp@1ba2492{s=HttpChannelState@64b9aa4f{s=IDLE rs=BLOCKING os=OPEN is=IDLE awp=false se=false i=true al=0},r=0,c=false/false,a=IDLE,uri=null,age=0} -> SocketChannelEndPoint@6e711a29{/127.0.0.1:58002<->/127.0.0.1:8888,OPEN,fill=-,flush=-,to=0/30000}{io=0/0,kio=0,kro=0}-><null>,null,HttpChannelState@64b9aa4f{s=IDLE rs=BLOCKING os=OPEN is=IDLE awp=false se=false i=true al=0}
08:52:20.541 [qtp578764328-46] DEBUG o.e.jetty.server.HttpConnection - New HTTP Connection HttpConnection@57c47475::SocketChannelEndPoint@6e711a29{/127.0.0.1:58002<->/127.0.0.1:8888,OPEN,fill=-,flush=-,to=0/30000}{io=0/0,kio=0,kro=0}-><null>
08:52:20.541 [qtp578764328-46] DEBUG o.eclipse.jetty.io.AbstractEndPoint - onOpen SocketChannelEndPoint@6e711a29{/127.0.0.1:58002<->/127.0.0.1:8888,OPEN,fill=-,flush=-,to=0/30000}{io=0/0,kio=0,kro=0}->HttpConnection@57c47475[p=HttpParser{s=START,0 of -1},g=HttpGenerator@31028cf6{s=START}]=>HttpChannelOverHttp@1ba2492{s=HttpChannelState@64b9aa4f{s=IDLE rs=BLOCKING os=OPEN is=IDLE awp=false se=false i=true al=0},r=0,c=false/false,a=IDLE,uri=null,age=0}
08:52:20.541 [qtp578764328-46] DEBUG o.e.jetty.io.AbstractConnection - onOpen HttpConnection@57c47475::SocketChannelEndPoint@6e711a29{/127.0.0.1:58002<->/127.0.0.1:8888,OPEN,fill=-,flush=-,to=0/30000}{io=0/0,kio=0,kro=0}->HttpConnection@57c47475[p=HttpParser{s=START,0 of -1},g=HttpGenerator@31028cf6{s=START}]=>HttpChannelOverHttp@1ba2492{s=HttpChannelState@64b9aa4f{s=IDLE rs=BLOCKING os=OPEN is=IDLE awp=false se=false i=true al=0},r=0,c=false/false,a=IDLE,uri=null,age=0}
08:52:20.541 [qtp578764328-46] DEBUG o.e.jetty.io.AbstractConnection - fillInterested HttpConnection@57c47475::SocketChannelEndPoint@6e711a29{/127.0.0.1:58002<->/127.0.0.1:8888,OPEN,fill=-,flush=-,to=0/30000}{io=0/0,kio=0,kro=0}->HttpConnection@57c47475[p=HttpParser{s=START,0 of -1},g=HttpGenerator@31028cf6{s=START}]=>HttpChannelOverHttp@1ba2492{s=HttpChannelState@64b9aa4f{s=IDLE rs=BLOCKING os=OPEN is=IDLE awp=false se=false i=true al=0},r=0,c=false/false,a=IDLE,uri=null,age=0}
08:52:20.542 [qtp578764328-46] DEBUG org.eclipse.jetty.io.FillInterest - interested FillInterest@61cca0f0{AC.ReadCB@57c47475{HttpConnection@57c47475::SocketChannelEndPoint@6e711a29{/127.0.0.1:58002<->/127.0.0.1:8888,OPEN,fill=FI,flush=-,to=0/30000}{io=0/0,kio=0,kro=0}->HttpConnection@57c47475[p=HttpParser{s=START,0 of -1},g=HttpGenerator@31028cf6{s=START}]=>HttpChannelOverHttp@1ba2492{s=HttpChannelState@64b9aa4f{s=IDLE rs=BLOCKING os=OPEN is=IDLE awp=false se=false i=true al=0},r=0,c=false/false,a=IDLE,uri=null,age=0}}}
08:52:20.542 [qtp578764328-46] DEBUG org.eclipse.jetty.io.ChannelEndPoint - changeInterests p=false 0->1 for SocketChannelEndPoint@6e711a29{/127.0.0.1:58002<->/127.0.0.1:8888,OPEN,fill=FI,flush=-,to=0/30000}{io=0/1,kio=0,kro=0}->HttpConnection@57c47475[p=HttpParser{s=START,0 of -1},g=HttpGenerator@31028cf6{s=START}]=>HttpChannelOverHttp@1ba2492{s=HttpChannelState@64b9aa4f{s=IDLE rs=BLOCKING os=OPEN is=IDLE awp=false se=false i=true al=0},r=0,c=false/false,a=IDLE,uri=null,age=0}
08:52:20.542 [qtp578764328-46] DEBUG org.eclipse.jetty.io.ManagedSelector - Queued change org.eclipse.jetty.io.ChannelEndPoint$1@480e9554 on ManagedSelector@24f75ecc{STARTED} id=0 keys=1 selected=0 updates=0
08:52:20.542 [qtp578764328-46] DEBUG org.eclipse.jetty.io.ManagedSelector - Wakeup on submit ManagedSelector@24f75ecc{STARTED} id=0 keys=1 selected=0 updates=1
08:52:20.542 [qtp578764328-41] DEBUG org.eclipse.jetty.io.ManagedSelector - Selector sun.nio.ch.WindowsSelectorImpl@42cf0abb woken with none selected
08:52:20.542 [qtp578764328-41] DEBUG org.eclipse.jetty.io.ManagedSelector - Selector sun.nio.ch.WindowsSelectorImpl@42cf0abb woken up from select, 0/0/1 selected
08:52:20.542 [qtp578764328-41] DEBUG org.eclipse.jetty.io.ManagedSelector - Selector sun.nio.ch.WindowsSelectorImpl@42cf0abb processing 0 keys, 1 updates
08:52:20.542 [qtp578764328-46] DEBUG org.eclipse.jetty.io.ManagedSelector - Created SocketChannelEndPoint@6e711a29{/127.0.0.1:58002<->/127.0.0.1:8888,OPEN,fill=FI,flush=-,to=0/30000}{io=0/1,kio=0,kro=0}->HttpConnection@57c47475[p=HttpParser{s=START,0 of -1},g=HttpGenerator@31028cf6{s=START}]=>HttpChannelOverHttp@1ba2492{s=HttpChannelState@64b9aa4f{s=IDLE rs=BLOCKING os=OPEN is=IDLE awp=false se=false i=true al=0},r=0,c=false/false,a=IDLE,uri=null,age=0}
08:52:20.542 [qtp578764328-41] DEBUG org.eclipse.jetty.io.ManagedSelector - updateable 1
08:52:20.542 [qtp578764328-41] DEBUG org.eclipse.jetty.io.ManagedSelector - update org.eclipse.jetty.io.ChannelEndPoint$1@480e9554
08:52:20.542 [qtp578764328-46] DEBUG o.e.j.util.thread.QueuedThreadPool - ran org.eclipse.jetty.io.ManagedSelector$Accept@18ea10a9 in QueuedThreadPool[qtp578764328]@227f3e28{STARTED,8<=8<=200,i=1,r=8,q=0}[ReservedThreadExecutor@7acd71e4{s=1/8,p=0}]
08:52:20.542 [qtp578764328-41] DEBUG org.eclipse.jetty.io.ChannelEndPoint - Key interests updated 0 -> 1 on SocketChannelEndPoint@6e711a29{/127.0.0.1:58002<->/127.0.0.1:8888,OPEN,fill=FI,flush=-,to=0/30000}{io=1/1,kio=1,kro=0}->HttpConnection@57c47475[p=HttpParser{s=START,0 of -1},g=HttpGenerator@31028cf6{s=START}]=>HttpChannelOverHttp@1ba2492{s=HttpChannelState@64b9aa4f{s=IDLE rs=BLOCKING os=OPEN is=IDLE awp=false se=false i=true al=0},r=0,c=false/false,a=IDLE,uri=null,age=0}
08:52:20.542 [qtp578764328-41] DEBUG org.eclipse.jetty.io.ManagedSelector - updates 0
08:52:20.542 [qtp578764328-41] DEBUG org.eclipse.jetty.io.ManagedSelector - Selector sun.nio.ch.WindowsSelectorImpl@42cf0abb waiting with 1 keys
08:52:20.542 [qtp578764328-41] DEBUG org.eclipse.jetty.io.ManagedSelector - Selector sun.nio.ch.WindowsSelectorImpl@42cf0abb woken up from select, 1/1/1 selected
08:52:20.542 [qtp578764328-41] DEBUG org.eclipse.jetty.io.ManagedSelector - Selector sun.nio.ch.WindowsSelectorImpl@42cf0abb processing 1 keys, 0 updates
08:52:20.542 [qtp578764328-41] DEBUG org.eclipse.jetty.io.ManagedSelector - selected 1 sun.nio.ch.SelectionKeyImpl@4c08fc92 SocketChannelEndPoint@6e711a29{/127.0.0.1:58002<->/127.0.0.1:8888,OPEN,fill=FI,flush=-,to=0/30000}{io=1/1,kio=1,kro=1}->HttpConnection@57c47475[p=HttpParser{s=START,0 of -1},g=HttpGenerator@31028cf6{s=START}]=>HttpChannelOverHttp@1ba2492{s=HttpChannelState@64b9aa4f{s=IDLE rs=BLOCKING os=OPEN is=IDLE awp=false se=false i=true al=0},r=0,c=false/false,a=IDLE,uri=null,age=0} 
08:52:20.543 [qtp578764328-41] DEBUG org.eclipse.jetty.io.ChannelEndPoint - onSelected 1->0 r=true w=false for SocketChannelEndPoint@6e711a29{/127.0.0.1:58002<->/127.0.0.1:8888,OPEN,fill=FI,flush=-,to=0/30000}{io=1/0,kio=1,kro=1}->HttpConnection@57c47475[p=HttpParser{s=START,0 of -1},g=HttpGenerator@31028cf6{s=START}]=>HttpChannelOverHttp@1ba2492{s=HttpChannelState@64b9aa4f{s=IDLE rs=BLOCKING os=OPEN is=IDLE awp=false se=false i=true al=0},r=0,c=false/false,a=IDLE,uri=null,age=0}
08:52:20.543 [qtp578764328-41] DEBUG org.eclipse.jetty.io.ChannelEndPoint - task CEP:SocketChannelEndPoint@6e711a29{/127.0.0.1:58002<->/127.0.0.1:8888,OPEN,fill=FI,flush=-,to=1/30000}{io=1/0,kio=1,kro=1}->HttpConnection@57c47475[p=HttpParser{s=START,0 of -1},g=HttpGenerator@31028cf6{s=START}]=>HttpChannelOverHttp@1ba2492{s=HttpChannelState@64b9aa4f{s=IDLE rs=BLOCKING os=OPEN is=IDLE awp=false se=false i=true al=0},r=0,c=false/false,a=IDLE,uri=null,age=0}:runFillable:BLOCKING
08:52:20.543 [qtp578764328-41] DEBUG o.e.j.u.t.ReservedThreadExecutor - ReservedThreadExecutor@7acd71e4{s=1/8,p=0} tryExecute EatWhatYouKill@639b4f1a/SelectorProducer@7ade7cf/PRODUCING/p=false/QueuedThreadPool[qtp578764328]@227f3e28{STARTED,8<=8<=200,i=2,r=8,q=0}[ReservedThreadExecutor@7acd71e4{s=1/8,p=0}][pc=0,pic=0,pec=0,epc=0]@2019-12-26T08:52:20.543+01:00
08:52:20.543 [qtp578764328-41] DEBUG o.e.j.u.t.ReservedThreadExecutor - ReservedThreadExecutor@7acd71e4{s=0/8,p=0}@5c5c6395 offer EatWhatYouKill@639b4f1a/SelectorProducer@7ade7cf/PRODUCING/p=false/QueuedThreadPool[qtp578764328]@227f3e28{STARTED,8<=8<=200,i=2,r=8,q=0}[ReservedThreadExecutor@7acd71e4{s=0/8,p=0}][pc=0,pic=0,pec=0,epc=0]@2019-12-26T08:52:20.543+01:00
08:52:20.543 [qtp578764328-41] DEBUG o.e.j.u.t.ReservedThreadExecutor - ReservedThreadExecutor@7acd71e4{s=0/8,p=1} startReservedThread p=1
08:52:20.543 [qtp578764328-41] DEBUG o.e.j.util.thread.QueuedThreadPool - queue ReservedThreadExecutor@7acd71e4{s=0/8,p=1}@483761cb startThread=0
08:52:20.543 [qtp578764328-44] DEBUG o.e.j.util.thread.QueuedThreadPool - run ReservedThreadExecutor@7acd71e4{s=0/8,p=1}@483761cb in QueuedThreadPool[qtp578764328]@227f3e28{STARTED,8<=8<=200,i=1,r=8,q=0}[ReservedThreadExecutor@7acd71e4{s=0/8,p=1}]
08:52:20.543 [qtp578764328-44] DEBUG o.e.j.u.t.ReservedThreadExecutor - ReservedThreadExecutor@7acd71e4{s=1/8,p=1}@483761cb started
08:52:20.543 [qtp578764328-44] DEBUG o.e.j.u.t.ReservedThreadExecutor - ReservedThreadExecutor@7acd71e4{s=1/8,p=0}@483761cb waiting
08:52:20.543 [qtp578764328-43] DEBUG o.e.j.u.t.ReservedThreadExecutor - ReservedThreadExecutor@7acd71e4{s=0/8,p=1}@5c5c6395 task=EatWhatYouKill@639b4f1a/SelectorProducer@7ade7cf/IDLE/p=true/QueuedThreadPool[qtp578764328]@227f3e28{STARTED,8<=8<=200,i=1,r=8,q=0}[ReservedThreadExecutor@7acd71e4{s=0/8,p=1}][pc=0,pic=0,pec=0,epc=0]@2019-12-26T08:52:20.543+01:00
08:52:20.544 [qtp578764328-43] DEBUG o.e.j.u.t.strategy.EatWhatYouKill - EatWhatYouKill@639b4f1a/SelectorProducer@7ade7cf/IDLE/p=true/QueuedThreadPool[qtp578764328]@227f3e28{STARTED,8<=8<=200,i=1,r=8,q=0}[ReservedThreadExecutor@7acd71e4{s=1/8,p=0}][pc=0,pic=0,pec=0,epc=0]@2019-12-26T08:52:20.544+01:00 tryProduce true
08:52:20.544 [qtp578764328-41] DEBUG o.e.j.u.t.strategy.EatWhatYouKill - EatWhatYouKill@639b4f1a/SelectorProducer@7ade7cf/IDLE/p=true/QueuedThreadPool[qtp578764328]@227f3e28{STARTED,8<=8<=200,i=1,r=8,q=0}[ReservedThreadExecutor@7acd71e4{s=1/8,p=0}][pc=0,pic=0,pec=0,epc=0]@2019-12-26T08:52:20.543+01:00 m=EXECUTE_PRODUCE_CONSUME t=CEP:SocketChannelEndPoint@6e711a29{/127.0.0.1:58002<->/127.0.0.1:8888,OPEN,fill=FI,flush=-,to=2/30000}{io=1/0,kio=1,kro=1}->HttpConnection@57c47475[p=HttpParser{s=START,0 of -1},g=HttpGenerator@31028cf6{s=START}]=>HttpChannelOverHttp@1ba2492{s=HttpChannelState@64b9aa4f{s=IDLE rs=BLOCKING os=OPEN is=IDLE awp=false se=false i=true al=0},r=0,c=false/false,a=IDLE,uri=null,age=0}:runFillable:BLOCKING/BLOCKING
08:52:20.544 [qtp578764328-43] DEBUG org.eclipse.jetty.io.ManagedSelector - updateable 0
08:52:20.544 [qtp578764328-43] DEBUG org.eclipse.jetty.io.ManagedSelector - updates 0
08:52:20.544 [qtp578764328-41] DEBUG org.eclipse.jetty.io.FillInterest - fillable FillInterest@61cca0f0{AC.ReadCB@57c47475{HttpConnection@57c47475::SocketChannelEndPoint@6e711a29{/127.0.0.1:58002<->/127.0.0.1:8888,OPEN,fill=FI,flush=-,to=2/30000}{io=0/0,kio=0,kro=1}->HttpConnection@57c47475[p=HttpParser{s=START,0 of -1},g=HttpGenerator@31028cf6{s=START}]=>HttpChannelOverHttp@1ba2492{s=HttpChannelState@64b9aa4f{s=IDLE rs=BLOCKING os=OPEN is=IDLE awp=false se=false i=true al=0},r=0,c=false/false,a=IDLE,uri=null,age=0}}}
08:52:20.544 [qtp578764328-43] DEBUG org.eclipse.jetty.io.ChannelEndPoint - Key interests updated 1 -> 0 on SocketChannelEndPoint@6e711a29{/127.0.0.1:58002<->/127.0.0.1:8888,OPEN,fill=FI,flush=-,to=2/30000}{io=0/0,kio=0,kro=1}->HttpConnection@57c47475[p=HttpParser{s=START,0 of -1},g=HttpGenerator@31028cf6{s=START}]=>HttpChannelOverHttp@1ba2492{s=HttpChannelState@64b9aa4f{s=IDLE rs=BLOCKING os=OPEN is=IDLE awp=false se=false i=true al=0},r=0,c=false/false,a=IDLE,uri=null,age=0}
08:52:20.544 [qtp578764328-43] DEBUG org.eclipse.jetty.io.ManagedSelector - Selector sun.nio.ch.WindowsSelectorImpl@42cf0abb waiting with 1 keys
08:52:20.544 [qtp578764328-41] DEBUG o.e.jetty.server.HttpConnection - HttpConnection@57c47475::SocketChannelEndPoint@6e711a29{/127.0.0.1:58002<->/127.0.0.1:8888,OPEN,fill=-,flush=-,to=2/30000}{io=0/0,kio=0,kro=1}->HttpConnection@57c47475[p=HttpParser{s=START,0 of -1},g=HttpGenerator@31028cf6{s=START}]=>HttpChannelOverHttp@1ba2492{s=HttpChannelState@64b9aa4f{s=IDLE rs=BLOCKING os=OPEN is=IDLE awp=false se=false i=true al=0},r=0,c=false/false,a=IDLE,uri=null,age=0} onFillable enter HttpChannelState@64b9aa4f{s=IDLE rs=BLOCKING os=OPEN is=IDLE awp=false se=false i=true al=0} null
08:52:20.544 [qtp578764328-41] DEBUG org.eclipse.jetty.io.ChannelEndPoint - filled 185 HeapByteBuffer@73258452[p=0,l=185,c=8192,r=185]={<<<GET /account/511368844363...oding: gzip,deflate\r\n\r\n>>>\n.5.10 (J...\x00\x00\x00\x00\x00\x00\x00}
08:52:20.545 [qtp578764328-41] DEBUG o.e.jetty.server.HttpConnection - HttpConnection@57c47475::SocketChannelEndPoint@6e711a29{/127.0.0.1:58002<->/127.0.0.1:8888,OPEN,fill=-,flush=-,to=0/30000}{io=0/0,kio=0,kro=1}->HttpConnection@57c47475[p=HttpParser{s=START,0 of -1},g=HttpGenerator@31028cf6{s=START}]=>HttpChannelOverHttp@1ba2492{s=HttpChannelState@64b9aa4f{s=IDLE rs=BLOCKING os=OPEN is=IDLE awp=false se=false i=true al=0},r=0,c=false/false,a=IDLE,uri=null,age=0} filled 185 HeapByteBuffer@73258452[p=0,l=185,c=8192,r=185]={<<<GET /account/511368844363...oding: gzip,deflate\r\n\r\n>>>\n.5.10 (J...\x00\x00\x00\x00\x00\x00\x00}
08:52:20.545 [qtp578764328-41] DEBUG o.e.jetty.server.HttpConnection - HttpConnection@57c47475::SocketChannelEndPoint@6e711a29{/127.0.0.1:58002<->/127.0.0.1:8888,OPEN,fill=-,flush=-,to=0/30000}{io=0/0,kio=0,kro=1}->HttpConnection@57c47475[p=HttpParser{s=START,0 of -1},g=HttpGenerator@31028cf6{s=START}]=>HttpChannelOverHttp@1ba2492{s=HttpChannelState@64b9aa4f{s=IDLE rs=BLOCKING os=OPEN is=IDLE awp=false se=false i=true al=0},r=0,c=false/false,a=IDLE,uri=null,age=0} parse HeapByteBuffer@73258452[p=0,l=185,c=8192,r=185]={<<<GET /account/511368844363...oding: gzip,deflate\r\n\r\n>>>\n.5.10 (J...\x00\x00\x00\x00\x00\x00\x00} {}
08:52:20.545 [qtp578764328-41] DEBUG org.eclipse.jetty.http.HttpParser - parseNext s=START HeapByteBuffer@73258452[p=0,l=185,c=8192,r=185]={<<<GET /account/511368844363...oding: gzip,deflate\r\n\r\n>>>\n.5.10 (J...\x00\x00\x00\x00\x00\x00\x00}
08:52:20.545 [qtp578764328-41] DEBUG org.eclipse.jetty.http.HttpParser - START --> SPACE1
08:52:20.545 [qtp578764328-41] DEBUG org.eclipse.jetty.http.HttpParser - SPACE1 --> URI
08:52:20.545 [qtp578764328-41] DEBUG org.eclipse.jetty.http.HttpParser - URI --> SPACE2
08:52:20.545 [qtp578764328-41] DEBUG org.eclipse.jetty.http.HttpParser - SPACE2 --> REQUEST_VERSION
08:52:20.545 [qtp578764328-41] DEBUG org.eclipse.jetty.http.HttpParser - REQUEST_VERSION --> HEADER
08:52:20.545 [qtp578764328-41] DEBUG org.eclipse.jetty.http.HttpParser - HEADER:Host --> VALUE
08:52:20.545 [qtp578764328-41] DEBUG org.eclipse.jetty.http.HttpParser - HEADER:Host --> IN_VALUE
08:52:20.545 [qtp578764328-41] DEBUG org.eclipse.jetty.http.HttpParser - HEADER:Host --> FIELD
08:52:20.545 [qtp578764328-41] DEBUG org.eclipse.jetty.http.HttpParser - HEADER:Connection: keep-alive --> IN_VALUE
08:52:20.545 [qtp578764328-41] DEBUG org.eclipse.jetty.http.HttpParser - HEADER:Connection: keep-alive --> FIELD
08:52:20.545 [qtp578764328-41] DEBUG org.eclipse.jetty.http.HttpParser - HEADER:User-Agent --> VALUE
08:52:20.545 [qtp578764328-41] DEBUG org.eclipse.jetty.http.HttpParser - HEADER:User-Agent --> IN_VALUE
08:52:20.545 [qtp578764328-41] DEBUG org.eclipse.jetty.http.HttpParser - HEADER:User-Agent --> FIELD
08:52:20.545 [qtp578764328-41] DEBUG org.eclipse.jetty.http.HttpParser - HEADER:Accept-Encoding --> IN_VALUE
08:52:20.545 [qtp578764328-41] DEBUG org.eclipse.jetty.http.HttpParser - HEADER:Accept-Encoding --> FIELD
08:52:20.545 [qtp578764328-41] DEBUG org.eclipse.jetty.http.HttpParser - HEADER --> CONTENT
08:52:20.545 [qtp578764328-41] DEBUG org.eclipse.jetty.server.HttpChannel - REQUEST for //localhost:8888/account/5113688443632233815/balance on HttpChannelOverHttp@1ba2492{s=HttpChannelState@64b9aa4f{s=IDLE rs=BLOCKING os=OPEN is=IDLE awp=false se=false i=true al=0},r=1,c=false/false,a=IDLE,uri=//localhost:8888/account/5113688443632233815/balance,age=0}
GET //localhost:8888/account/5113688443632233815/balance HTTP/1.1
Host: localhost:8888
Connection: keep-alive
User-Agent: Apache-HttpClient/4.5.10 (Java/1.8.0_211)
Accept-Encoding: gzip,deflate


08:52:20.546 [qtp578764328-41] DEBUG o.e.jetty.server.HttpConnection - HttpConnection@57c47475::SocketChannelEndPoint@6e711a29{/127.0.0.1:58002<->/127.0.0.1:8888,OPEN,fill=-,flush=-,to=1/30000}{io=0/0,kio=0,kro=1}->HttpConnection@57c47475[p=HttpParser{s=CONTENT,0 of -1},g=HttpGenerator@31028cf6{s=START}]=>HttpChannelOverHttp@1ba2492{s=HttpChannelState@64b9aa4f{s=IDLE rs=BLOCKING os=OPEN is=IDLE awp=false se=false i=true al=0},r=1,c=false/false,a=IDLE,uri=//localhost:8888/account/5113688443632233815/balance,age=1} parsed true HttpParser{s=CONTENT,0 of -1}
08:52:20.546 [qtp578764328-41] DEBUG o.e.jetty.server.HttpConnection - releaseRequestBuffer HttpConnection@57c47475::SocketChannelEndPoint@6e711a29{/127.0.0.1:58002<->/127.0.0.1:8888,OPEN,fill=-,flush=-,to=1/30000}{io=0/0,kio=0,kro=1}->HttpConnection@57c47475[p=HttpParser{s=CONTENT,0 of -1},g=HttpGenerator@31028cf6{s=START}]=>HttpChannelOverHttp@1ba2492{s=HttpChannelState@64b9aa4f{s=IDLE rs=BLOCKING os=OPEN is=IDLE awp=false se=false i=true al=0},r=1,c=false/false,a=IDLE,uri=//localhost:8888/account/5113688443632233815/balance,age=1}
08:52:20.546 [qtp578764328-41] DEBUG org.eclipse.jetty.server.HttpChannel - handle //localhost:8888/account/5113688443632233815/balance HttpChannelOverHttp@1ba2492{s=HttpChannelState@64b9aa4f{s=IDLE rs=BLOCKING os=OPEN is=IDLE awp=false se=false i=true al=0},r=1,c=false/false,a=IDLE,uri=//localhost:8888/account/5113688443632233815/balance,age=1} 
08:52:20.546 [qtp578764328-41] DEBUG o.e.jetty.server.HttpChannelState - handling HttpChannelState@64b9aa4f{s=IDLE rs=BLOCKING os=OPEN is=IDLE awp=false se=false i=true al=0}
08:52:20.546 [qtp578764328-41] DEBUG org.eclipse.jetty.server.HttpChannel - action DISPATCH HttpChannelOverHttp@1ba2492{s=HttpChannelState@64b9aa4f{s=HANDLING rs=BLOCKING os=OPEN is=IDLE awp=false se=false i=true al=0},r=1,c=false/false,a=HANDLING,uri=//localhost:8888/account/5113688443632233815/balance,age=1}
08:52:20.546 [qtp578764328-41] DEBUG org.eclipse.jetty.server.Server - REQUEST GET /account/5113688443632233815/balance on HttpChannelOverHttp@1ba2492{s=HttpChannelState@64b9aa4f{s=HANDLING rs=BLOCKING os=OPEN is=IDLE awp=false se=false i=true al=0},r=1,c=false/false,a=HANDLING,uri=//localhost:8888/account/5113688443632233815/balance,age=1}
08:52:20.546 [qtp578764328-41] DEBUG o.e.j.server.handler.ContextHandler - scope null||/account/5113688443632233815/balance @ o.e.j.s.ServletContextHandler@3a530d6f{/,null,AVAILABLE}
08:52:20.546 [qtp578764328-41] DEBUG o.e.j.server.handler.ContextHandler - context=||/account/5113688443632233815/balance @ o.e.j.s.ServletContextHandler@3a530d6f{/,null,AVAILABLE}
08:52:20.546 [qtp578764328-41] DEBUG org.eclipse.jetty.server.session - Entering scope org.eclipse.jetty.server.session.SessionHandler1957997271==dftMaxIdleSec=-1, dispatch=REQUEST asyncstarted=false
08:52:20.546 [qtp578764328-41] DEBUG org.eclipse.jetty.server.session - sessionHandler=org.eclipse.jetty.server.session.SessionHandler1957997271==dftMaxIdleSec=-1 session=null
08:52:20.546 [qtp578764328-41] DEBUG o.e.jetty.servlet.ServletHandler - servlet ||/account/5113688443632233815/balance -> org.glassfish.jersey.servlet.ServletContainer-9e4d868@e9026630==org.glassfish.jersey.servlet.ServletContainer,jsp=null,order=0,inst=true,async=true
08:52:20.546 [qtp578764328-41] DEBUG o.e.jetty.servlet.ServletHandler - chain=null
08:52:20.547 [qtp578764328-41] DEBUG org.hibernate.SQL - select account0_.id as id1_0_0_, account0_.amount as amount2_0_0_ from PUBLIC.Account account0_ where account0_.id=?
Hibernate: select account0_.id as id1_0_0_, account0_.amount as amount2_0_0_ from PUBLIC.Account account0_ where account0_.id=?
08:52:20.548 [qtp578764328-41] DEBUG o.h.l.p.e.p.i.EntityReferenceInitializerImpl - On call to EntityIdentifierReaderImpl#resolve, EntityKey was already known; should only happen on root returns with an optional identifier specified
08:52:20.548 [qtp578764328-41] DEBUG o.h.engine.internal.TwoPhaseLoad - Resolving attributes for [com.revolut.money.domain.account.Account#5113688443632233815]
08:52:20.548 [qtp578764328-41] DEBUG o.h.engine.internal.TwoPhaseLoad - Processing attribute `balance` : value = [Ljava.lang.Object;@4fb83e06
08:52:20.548 [qtp578764328-41] DEBUG o.h.engine.internal.TwoPhaseLoad - Attribute (`balance`)  - enhanced for lazy-loading? - false
08:52:20.548 [qtp578764328-41] DEBUG o.h.engine.internal.TwoPhaseLoad - Done materializing entity [com.revolut.money.domain.account.Account#5113688443632233815]
08:52:20.548 [qtp578764328-41] DEBUG o.h.l.e.p.AbstractLoadPlanBasedEntityLoader - Done entity load : com.revolut.money.domain.account.Account#5113688443632233815
08:52:20.548 [qtp578764328-41] DEBUG o.h.r.j.i.LogicalConnectionManagedImpl - Initiating JDBC connection release from afterTransaction
08:52:20.549 [qtp578764328-41] DEBUG org.eclipse.jetty.server.HttpChannel - sendResponse info=null content=HeapByteBuffer@6d1a09e6[p=0,l=5,c=8192,r=5]={<<<10.00>>>\x00\x00\x00\x00\x00\x00\x00\x00\x00...\x00\x00\x00\x00\x00\x00\x00} complete=true committing=true callback=Blocker@77ee75bc{null}
08:52:20.549 [qtp578764328-41] DEBUG org.eclipse.jetty.server.HttpChannel - COMMIT for /account/5113688443632233815/balance on HttpChannelOverHttp@1ba2492{s=HttpChannelState@64b9aa4f{s=HANDLING rs=BLOCKING os=COMMITTED is=IDLE awp=false se=false i=true al=0},r=1,c=false/false,a=HANDLING,uri=//localhost:8888/account/5113688443632233815/balance,age=4}
200 OK HTTP/1.1
Date: Thu, 26 Dec 2019 07:52:20 GMT
Content-Length: 5
Content-Type: text/plain


08:52:20.549 [qtp578764328-41] DEBUG o.e.jetty.server.HttpConnection - generate: NEED_HEADER for org.eclipse.jetty.server.HttpConnection$SendCallback@5a7a2b42[PROCESSING][i=HTTP/1.1{s=200,h=3,cl=5},cb=org.eclipse.jetty.server.HttpChannel$SendCallback@54bc7605] (null,[p=0,l=5,c=8192,r=5],true)@START
08:52:20.549 [qtp578764328-41] DEBUG org.eclipse.jetty.http.HttpGenerator - generateHeaders HTTP/1.1{s=200,h=3,cl=5} last=true content=HeapByteBuffer@6d1a09e6[p=0,l=5,c=8192,r=5]={<<<10.00>>>\x00\x00\x00\x00\x00\x00\x00\x00\x00...\x00\x00\x00\x00\x00\x00\x00}
08:52:20.549 [qtp578764328-41] DEBUG org.eclipse.jetty.http.HttpGenerator - Date: Thu, 26 Dec 2019 07:52:20 GMT
Content-Length: 5
Content-Type: text/plain


08:52:20.549 [qtp578764328-41] DEBUG org.eclipse.jetty.http.HttpGenerator - CONTENT_LENGTH
08:52:20.549 [qtp578764328-41] DEBUG o.e.jetty.server.HttpConnection - generate: FLUSH for org.eclipse.jetty.server.HttpConnection$SendCallback@5a7a2b42[PROCESSING][i=HTTP/1.1{s=200,h=3,cl=5},cb=org.eclipse.jetty.server.HttpChannel$SendCallback@54bc7605] ([p=0,l=134,c=8192,r=134],[p=0,l=5,c=8192,r=5],true)@COMPLETING
08:52:20.549 [qtp578764328-41] DEBUG org.eclipse.jetty.io.WriteFlusher - write: WriteFlusher@6954104d{IDLE}->null [HeapByteBuffer@73258452[p=0,l=134,c=8192,r=134]={<<<HTTP/1.1 200 OK\r\nDate: Th...y(9.4.25.v20191220)\r\n\r\n>>>(Java/1.8...\x00\x00\x00\x00\x00\x00\x00},HeapByteBuffer@6d1a09e6[p=0,l=5,c=8192,r=5]={<<<10.00>>>\x00\x00\x00\x00\x00\x00\x00\x00\x00...\x00\x00\x00\x00\x00\x00\x00}]
08:52:20.549 [qtp578764328-41] DEBUG org.eclipse.jetty.io.WriteFlusher - update WriteFlusher@6954104d{WRITING}->null:IDLE-->WRITING
08:52:20.550 [Test worker] DEBUG org.apache.http.wire - http-outgoing-5 << "HTTP/1.1 200 OK[\r][\n]"
08:52:20.550 [Test worker] DEBUG org.apache.http.wire - http-outgoing-5 << "Date: Thu, 26 Dec 2019 07:52:20 GMT[\r][\n]"
08:52:20.550 [Test worker] DEBUG org.apache.http.wire - http-outgoing-5 << "Content-Type: text/plain[\r][\n]"
08:52:20.550 [Test worker] DEBUG org.apache.http.wire - http-outgoing-5 << "Content-Length: 5[\r][\n]"
08:52:20.550 [Test worker] DEBUG org.apache.http.wire - http-outgoing-5 << "Server: Jetty(9.4.25.v20191220)[\r][\n]"
08:52:20.550 [Test worker] DEBUG org.apache.http.wire - http-outgoing-5 << "[\r][\n]"
08:52:20.550 [qtp578764328-41] DEBUG org.eclipse.jetty.io.ChannelEndPoint - flushed 139 SocketChannelEndPoint@6e711a29{/127.0.0.1:58002<->/127.0.0.1:8888,OPEN,fill=-,flush=W,to=5/30000}{io=0/0,kio=0,kro=1}->HttpConnection@57c47475[p=HttpParser{s=CONTENT,0 of -1},g=HttpGenerator@31028cf6{s=COMPLETING}]=>HttpChannelOverHttp@1ba2492{s=HttpChannelState@64b9aa4f{s=HANDLING rs=BLOCKING os=COMMITTED is=IDLE awp=false se=false i=true al=0},r=1,c=false/false,a=HANDLING,uri=//localhost:8888/account/5113688443632233815/balance,age=5}
08:52:20.550 [Test worker] DEBUG org.apache.http.wire - http-outgoing-5 << "10.00"
08:52:20.550 [qtp578764328-41] DEBUG org.eclipse.jetty.io.WriteFlusher - Flushed=true written=139 remaining=0 WriteFlusher@6954104d{WRITING}->null
08:52:20.550 [qtp578764328-41] DEBUG org.eclipse.jetty.io.WriteFlusher - update WriteFlusher@6954104d{IDLE}->null:WRITING-->IDLE
08:52:20.550 [qtp578764328-41] DEBUG o.e.jetty.server.HttpConnection - generate: DONE for org.eclipse.jetty.server.HttpConnection$SendCallback@5a7a2b42[PROCESSING][i=HTTP/1.1{s=200,h=3,cl=5},cb=org.eclipse.jetty.server.HttpChannel$SendCallback@54bc7605] ([p=134,l=134,c=8192,r=0],[p=5,l=5,c=8192,r=0],true)@END
08:52:20.550 [Test worker] DEBUG org.apache.http.headers - http-outgoing-5 << HTTP/1.1 200 OK
08:52:20.550 [Test worker] DEBUG org.apache.http.headers - http-outgoing-5 << Date: Thu, 26 Dec 2019 07:52:20 GMT
08:52:20.550 [Test worker] DEBUG org.apache.http.headers - http-outgoing-5 << Content-Type: text/plain
08:52:20.550 [Test worker] DEBUG org.apache.http.headers - http-outgoing-5 << Content-Length: 5
08:52:20.550 [qtp578764328-41] DEBUG org.eclipse.jetty.server.HttpOutput - onWriteComplete(true,null) s=CLOSING,api=BLOCKED,sc=false,e=null->s=CLOSED,api=BLOCKING,sc=false,e=null c=null cb=null w=false
08:52:20.550 [Test worker] DEBUG org.apache.http.headers - http-outgoing-5 << Server: Jetty(9.4.25.v20191220)
08:52:20.550 [Test worker] DEBUG o.a.h.impl.execchain.MainClientExec - Connection can be kept alive indefinitely
08:52:20.550 [qtp578764328-41] DEBUG org.eclipse.jetty.server.session - Leaving scope org.eclipse.jetty.server.session.SessionHandler1957997271==dftMaxIdleSec=-1 dispatch=REQUEST, async=false, session=null, oldsession=null, oldsessionhandler=null
08:52:20.550 [qtp578764328-41] DEBUG org.eclipse.jetty.server.Server - handled=true async=false committed=true on HttpChannelOverHttp@1ba2492{s=HttpChannelState@64b9aa4f{s=HANDLING rs=BLOCKING os=COMPLETED is=IDLE awp=false se=false i=true al=0},r=1,c=false/true,a=HANDLING,uri=//localhost:8888/account/5113688443632233815/balance,age=5}
08:52:20.550 [Test worker] DEBUG o.a.h.i.c.PoolingHttpClientConnectionManager - Connection [id: 5][route: {}->http://localhost:8888] can be kept alive indefinitely
08:52:20.550 [Test worker] DEBUG o.a.h.i.c.DefaultManagedHttpClientConnection - http-outgoing-5: set socket timeout to 0
08:52:20.550 [qtp578764328-41] DEBUG o.e.jetty.server.HttpChannelState - unhandle HttpChannelState@64b9aa4f{s=HANDLING rs=BLOCKING os=COMPLETED is=IDLE awp=false se=false i=true al=0}
08:52:20.550 [Test worker] DEBUG o.a.h.i.c.PoolingHttpClientConnectionManager - Connection released: [id: 5][route: {}->http://localhost:8888][total kept alive: 1; route allocated: 1 of 2; total allocated: 1 of 20]
08:52:20.550 [qtp578764328-41] DEBUG o.e.jetty.server.HttpChannelState - nextAction(false) COMPLETE HttpChannelState@64b9aa4f{s=HANDLING rs=COMPLETING os=COMPLETED is=IDLE awp=false se=false i=false al=0}
08:52:20.550 [qtp578764328-41] DEBUG org.eclipse.jetty.server.HttpChannel - action COMPLETE HttpChannelOverHttp@1ba2492{s=HttpChannelState@64b9aa4f{s=HANDLING rs=COMPLETING os=COMPLETED is=IDLE awp=false se=false i=false al=0},r=1,c=false/true,a=HANDLING,uri=//localhost:8888/account/5113688443632233815/balance,age=5}
08:52:20.550 [Test worker] DEBUG o.e.j.u.component.AbstractLifeCycle - stopping Server@2cb8d417{STARTED}[9.4.25.v20191220]
08:52:20.550 [qtp578764328-41] DEBUG org.eclipse.jetty.server.HttpOutput - complete(org.eclipse.jetty.util.Callback$4@6d13db4e) s=CLOSED,api=BLOCKING,sc=false,e=null s=true e=null, c=null
08:52:20.550 [Test worker] DEBUG org.eclipse.jetty.server.Server - doStop Server@2cb8d417{STOPPING}[9.4.25.v20191220]
08:52:20.550 [qtp578764328-41] DEBUG o.e.jetty.server.HttpChannelState - completed HttpChannelState@64b9aa4f{s=HANDLING rs=COMPLETING os=COMPLETED is=IDLE awp=false se=false i=false al=0}
08:52:20.550 [qtp578764328-41] DEBUG o.e.jetty.server.HttpChannelState - unhandle HttpChannelState@64b9aa4f{s=HANDLING rs=COMPLETED os=COMPLETED is=IDLE awp=false se=false i=false al=0}
08:52:20.550 [qtp578764328-41] DEBUG o.e.jetty.server.HttpChannelState - nextAction(false) TERMINATED HttpChannelState@64b9aa4f{s=IDLE rs=COMPLETED os=COMPLETED is=IDLE awp=false se=false i=false al=0}
08:52:20.551 [Test worker] DEBUG o.e.j.s.h.AbstractHandlerContainer - Graceful shutdown Server@2cb8d417{STOPPING}[9.4.25.v20191220] by 
08:52:20.551 [qtp578764328-41] DEBUG org.eclipse.jetty.server.HttpChannel - action TERMINATED HttpChannelOverHttp@1ba2492{s=HttpChannelState@64b9aa4f{s=IDLE rs=COMPLETED os=COMPLETED is=IDLE awp=false se=false i=false al=0},r=1,c=true/true,a=IDLE,uri=//localhost:8888/account/5113688443632233815/balance,age=5}
08:52:20.551 [qtp578764328-41] DEBUG org.eclipse.jetty.server.HttpChannel - onCompleted for /account/5113688443632233815/balance written=5
08:52:20.551 [Test worker] DEBUG o.e.j.u.component.AbstractLifeCycle - stopping ServerConnector@365023ca{HTTP/1.1,[http/1.1]}{0.0.0.0:8888}
08:52:20.551 [qtp578764328-41] DEBUG o.e.jetty.server.HttpConnection - HttpConnection@57c47475::SocketChannelEndPoint@6e711a29{/127.0.0.1:58002<->/127.0.0.1:8888,OPEN,fill=-,flush=-,to=0/30000}{io=0/0,kio=0,kro=1}->HttpConnection@57c47475[p=HttpParser{s=CONTENT,0 of -1},g=HttpGenerator@31028cf6{s=END}]=>HttpChannelOverHttp@1ba2492{s=HttpChannelState@64b9aa4f{s=IDLE rs=COMPLETED os=COMPLETED is=IDLE awp=false se=false i=false al=0},r=1,c=true/true,a=IDLE,uri=//localhost:8888/account/5113688443632233815/balance,age=6} parse null {}
08:52:20.551 [qtp578764328-41] DEBUG org.eclipse.jetty.http.HttpParser - parseNext s=CONTENT HeapByteBuffer@5ccd10d8[p=0,l=0,c=0,r=0]={<<<>>>}
08:52:20.551 [qtp578764328-41] DEBUG org.eclipse.jetty.http.HttpParser - CONTENT --> CONTENT_END
08:52:20.551 [qtp578764328-45] DEBUG o.e.j.util.thread.QueuedThreadPool - ran qtp578764328-45-acceptor-0@21618eeb-ServerConnector@365023ca{HTTP/1.1,[http/1.1]}{0.0.0.0:8888} in QueuedThreadPool[qtp578764328]@227f3e28{STARTED,8<=8<=200,i=1,r=8,q=0}[ReservedThreadExecutor@7acd71e4{s=1/8,p=0}]
08:52:20.551 [Test worker] DEBUG o.e.j.u.component.AbstractLifeCycle - stopping SelectorManager@ServerConnector@365023ca{HTTP/1.1,[http/1.1]}{0.0.0.0:8888}
08:52:20.551 [qtp578764328-41] DEBUG org.eclipse.jetty.server.HttpChannel - onContentComplete HttpChannelOverHttp@1ba2492{s=HttpChannelState@64b9aa4f{s=IDLE rs=COMPLETED os=COMPLETED is=IDLE awp=false se=false i=false al=0},r=1,c=true/true,a=IDLE,uri=//localhost:8888/account/5113688443632233815/balance,age=6}
08:52:20.551 [qtp578764328-41] DEBUG org.eclipse.jetty.http.HttpParser - CONTENT_END --> END
08:52:20.551 [Test worker] DEBUG o.e.j.u.component.AbstractLifeCycle - stopping ManagedSelector@2ed1fa51{STARTED} id=3 keys=1 selected=0 updates=0
08:52:20.551 [qtp578764328-41] DEBUG org.eclipse.jetty.server.HttpChannel - onRequestComplete HttpChannelOverHttp@1ba2492{s=HttpChannelState@64b9aa4f{s=IDLE rs=COMPLETED os=COMPLETED is=IDLE awp=false se=false i=false al=0},r=1,c=true/true,a=IDLE,uri=//localhost:8888/account/5113688443632233815/balance,age=6}
08:52:20.551 [Test worker] DEBUG org.eclipse.jetty.io.ManagedSelector - Queued change org.eclipse.jetty.io.ManagedSelector$CloseConnections@65517c4f on ManagedSelector@2ed1fa51{STOPPING} id=3 keys=1 selected=0 updates=0
08:52:20.551 [qtp578764328-41] DEBUG org.eclipse.jetty.server.HttpInput - HttpInputOverHTTP@6638dd95[c=0,q=0,[0]=null,s=STREAM] addContent EOF
08:52:20.551 [Test worker] DEBUG org.eclipse.jetty.io.ManagedSelector - Wakeup on submit ManagedSelector@2ed1fa51{STOPPING} id=3 keys=1 selected=0 updates=1
08:52:20.551 [qtp578764328-48] DEBUG org.eclipse.jetty.io.ManagedSelector - Selector sun.nio.ch.WindowsSelectorImpl@56a408e5 woken with none selected
08:52:20.551 [qtp578764328-48] DEBUG org.eclipse.jetty.io.ManagedSelector - Selector sun.nio.ch.WindowsSelectorImpl@56a408e5 woken up from select, 0/0/1 selected
08:52:20.551 [qtp578764328-41] DEBUG o.e.jetty.server.HttpConnection - HttpConnection@57c47475::SocketChannelEndPoint@6e711a29{/127.0.0.1:58002<->/127.0.0.1:8888,OPEN,fill=-,flush=-,to=1/30000}{io=0/0,kio=0,kro=1}->HttpConnection@57c47475[p=HttpParser{s=END,0 of -1},g=HttpGenerator@31028cf6{s=END}]=>HttpChannelOverHttp@1ba2492{s=HttpChannelState@64b9aa4f{s=IDLE rs=COMPLETED os=COMPLETED is=IDLE awp=false se=false i=false al=0},r=1,c=true/true,a=IDLE,uri=//localhost:8888/account/5113688443632233815/balance,age=6} parsed false HttpParser{s=END,0 of -1}
08:52:20.551 [qtp578764328-48] DEBUG org.eclipse.jetty.io.ManagedSelector - Selector sun.nio.ch.WindowsSelectorImpl@56a408e5 processing 0 keys, 1 updates
08:52:20.551 [qtp578764328-48] DEBUG org.eclipse.jetty.io.ManagedSelector - updateable 1
08:52:20.551 [qtp578764328-41] DEBUG o.e.jetty.server.HttpChannelState - recycle HttpChannelState@64b9aa4f{s=IDLE rs=COMPLETED os=COMPLETED is=IDLE awp=false se=false i=false al=0}
08:52:20.551 [qtp578764328-48] DEBUG org.eclipse.jetty.io.ManagedSelector - update org.eclipse.jetty.io.ManagedSelector$CloseConnections@65517c4f
08:52:20.551 [qtp578764328-41] DEBUG org.eclipse.jetty.http.HttpParser - reset HttpParser{s=END,0 of -1}
08:52:20.551 [qtp578764328-48] DEBUG org.eclipse.jetty.io.ManagedSelector - Closing 1 connections on ManagedSelector@2ed1fa51{STOPPING} id=3 keys=1 selected=0 updates=0
08:52:20.551 [qtp578764328-41] DEBUG org.eclipse.jetty.http.HttpParser - END --> START
08:52:20.551 [qtp578764328-41] DEBUG org.eclipse.jetty.server.HttpChannel - !handle TERMINATED HttpChannelOverHttp@1ba2492{s=HttpChannelState@64b9aa4f{s=IDLE rs=BLOCKING os=OPEN is=IDLE awp=false se=false i=true al=0},r=1,c=false/false,a=IDLE,uri=null,age=0}
08:52:20.551 [qtp578764328-48] DEBUG o.eclipse.jetty.io.AbstractEndPoint - close SocketChannelEndPoint@5d112c50{/127.0.0.1:58001<->/127.0.0.1:8888,OPEN,fill=FI,flush=-,to=11/30000}{io=1/1,kio=1,kro=1}->HttpConnection@633cd469[p=HttpParser{s=START,0 of -1},g=HttpGenerator@371b17f2{s=START}]=>HttpChannelOverHttp@69f105b6{s=HttpChannelState@25831e61{s=IDLE rs=BLOCKING os=OPEN is=IDLE awp=false se=false i=true al=0},r=1,c=false/false,a=IDLE,uri=null,age=0}
08:52:20.551 [qtp578764328-41] DEBUG org.eclipse.jetty.io.ChannelEndPoint - filled 0 HeapByteBuffer@73258452[p=0,l=0,c=8192,r=0]={<<<>>>HTTP/1.1 ...\x00\x00\x00\x00\x00\x00\x00}
08:52:20.551 [qtp578764328-41] DEBUG org.eclipse.jetty.io.ChannelEndPoint - filled 0 HeapByteBuffer@73258452[p=0,l=0,c=8192,r=0]={<<<>>>HTTP/1.1 ...\x00\x00\x00\x00\x00\x00\x00}
08:52:20.551 [qtp578764328-48] DEBUG o.eclipse.jetty.io.AbstractEndPoint - close(null) SocketChannelEndPoint@5d112c50{/127.0.0.1:58001<->/127.0.0.1:8888,OPEN,fill=FI,flush=-,to=11/30000}{io=1/1,kio=1,kro=1}->HttpConnection@633cd469[p=HttpParser{s=START,0 of -1},g=HttpGenerator@371b17f2{s=START}]=>HttpChannelOverHttp@69f105b6{s=HttpChannelState@25831e61{s=IDLE rs=BLOCKING os=OPEN is=IDLE awp=false se=false i=true al=0},r=1,c=false/false,a=IDLE,uri=null,age=0}
08:52:20.552 [qtp578764328-41] DEBUG o.e.jetty.server.HttpConnection - HttpConnection@57c47475::SocketChannelEndPoint@6e711a29{/127.0.0.1:58002<->/127.0.0.1:8888,OPEN,fill=-,flush=-,to=1/30000}{io=0/0,kio=0,kro=1}->HttpConnection@57c47475[p=HttpParser{s=START,0 of -1},g=HttpGenerator@31028cf6{s=START}]=>HttpChannelOverHttp@1ba2492{s=HttpChannelState@64b9aa4f{s=IDLE rs=BLOCKING os=OPEN is=IDLE awp=false se=false i=true al=0},r=1,c=false/false,a=IDLE,uri=null,age=0} filled 0 HeapByteBuffer@73258452[p=0,l=0,c=8192,r=0]={<<<>>>HTTP/1.1 ...\x00\x00\x00\x00\x00\x00\x00}
08:52:20.552 [qtp578764328-48] DEBUG org.eclipse.jetty.io.ChannelEndPoint - doClose SocketChannelEndPoint@5d112c50{/127.0.0.1:58001<->/127.0.0.1:8888,CLOSED,fill=FI,flush=-,to=11/30000}{io=1/1,kio=1,kro=1}->HttpConnection@633cd469[p=HttpParser{s=START,0 of -1},g=HttpGenerator@371b17f2{s=START}]=>HttpChannelOverHttp@69f105b6{s=HttpChannelState@25831e61{s=IDLE rs=BLOCKING os=OPEN is=IDLE awp=false se=false i=true al=0},r=1,c=false/false,a=IDLE,uri=null,age=0}
08:52:20.552 [qtp578764328-41] DEBUG o.e.jetty.server.HttpConnection - HttpConnection@57c47475::SocketChannelEndPoint@6e711a29{/127.0.0.1:58002<->/127.0.0.1:8888,OPEN,fill=-,flush=-,to=1/30000}{io=0/0,kio=0,kro=1}->HttpConnection@57c47475[p=HttpParser{s=START,0 of -1},g=HttpGenerator@31028cf6{s=START}]=>HttpChannelOverHttp@1ba2492{s=HttpChannelState@64b9aa4f{s=IDLE rs=BLOCKING os=OPEN is=IDLE awp=false se=false i=true al=0},r=1,c=false/false,a=IDLE,uri=null,age=0} parse HeapByteBuffer@73258452[p=0,l=0,c=8192,r=0]={<<<>>>HTTP/1.1 ...\x00\x00\x00\x00\x00\x00\x00} {}
08:52:20.552 [qtp578764328-41] DEBUG org.eclipse.jetty.http.HttpParser - parseNext s=START HeapByteBuffer@73258452[p=0,l=0,c=8192,r=0]={<<<>>>HTTP/1.1 ...\x00\x00\x00\x00\x00\x00\x00}
08:52:20.552 [qtp578764328-41] DEBUG o.e.jetty.server.HttpConnection - HttpConnection@57c47475::SocketChannelEndPoint@6e711a29{/127.0.0.1:58002<->/127.0.0.1:8888,OPEN,fill=-,flush=-,to=2/30000}{io=0/0,kio=0,kro=1}->HttpConnection@57c47475[p=HttpParser{s=START,0 of -1},g=HttpGenerator@31028cf6{s=START}]=>HttpChannelOverHttp@1ba2492{s=HttpChannelState@64b9aa4f{s=IDLE rs=BLOCKING os=OPEN is=IDLE awp=false se=false i=true al=0},r=1,c=false/false,a=IDLE,uri=null,age=0} parsed false HttpParser{s=START,0 of -1}
08:52:20.552 [qtp578764328-48] DEBUG org.eclipse.jetty.io.FillInterest - onClose FillInterest@56266812{AC.ReadCB@633cd469{HttpConnection@633cd469::SocketChannelEndPoint@5d112c50{/127.0.0.1:58001<->/127.0.0.1:8888,CLOSED,fill=FI,flush=-,to=12/30000}{io=1/1,kio=-1,kro=-1}->HttpConnection@633cd469[p=HttpParser{s=START,0 of -1},g=HttpGenerator@371b17f2{s=START}]=>HttpChannelOverHttp@69f105b6{s=HttpChannelState@25831e61{s=IDLE rs=BLOCKING os=OPEN is=IDLE awp=false se=false i=true al=0},r=1,c=false/false,a=IDLE,uri=null,age=0}}}
08:52:20.552 [qtp578764328-48] DEBUG org.eclipse.jetty.http.HttpParser - close HttpParser{s=START,0 of -1}
08:52:20.552 [qtp578764328-41] DEBUG o.e.jetty.server.HttpConnection - releaseRequestBuffer HttpConnection@57c47475::SocketChannelEndPoint@6e711a29{/127.0.0.1:58002<->/127.0.0.1:8888,OPEN,fill=-,flush=-,to=2/30000}{io=0/0,kio=0,kro=1}->HttpConnection@57c47475[p=HttpParser{s=START,0 of -1},g=HttpGenerator@31028cf6{s=START}]=>HttpChannelOverHttp@1ba2492{s=HttpChannelState@64b9aa4f{s=IDLE rs=BLOCKING os=OPEN is=IDLE awp=false se=false i=true al=0},r=1,c=false/false,a=IDLE,uri=null,age=0}
08:52:20.552 [qtp578764328-48] DEBUG org.eclipse.jetty.http.HttpParser - START --> CLOSE
08:52:20.552 [qtp578764328-41] DEBUG o.e.jetty.io.AbstractConnection - fillInterested HttpConnection@57c47475::SocketChannelEndPoint@6e711a29{/127.0.0.1:58002<->/127.0.0.1:8888,OPEN,fill=-,flush=-,to=2/30000}{io=0/0,kio=0,kro=1}->HttpConnection@57c47475[p=HttpParser{s=START,0 of -1},g=HttpGenerator@31028cf6{s=START}]=>HttpChannelOverHttp@1ba2492{s=HttpChannelState@64b9aa4f{s=IDLE rs=BLOCKING os=OPEN is=IDLE awp=false se=false i=true al=0},r=1,c=false/false,a=IDLE,uri=null,age=0}
08:52:20.552 [qtp578764328-48] DEBUG o.e.jetty.io.AbstractConnection - HttpConnection@633cd469::SocketChannelEndPoint@5d112c50{/127.0.0.1:58001<->/127.0.0.1:8888,CLOSED,fill=-,flush=-,to=12/30000}{io=1/1,kio=-1,kro=-1}->HttpConnection@633cd469[p=HttpParser{s=CLOSE,0 of -1},g=HttpGenerator@371b17f2{s=START}]=>HttpChannelOverHttp@69f105b6{s=HttpChannelState@25831e61{s=IDLE rs=BLOCKING os=OPEN is=IDLE awp=false se=false i=true al=0},r=1,c=false/false,a=IDLE,uri=null,age=0} onFillInterestedFailed java.nio.channels.ClosedChannelException
08:52:20.552 [qtp578764328-48] DEBUG org.eclipse.jetty.io.ManagedSelector - Wakeup ManagedSelector@2ed1fa51{STOPPING} id=3 keys=1 selected=0 updates=0
08:52:20.552 [qtp578764328-41] DEBUG org.eclipse.jetty.io.FillInterest - interested FillInterest@61cca0f0{AC.ReadCB@57c47475{HttpConnection@57c47475::SocketChannelEndPoint@6e711a29{/127.0.0.1:58002<->/127.0.0.1:8888,OPEN,fill=FI,flush=-,to=0/30000}{io=0/0,kio=0,kro=1}->HttpConnection@57c47475[p=HttpParser{s=START,0 of -1},g=HttpGenerator@31028cf6{s=START}]=>HttpChannelOverHttp@1ba2492{s=HttpChannelState@64b9aa4f{s=IDLE rs=BLOCKING os=OPEN is=IDLE awp=false se=false i=true al=0},r=1,c=false/false,a=IDLE,uri=null,age=0}}}
08:52:20.552 [qtp578764328-48] DEBUG o.e.j.util.thread.QueuedThreadPool - queue org.eclipse.jetty.io.ManagedSelector$DestroyEndPoint@d825998 startThread=0
08:52:20.552 [qtp578764328-48] DEBUG org.eclipse.jetty.io.ManagedSelector - updates 0
08:52:20.552 [qtp578764328-48] DEBUG org.eclipse.jetty.io.ManagedSelector - Selector sun.nio.ch.WindowsSelectorImpl@56a408e5 waiting with 1 keys
08:52:20.552 [qtp578764328-41] DEBUG org.eclipse.jetty.io.ChannelEndPoint - changeInterests p=false 0->1 for SocketChannelEndPoint@6e711a29{/127.0.0.1:58002<->/127.0.0.1:8888,OPEN,fill=FI,flush=-,to=0/30000}{io=0/1,kio=0,kro=1}->HttpConnection@57c47475[p=HttpParser{s=START,0 of -1},g=HttpGenerator@31028cf6{s=START}]=>HttpChannelOverHttp@1ba2492{s=HttpChannelState@64b9aa4f{s=IDLE rs=BLOCKING os=OPEN is=IDLE awp=false se=false i=true al=0},r=1,c=false/false,a=IDLE,uri=null,age=0}
08:52:20.552 [Test worker] DEBUG org.eclipse.jetty.io.ManagedSelector - Queued change org.eclipse.jetty.io.ManagedSelector$StopSelector@2191bbe9 on ManagedSelector@2ed1fa51{STOPPING} id=3 keys=1 selected=0 updates=0
08:52:20.552 [qtp578764328-41] DEBUG org.eclipse.jetty.io.ManagedSelector - Queued change org.eclipse.jetty.io.ChannelEndPoint$1@480e9554 on ManagedSelector@24f75ecc{STARTED} id=0 keys=1 selected=0 updates=0
08:52:20.552 [Test worker] DEBUG org.eclipse.jetty.io.ManagedSelector - Wakeup on submit ManagedSelector@2ed1fa51{STOPPING} id=3 keys=0 selected=0 updates=1
08:52:20.553 [qtp578764328-41] DEBUG org.eclipse.jetty.io.ManagedSelector - Wakeup on submit ManagedSelector@24f75ecc{STARTED} id=0 keys=1 selected=0 updates=1
08:52:20.553 [qtp578764328-48] DEBUG org.eclipse.jetty.io.ManagedSelector - Selector sun.nio.ch.WindowsSelectorImpl@56a408e5 woken with none selected
08:52:20.553 [qtp578764328-46] DEBUG o.e.j.util.thread.QueuedThreadPool - run org.eclipse.jetty.io.ManagedSelector$DestroyEndPoint@d825998 in QueuedThreadPool[qtp578764328]@227f3e28{STARTED,8<=8<=200,i=1,r=8,q=0}[ReservedThreadExecutor@7acd71e4{s=1/8,p=0}]
08:52:20.553 [qtp578764328-48] DEBUG org.eclipse.jetty.io.ManagedSelector - Selector sun.nio.ch.WindowsSelectorImpl@56a408e5 woken up from select, 0/0/0 selected
08:52:20.553 [qtp578764328-43] DEBUG org.eclipse.jetty.io.ManagedSelector - Selector sun.nio.ch.WindowsSelectorImpl@42cf0abb woken with none selected
08:52:20.553 [qtp578764328-48] DEBUG org.eclipse.jetty.io.ManagedSelector - Selector sun.nio.ch.WindowsSelectorImpl@56a408e5 processing 0 keys, 1 updates
08:52:20.553 [qtp578764328-43] DEBUG org.eclipse.jetty.io.ManagedSelector - Selector sun.nio.ch.WindowsSelectorImpl@42cf0abb woken up from select, 0/0/1 selected
08:52:20.553 [qtp578764328-48] DEBUG org.eclipse.jetty.io.ManagedSelector - updateable 1
08:52:20.553 [qtp578764328-41] DEBUG o.e.jetty.server.HttpConnection - HttpConnection@57c47475::SocketChannelEndPoint@6e711a29{/127.0.0.1:58002<->/127.0.0.1:8888,OPEN,fill=FI,flush=-,to=0/30000}{io=0/1,kio=0,kro=1}->HttpConnection@57c47475[p=HttpParser{s=START,0 of -1},g=HttpGenerator@31028cf6{s=START}]=>HttpChannelOverHttp@1ba2492{s=HttpChannelState@64b9aa4f{s=IDLE rs=BLOCKING os=OPEN is=IDLE awp=false se=false i=true al=0},r=1,c=false/false,a=IDLE,uri=null,age=0} onFillable exit HttpChannelState@64b9aa4f{s=IDLE rs=BLOCKING os=OPEN is=IDLE awp=false se=false i=true al=0} null
08:52:20.553 [qtp578764328-46] DEBUG org.eclipse.jetty.io.ManagedSelector - Destroyed SocketChannelEndPoint@5d112c50{/127.0.0.1:58001<->/127.0.0.1:8888,CLOSED,fill=-,flush=-,to=13/30000}{io=1/1,kio=-1,kro=-1}->HttpConnection@633cd469[p=HttpParser{s=CLOSE,0 of -1},g=HttpGenerator@371b17f2{s=START}]=>HttpChannelOverHttp@69f105b6{s=HttpChannelState@25831e61{s=IDLE rs=BLOCKING os=OPEN is=IDLE awp=false se=false i=true al=0},r=1,c=false/false,a=IDLE,uri=null,age=0}
08:52:20.553 [qtp578764328-43] DEBUG org.eclipse.jetty.io.ManagedSelector - Selector sun.nio.ch.WindowsSelectorImpl@42cf0abb processing 0 keys, 1 updates
08:52:20.553 [qtp578764328-48] DEBUG org.eclipse.jetty.io.ManagedSelector - update org.eclipse.jetty.io.ManagedSelector$StopSelector@2191bbe9
08:52:20.553 [qtp578764328-43] DEBUG org.eclipse.jetty.io.ManagedSelector - updateable 1
08:52:20.553 [qtp578764328-41] DEBUG o.e.j.util.thread.QueuedThreadPool - ran org.eclipse.jetty.io.ManagedSelector$$Lambda$217/1330559266@4bae21b4 in QueuedThreadPool[qtp578764328]@227f3e28{STARTED,8<=8<=200,i=1,r=8,q=0}[ReservedThreadExecutor@7acd71e4{s=1/8,p=0}]
08:52:20.553 [qtp578764328-43] DEBUG org.eclipse.jetty.io.ManagedSelector - update org.eclipse.jetty.io.ChannelEndPoint$1@480e9554
08:52:20.553 [qtp578764328-46] DEBUG o.e.jetty.io.AbstractConnection - onClose HttpConnection@633cd469::SocketChannelEndPoint@5d112c50{/127.0.0.1:58001<->/127.0.0.1:8888,CLOSED,fill=-,flush=-,to=13/30000}{io=1/1,kio=-1,kro=-1}->HttpConnection@633cd469[p=HttpParser{s=CLOSE,0 of -1},g=HttpGenerator@371b17f2{s=START}]=>HttpChannelOverHttp@69f105b6{s=HttpChannelState@25831e61{s=IDLE rs=BLOCKING os=OPEN is=IDLE awp=false se=false i=true al=0},r=1,c=false/false,a=IDLE,uri=null,age=0}
08:52:20.553 [qtp578764328-46] DEBUG o.e.j.util.thread.QueuedThreadPool - ran org.eclipse.jetty.io.ManagedSelector$DestroyEndPoint@d825998 in QueuedThreadPool[qtp578764328]@227f3e28{STARTED,8<=8<=200,i=2,r=8,q=0}[ReservedThreadExecutor@7acd71e4{s=1/8,p=0}]
08:52:20.553 [qtp578764328-43] DEBUG org.eclipse.jetty.io.ChannelEndPoint - Key interests updated 0 -> 1 on SocketChannelEndPoint@6e711a29{/127.0.0.1:58002<->/127.0.0.1:8888,OPEN,fill=FI,flush=-,to=0/30000}{io=1/1,kio=1,kro=1}->HttpConnection@57c47475[p=HttpParser{s=START,0 of -1},g=HttpGenerator@31028cf6{s=START}]=>HttpChannelOverHttp@1ba2492{s=HttpChannelState@64b9aa4f{s=IDLE rs=BLOCKING os=OPEN is=IDLE awp=false se=false i=true al=0},r=1,c=false/false,a=IDLE,uri=null,age=0}
08:52:20.553 [qtp578764328-48] DEBUG org.eclipse.jetty.io.ManagedSelector - updates 0
08:52:20.553 [qtp578764328-43] DEBUG org.eclipse.jetty.io.ManagedSelector - updates 0
08:52:20.553 [qtp578764328-43] DEBUG org.eclipse.jetty.io.ManagedSelector - Selector sun.nio.ch.WindowsSelectorImpl@42cf0abb waiting with 1 keys
08:52:20.553 [Test worker] DEBUG o.e.j.u.component.AbstractLifeCycle - stopping EatWhatYouKill@2606a44f/SelectorProducer@4a2738dd/PRODUCING/p=false/QueuedThreadPool[qtp578764328]@227f3e28{STARTED,8<=8<=200,i=3,r=8,q=0}[ReservedThreadExecutor@7acd71e4{s=1/8,p=0}][pc=0,pic=0,pec=0,epc=1]@2019-12-26T08:52:20.553+01:00
08:52:20.553 [qtp578764328-48] DEBUG o.e.j.u.t.ReservedThreadExecutor - ReservedThreadExecutor@7acd71e4{s=2/8,p=0}@22fd2d0c waiting
08:52:20.554 [Test worker] DEBUG o.e.j.u.component.AbstractLifeCycle - STOPPED EatWhatYouKill@2606a44f/SelectorProducer@4a2738dd/IDLE/p=false/QueuedThreadPool[qtp578764328]@227f3e28{STARTED,8<=8<=200,i=3,r=8,q=0}[ReservedThreadExecutor@7acd71e4{s=2/8,p=0}][pc=0,pic=0,pec=0,epc=1]@2019-12-26T08:52:20.553+01:00
08:52:20.554 [Test worker] DEBUG o.e.j.u.component.AbstractLifeCycle - STOPPED ManagedSelector@2ed1fa51{STOPPED} id=3 keys=-1 selected=-1 updates=0
08:52:20.554 [Test worker] DEBUG o.e.j.u.component.AbstractLifeCycle - stopping ManagedSelector@2df90c6b{STARTED} id=2 keys=1 selected=0 updates=0
08:52:20.554 [Test worker] DEBUG org.eclipse.jetty.io.ManagedSelector - Queued change org.eclipse.jetty.io.ManagedSelector$CloseConnections@6db00086 on ManagedSelector@2df90c6b{STOPPING} id=2 keys=1 selected=0 updates=0
08:52:20.554 [Test worker] DEBUG org.eclipse.jetty.io.ManagedSelector - Wakeup on submit ManagedSelector@2df90c6b{STOPPING} id=2 keys=1 selected=0 updates=1
08:52:20.554 [qtp578764328-47] DEBUG org.eclipse.jetty.io.ManagedSelector - Selector sun.nio.ch.WindowsSelectorImpl@2805467c woken with none selected
08:52:20.554 [qtp578764328-47] DEBUG org.eclipse.jetty.io.ManagedSelector - Selector sun.nio.ch.WindowsSelectorImpl@2805467c woken up from select, 0/0/1 selected
08:52:20.554 [qtp578764328-47] DEBUG org.eclipse.jetty.io.ManagedSelector - Selector sun.nio.ch.WindowsSelectorImpl@2805467c processing 0 keys, 1 updates
08:52:20.554 [qtp578764328-47] DEBUG org.eclipse.jetty.io.ManagedSelector - updateable 1
08:52:20.554 [qtp578764328-47] DEBUG org.eclipse.jetty.io.ManagedSelector - update org.eclipse.jetty.io.ManagedSelector$CloseConnections@6db00086
08:52:20.554 [qtp578764328-47] DEBUG org.eclipse.jetty.io.ManagedSelector - Closing 1 connections on ManagedSelector@2df90c6b{STOPPING} id=2 keys=1 selected=0 updates=0
08:52:20.554 [qtp578764328-47] DEBUG o.eclipse.jetty.io.AbstractEndPoint - close SocketChannelEndPoint@234ce607{/127.0.0.1:58000<->/127.0.0.1:8888,OPEN,fill=FI,flush=-,to=28/30000}{io=1/1,kio=1,kro=1}->HttpConnection@5b5ddf90[p=HttpParser{s=START,0 of -1},g=HttpGenerator@1fe57622{s=START}]=>HttpChannelOverHttp@62fa82b5{s=HttpChannelState@1f2bda6b{s=IDLE rs=BLOCKING os=OPEN is=IDLE awp=false se=false i=true al=0},r=1,c=false/false,a=IDLE,uri=null,age=0}
08:52:20.554 [qtp578764328-47] DEBUG o.eclipse.jetty.io.AbstractEndPoint - close(null) SocketChannelEndPoint@234ce607{/127.0.0.1:58000<->/127.0.0.1:8888,OPEN,fill=FI,flush=-,to=28/30000}{io=1/1,kio=1,kro=1}->HttpConnection@5b5ddf90[p=HttpParser{s=START,0 of -1},g=HttpGenerator@1fe57622{s=START}]=>HttpChannelOverHttp@62fa82b5{s=HttpChannelState@1f2bda6b{s=IDLE rs=BLOCKING os=OPEN is=IDLE awp=false se=false i=true al=0},r=1,c=false/false,a=IDLE,uri=null,age=0}
08:52:20.554 [qtp578764328-47] DEBUG org.eclipse.jetty.io.ChannelEndPoint - doClose SocketChannelEndPoint@234ce607{/127.0.0.1:58000<->/127.0.0.1:8888,CLOSED,fill=FI,flush=-,to=29/30000}{io=1/1,kio=1,kro=1}->HttpConnection@5b5ddf90[p=HttpParser{s=START,0 of -1},g=HttpGenerator@1fe57622{s=START}]=>HttpChannelOverHttp@62fa82b5{s=HttpChannelState@1f2bda6b{s=IDLE rs=BLOCKING os=OPEN is=IDLE awp=false se=false i=true al=0},r=1,c=false/false,a=IDLE,uri=null,age=0}
08:52:20.554 [qtp578764328-47] DEBUG org.eclipse.jetty.io.FillInterest - onClose FillInterest@29bca041{AC.ReadCB@5b5ddf90{HttpConnection@5b5ddf90::SocketChannelEndPoint@234ce607{/127.0.0.1:58000<->/127.0.0.1:8888,CLOSED,fill=FI,flush=-,to=29/30000}{io=1/1,kio=-1,kro=-1}->HttpConnection@5b5ddf90[p=HttpParser{s=START,0 of -1},g=HttpGenerator@1fe57622{s=START}]=>HttpChannelOverHttp@62fa82b5{s=HttpChannelState@1f2bda6b{s=IDLE rs=BLOCKING os=OPEN is=IDLE awp=false se=false i=true al=0},r=1,c=false/false,a=IDLE,uri=null,age=0}}}
08:52:20.554 [qtp578764328-47] DEBUG org.eclipse.jetty.http.HttpParser - close HttpParser{s=START,0 of -1}
08:52:20.554 [qtp578764328-47] DEBUG org.eclipse.jetty.http.HttpParser - START --> CLOSE
08:52:20.555 [qtp578764328-47] DEBUG o.e.jetty.io.AbstractConnection - HttpConnection@5b5ddf90::SocketChannelEndPoint@234ce607{/127.0.0.1:58000<->/127.0.0.1:8888,CLOSED,fill=-,flush=-,to=29/30000}{io=1/1,kio=-1,kro=-1}->HttpConnection@5b5ddf90[p=HttpParser{s=CLOSE,0 of -1},g=HttpGenerator@1fe57622{s=START}]=>HttpChannelOverHttp@62fa82b5{s=HttpChannelState@1f2bda6b{s=IDLE rs=BLOCKING os=OPEN is=IDLE awp=false se=false i=true al=0},r=1,c=false/false,a=IDLE,uri=null,age=0} onFillInterestedFailed java.nio.channels.ClosedChannelException
08:52:20.555 [qtp578764328-47] DEBUG org.eclipse.jetty.io.ManagedSelector - Wakeup ManagedSelector@2df90c6b{STOPPING} id=2 keys=1 selected=0 updates=0
08:52:20.555 [qtp578764328-47] DEBUG o.e.j.util.thread.QueuedThreadPool - queue org.eclipse.jetty.io.ManagedSelector$DestroyEndPoint@532f34c9 startThread=0
08:52:20.555 [qtp578764328-47] DEBUG org.eclipse.jetty.io.ManagedSelector - updates 0
08:52:20.555 [qtp578764328-47] DEBUG org.eclipse.jetty.io.ManagedSelector - Selector sun.nio.ch.WindowsSelectorImpl@2805467c waiting with 1 keys
08:52:20.555 [qtp578764328-45] DEBUG o.e.j.util.thread.QueuedThreadPool - run org.eclipse.jetty.io.ManagedSelector$DestroyEndPoint@532f34c9 in QueuedThreadPool[qtp578764328]@227f3e28{STARTED,8<=8<=200,i=2,r=8,q=0}[ReservedThreadExecutor@7acd71e4{s=2/8,p=0}]
08:52:20.555 [Test worker] DEBUG org.eclipse.jetty.io.ManagedSelector - Queued change org.eclipse.jetty.io.ManagedSelector$StopSelector@52866ccd on ManagedSelector@2df90c6b{STOPPING} id=2 keys=1 selected=0 updates=0
08:52:20.555 [Test worker] DEBUG org.eclipse.jetty.io.ManagedSelector - Wakeup on submit ManagedSelector@2df90c6b{STOPPING} id=2 keys=0 selected=0 updates=1
08:52:20.555 [qtp578764328-47] DEBUG org.eclipse.jetty.io.ManagedSelector - Selector sun.nio.ch.WindowsSelectorImpl@2805467c woken with none selected
08:52:20.555 [qtp578764328-45] DEBUG org.eclipse.jetty.io.ManagedSelector - Destroyed SocketChannelEndPoint@234ce607{/127.0.0.1:58000<->/127.0.0.1:8888,CLOSED,fill=-,flush=-,to=29/30000}{io=1/1,kio=-1,kro=-1}->HttpConnection@5b5ddf90[p=HttpParser{s=CLOSE,0 of -1},g=HttpGenerator@1fe57622{s=START}]=>HttpChannelOverHttp@62fa82b5{s=HttpChannelState@1f2bda6b{s=IDLE rs=BLOCKING os=OPEN is=IDLE awp=false se=false i=true al=0},r=1,c=false/false,a=IDLE,uri=null,age=0}
08:52:20.555 [qtp578764328-47] DEBUG org.eclipse.jetty.io.ManagedSelector - Selector sun.nio.ch.WindowsSelectorImpl@2805467c woken up from select, 0/0/0 selected
08:52:20.555 [qtp578764328-47] DEBUG org.eclipse.jetty.io.ManagedSelector - Selector sun.nio.ch.WindowsSelectorImpl@2805467c processing 0 keys, 1 updates
08:52:20.555 [qtp578764328-47] DEBUG org.eclipse.jetty.io.ManagedSelector - updateable 1
08:52:20.555 [qtp578764328-47] DEBUG org.eclipse.jetty.io.ManagedSelector - update org.eclipse.jetty.io.ManagedSelector$StopSelector@52866ccd
08:52:20.555 [qtp578764328-45] DEBUG o.e.jetty.io.AbstractConnection - onClose HttpConnection@5b5ddf90::SocketChannelEndPoint@234ce607{/127.0.0.1:58000<->/127.0.0.1:8888,CLOSED,fill=-,flush=-,to=29/30000}{io=1/1,kio=-1,kro=-1}->HttpConnection@5b5ddf90[p=HttpParser{s=CLOSE,0 of -1},g=HttpGenerator@1fe57622{s=START}]=>HttpChannelOverHttp@62fa82b5{s=HttpChannelState@1f2bda6b{s=IDLE rs=BLOCKING os=OPEN is=IDLE awp=false se=false i=true al=0},r=1,c=false/false,a=IDLE,uri=null,age=0}
08:52:20.555 [qtp578764328-45] DEBUG o.e.j.util.thread.QueuedThreadPool - ran org.eclipse.jetty.io.ManagedSelector$DestroyEndPoint@532f34c9 in QueuedThreadPool[qtp578764328]@227f3e28{STARTED,8<=8<=200,i=2,r=8,q=0}[ReservedThreadExecutor@7acd71e4{s=2/8,p=0}]
08:52:20.555 [qtp578764328-47] DEBUG org.eclipse.jetty.io.ManagedSelector - updates 0
08:52:20.555 [Test worker] DEBUG o.e.j.u.component.AbstractLifeCycle - stopping EatWhatYouKill@47a56d07/SelectorProducer@169e4181/PRODUCING/p=false/QueuedThreadPool[qtp578764328]@227f3e28{STARTED,8<=8<=200,i=3,r=8,q=0}[ReservedThreadExecutor@7acd71e4{s=2/8,p=0}][pc=0,pic=0,pec=0,epc=1]@2019-12-26T08:52:20.555+01:00
08:52:20.555 [qtp578764328-47] DEBUG o.e.j.u.t.ReservedThreadExecutor - ReservedThreadExecutor@7acd71e4{s=3/8,p=0}@20339fd7 waiting
08:52:20.555 [Test worker] DEBUG o.e.j.u.component.AbstractLifeCycle - STOPPED EatWhatYouKill@47a56d07/SelectorProducer@169e4181/IDLE/p=false/QueuedThreadPool[qtp578764328]@227f3e28{STARTED,8<=8<=200,i=3,r=8,q=0}[ReservedThreadExecutor@7acd71e4{s=3/8,p=0}][pc=0,pic=0,pec=0,epc=1]@2019-12-26T08:52:20.555+01:00
08:52:20.555 [Test worker] DEBUG o.e.j.u.component.AbstractLifeCycle - STOPPED ManagedSelector@2df90c6b{STOPPED} id=2 keys=-1 selected=-1 updates=0
08:52:20.556 [Test worker] DEBUG o.e.j.u.component.AbstractLifeCycle - stopping ManagedSelector@59ba49c2{STARTED} id=1 keys=1 selected=0 updates=0
08:52:20.556 [Test worker] DEBUG org.eclipse.jetty.io.ManagedSelector - Queued change org.eclipse.jetty.io.ManagedSelector$CloseConnections@3c5bd1d6 on ManagedSelector@59ba49c2{STOPPING} id=1 keys=1 selected=0 updates=0
08:52:20.556 [Test worker] DEBUG org.eclipse.jetty.io.ManagedSelector - Wakeup on submit ManagedSelector@59ba49c2{STOPPING} id=1 keys=1 selected=0 updates=1
08:52:20.556 [qtp578764328-42] DEBUG org.eclipse.jetty.io.ManagedSelector - Selector sun.nio.ch.WindowsSelectorImpl@2acbf4a7 woken with none selected
08:52:20.556 [qtp578764328-42] DEBUG org.eclipse.jetty.io.ManagedSelector - Selector sun.nio.ch.WindowsSelectorImpl@2acbf4a7 woken up from select, 0/0/1 selected
08:52:20.556 [qtp578764328-42] DEBUG org.eclipse.jetty.io.ManagedSelector - Selector sun.nio.ch.WindowsSelectorImpl@2acbf4a7 processing 0 keys, 1 updates
08:52:20.556 [qtp578764328-42] DEBUG org.eclipse.jetty.io.ManagedSelector - updateable 1
08:52:20.556 [qtp578764328-42] DEBUG org.eclipse.jetty.io.ManagedSelector - update org.eclipse.jetty.io.ManagedSelector$CloseConnections@3c5bd1d6
08:52:20.556 [qtp578764328-42] DEBUG org.eclipse.jetty.io.ManagedSelector - Closing 1 connections on ManagedSelector@59ba49c2{STOPPING} id=1 keys=1 selected=0 updates=0
08:52:20.556 [qtp578764328-42] DEBUG o.eclipse.jetty.io.AbstractEndPoint - close SocketChannelEndPoint@70c67136{/127.0.0.1:57999<->/127.0.0.1:8888,OPEN,fill=FI,flush=-,to=52/30000}{io=1/1,kio=1,kro=1}->HttpConnection@7cb01275[p=HttpParser{s=START,0 of -1},g=HttpGenerator@e49e7dc{s=START}]=>HttpChannelOverHttp@7a3e1a46{s=HttpChannelState@3f3c9b65{s=IDLE rs=BLOCKING os=OPEN is=IDLE awp=false se=false i=true al=0},r=1,c=false/false,a=IDLE,uri=null,age=0}
08:52:20.556 [qtp578764328-42] DEBUG o.eclipse.jetty.io.AbstractEndPoint - close(null) SocketChannelEndPoint@70c67136{/127.0.0.1:57999<->/127.0.0.1:8888,OPEN,fill=FI,flush=-,to=52/30000}{io=1/1,kio=1,kro=1}->HttpConnection@7cb01275[p=HttpParser{s=START,0 of -1},g=HttpGenerator@e49e7dc{s=START}]=>HttpChannelOverHttp@7a3e1a46{s=HttpChannelState@3f3c9b65{s=IDLE rs=BLOCKING os=OPEN is=IDLE awp=false se=false i=true al=0},r=1,c=false/false,a=IDLE,uri=null,age=0}
08:52:20.556 [qtp578764328-42] DEBUG org.eclipse.jetty.io.ChannelEndPoint - doClose SocketChannelEndPoint@70c67136{/127.0.0.1:57999<->/127.0.0.1:8888,CLOSED,fill=FI,flush=-,to=52/30000}{io=1/1,kio=1,kro=1}->HttpConnection@7cb01275[p=HttpParser{s=START,0 of -1},g=HttpGenerator@e49e7dc{s=START}]=>HttpChannelOverHttp@7a3e1a46{s=HttpChannelState@3f3c9b65{s=IDLE rs=BLOCKING os=OPEN is=IDLE awp=false se=false i=true al=0},r=1,c=false/false,a=IDLE,uri=null,age=0}
08:52:20.556 [qtp578764328-42] DEBUG org.eclipse.jetty.io.FillInterest - onClose FillInterest@42f3079{AC.ReadCB@7cb01275{HttpConnection@7cb01275::SocketChannelEndPoint@70c67136{/127.0.0.1:57999<->/127.0.0.1:8888,CLOSED,fill=FI,flush=-,to=52/30000}{io=1/1,kio=-1,kro=-1}->HttpConnection@7cb01275[p=HttpParser{s=START,0 of -1},g=HttpGenerator@e49e7dc{s=START}]=>HttpChannelOverHttp@7a3e1a46{s=HttpChannelState@3f3c9b65{s=IDLE rs=BLOCKING os=OPEN is=IDLE awp=false se=false i=true al=0},r=1,c=false/false,a=IDLE,uri=null,age=0}}}
08:52:20.557 [qtp578764328-42] DEBUG org.eclipse.jetty.http.HttpParser - close HttpParser{s=START,0 of -1}
08:52:20.557 [qtp578764328-42] DEBUG org.eclipse.jetty.http.HttpParser - START --> CLOSE
08:52:20.557 [qtp578764328-42] DEBUG o.e.jetty.io.AbstractConnection - HttpConnection@7cb01275::SocketChannelEndPoint@70c67136{/127.0.0.1:57999<->/127.0.0.1:8888,CLOSED,fill=-,flush=-,to=53/30000}{io=1/1,kio=-1,kro=-1}->HttpConnection@7cb01275[p=HttpParser{s=CLOSE,0 of -1},g=HttpGenerator@e49e7dc{s=START}]=>HttpChannelOverHttp@7a3e1a46{s=HttpChannelState@3f3c9b65{s=IDLE rs=BLOCKING os=OPEN is=IDLE awp=false se=false i=true al=0},r=1,c=false/false,a=IDLE,uri=null,age=0} onFillInterestedFailed java.nio.channels.ClosedChannelException
08:52:20.557 [qtp578764328-42] DEBUG org.eclipse.jetty.io.ManagedSelector - Wakeup ManagedSelector@59ba49c2{STOPPING} id=1 keys=1 selected=0 updates=0
08:52:20.557 [qtp578764328-42] DEBUG o.e.j.util.thread.QueuedThreadPool - queue org.eclipse.jetty.io.ManagedSelector$DestroyEndPoint@653115b5 startThread=0
08:52:20.557 [qtp578764328-42] DEBUG org.eclipse.jetty.io.ManagedSelector - updates 0
08:52:20.557 [qtp578764328-42] DEBUG org.eclipse.jetty.io.ManagedSelector - Selector sun.nio.ch.WindowsSelectorImpl@2acbf4a7 waiting with 1 keys
08:52:20.557 [Test worker] DEBUG org.eclipse.jetty.io.ManagedSelector - Queued change org.eclipse.jetty.io.ManagedSelector$StopSelector@10b96b47 on ManagedSelector@59ba49c2{STOPPING} id=1 keys=1 selected=0 updates=0
08:52:20.557 [qtp578764328-41] DEBUG o.e.j.util.thread.QueuedThreadPool - run org.eclipse.jetty.io.ManagedSelector$DestroyEndPoint@653115b5 in QueuedThreadPool[qtp578764328]@227f3e28{STARTED,8<=8<=200,i=2,r=8,q=0}[ReservedThreadExecutor@7acd71e4{s=3/8,p=0}]
08:52:20.557 [Test worker] DEBUG org.eclipse.jetty.io.ManagedSelector - Wakeup on submit ManagedSelector@59ba49c2{STOPPING} id=1 keys=0 selected=0 updates=1
08:52:20.557 [qtp578764328-42] DEBUG org.eclipse.jetty.io.ManagedSelector - Selector sun.nio.ch.WindowsSelectorImpl@2acbf4a7 woken with none selected
08:52:20.557 [qtp578764328-42] DEBUG org.eclipse.jetty.io.ManagedSelector - Selector sun.nio.ch.WindowsSelectorImpl@2acbf4a7 woken up from select, 0/0/0 selected
08:52:20.557 [qtp578764328-41] DEBUG org.eclipse.jetty.io.ManagedSelector - Destroyed SocketChannelEndPoint@70c67136{/127.0.0.1:57999<->/127.0.0.1:8888,CLOSED,fill=-,flush=-,to=53/30000}{io=1/1,kio=-1,kro=-1}->HttpConnection@7cb01275[p=HttpParser{s=CLOSE,0 of -1},g=HttpGenerator@e49e7dc{s=START}]=>HttpChannelOverHttp@7a3e1a46{s=HttpChannelState@3f3c9b65{s=IDLE rs=BLOCKING os=OPEN is=IDLE awp=false se=false i=true al=0},r=1,c=false/false,a=IDLE,uri=null,age=0}
08:52:20.557 [qtp578764328-42] DEBUG org.eclipse.jetty.io.ManagedSelector - Selector sun.nio.ch.WindowsSelectorImpl@2acbf4a7 processing 0 keys, 1 updates
08:52:20.557 [qtp578764328-42] DEBUG org.eclipse.jetty.io.ManagedSelector - updateable 1
08:52:20.557 [qtp578764328-42] DEBUG org.eclipse.jetty.io.ManagedSelector - update org.eclipse.jetty.io.ManagedSelector$StopSelector@10b96b47
08:52:20.557 [qtp578764328-41] DEBUG o.e.jetty.io.AbstractConnection - onClose HttpConnection@7cb01275::SocketChannelEndPoint@70c67136{/127.0.0.1:57999<->/127.0.0.1:8888,CLOSED,fill=-,flush=-,to=53/30000}{io=1/1,kio=-1,kro=-1}->HttpConnection@7cb01275[p=HttpParser{s=CLOSE,0 of -1},g=HttpGenerator@e49e7dc{s=START}]=>HttpChannelOverHttp@7a3e1a46{s=HttpChannelState@3f3c9b65{s=IDLE rs=BLOCKING os=OPEN is=IDLE awp=false se=false i=true al=0},r=1,c=false/false,a=IDLE,uri=null,age=0}
08:52:20.557 [qtp578764328-42] DEBUG org.eclipse.jetty.io.ManagedSelector - updates 0
08:52:20.557 [qtp578764328-41] DEBUG o.e.j.util.thread.QueuedThreadPool - ran org.eclipse.jetty.io.ManagedSelector$DestroyEndPoint@653115b5 in QueuedThreadPool[qtp578764328]@227f3e28{STARTED,8<=8<=200,i=2,r=8,q=0}[ReservedThreadExecutor@7acd71e4{s=3/8,p=0}]
08:52:20.557 [Test worker] DEBUG o.e.j.u.component.AbstractLifeCycle - stopping EatWhatYouKill@89b3e2c/SelectorProducer@314153ba/PRODUCING/p=false/QueuedThreadPool[qtp578764328]@227f3e28{STARTED,8<=8<=200,i=3,r=8,q=0}[ReservedThreadExecutor@7acd71e4{s=3/8,p=0}][pc=0,pic=0,pec=1,epc=0]@2019-12-26T08:52:20.557+01:00
08:52:20.558 [qtp578764328-42] DEBUG o.e.j.util.thread.QueuedThreadPool - ran org.eclipse.jetty.io.ManagedSelector$$Lambda$217/1330559266@2b8bea4c in QueuedThreadPool[qtp578764328]@227f3e28{STARTED,8<=8<=200,i=3,r=8,q=0}[ReservedThreadExecutor@7acd71e4{s=3/8,p=0}]
08:52:20.558 [Test worker] DEBUG o.e.j.u.component.AbstractLifeCycle - STOPPED EatWhatYouKill@89b3e2c/SelectorProducer@314153ba/IDLE/p=false/QueuedThreadPool[qtp578764328]@227f3e28{STARTED,8<=8<=200,i=3,r=8,q=0}[ReservedThreadExecutor@7acd71e4{s=3/8,p=0}][pc=0,pic=0,pec=1,epc=0]@2019-12-26T08:52:20.558+01:00
08:52:20.558 [Test worker] DEBUG o.e.j.u.component.AbstractLifeCycle - STOPPED ManagedSelector@59ba49c2{STOPPED} id=1 keys=-1 selected=-1 updates=0
08:52:20.558 [Test worker] DEBUG o.e.j.u.component.AbstractLifeCycle - stopping ManagedSelector@24f75ecc{STARTED} id=0 keys=1 selected=0 updates=0
08:52:20.558 [Test worker] DEBUG org.eclipse.jetty.io.ManagedSelector - Queued change org.eclipse.jetty.io.ManagedSelector$CloseConnections@7de0fde6 on ManagedSelector@24f75ecc{STOPPING} id=0 keys=1 selected=0 updates=0
08:52:20.558 [Test worker] DEBUG org.eclipse.jetty.io.ManagedSelector - Wakeup on submit ManagedSelector@24f75ecc{STOPPING} id=0 keys=1 selected=0 updates=1
08:52:20.558 [qtp578764328-43] DEBUG org.eclipse.jetty.io.ManagedSelector - Selector sun.nio.ch.WindowsSelectorImpl@42cf0abb woken with none selected
08:52:20.558 [qtp578764328-43] DEBUG org.eclipse.jetty.io.ManagedSelector - Selector sun.nio.ch.WindowsSelectorImpl@42cf0abb woken up from select, 0/0/1 selected
08:52:20.558 [qtp578764328-43] DEBUG org.eclipse.jetty.io.ManagedSelector - Selector sun.nio.ch.WindowsSelectorImpl@42cf0abb processing 0 keys, 1 updates
08:52:20.558 [qtp578764328-43] DEBUG org.eclipse.jetty.io.ManagedSelector - updateable 1
08:52:20.558 [qtp578764328-43] DEBUG org.eclipse.jetty.io.ManagedSelector - update org.eclipse.jetty.io.ManagedSelector$CloseConnections@7de0fde6
08:52:20.558 [qtp578764328-43] DEBUG org.eclipse.jetty.io.ManagedSelector - Closing 1 connections on ManagedSelector@24f75ecc{STOPPING} id=0 keys=1 selected=0 updates=0
08:52:20.558 [qtp578764328-43] DEBUG o.eclipse.jetty.io.AbstractEndPoint - close SocketChannelEndPoint@6e711a29{/127.0.0.1:58002<->/127.0.0.1:8888,OPEN,fill=FI,flush=-,to=5/30000}{io=1/1,kio=1,kro=1}->HttpConnection@57c47475[p=HttpParser{s=START,0 of -1},g=HttpGenerator@31028cf6{s=START}]=>HttpChannelOverHttp@1ba2492{s=HttpChannelState@64b9aa4f{s=IDLE rs=BLOCKING os=OPEN is=IDLE awp=false se=false i=true al=0},r=1,c=false/false,a=IDLE,uri=null,age=0}
08:52:20.558 [qtp578764328-43] DEBUG o.eclipse.jetty.io.AbstractEndPoint - close(null) SocketChannelEndPoint@6e711a29{/127.0.0.1:58002<->/127.0.0.1:8888,OPEN,fill=FI,flush=-,to=6/30000}{io=1/1,kio=1,kro=1}->HttpConnection@57c47475[p=HttpParser{s=START,0 of -1},g=HttpGenerator@31028cf6{s=START}]=>HttpChannelOverHttp@1ba2492{s=HttpChannelState@64b9aa4f{s=IDLE rs=BLOCKING os=OPEN is=IDLE awp=false se=false i=true al=0},r=1,c=false/false,a=IDLE,uri=null,age=0}
08:52:20.558 [qtp578764328-43] DEBUG org.eclipse.jetty.io.ChannelEndPoint - doClose SocketChannelEndPoint@6e711a29{/127.0.0.1:58002<->/127.0.0.1:8888,CLOSED,fill=FI,flush=-,to=6/30000}{io=1/1,kio=1,kro=1}->HttpConnection@57c47475[p=HttpParser{s=START,0 of -1},g=HttpGenerator@31028cf6{s=START}]=>HttpChannelOverHttp@1ba2492{s=HttpChannelState@64b9aa4f{s=IDLE rs=BLOCKING os=OPEN is=IDLE awp=false se=false i=true al=0},r=1,c=false/false,a=IDLE,uri=null,age=0}
08:52:20.559 [qtp578764328-43] DEBUG org.eclipse.jetty.io.FillInterest - onClose FillInterest@61cca0f0{AC.ReadCB@57c47475{HttpConnection@57c47475::SocketChannelEndPoint@6e711a29{/127.0.0.1:58002<->/127.0.0.1:8888,CLOSED,fill=FI,flush=-,to=6/30000}{io=1/1,kio=-1,kro=-1}->HttpConnection@57c47475[p=HttpParser{s=START,0 of -1},g=HttpGenerator@31028cf6{s=START}]=>HttpChannelOverHttp@1ba2492{s=HttpChannelState@64b9aa4f{s=IDLE rs=BLOCKING os=OPEN is=IDLE awp=false se=false i=true al=0},r=1,c=false/false,a=IDLE,uri=null,age=0}}}
08:52:20.559 [qtp578764328-43] DEBUG org.eclipse.jetty.http.HttpParser - close HttpParser{s=START,0 of -1}
08:52:20.559 [qtp578764328-43] DEBUG org.eclipse.jetty.http.HttpParser - START --> CLOSE
08:52:20.559 [qtp578764328-43] DEBUG o.e.jetty.io.AbstractConnection - HttpConnection@57c47475::SocketChannelEndPoint@6e711a29{/127.0.0.1:58002<->/127.0.0.1:8888,CLOSED,fill=-,flush=-,to=6/30000}{io=1/1,kio=-1,kro=-1}->HttpConnection@57c47475[p=HttpParser{s=CLOSE,0 of -1},g=HttpGenerator@31028cf6{s=START}]=>HttpChannelOverHttp@1ba2492{s=HttpChannelState@64b9aa4f{s=IDLE rs=BLOCKING os=OPEN is=IDLE awp=false se=false i=true al=0},r=1,c=false/false,a=IDLE,uri=null,age=0} onFillInterestedFailed java.nio.channels.ClosedChannelException
08:52:20.559 [qtp578764328-43] DEBUG org.eclipse.jetty.io.ManagedSelector - Wakeup ManagedSelector@24f75ecc{STOPPING} id=0 keys=1 selected=0 updates=0
08:52:20.559 [qtp578764328-43] DEBUG o.e.j.util.thread.QueuedThreadPool - queue org.eclipse.jetty.io.ManagedSelector$DestroyEndPoint@4447def3 startThread=0
08:52:20.559 [qtp578764328-43] DEBUG org.eclipse.jetty.io.ManagedSelector - updates 0
08:52:20.559 [qtp578764328-43] DEBUG org.eclipse.jetty.io.ManagedSelector - Selector sun.nio.ch.WindowsSelectorImpl@42cf0abb waiting with 1 keys
08:52:20.559 [qtp578764328-46] DEBUG o.e.j.util.thread.QueuedThreadPool - run org.eclipse.jetty.io.ManagedSelector$DestroyEndPoint@4447def3 in QueuedThreadPool[qtp578764328]@227f3e28{STARTED,8<=8<=200,i=3,r=8,q=0}[ReservedThreadExecutor@7acd71e4{s=3/8,p=0}]
08:52:20.559 [Test worker] DEBUG org.eclipse.jetty.io.ManagedSelector - Queued change org.eclipse.jetty.io.ManagedSelector$StopSelector@1c611693 on ManagedSelector@24f75ecc{STOPPING} id=0 keys=1 selected=0 updates=0
08:52:20.559 [Test worker] DEBUG org.eclipse.jetty.io.ManagedSelector - Wakeup on submit ManagedSelector@24f75ecc{STOPPING} id=0 keys=0 selected=0 updates=1
08:52:20.559 [qtp578764328-46] DEBUG org.eclipse.jetty.io.ManagedSelector - Destroyed SocketChannelEndPoint@6e711a29{/127.0.0.1:58002<->/127.0.0.1:8888,CLOSED,fill=-,flush=-,to=6/30000}{io=1/1,kio=-1,kro=-1}->HttpConnection@57c47475[p=HttpParser{s=CLOSE,0 of -1},g=HttpGenerator@31028cf6{s=START}]=>HttpChannelOverHttp@1ba2492{s=HttpChannelState@64b9aa4f{s=IDLE rs=BLOCKING os=OPEN is=IDLE awp=false se=false i=true al=0},r=1,c=false/false,a=IDLE,uri=null,age=0}
08:52:20.559 [qtp578764328-43] DEBUG org.eclipse.jetty.io.ManagedSelector - Selector sun.nio.ch.WindowsSelectorImpl@42cf0abb woken with none selected
08:52:20.559 [qtp578764328-43] DEBUG org.eclipse.jetty.io.ManagedSelector - Selector sun.nio.ch.WindowsSelectorImpl@42cf0abb woken up from select, 0/0/0 selected
08:52:20.559 [qtp578764328-43] DEBUG org.eclipse.jetty.io.ManagedSelector - Selector sun.nio.ch.WindowsSelectorImpl@42cf0abb processing 0 keys, 1 updates
08:52:20.559 [qtp578764328-43] DEBUG org.eclipse.jetty.io.ManagedSelector - updateable 1
08:52:20.559 [qtp578764328-46] DEBUG o.e.jetty.io.AbstractConnection - onClose HttpConnection@57c47475::SocketChannelEndPoint@6e711a29{/127.0.0.1:58002<->/127.0.0.1:8888,CLOSED,fill=-,flush=-,to=7/30000}{io=1/1,kio=-1,kro=-1}->HttpConnection@57c47475[p=HttpParser{s=CLOSE,0 of -1},g=HttpGenerator@31028cf6{s=START}]=>HttpChannelOverHttp@1ba2492{s=HttpChannelState@64b9aa4f{s=IDLE rs=BLOCKING os=OPEN is=IDLE awp=false se=false i=true al=0},r=1,c=false/false,a=IDLE,uri=null,age=0}
08:52:20.559 [qtp578764328-43] DEBUG org.eclipse.jetty.io.ManagedSelector - update org.eclipse.jetty.io.ManagedSelector$StopSelector@1c611693
08:52:20.559 [qtp578764328-46] DEBUG o.e.j.util.thread.QueuedThreadPool - ran org.eclipse.jetty.io.ManagedSelector$DestroyEndPoint@4447def3 in QueuedThreadPool[qtp578764328]@227f3e28{STARTED,8<=8<=200,i=3,r=8,q=0}[ReservedThreadExecutor@7acd71e4{s=3/8,p=0}]
08:52:20.560 [qtp578764328-43] DEBUG org.eclipse.jetty.io.ManagedSelector - updates 0
08:52:20.560 [Test worker] DEBUG o.e.j.u.component.AbstractLifeCycle - stopping EatWhatYouKill@639b4f1a/SelectorProducer@7ade7cf/PRODUCING/p=false/QueuedThreadPool[qtp578764328]@227f3e28{STARTED,8<=8<=200,i=4,r=8,q=0}[ReservedThreadExecutor@7acd71e4{s=3/8,p=0}][pc=0,pic=0,pec=0,epc=1]@2019-12-26T08:52:20.56+01:00
08:52:20.560 [qtp578764328-43] DEBUG o.e.j.u.t.ReservedThreadExecutor - ReservedThreadExecutor@7acd71e4{s=4/8,p=0}@5c5c6395 waiting
08:52:20.560 [Test worker] DEBUG o.e.j.u.component.AbstractLifeCycle - STOPPED EatWhatYouKill@639b4f1a/SelectorProducer@7ade7cf/IDLE/p=false/QueuedThreadPool[qtp578764328]@227f3e28{STARTED,8<=8<=200,i=4,r=8,q=0}[ReservedThreadExecutor@7acd71e4{s=4/8,p=0}][pc=0,pic=0,pec=0,epc=1]@2019-12-26T08:52:20.56+01:00
08:52:20.560 [Test worker] DEBUG o.e.j.u.component.AbstractLifeCycle - STOPPED ManagedSelector@24f75ecc{STOPPED} id=0 keys=-1 selected=-1 updates=0
08:52:20.560 [Test worker] DEBUG o.e.j.u.component.AbstractLifeCycle - STOPPED SelectorManager@ServerConnector@365023ca{HTTP/1.1,[http/1.1]}{0.0.0.0:8888}
08:52:20.560 [Test worker] DEBUG o.e.j.u.component.AbstractLifeCycle - stopping HttpConnectionFactory@28875558[HTTP/1.1]
08:52:20.560 [Test worker] DEBUG o.e.j.u.component.AbstractLifeCycle - STOPPED HttpConnectionFactory@28875558[HTTP/1.1]
08:52:20.560 [Test worker] DEBUG o.e.j.u.component.AbstractLifeCycle - stopping ScheduledExecutorScheduler@5ca2517b{STARTED}
08:52:20.560 [Test worker] DEBUG o.e.j.u.component.AbstractLifeCycle - STOPPED ScheduledExecutorScheduler@5ca2517b{STOPPED}
08:52:20.560 [Test worker] INFO  o.e.jetty.server.AbstractConnector - Stopped ServerConnector@365023ca{HTTP/1.1,[http/1.1]}{0.0.0.0:8888}
08:52:20.561 [Test worker] DEBUG o.e.j.u.component.AbstractLifeCycle - STOPPED ServerConnector@365023ca{HTTP/1.1,[http/1.1]}{0.0.0.0:8888}
08:52:20.561 [Test worker] DEBUG o.e.j.server.handler.AbstractHandler - stopping Server@2cb8d417{STOPPING}[9.4.25.v20191220]
08:52:20.561 [Test worker] DEBUG o.e.j.u.component.AbstractLifeCycle - stopping DefaultSessionIdManager@6642d745{STARTED}[worker=node0]
08:52:20.561 [Test worker] DEBUG o.e.j.u.component.AbstractLifeCycle - stopping HouseKeeper@68c16aa3{STARTED}[interval=660000, ownscheduler=true]
08:52:20.561 [Test worker] INFO  org.eclipse.jetty.server.session - node0 Stopped scavenging
08:52:20.561 [Test worker] DEBUG o.e.j.u.component.AbstractLifeCycle - stopping ScheduledExecutorScheduler@1e07e40d{STARTED}
08:52:20.561 [Test worker] DEBUG o.e.j.u.component.AbstractLifeCycle - STOPPED ScheduledExecutorScheduler@1e07e40d{STOPPED}
08:52:20.561 [Test worker] DEBUG o.e.j.u.component.AbstractLifeCycle - STOPPED HouseKeeper@68c16aa3{STOPPED}[interval=660000, ownscheduler=true]
08:52:20.561 [Test worker] DEBUG o.e.j.u.component.AbstractLifeCycle - STOPPED DefaultSessionIdManager@6642d745{STOPPED}[worker=node0]
08:52:20.561 [Test worker] DEBUG o.e.j.u.component.AbstractLifeCycle - stopping ErrorHandler@2b7e944e{STARTED}
08:52:20.561 [Test worker] DEBUG o.e.j.server.handler.AbstractHandler - stopping ErrorHandler@2b7e944e{STOPPING}
08:52:20.561 [Test worker] DEBUG o.e.j.u.component.AbstractLifeCycle - STOPPED ErrorHandler@2b7e944e{STOPPED}
08:52:20.561 [Test worker] DEBUG o.e.j.u.component.AbstractLifeCycle - stopping o.e.j.s.ServletContextHandler@3a530d6f{/,null,SHUTDOWN}
08:52:20.561 [Test worker] DEBUG o.e.j.s.h.AbstractHandlerContainer - Graceful shutdown o.e.j.s.ServletContextHandler@3a530d6f{/,null,SHUTDOWN} by 
08:52:20.561 [Test worker] DEBUG o.e.j.server.handler.AbstractHandler - stopping o.e.j.s.ServletContextHandler@3a530d6f{/,null,UNAVAILABLE}
08:52:20.561 [Test worker] DEBUG o.e.j.u.component.AbstractLifeCycle - stopping org.eclipse.jetty.server.session.SessionHandler1957997271==dftMaxIdleSec=-1
08:52:20.561 [Test worker] DEBUG o.e.j.u.component.AbstractLifeCycle - stopping org.eclipse.jetty.server.session.DefaultSessionCache@12ec8b95[evict=-1,removeUnloadable=false,saveOnCreate=false,saveOnInactiveEvict=false]
08:52:20.561 [Test worker] DEBUG o.e.j.u.component.AbstractLifeCycle - stopping org.eclipse.jetty.server.session.NullSessionDataStore@60071b3[passivating=false,graceSec=3600]
08:52:20.561 [Test worker] DEBUG o.e.j.u.component.AbstractLifeCycle - STOPPED org.eclipse.jetty.server.session.NullSessionDataStore@60071b3[passivating=false,graceSec=3600]
08:52:20.561 [Test worker] DEBUG o.e.j.u.component.AbstractLifeCycle - STOPPED org.eclipse.jetty.server.session.DefaultSessionCache@12ec8b95[evict=-1,removeUnloadable=false,saveOnCreate=false,saveOnInactiveEvict=false]
08:52:20.561 [Test worker] DEBUG o.e.j.u.component.AbstractLifeCycle - stopping ScheduledExecutorScheduler@6b07974c{STARTED}
08:52:20.561 [Test worker] DEBUG o.e.j.u.component.AbstractLifeCycle - STOPPED ScheduledExecutorScheduler@6b07974c{STOPPED}
08:52:20.561 [Test worker] DEBUG o.e.j.server.handler.AbstractHandler - stopping org.eclipse.jetty.server.session.SessionHandler1957997271==dftMaxIdleSec=-1
08:52:20.561 [Test worker] DEBUG o.e.j.u.component.AbstractLifeCycle - stopping ServletHandler@55995a81{STARTED}
08:52:20.561 [Test worker] DEBUG o.e.j.server.handler.AbstractHandler - stopping ServletHandler@55995a81{STOPPING}
08:52:20.561 [Test worker] DEBUG o.e.j.u.component.AbstractLifeCycle - stopping org.eclipse.jetty.servlet.ServletHandler$Default404Servlet-8706cfd@2783a8e8==org.eclipse.jetty.servlet.ServletHandler$Default404Servlet,jsp=null,order=-1,inst=false,async=true
08:52:20.562 [Test worker] DEBUG o.e.j.u.component.AbstractLifeCycle - STOPPED org.eclipse.jetty.servlet.ServletHandler$Default404Servlet-8706cfd@2783a8e8==org.eclipse.jetty.servlet.ServletHandler$Default404Servlet,jsp=null,order=-1,inst=false,async=true
08:52:20.562 [Test worker] DEBUG o.e.j.u.component.AbstractLifeCycle - stopping org.glassfish.jersey.servlet.ServletContainer-9e4d868@e9026630==org.glassfish.jersey.servlet.ServletContainer,jsp=null,order=0,inst=true,async=true
08:52:20.565 [Test worker] DEBUG o.e.j.u.component.AbstractLifeCycle - STOPPED org.glassfish.jersey.servlet.ServletContainer-9e4d868@e9026630==org.glassfish.jersey.servlet.ServletContainer,jsp=null,order=0,inst=false,async=true
08:52:20.565 [Test worker] DEBUG o.e.j.u.component.AbstractLifeCycle - STOPPED ServletHandler@55995a81{STOPPED}
08:52:20.565 [Test worker] DEBUG o.e.j.u.component.AbstractLifeCycle - STOPPED org.eclipse.jetty.server.session.SessionHandler1957997271==dftMaxIdleSec=-1
08:52:20.565 [Test worker] INFO  o.e.j.server.handler.ContextHandler - Stopped o.e.j.s.ServletContextHandler@3a530d6f{/,null,UNAVAILABLE}
08:52:20.565 [Test worker] DEBUG o.e.j.u.component.AbstractLifeCycle - STOPPED o.e.j.s.ServletContextHandler@3a530d6f{/,null,UNAVAILABLE}
08:52:20.565 [Test worker] DEBUG o.e.j.u.component.AbstractLifeCycle - stopping QueuedThreadPool[qtp578764328]@227f3e28{STARTED,8<=8<=200,i=4,r=8,q=0}[ReservedThreadExecutor@7acd71e4{s=4/8,p=0}]
08:52:20.565 [Test worker] DEBUG o.e.j.util.thread.QueuedThreadPool - Stopping QueuedThreadPool[qtp578764328]@227f3e28{STOPPING,8<=8<=200,i=4,r=-1,q=0}[ReservedThreadExecutor@7acd71e4{s=4/8,p=0}]
08:52:20.565 [Test worker] DEBUG o.e.j.u.component.AbstractLifeCycle - stopping ReservedThreadExecutor@7acd71e4{s=4/8,p=0}
08:52:20.565 [Test worker] DEBUG o.e.j.u.t.ReservedThreadExecutor - ReservedThreadExecutor@7acd71e4{s=3/8,p=0}@5c5c6395 offer STOP!
08:52:20.565 [Test worker] DEBUG o.e.j.u.t.ReservedThreadExecutor - ReservedThreadExecutor@7acd71e4{s=2/8,p=0}@20339fd7 offer STOP!
08:52:20.565 [qtp578764328-43] DEBUG o.e.j.u.t.ReservedThreadExecutor - ReservedThreadExecutor@7acd71e4{s=2/8,p=0}@5c5c6395 Exited
08:52:20.565 [qtp578764328-47] DEBUG o.e.j.u.t.ReservedThreadExecutor - ReservedThreadExecutor@7acd71e4{s=1/8,p=0}@20339fd7 Exited
08:52:20.565 [Test worker] DEBUG o.e.j.u.t.ReservedThreadExecutor - ReservedThreadExecutor@7acd71e4{s=1/8,p=0}@22fd2d0c offer STOP!
08:52:20.565 [qtp578764328-43] DEBUG o.e.j.util.thread.QueuedThreadPool - ran ReservedThreadExecutor@7acd71e4{s=2/8,p=0}@5c5c6395 in QueuedThreadPool[qtp578764328]@227f3e28{STOPPING,8<=8<=200,i=4,r=-1,q=0}[ReservedThreadExecutor@7acd71e4{s=1/8,p=0}]
08:52:20.565 [qtp578764328-47] DEBUG o.e.j.util.thread.QueuedThreadPool - ran ReservedThreadExecutor@7acd71e4{s=1/8,p=0}@20339fd7 in QueuedThreadPool[qtp578764328]@227f3e28{STOPPING,8<=8<=200,i=4,r=-1,q=0}[ReservedThreadExecutor@7acd71e4{s=0/8,p=0}]
08:52:20.565 [Test worker] DEBUG o.e.j.u.t.ReservedThreadExecutor - ReservedThreadExecutor@7acd71e4{s=0/8,p=0}@483761cb offer STOP!
08:52:20.565 [qtp578764328-48] DEBUG o.e.j.u.t.ReservedThreadExecutor - ReservedThreadExecutor@7acd71e4{s=0/8,p=0}@22fd2d0c Exited
08:52:20.565 [Test worker] DEBUG o.e.j.u.component.AbstractLifeCycle - STOPPED ReservedThreadExecutor@7acd71e4{s=-1/8,p=0}
08:52:20.565 [qtp578764328-44] DEBUG o.e.j.u.t.ReservedThreadExecutor - ReservedThreadExecutor@7acd71e4{s=-1/8,p=0}@483761cb Exited
08:52:20.565 [qtp578764328-48] DEBUG o.e.j.util.thread.QueuedThreadPool - ran ReservedThreadExecutor@7acd71e4{s=-1/8,p=0}@22fd2d0c in QueuedThreadPool[qtp578764328]@227f3e28{STOPPING,8<=8<=200,i=6,r=-1,q=0}[ReservedThreadExecutor@7acd71e4{s=-1/8,p=0}]
08:52:20.565 [Test worker] DEBUG o.e.j.util.thread.QueuedThreadPool - Waiting for Thread[qtp578764328-41,5,main] for 14999
08:52:20.565 [qtp578764328-44] DEBUG o.e.j.util.thread.QueuedThreadPool - ran ReservedThreadExecutor@7acd71e4{s=-1/8,p=0}@483761cb in QueuedThreadPool[qtp578764328]@227f3e28{STOPPING,8<=0<=200,i=6,r=-1,q=0}[NO_TRY]
08:52:20.566 [qtp578764328-48] DEBUG o.e.j.util.thread.QueuedThreadPool - Thread[qtp578764328-48,5,main] exited for QueuedThreadPool[qtp578764328]@227f3e28{STOPPING,8<=0<=200,i=6,r=-1,q=0}[NO_TRY]
08:52:20.566 [qtp578764328-45] DEBUG o.e.j.util.thread.QueuedThreadPool - run org.eclipse.jetty.util.thread.QueuedThreadPool$$Lambda$62/1544554620@72413677 in QueuedThreadPool[qtp578764328]@227f3e28{STOPPING,8<=0<=200,i=6,r=-1,q=0}[NO_TRY]
08:52:20.566 [qtp578764328-41] DEBUG o.e.j.util.thread.QueuedThreadPool - run org.eclipse.jetty.util.thread.QueuedThreadPool$$Lambda$62/1544554620@72413677 in QueuedThreadPool[qtp578764328]@227f3e28{STOPPING,8<=0<=200,i=6,r=-1,q=0}[NO_TRY]
08:52:20.566 [qtp578764328-42] DEBUG o.e.j.util.thread.QueuedThreadPool - run org.eclipse.jetty.util.thread.QueuedThreadPool$$Lambda$62/1544554620@72413677 in QueuedThreadPool[qtp578764328]@227f3e28{STOPPING,8<=0<=200,i=6,r=-1,q=0}[NO_TRY]
08:52:20.566 [qtp578764328-44] DEBUG o.e.j.util.thread.QueuedThreadPool - Thread[qtp578764328-44,5,main] exited for QueuedThreadPool[qtp578764328]@227f3e28{STOPPING,8<=0<=200,i=6,r=-1,q=0}[NO_TRY]
08:52:20.566 [qtp578764328-46] DEBUG o.e.j.util.thread.QueuedThreadPool - run org.eclipse.jetty.util.thread.QueuedThreadPool$$Lambda$62/1544554620@72413677 in QueuedThreadPool[qtp578764328]@227f3e28{STOPPING,8<=0<=200,i=6,r=-1,q=0}[NO_TRY]
08:52:20.566 [qtp578764328-43] DEBUG o.e.j.util.thread.QueuedThreadPool - run org.eclipse.jetty.util.thread.QueuedThreadPool$$Lambda$62/1544554620@72413677 in QueuedThreadPool[qtp578764328]@227f3e28{STOPPING,8<=0<=200,i=6,r=-1,q=0}[NO_TRY]
08:52:20.566 [qtp578764328-47] DEBUG o.e.j.util.thread.QueuedThreadPool - run org.eclipse.jetty.util.thread.QueuedThreadPool$$Lambda$62/1544554620@72413677 in QueuedThreadPool[qtp578764328]@227f3e28{STOPPING,8<=0<=200,i=6,r=-1,q=0}[NO_TRY]
08:52:20.566 [qtp578764328-45] DEBUG o.e.j.util.thread.QueuedThreadPool - ran org.eclipse.jetty.util.thread.QueuedThreadPool$$Lambda$62/1544554620@72413677 in QueuedThreadPool[qtp578764328]@227f3e28{STOPPING,8<=0<=200,i=6,r=-1,q=0}[NO_TRY]
08:52:20.566 [qtp578764328-41] DEBUG o.e.j.util.thread.QueuedThreadPool - ran org.eclipse.jetty.util.thread.QueuedThreadPool$$Lambda$62/1544554620@72413677 in QueuedThreadPool[qtp578764328]@227f3e28{STOPPING,8<=0<=200,i=6,r=-1,q=0}[NO_TRY]
08:52:20.566 [qtp578764328-42] DEBUG o.e.j.util.thread.QueuedThreadPool - ran org.eclipse.jetty.util.thread.QueuedThreadPool$$Lambda$62/1544554620@72413677 in QueuedThreadPool[qtp578764328]@227f3e28{STOPPING,8<=0<=200,i=6,r=-1,q=0}[NO_TRY]
08:52:20.566 [qtp578764328-46] DEBUG o.e.j.util.thread.QueuedThreadPool - ran org.eclipse.jetty.util.thread.QueuedThreadPool$$Lambda$62/1544554620@72413677 in QueuedThreadPool[qtp578764328]@227f3e28{STOPPING,8<=0<=200,i=6,r=-1,q=0}[NO_TRY]
08:52:20.566 [qtp578764328-43] DEBUG o.e.j.util.thread.QueuedThreadPool - ran org.eclipse.jetty.util.thread.QueuedThreadPool$$Lambda$62/1544554620@72413677 in QueuedThreadPool[qtp578764328]@227f3e28{STOPPING,8<=0<=200,i=6,r=-1,q=0}[NO_TRY]
08:52:20.566 [qtp578764328-47] DEBUG o.e.j.util.thread.QueuedThreadPool - ran org.eclipse.jetty.util.thread.QueuedThreadPool$$Lambda$62/1544554620@72413677 in QueuedThreadPool[qtp578764328]@227f3e28{STOPPING,8<=0<=200,i=6,r=-1,q=0}[NO_TRY]
08:52:20.566 [qtp578764328-45] DEBUG o.e.j.util.thread.QueuedThreadPool - Thread[qtp578764328-45,5,main] exited for QueuedThreadPool[qtp578764328]@227f3e28{STOPPING,8<=0<=200,i=6,r=-1,q=0}[NO_TRY]
08:52:20.566 [qtp578764328-41] DEBUG o.e.j.util.thread.QueuedThreadPool - Thread[qtp578764328-41,5,main] exited for QueuedThreadPool[qtp578764328]@227f3e28{STOPPING,8<=0<=200,i=6,r=-1,q=0}[NO_TRY]
08:52:20.566 [qtp578764328-42] DEBUG o.e.j.util.thread.QueuedThreadPool - Thread[qtp578764328-42,5,main] exited for QueuedThreadPool[qtp578764328]@227f3e28{STOPPING,8<=0<=200,i=6,r=-1,q=0}[NO_TRY]
08:52:20.566 [qtp578764328-46] DEBUG o.e.j.util.thread.QueuedThreadPool - Thread[qtp578764328-46,5,main] exited for QueuedThreadPool[qtp578764328]@227f3e28{STOPPING,8<=0<=200,i=6,r=-1,q=0}[NO_TRY]
08:52:20.566 [qtp578764328-43] DEBUG o.e.j.util.thread.QueuedThreadPool - Thread[qtp578764328-43,5,main] exited for QueuedThreadPool[qtp578764328]@227f3e28{STOPPING,8<=0<=200,i=6,r=-1,q=0}[NO_TRY]
08:52:20.566 [qtp578764328-47] DEBUG o.e.j.util.thread.QueuedThreadPool - Thread[qtp578764328-47,5,main] exited for QueuedThreadPool[qtp578764328]@227f3e28{STOPPING,8<=0<=200,i=6,r=-1,q=0}[NO_TRY]
08:52:20.566 [Test worker] DEBUG o.e.j.util.thread.QueuedThreadPool - Waiting for Thread[qtp578764328-43,5,main] for 14999
08:52:20.566 [Test worker] DEBUG o.e.j.u.component.AbstractLifeCycle - STOPPED QueuedThreadPool[qtp578764328]@227f3e28{STOPPED,8<=0<=200,i=6,r=-1,q=0}[NO_TRY]
08:52:20.566 [Test worker] DEBUG o.e.j.u.component.AbstractLifeCycle - STOPPED Server@2cb8d417{STOPPED}[9.4.25.v20191220]
08:52:20.567 [Test worker] DEBUG o.h.e.t.internal.TransactionImpl - On TransactionImpl creation, JpaCompliance#isJpaTransactionComplianceEnabled == false
08:52:20.567 [Test worker] DEBUG o.h.e.t.internal.TransactionImpl - begin
08:52:20.567 [Test worker] DEBUG o.h.e.i.AbstractSaveEventListener - Generated identifier: -7197155049040844804, using strategy: org.hibernate.id.Assigned
08:52:20.567 [Test worker] DEBUG o.h.e.t.internal.TransactionImpl - committing
08:52:20.568 [Test worker] DEBUG o.h.e.i.AbstractFlushingEventListener - Processing flush-time cascades
08:52:20.568 [Test worker] DEBUG o.h.e.i.AbstractFlushingEventListener - Dirty checking collections
08:52:20.568 [Test worker] DEBUG o.h.e.i.AbstractFlushingEventListener - Flushed: 1 insertions, 0 updates, 0 deletions to 1 objects
08:52:20.568 [Test worker] DEBUG o.h.e.i.AbstractFlushingEventListener - Flushed: 0 (re)creations, 0 updates, 0 removals to 0 collections
08:52:20.568 [Test worker] DEBUG o.h.internal.util.EntityPrinter - Listing entities:
08:52:20.568 [Test worker] DEBUG o.h.internal.util.EntityPrinter - com.revolut.money.domain.account.Account{balance=component[amount]{amount=15.00}, id=-7197155049040844804}
08:52:20.568 [Test worker] DEBUG org.hibernate.SQL - insert into PUBLIC.Account (amount, id) values (?, ?)
Hibernate: insert into PUBLIC.Account (amount, id) values (?, ?)
08:52:20.569 [Test worker] DEBUG o.h.r.j.i.LogicalConnectionManagedImpl - Initiating JDBC connection release from afterTransaction
08:52:20.569 [Test worker] DEBUG o.h.r.j.i.LogicalConnectionManagedImpl - Initiating JDBC connection release from afterTransaction
08:52:20.569 [Test worker] DEBUG o.h.e.t.internal.TransactionImpl - On TransactionImpl creation, JpaCompliance#isJpaTransactionComplianceEnabled == false
08:52:20.569 [Test worker] DEBUG o.h.e.t.internal.TransactionImpl - begin
08:52:20.569 [Test worker] DEBUG o.h.e.i.AbstractSaveEventListener - Generated identifier: -2913546021920193372, using strategy: org.hibernate.id.Assigned
08:52:20.569 [Test worker] DEBUG o.h.e.t.internal.TransactionImpl - committing
08:52:20.569 [Test worker] DEBUG o.h.e.i.AbstractFlushingEventListener - Processing flush-time cascades
08:52:20.569 [Test worker] DEBUG o.h.e.i.AbstractFlushingEventListener - Dirty checking collections
08:52:20.569 [Test worker] DEBUG o.h.e.i.AbstractFlushingEventListener - Flushed: 1 insertions, 0 updates, 0 deletions to 1 objects
08:52:20.569 [Test worker] DEBUG o.h.e.i.AbstractFlushingEventListener - Flushed: 0 (re)creations, 0 updates, 0 removals to 0 collections
08:52:20.569 [Test worker] DEBUG o.h.internal.util.EntityPrinter - Listing entities:
08:52:20.569 [Test worker] DEBUG o.h.internal.util.EntityPrinter - com.revolut.money.domain.account.Account{balance=component[amount]{amount=0.00}, id=-2913546021920193372}
08:52:20.570 [Test worker] DEBUG org.hibernate.SQL - insert into PUBLIC.Account (amount, id) values (?, ?)
Hibernate: insert into PUBLIC.Account (amount, id) values (?, ?)
08:52:20.570 [Test worker] DEBUG o.h.r.j.i.LogicalConnectionManagedImpl - Initiating JDBC connection release from afterTransaction
08:52:20.570 [Test worker] DEBUG o.h.r.j.i.LogicalConnectionManagedImpl - Initiating JDBC connection release from afterTransaction
08:52:20.571 [Thread-33] DEBUG o.e.j.u.component.ContainerLifeCycle - Server@34459b4d{STOPPED}[9.4.25.v20191220] added {QueuedThreadPool[qtp981627501]@3a82726d{STOPPED,8<=0<=200,i=0,r=-1,q=0}[NO_TRY],AUTO}
08:52:20.571 [Thread-33] DEBUG o.e.j.u.component.ContainerLifeCycle - HttpConnectionFactory@307a191d[HTTP/1.1] added {HttpConfiguration@75789176{32768/8192,8192/8192,https://:0,[]},POJO}
08:52:20.571 [Thread-33] DEBUG o.e.j.u.component.ContainerLifeCycle - ServerConnector@5cc094ae{null,[]}{0.0.0.0:0} added {Server@34459b4d{STOPPED}[9.4.25.v20191220],UNMANAGED}
08:52:20.571 [Thread-33] DEBUG o.e.j.u.component.ContainerLifeCycle - ServerConnector@5cc094ae{null,[]}{0.0.0.0:0} added {QueuedThreadPool[qtp981627501]@3a82726d{STOPPED,8<=0<=200,i=0,r=-1,q=0}[NO_TRY],AUTO}
08:52:20.571 [Thread-33] DEBUG o.e.j.u.component.ContainerLifeCycle - ServerConnector@5cc094ae{null,[]}{0.0.0.0:0} added {ScheduledExecutorScheduler@4447e388{STOPPED},AUTO}
08:52:20.571 [Thread-33] DEBUG o.e.j.u.component.ContainerLifeCycle - ServerConnector@5cc094ae{null,[]}{0.0.0.0:0} added {org.eclipse.jetty.io.ArrayByteBufferPool@2415b8ec,POJO}
08:52:20.571 [Thread-33] DEBUG o.e.j.u.component.ContainerLifeCycle - ServerConnector@5cc094ae{null,[http/1.1]}{0.0.0.0:0} added {HttpConnectionFactory@307a191d[HTTP/1.1],AUTO}
08:52:20.571 [Thread-33] DEBUG o.e.jetty.server.AbstractConnector - ServerConnector@5cc094ae{HTTP/1.1,[http/1.1]}{0.0.0.0:0} added HttpConnectionFactory@307a191d[HTTP/1.1]
08:52:20.571 [Thread-33] DEBUG o.e.j.u.component.ContainerLifeCycle - ServerConnector@5cc094ae{HTTP/1.1,[http/1.1]}{0.0.0.0:0} added {SelectorManager@ServerConnector@5cc094ae{HTTP/1.1,[http/1.1]}{0.0.0.0:0},MANAGED}
08:52:20.572 [Thread-33] DEBUG o.e.j.u.component.ContainerLifeCycle - Server@34459b4d{STOPPED}[9.4.25.v20191220] added {ServerConnector@5cc094ae{HTTP/1.1,[http/1.1]}{0.0.0.0:8888},AUTO}
08:52:20.572 [Thread-33] DEBUG o.e.j.util.DecoratedObjectFactory - Adding Decorator: org.eclipse.jetty.util.DeprecationWarning@15576e39
08:52:20.572 [Thread-33] DEBUG o.e.j.u.component.ContainerLifeCycle - o.e.j.s.ServletContextHandler@4deafdd9{/,null,UNAVAILABLE} added {org.eclipse.jetty.server.session.SessionHandler910822479==dftMaxIdleSec=-1,MANAGED}
08:52:20.572 [Thread-33] DEBUG o.e.j.u.component.ContainerLifeCycle - org.eclipse.jetty.server.session.SessionHandler910822479==dftMaxIdleSec=-1 added {ServletHandler@3f1110b2{STOPPED},MANAGED}
08:52:20.572 [Thread-33] DEBUG o.e.j.u.component.ContainerLifeCycle - Server@34459b4d{STOPPED}[9.4.25.v20191220] added {o.e.j.s.ServletContextHandler@4deafdd9{/,null,UNAVAILABLE},MANAGED}
08:52:20.572 [Thread-33] DEBUG o.e.j.u.component.AbstractLifeCycle - starting Server@34459b4d{STOPPED}[9.4.25.v20191220]
08:52:20.572 [Thread-33] DEBUG o.e.j.u.component.ContainerLifeCycle - Server@34459b4d{STARTING}[9.4.25.v20191220] added {ErrorHandler@b07a400{STOPPED},AUTO}
08:52:20.572 [Thread-33] INFO  org.eclipse.jetty.server.Server - jetty-9.4.25.v20191220; built: 2019-12-20T17:00:00.294Z; git: a9729c7e7f33a459d2616a8f9e9ba8a90f432e95; jvm 1.8.0_211-b12
08:52:20.572 [Thread-33] DEBUG o.e.j.server.handler.AbstractHandler - starting Server@34459b4d{STARTING}[9.4.25.v20191220]
08:52:20.572 [Thread-33] DEBUG o.e.j.u.component.AbstractLifeCycle - starting QueuedThreadPool[qtp981627501]@3a82726d{STOPPED,8<=0<=200,i=0,r=-1,q=0}[NO_TRY]
08:52:20.572 [Thread-33] DEBUG o.e.j.u.t.ReservedThreadExecutor - ReservedThreadExecutor@6dc9f95b{s=0/8,p=0}
08:52:20.572 [Thread-33] DEBUG o.e.j.u.component.ContainerLifeCycle - QueuedThreadPool[qtp981627501]@3a82726d{STARTING,8<=0<=200,i=0,r=-1,q=0}[ReservedThreadExecutor@6dc9f95b{s=0/8,p=0}] added {ReservedThreadExecutor@6dc9f95b{s=0/8,p=0},AUTO}
08:52:20.572 [Thread-33] DEBUG o.e.j.u.component.AbstractLifeCycle - starting ReservedThreadExecutor@6dc9f95b{s=0/8,p=0}
08:52:20.572 [Thread-33] DEBUG o.e.j.u.component.AbstractLifeCycle - STARTED @5083ms ReservedThreadExecutor@6dc9f95b{s=0/8,p=0}
08:52:20.572 [Thread-33] DEBUG o.e.j.util.thread.QueuedThreadPool - Starting Thread[qtp981627501-52,5,main]
08:52:20.573 [Thread-33] DEBUG o.e.j.util.thread.QueuedThreadPool - Starting Thread[qtp981627501-53,5,main]
08:52:20.573 [Thread-33] DEBUG o.e.j.util.thread.QueuedThreadPool - Starting Thread[qtp981627501-54,5,main]
08:52:20.573 [qtp981627501-52] DEBUG o.e.j.util.thread.QueuedThreadPool - Runner started for QueuedThreadPool[qtp981627501]@3a82726d{STARTING,8<=2<=200,i=2,r=-1,q=0}[ReservedThreadExecutor@6dc9f95b{s=0/8,p=0}]
08:52:20.573 [qtp981627501-53] DEBUG o.e.j.util.thread.QueuedThreadPool - Runner started for QueuedThreadPool[qtp981627501]@3a82726d{STARTING,8<=3<=200,i=3,r=-1,q=0}[ReservedThreadExecutor@6dc9f95b{s=0/8,p=0}]
08:52:20.573 [Thread-33] DEBUG o.e.j.util.thread.QueuedThreadPool - Starting Thread[qtp981627501-55,5,main]
08:52:20.573 [qtp981627501-54] DEBUG o.e.j.util.thread.QueuedThreadPool - Runner started for QueuedThreadPool[qtp981627501]@3a82726d{STARTING,8<=4<=200,i=4,r=-1,q=0}[ReservedThreadExecutor@6dc9f95b{s=0/8,p=0}]
08:52:20.573 [Thread-33] DEBUG o.e.j.util.thread.QueuedThreadPool - Starting Thread[qtp981627501-56,5,main]
08:52:20.573 [Thread-33] DEBUG o.e.j.util.thread.QueuedThreadPool - Starting Thread[qtp981627501-57,5,main]
08:52:20.573 [Thread-33] DEBUG o.e.j.util.thread.QueuedThreadPool - Starting Thread[qtp981627501-58,5,main]
08:52:20.574 [qtp981627501-55] DEBUG o.e.j.util.thread.QueuedThreadPool - Runner started for QueuedThreadPool[qtp981627501]@3a82726d{STARTING,8<=7<=200,i=7,r=-1,q=0}[ReservedThreadExecutor@6dc9f95b{s=0/8,p=0}]
08:52:20.574 [Thread-33] DEBUG o.e.j.util.thread.QueuedThreadPool - Starting Thread[qtp981627501-59,5,main]
08:52:20.574 [qtp981627501-56] DEBUG o.e.j.util.thread.QueuedThreadPool - Runner started for QueuedThreadPool[qtp981627501]@3a82726d{STARTING,8<=8<=200,i=8,r=-1,q=0}[ReservedThreadExecutor@6dc9f95b{s=0/8,p=0}]
08:52:20.574 [qtp981627501-57] DEBUG o.e.j.util.thread.QueuedThreadPool - Runner started for QueuedThreadPool[qtp981627501]@3a82726d{STARTING,8<=8<=200,i=8,r=-1,q=0}[ReservedThreadExecutor@6dc9f95b{s=0/8,p=0}]
08:52:20.574 [Thread-33] DEBUG o.e.j.u.component.AbstractLifeCycle - STARTED @5085ms QueuedThreadPool[qtp981627501]@3a82726d{STARTED,8<=8<=200,i=8,r=8,q=0}[ReservedThreadExecutor@6dc9f95b{s=0/8,p=0}]
08:52:20.574 [qtp981627501-58] DEBUG o.e.j.util.thread.QueuedThreadPool - Runner started for QueuedThreadPool[qtp981627501]@3a82726d{STARTED,8<=8<=200,i=8,r=8,q=0}[ReservedThreadExecutor@6dc9f95b{s=0/8,p=0}]
08:52:20.574 [Thread-33] DEBUG o.e.j.u.component.AbstractLifeCycle - starting o.e.j.s.ServletContextHandler@4deafdd9{/,null,UNAVAILABLE}
08:52:20.574 [qtp981627501-59] DEBUG o.e.j.util.thread.QueuedThreadPool - Runner started for QueuedThreadPool[qtp981627501]@3a82726d{STARTED,8<=8<=200,i=8,r=8,q=0}[ReservedThreadExecutor@6dc9f95b{s=0/8,p=0}]
08:52:20.574 [Thread-33] DEBUG o.e.j.server.handler.AbstractHandler - starting o.e.j.s.ServletContextHandler@4deafdd9{/,null,STARTING}
08:52:20.574 [Thread-33] DEBUG o.e.j.u.component.AbstractLifeCycle - starting org.eclipse.jetty.server.session.SessionHandler910822479==dftMaxIdleSec=-1
08:52:20.574 [Thread-33] DEBUG o.e.j.u.component.ContainerLifeCycle - org.eclipse.jetty.server.session.SessionHandler910822479==dftMaxIdleSec=-1 added {org.eclipse.jetty.server.session.DefaultSessionCache@21e209c9[evict=-1,removeUnloadable=false,saveOnCreate=false,saveOnInactiveEvict=false],AUTO}
08:52:20.574 [Thread-33] DEBUG o.e.j.u.component.ContainerLifeCycle - org.eclipse.jetty.server.session.DefaultSessionCache@21e209c9[evict=-1,removeUnloadable=false,saveOnCreate=false,saveOnInactiveEvict=false] added {org.eclipse.jetty.server.session.NullSessionDataStore@4b382ab9[passivating=false,graceSec=3600],AUTO}
08:52:20.574 [Thread-33] DEBUG o.e.j.u.component.AbstractLifeCycle - starting DefaultSessionIdManager@6a7bfb35{STOPPED}[worker=null]
08:52:20.574 [Thread-33] INFO  org.eclipse.jetty.server.session - DefaultSessionIdManager workerName=node0
08:52:20.574 [Thread-33] INFO  org.eclipse.jetty.server.session - No SessionScavenger set, using defaults
08:52:20.575 [Thread-33] DEBUG o.e.j.u.component.ContainerLifeCycle - DefaultSessionIdManager@6a7bfb35{STARTING}[worker=node0] added {HouseKeeper@6860c027{STOPPED}[interval=600000, ownscheduler=false],MANAGED}
08:52:20.575 [Thread-33] DEBUG o.e.j.u.component.AbstractLifeCycle - starting HouseKeeper@6860c027{STOPPED}[interval=600000, ownscheduler=false]
08:52:20.575 [Thread-33] DEBUG o.e.j.u.component.AbstractLifeCycle - starting ScheduledExecutorScheduler@597d20a3{STOPPED}
08:52:20.575 [Thread-33] DEBUG o.e.j.u.component.AbstractLifeCycle - STARTED @5085ms ScheduledExecutorScheduler@597d20a3{STARTED}
08:52:20.575 [Thread-33] DEBUG org.eclipse.jetty.server.session - Using own scheduler for scavenging
08:52:20.575 [Thread-33] INFO  org.eclipse.jetty.server.session - node0 Scavenging every 600000ms
08:52:20.575 [Thread-33] DEBUG o.e.j.u.component.AbstractLifeCycle - STARTED @5086ms HouseKeeper@6860c027{STARTED}[interval=600000, ownscheduler=true]
08:52:20.575 [Thread-33] DEBUG o.e.j.u.component.AbstractLifeCycle - STARTED @5086ms DefaultSessionIdManager@6a7bfb35{STARTED}[worker=node0]
08:52:20.575 [Thread-33] DEBUG o.e.j.u.component.ContainerLifeCycle - Server@34459b4d{STARTING}[9.4.25.v20191220] added {DefaultSessionIdManager@6a7bfb35{STARTED}[worker=node0],MANAGED}
08:52:20.575 [Thread-33] DEBUG o.e.j.u.component.ContainerLifeCycle - org.eclipse.jetty.server.session.SessionHandler910822479==dftMaxIdleSec=-1 added {DefaultSessionIdManager@6a7bfb35{STARTED}[worker=node0],UNMANAGED}
08:52:20.575 [Thread-33] DEBUG o.e.j.u.component.AbstractLifeCycle - starting ScheduledExecutorScheduler@668d5fd2{STOPPED}
08:52:20.575 [Thread-33] DEBUG o.e.j.u.component.AbstractLifeCycle - STARTED @5086ms ScheduledExecutorScheduler@668d5fd2{STARTED}
08:52:20.575 [Thread-33] DEBUG o.e.j.server.handler.AbstractHandler - starting org.eclipse.jetty.server.session.SessionHandler910822479==dftMaxIdleSec=-1
08:52:20.575 [Thread-33] DEBUG o.e.j.u.component.AbstractLifeCycle - starting ServletHandler@3f1110b2{STOPPED}
08:52:20.575 [Thread-33] DEBUG o.e.jetty.servlet.ServletHandler - Path=/*[EMBEDDED:null] mapped to servlet=org.glassfish.jersey.servlet.ServletContainer-111997cf[EMBEDDED:null]
08:52:20.575 [Thread-33] DEBUG o.e.jetty.http.pathmap.PathMappings - Added MappedResource[pathSpec=ServletPathSpec["/*",pathDepth=1,group=PREFIX_GLOB],resource=org.glassfish.jersey.servlet.ServletContainer-111997cf@3200f0d7==org.glassfish.jersey.servlet.ServletContainer,jsp=null,order=0,inst=false,async=true] to PathMappings[size=1]
08:52:20.575 [Thread-33] DEBUG o.e.jetty.servlet.ServletHandler - filterNameMap={}
08:52:20.575 [Thread-33] DEBUG o.e.jetty.servlet.ServletHandler - pathFilters=null
08:52:20.575 [Thread-33] DEBUG o.e.jetty.servlet.ServletHandler - servletFilterMap=null
08:52:20.575 [Thread-33] DEBUG o.e.jetty.servlet.ServletHandler - servletPathMap=PathMappings[size=1]
08:52:20.575 [Thread-33] DEBUG o.e.jetty.servlet.ServletHandler - servletNameMap={org.glassfish.jersey.servlet.ServletContainer-111997cf=org.glassfish.jersey.servlet.ServletContainer-111997cf@3200f0d7==org.glassfish.jersey.servlet.ServletContainer,jsp=null,order=0,inst=false,async=true}
08:52:20.576 [Thread-33] DEBUG o.e.jetty.servlet.ServletHandler - Adding Default404Servlet to ServletHandler@3f1110b2{STARTING}
08:52:20.576 [Thread-33] DEBUG o.e.jetty.servlet.ServletHandler - Path=/*[EMBEDDED:null] mapped to servlet=org.glassfish.jersey.servlet.ServletContainer-111997cf[EMBEDDED:null]
08:52:20.576 [Thread-33] DEBUG o.e.jetty.http.pathmap.PathMappings - Added MappedResource[pathSpec=ServletPathSpec["/*",pathDepth=1,group=PREFIX_GLOB],resource=org.glassfish.jersey.servlet.ServletContainer-111997cf@3200f0d7==org.glassfish.jersey.servlet.ServletContainer,jsp=null,order=0,inst=false,async=true] to PathMappings[size=1]
08:52:20.576 [Thread-33] DEBUG o.e.jetty.servlet.ServletHandler - Path=/[EMBEDDED:null] mapped to servlet=org.eclipse.jetty.servlet.ServletHandler$Default404Servlet-882dadc[EMBEDDED:null]
08:52:20.576 [Thread-33] DEBUG o.e.jetty.http.pathmap.PathMappings - Added MappedResource[pathSpec=ServletPathSpec["/",pathDepth=-1,group=DEFAULT],resource=org.eclipse.jetty.servlet.ServletHandler$Default404Servlet-882dadc@296991da==org.eclipse.jetty.servlet.ServletHandler$Default404Servlet,jsp=null,order=-1,inst=false,async=true] to PathMappings[size=2]
08:52:20.576 [Thread-33] DEBUG o.e.jetty.servlet.ServletHandler - filterNameMap={}
08:52:20.576 [Thread-33] DEBUG o.e.jetty.servlet.ServletHandler - pathFilters=null
08:52:20.576 [Thread-33] DEBUG o.e.jetty.servlet.ServletHandler - servletFilterMap=null
08:52:20.576 [Thread-33] DEBUG o.e.jetty.servlet.ServletHandler - servletPathMap=PathMappings[size=2]
08:52:20.576 [Thread-33] DEBUG o.e.jetty.servlet.ServletHandler - servletNameMap={org.eclipse.jetty.servlet.ServletHandler$Default404Servlet-882dadc=org.eclipse.jetty.servlet.ServletHandler$Default404Servlet-882dadc@296991da==org.eclipse.jetty.servlet.ServletHandler$Default404Servlet,jsp=null,order=-1,inst=false,async=true, org.glassfish.jersey.servlet.ServletContainer-111997cf=org.glassfish.jersey.servlet.ServletContainer-111997cf@3200f0d7==org.glassfish.jersey.servlet.ServletContainer,jsp=null,order=0,inst=false,async=true}
08:52:20.576 [Thread-33] DEBUG o.e.j.server.handler.AbstractHandler - starting ServletHandler@3f1110b2{STARTING}
08:52:20.576 [Thread-33] DEBUG o.e.j.u.component.AbstractLifeCycle - STARTED @5087ms ServletHandler@3f1110b2{STARTED}
08:52:20.576 [Thread-33] DEBUG o.e.j.u.component.AbstractLifeCycle - starting org.eclipse.jetty.server.session.DefaultSessionCache@21e209c9[evict=-1,removeUnloadable=false,saveOnCreate=false,saveOnInactiveEvict=false]
08:52:20.576 [Thread-33] DEBUG o.e.j.u.component.AbstractLifeCycle - starting org.eclipse.jetty.server.session.NullSessionDataStore@4b382ab9[passivating=false,graceSec=3600]
08:52:20.576 [Thread-33] DEBUG o.e.j.u.component.AbstractLifeCycle - STARTED @5087ms org.eclipse.jetty.server.session.NullSessionDataStore@4b382ab9[passivating=false,graceSec=3600]
08:52:20.576 [Thread-33] DEBUG o.e.j.u.component.AbstractLifeCycle - STARTED @5087ms org.eclipse.jetty.server.session.DefaultSessionCache@21e209c9[evict=-1,removeUnloadable=false,saveOnCreate=false,saveOnInactiveEvict=false]
08:52:20.576 [Thread-33] DEBUG o.e.j.u.component.AbstractLifeCycle - STARTED @5087ms org.eclipse.jetty.server.session.SessionHandler910822479==dftMaxIdleSec=-1
08:52:20.576 [Thread-33] DEBUG o.e.j.u.component.AbstractLifeCycle - starting org.eclipse.jetty.servlet.ServletHandler$Default404Servlet-882dadc@296991da==org.eclipse.jetty.servlet.ServletHandler$Default404Servlet,jsp=null,order=-1,inst=false,async=true
08:52:20.576 [Thread-33] DEBUG o.e.j.u.component.AbstractLifeCycle - STARTED @5087ms org.eclipse.jetty.servlet.ServletHandler$Default404Servlet-882dadc@296991da==org.eclipse.jetty.servlet.ServletHandler$Default404Servlet,jsp=null,order=-1,inst=false,async=true
08:52:20.576 [Thread-33] DEBUG o.e.j.u.component.AbstractLifeCycle - starting org.glassfish.jersey.servlet.ServletContainer-111997cf@3200f0d7==org.glassfish.jersey.servlet.ServletContainer,jsp=null,order=0,inst=false,async=true
08:52:20.576 [Thread-33] DEBUG o.e.j.u.component.AbstractLifeCycle - STARTED @5087ms org.glassfish.jersey.servlet.ServletContainer-111997cf@3200f0d7==org.glassfish.jersey.servlet.ServletContainer,jsp=null,order=0,inst=false,async=true
08:52:20.577 [Thread-33] DEBUG o.e.jetty.servlet.ServletHolder - Servlet.init org.glassfish.jersey.servlet.ServletContainer@38ca8b57 for org.glassfish.jersey.servlet.ServletContainer-111997cf
08:52:20.638 [Thread-33] INFO  o.e.j.server.handler.ContextHandler - Started o.e.j.s.ServletContextHandler@4deafdd9{/,null,AVAILABLE}
08:52:20.638 [Thread-33] DEBUG o.e.j.u.component.AbstractLifeCycle - STARTED @5148ms o.e.j.s.ServletContextHandler@4deafdd9{/,null,AVAILABLE}
08:52:20.638 [Thread-33] DEBUG o.e.j.u.component.AbstractLifeCycle - starting ErrorHandler@b07a400{STOPPED}
08:52:20.638 [Thread-33] DEBUG o.e.j.server.handler.AbstractHandler - starting ErrorHandler@b07a400{STARTING}
08:52:20.638 [Thread-33] DEBUG o.e.j.u.component.AbstractLifeCycle - STARTED @5149ms ErrorHandler@b07a400{STARTED}
08:52:20.638 [Thread-33] DEBUG o.e.j.u.component.AbstractLifeCycle - starting ServerConnector@5cc094ae{HTTP/1.1,[http/1.1]}{0.0.0.0:8888}
08:52:20.638 [Thread-33] DEBUG o.e.j.u.component.ContainerLifeCycle - ServerConnector@5cc094ae{HTTP/1.1,[http/1.1]}{0.0.0.0:8888} added {sun.nio.ch.ServerSocketChannelImpl[/0:0:0:0:0:0:0:0:8888],POJO}
08:52:20.638 [Thread-33] DEBUG o.e.j.u.component.AbstractLifeCycle - starting ScheduledExecutorScheduler@4447e388{STOPPED}
08:52:20.638 [Thread-33] DEBUG o.e.j.u.component.AbstractLifeCycle - STARTED @5149ms ScheduledExecutorScheduler@4447e388{STARTED}
08:52:20.639 [Thread-33] DEBUG o.e.j.u.component.AbstractLifeCycle - starting HttpConnectionFactory@307a191d[HTTP/1.1]
08:52:20.639 [Thread-33] DEBUG o.e.j.u.component.AbstractLifeCycle - STARTED @5149ms HttpConnectionFactory@307a191d[HTTP/1.1]
08:52:20.639 [Thread-33] DEBUG o.e.j.u.component.AbstractLifeCycle - starting SelectorManager@ServerConnector@5cc094ae{HTTP/1.1,[http/1.1]}{0.0.0.0:8888}
08:52:20.639 [Thread-33] DEBUG o.e.j.u.component.ContainerLifeCycle - EatWhatYouKill@21e16e09/SelectorProducer@6974922d/IDLE/p=false/QueuedThreadPool[qtp981627501]@3a82726d{STARTED,8<=8<=200,i=8,r=8,q=0}[ReservedThreadExecutor@6dc9f95b{s=0/8,p=0}][pc=0,pic=0,pec=0,epc=0]@2019-12-26T08:52:20.639+01:00 added {SelectorProducer@6974922d,POJO}
08:52:20.639 [Thread-33] DEBUG o.e.j.u.component.ContainerLifeCycle - EatWhatYouKill@21e16e09/SelectorProducer@6974922d/IDLE/p=false/QueuedThreadPool[qtp981627501]@3a82726d{STARTED,8<=8<=200,i=8,r=8,q=0}[ReservedThreadExecutor@6dc9f95b{s=0/8,p=0}][pc=0,pic=0,pec=0,epc=0]@2019-12-26T08:52:20.639+01:00 added {QueuedThreadPool[qtp981627501]@3a82726d{STARTED,8<=8<=200,i=8,r=8,q=0}[ReservedThreadExecutor@6dc9f95b{s=0/8,p=0}],UNMANAGED}
08:52:20.639 [Thread-33] DEBUG o.e.j.u.t.strategy.EatWhatYouKill - EatWhatYouKill@21e16e09/SelectorProducer@6974922d/IDLE/p=false/QueuedThreadPool[qtp981627501]@3a82726d{STARTED,8<=8<=200,i=8,r=8,q=0}[ReservedThreadExecutor@6dc9f95b{s=0/8,p=0}][pc=0,pic=0,pec=0,epc=0]@2019-12-26T08:52:20.639+01:00 created
08:52:20.639 [Thread-33] DEBUG o.e.j.u.component.ContainerLifeCycle - ManagedSelector@7b9f5359{STOPPED} id=0 keys=-1 selected=-1 updates=0 added {EatWhatYouKill@21e16e09/SelectorProducer@6974922d/IDLE/p=false/QueuedThreadPool[qtp981627501]@3a82726d{STARTED,8<=8<=200,i=8,r=8,q=0}[ReservedThreadExecutor@6dc9f95b{s=0/8,p=0}][pc=0,pic=0,pec=0,epc=0]@2019-12-26T08:52:20.639+01:00,MANAGED}
08:52:20.639 [Thread-33] DEBUG o.e.j.u.component.ContainerLifeCycle - SelectorManager@ServerConnector@5cc094ae{HTTP/1.1,[http/1.1]}{0.0.0.0:8888} added {ManagedSelector@7b9f5359{STOPPED} id=0 keys=-1 selected=-1 updates=0,AUTO}
08:52:20.640 [Thread-33] DEBUG o.e.j.u.component.ContainerLifeCycle - EatWhatYouKill@11f2773e/SelectorProducer@3b49c22f/IDLE/p=false/QueuedThreadPool[qtp981627501]@3a82726d{STARTED,8<=8<=200,i=8,r=8,q=0}[ReservedThreadExecutor@6dc9f95b{s=0/8,p=0}][pc=0,pic=0,pec=0,epc=0]@2019-12-26T08:52:20.64+01:00 added {SelectorProducer@3b49c22f,POJO}
08:52:20.640 [Thread-33] DEBUG o.e.j.u.component.ContainerLifeCycle - EatWhatYouKill@11f2773e/SelectorProducer@3b49c22f/IDLE/p=false/QueuedThreadPool[qtp981627501]@3a82726d{STARTED,8<=8<=200,i=8,r=8,q=0}[ReservedThreadExecutor@6dc9f95b{s=0/8,p=0}][pc=0,pic=0,pec=0,epc=0]@2019-12-26T08:52:20.64+01:00 added {QueuedThreadPool[qtp981627501]@3a82726d{STARTED,8<=8<=200,i=8,r=8,q=0}[ReservedThreadExecutor@6dc9f95b{s=0/8,p=0}],UNMANAGED}
08:52:20.640 [Thread-33] DEBUG o.e.j.u.t.strategy.EatWhatYouKill - EatWhatYouKill@11f2773e/SelectorProducer@3b49c22f/IDLE/p=false/QueuedThreadPool[qtp981627501]@3a82726d{STARTED,8<=8<=200,i=8,r=8,q=0}[ReservedThreadExecutor@6dc9f95b{s=0/8,p=0}][pc=0,pic=0,pec=0,epc=0]@2019-12-26T08:52:20.64+01:00 created
08:52:20.640 [Thread-33] DEBUG o.e.j.u.component.ContainerLifeCycle - ManagedSelector@76e1da91{STOPPED} id=1 keys=-1 selected=-1 updates=0 added {EatWhatYouKill@11f2773e/SelectorProducer@3b49c22f/IDLE/p=false/QueuedThreadPool[qtp981627501]@3a82726d{STARTED,8<=8<=200,i=8,r=8,q=0}[ReservedThreadExecutor@6dc9f95b{s=0/8,p=0}][pc=0,pic=0,pec=0,epc=0]@2019-12-26T08:52:20.64+01:00,MANAGED}
08:52:20.640 [Thread-33] DEBUG o.e.j.u.component.ContainerLifeCycle - SelectorManager@ServerConnector@5cc094ae{HTTP/1.1,[http/1.1]}{0.0.0.0:8888} added {ManagedSelector@76e1da91{STOPPED} id=1 keys=-1 selected=-1 updates=0,AUTO}
08:52:20.640 [Thread-33] DEBUG o.e.j.u.component.ContainerLifeCycle - EatWhatYouKill@77654a8f/SelectorProducer@75ac98da/IDLE/p=false/QueuedThreadPool[qtp981627501]@3a82726d{STARTED,8<=8<=200,i=8,r=8,q=0}[ReservedThreadExecutor@6dc9f95b{s=0/8,p=0}][pc=0,pic=0,pec=0,epc=0]@2019-12-26T08:52:20.64+01:00 added {SelectorProducer@75ac98da,POJO}
08:52:20.640 [Thread-33] DEBUG o.e.j.u.component.ContainerLifeCycle - EatWhatYouKill@77654a8f/SelectorProducer@75ac98da/IDLE/p=false/QueuedThreadPool[qtp981627501]@3a82726d{STARTED,8<=8<=200,i=8,r=8,q=0}[ReservedThreadExecutor@6dc9f95b{s=0/8,p=0}][pc=0,pic=0,pec=0,epc=0]@2019-12-26T08:52:20.64+01:00 added {QueuedThreadPool[qtp981627501]@3a82726d{STARTED,8<=8<=200,i=8,r=8,q=0}[ReservedThreadExecutor@6dc9f95b{s=0/8,p=0}],UNMANAGED}
08:52:20.640 [Thread-33] DEBUG o.e.j.u.t.strategy.EatWhatYouKill - EatWhatYouKill@77654a8f/SelectorProducer@75ac98da/IDLE/p=false/QueuedThreadPool[qtp981627501]@3a82726d{STARTED,8<=8<=200,i=8,r=8,q=0}[ReservedThreadExecutor@6dc9f95b{s=0/8,p=0}][pc=0,pic=0,pec=0,epc=0]@2019-12-26T08:52:20.64+01:00 created
08:52:20.641 [Thread-33] DEBUG o.e.j.u.component.ContainerLifeCycle - ManagedSelector@8174fa{STOPPED} id=2 keys=-1 selected=-1 updates=0 added {EatWhatYouKill@77654a8f/SelectorProducer@75ac98da/IDLE/p=false/QueuedThreadPool[qtp981627501]@3a82726d{STARTED,8<=8<=200,i=8,r=8,q=0}[ReservedThreadExecutor@6dc9f95b{s=0/8,p=0}][pc=0,pic=0,pec=0,epc=0]@2019-12-26T08:52:20.64+01:00,MANAGED}
08:52:20.641 [Thread-33] DEBUG o.e.j.u.component.ContainerLifeCycle - SelectorManager@ServerConnector@5cc094ae{HTTP/1.1,[http/1.1]}{0.0.0.0:8888} added {ManagedSelector@8174fa{STOPPED} id=2 keys=-1 selected=-1 updates=0,AUTO}
08:52:20.641 [Thread-33] DEBUG o.e.j.u.component.ContainerLifeCycle - EatWhatYouKill@78cc1329/SelectorProducer@25201f8d/IDLE/p=false/QueuedThreadPool[qtp981627501]@3a82726d{STARTED,8<=8<=200,i=8,r=8,q=0}[ReservedThreadExecutor@6dc9f95b{s=0/8,p=0}][pc=0,pic=0,pec=0,epc=0]@2019-12-26T08:52:20.641+01:00 added {SelectorProducer@25201f8d,POJO}
08:52:20.641 [Thread-33] DEBUG o.e.j.u.component.ContainerLifeCycle - EatWhatYouKill@78cc1329/SelectorProducer@25201f8d/IDLE/p=false/QueuedThreadPool[qtp981627501]@3a82726d{STARTED,8<=8<=200,i=8,r=8,q=0}[ReservedThreadExecutor@6dc9f95b{s=0/8,p=0}][pc=0,pic=0,pec=0,epc=0]@2019-12-26T08:52:20.641+01:00 added {QueuedThreadPool[qtp981627501]@3a82726d{STARTED,8<=8<=200,i=8,r=8,q=0}[ReservedThreadExecutor@6dc9f95b{s=0/8,p=0}],UNMANAGED}
08:52:20.641 [Thread-33] DEBUG o.e.j.u.t.strategy.EatWhatYouKill - EatWhatYouKill@78cc1329/SelectorProducer@25201f8d/IDLE/p=false/QueuedThreadPool[qtp981627501]@3a82726d{STARTED,8<=8<=200,i=8,r=8,q=0}[ReservedThreadExecutor@6dc9f95b{s=0/8,p=0}][pc=0,pic=0,pec=0,epc=0]@2019-12-26T08:52:20.641+01:00 created
08:52:20.641 [Thread-33] DEBUG o.e.j.u.component.ContainerLifeCycle - ManagedSelector@345b29bb{STOPPED} id=3 keys=-1 selected=-1 updates=0 added {EatWhatYouKill@78cc1329/SelectorProducer@25201f8d/IDLE/p=false/QueuedThreadPool[qtp981627501]@3a82726d{STARTED,8<=8<=200,i=8,r=8,q=0}[ReservedThreadExecutor@6dc9f95b{s=0/8,p=0}][pc=0,pic=0,pec=0,epc=0]@2019-12-26T08:52:20.641+01:00,MANAGED}
08:52:20.641 [Thread-33] DEBUG o.e.j.u.component.ContainerLifeCycle - SelectorManager@ServerConnector@5cc094ae{HTTP/1.1,[http/1.1]}{0.0.0.0:8888} added {ManagedSelector@345b29bb{STOPPED} id=3 keys=-1 selected=-1 updates=0,AUTO}
08:52:20.641 [Thread-33] DEBUG o.e.j.u.component.AbstractLifeCycle - starting ManagedSelector@7b9f5359{STOPPED} id=0 keys=-1 selected=-1 updates=0
08:52:20.641 [Thread-33] DEBUG o.e.j.u.component.AbstractLifeCycle - starting EatWhatYouKill@21e16e09/SelectorProducer@6974922d/IDLE/p=false/QueuedThreadPool[qtp981627501]@3a82726d{STARTED,8<=8<=200,i=8,r=8,q=0}[ReservedThreadExecutor@6dc9f95b{s=0/8,p=0}][pc=0,pic=0,pec=0,epc=0]@2019-12-26T08:52:20.641+01:00
08:52:20.641 [Thread-33] DEBUG o.e.j.u.component.AbstractLifeCycle - STARTED @5152ms EatWhatYouKill@21e16e09/SelectorProducer@6974922d/IDLE/p=false/QueuedThreadPool[qtp981627501]@3a82726d{STARTED,8<=8<=200,i=8,r=8,q=0}[ReservedThreadExecutor@6dc9f95b{s=0/8,p=0}][pc=0,pic=0,pec=0,epc=0]@2019-12-26T08:52:20.641+01:00
08:52:20.642 [Thread-33] DEBUG o.e.j.util.thread.QueuedThreadPool - queue org.eclipse.jetty.io.ManagedSelector$$Lambda$217/1330559266@3f76bd6e startThread=0
08:52:20.642 [qtp981627501-52] DEBUG o.e.j.util.thread.QueuedThreadPool - run org.eclipse.jetty.io.ManagedSelector$$Lambda$217/1330559266@3f76bd6e in QueuedThreadPool[qtp981627501]@3a82726d{STARTED,8<=8<=200,i=7,r=8,q=0}[ReservedThreadExecutor@6dc9f95b{s=0/8,p=0}]
08:52:20.643 [Thread-33] DEBUG org.eclipse.jetty.io.ManagedSelector - Queued change org.eclipse.jetty.io.ManagedSelector$Start@273ba4f2 on ManagedSelector@7b9f5359{STARTING} id=0 keys=0 selected=0 updates=0
08:52:20.643 [qtp981627501-52] DEBUG o.e.j.u.t.strategy.EatWhatYouKill - EatWhatYouKill@21e16e09/SelectorProducer@6974922d/IDLE/p=false/QueuedThreadPool[qtp981627501]@3a82726d{STARTED,8<=8<=200,i=7,r=8,q=0}[ReservedThreadExecutor@6dc9f95b{s=0/8,p=0}][pc=0,pic=0,pec=0,epc=0]@2019-12-26T08:52:20.643+01:00 tryProduce false
08:52:20.643 [qtp981627501-52] DEBUG org.eclipse.jetty.io.ManagedSelector - updateable 1
08:52:20.643 [qtp981627501-52] DEBUG org.eclipse.jetty.io.ManagedSelector - update org.eclipse.jetty.io.ManagedSelector$Start@273ba4f2
08:52:20.643 [qtp981627501-52] DEBUG org.eclipse.jetty.io.ManagedSelector - updates 0
08:52:20.643 [qtp981627501-52] DEBUG org.eclipse.jetty.io.ManagedSelector - Selector sun.nio.ch.WindowsSelectorImpl@6844e580 waiting with 0 keys
08:52:20.643 [Thread-33] DEBUG o.e.j.u.component.AbstractLifeCycle - STARTED @5153ms ManagedSelector@7b9f5359{STARTED} id=0 keys=0 selected=0 updates=0
08:52:20.643 [Thread-33] DEBUG o.e.j.u.component.AbstractLifeCycle - starting ManagedSelector@76e1da91{STOPPED} id=1 keys=-1 selected=-1 updates=0
08:52:20.643 [Thread-33] DEBUG o.e.j.u.component.AbstractLifeCycle - starting EatWhatYouKill@11f2773e/SelectorProducer@3b49c22f/IDLE/p=false/QueuedThreadPool[qtp981627501]@3a82726d{STARTED,8<=8<=200,i=7,r=8,q=0}[ReservedThreadExecutor@6dc9f95b{s=0/8,p=0}][pc=0,pic=0,pec=0,epc=0]@2019-12-26T08:52:20.643+01:00
08:52:20.643 [Thread-33] DEBUG o.e.j.u.component.AbstractLifeCycle - STARTED @5154ms EatWhatYouKill@11f2773e/SelectorProducer@3b49c22f/IDLE/p=false/QueuedThreadPool[qtp981627501]@3a82726d{STARTED,8<=8<=200,i=7,r=8,q=0}[ReservedThreadExecutor@6dc9f95b{s=0/8,p=0}][pc=0,pic=0,pec=0,epc=0]@2019-12-26T08:52:20.643+01:00
08:52:20.644 [Thread-33] DEBUG o.e.j.util.thread.QueuedThreadPool - queue org.eclipse.jetty.io.ManagedSelector$$Lambda$217/1330559266@2421bef startThread=0
08:52:20.644 [qtp981627501-53] DEBUG o.e.j.util.thread.QueuedThreadPool - run org.eclipse.jetty.io.ManagedSelector$$Lambda$217/1330559266@2421bef in QueuedThreadPool[qtp981627501]@3a82726d{STARTED,8<=8<=200,i=6,r=8,q=0}[ReservedThreadExecutor@6dc9f95b{s=0/8,p=0}]
08:52:20.644 [Thread-33] DEBUG org.eclipse.jetty.io.ManagedSelector - Queued change org.eclipse.jetty.io.ManagedSelector$Start@6f39fced on ManagedSelector@76e1da91{STARTING} id=1 keys=0 selected=0 updates=0
08:52:20.644 [qtp981627501-53] DEBUG o.e.j.u.t.strategy.EatWhatYouKill - EatWhatYouKill@11f2773e/SelectorProducer@3b49c22f/IDLE/p=false/QueuedThreadPool[qtp981627501]@3a82726d{STARTED,8<=8<=200,i=6,r=8,q=0}[ReservedThreadExecutor@6dc9f95b{s=0/8,p=0}][pc=0,pic=0,pec=0,epc=0]@2019-12-26T08:52:20.644+01:00 tryProduce false
08:52:20.644 [qtp981627501-53] DEBUG org.eclipse.jetty.io.ManagedSelector - updateable 1
08:52:20.644 [qtp981627501-53] DEBUG org.eclipse.jetty.io.ManagedSelector - update org.eclipse.jetty.io.ManagedSelector$Start@6f39fced
08:52:20.644 [qtp981627501-53] DEBUG org.eclipse.jetty.io.ManagedSelector - updates 0
08:52:20.644 [qtp981627501-53] DEBUG org.eclipse.jetty.io.ManagedSelector - Selector sun.nio.ch.WindowsSelectorImpl@7ce887d0 waiting with 0 keys
08:52:20.644 [Thread-33] DEBUG o.e.j.u.component.AbstractLifeCycle - STARTED @5155ms ManagedSelector@76e1da91{STARTED} id=1 keys=0 selected=0 updates=0
08:52:20.644 [Thread-33] DEBUG o.e.j.u.component.AbstractLifeCycle - starting ManagedSelector@8174fa{STOPPED} id=2 keys=-1 selected=-1 updates=0
08:52:20.644 [Thread-33] DEBUG o.e.j.u.component.AbstractLifeCycle - starting EatWhatYouKill@77654a8f/SelectorProducer@75ac98da/IDLE/p=false/QueuedThreadPool[qtp981627501]@3a82726d{STARTED,8<=8<=200,i=6,r=8,q=0}[ReservedThreadExecutor@6dc9f95b{s=0/8,p=0}][pc=0,pic=0,pec=0,epc=0]@2019-12-26T08:52:20.644+01:00
08:52:20.645 [Thread-33] DEBUG o.e.j.u.component.AbstractLifeCycle - STARTED @5155ms EatWhatYouKill@77654a8f/SelectorProducer@75ac98da/IDLE/p=false/QueuedThreadPool[qtp981627501]@3a82726d{STARTED,8<=8<=200,i=6,r=8,q=0}[ReservedThreadExecutor@6dc9f95b{s=0/8,p=0}][pc=0,pic=0,pec=0,epc=0]@2019-12-26T08:52:20.644+01:00
08:52:20.645 [Thread-33] DEBUG o.e.j.util.thread.QueuedThreadPool - queue org.eclipse.jetty.io.ManagedSelector$$Lambda$217/1330559266@65aea1a9 startThread=0
08:52:20.645 [qtp981627501-54] DEBUG o.e.j.util.thread.QueuedThreadPool - run org.eclipse.jetty.io.ManagedSelector$$Lambda$217/1330559266@65aea1a9 in QueuedThreadPool[qtp981627501]@3a82726d{STARTED,8<=8<=200,i=5,r=8,q=0}[ReservedThreadExecutor@6dc9f95b{s=0/8,p=0}]
08:52:20.645 [Thread-33] DEBUG org.eclipse.jetty.io.ManagedSelector - Queued change org.eclipse.jetty.io.ManagedSelector$Start@1fc885da on ManagedSelector@8174fa{STARTING} id=2 keys=0 selected=0 updates=0
08:52:20.646 [qtp981627501-54] DEBUG o.e.j.u.t.strategy.EatWhatYouKill - EatWhatYouKill@77654a8f/SelectorProducer@75ac98da/IDLE/p=false/QueuedThreadPool[qtp981627501]@3a82726d{STARTED,8<=8<=200,i=5,r=8,q=0}[ReservedThreadExecutor@6dc9f95b{s=0/8,p=0}][pc=0,pic=0,pec=0,epc=0]@2019-12-26T08:52:20.645+01:00 tryProduce false
08:52:20.646 [qtp981627501-54] DEBUG org.eclipse.jetty.io.ManagedSelector - updateable 1
08:52:20.646 [qtp981627501-54] DEBUG org.eclipse.jetty.io.ManagedSelector - update org.eclipse.jetty.io.ManagedSelector$Start@1fc885da
08:52:20.646 [qtp981627501-54] DEBUG org.eclipse.jetty.io.ManagedSelector - updates 0
08:52:20.646 [qtp981627501-54] DEBUG org.eclipse.jetty.io.ManagedSelector - Selector sun.nio.ch.WindowsSelectorImpl@5e63e32 waiting with 0 keys
08:52:20.646 [Thread-33] DEBUG o.e.j.u.component.AbstractLifeCycle - STARTED @5156ms ManagedSelector@8174fa{STARTED} id=2 keys=0 selected=0 updates=0
08:52:20.646 [Thread-33] DEBUG o.e.j.u.component.AbstractLifeCycle - starting ManagedSelector@345b29bb{STOPPED} id=3 keys=-1 selected=-1 updates=0
08:52:20.646 [Thread-33] DEBUG o.e.j.u.component.AbstractLifeCycle - starting EatWhatYouKill@78cc1329/SelectorProducer@25201f8d/IDLE/p=false/QueuedThreadPool[qtp981627501]@3a82726d{STARTED,8<=8<=200,i=5,r=8,q=0}[ReservedThreadExecutor@6dc9f95b{s=0/8,p=0}][pc=0,pic=0,pec=0,epc=0]@2019-12-26T08:52:20.646+01:00
08:52:20.646 [Thread-33] DEBUG o.e.j.u.component.AbstractLifeCycle - STARTED @5157ms EatWhatYouKill@78cc1329/SelectorProducer@25201f8d/IDLE/p=false/QueuedThreadPool[qtp981627501]@3a82726d{STARTED,8<=8<=200,i=5,r=8,q=0}[ReservedThreadExecutor@6dc9f95b{s=0/8,p=0}][pc=0,pic=0,pec=0,epc=0]@2019-12-26T08:52:20.646+01:00
08:52:20.647 [Thread-33] DEBUG o.e.j.util.thread.QueuedThreadPool - queue org.eclipse.jetty.io.ManagedSelector$$Lambda$217/1330559266@d4778af startThread=0
08:52:20.647 [qtp981627501-55] DEBUG o.e.j.util.thread.QueuedThreadPool - run org.eclipse.jetty.io.ManagedSelector$$Lambda$217/1330559266@d4778af in QueuedThreadPool[qtp981627501]@3a82726d{STARTED,8<=8<=200,i=4,r=8,q=0}[ReservedThreadExecutor@6dc9f95b{s=0/8,p=0}]
08:52:20.647 [Thread-33] DEBUG org.eclipse.jetty.io.ManagedSelector - Queued change org.eclipse.jetty.io.ManagedSelector$Start@2d39337e on ManagedSelector@345b29bb{STARTING} id=3 keys=0 selected=0 updates=0
08:52:20.647 [qtp981627501-55] DEBUG o.e.j.u.t.strategy.EatWhatYouKill - EatWhatYouKill@78cc1329/SelectorProducer@25201f8d/IDLE/p=false/QueuedThreadPool[qtp981627501]@3a82726d{STARTED,8<=8<=200,i=4,r=8,q=0}[ReservedThreadExecutor@6dc9f95b{s=0/8,p=0}][pc=0,pic=0,pec=0,epc=0]@2019-12-26T08:52:20.647+01:00 tryProduce false
08:52:20.647 [qtp981627501-55] DEBUG org.eclipse.jetty.io.ManagedSelector - updateable 1
08:52:20.647 [qtp981627501-55] DEBUG org.eclipse.jetty.io.ManagedSelector - update org.eclipse.jetty.io.ManagedSelector$Start@2d39337e
08:52:20.647 [qtp981627501-55] DEBUG org.eclipse.jetty.io.ManagedSelector - updates 0
08:52:20.647 [qtp981627501-55] DEBUG org.eclipse.jetty.io.ManagedSelector - Selector sun.nio.ch.WindowsSelectorImpl@13939b47 waiting with 0 keys
08:52:20.647 [Thread-33] DEBUG o.e.j.u.component.AbstractLifeCycle - STARTED @5158ms ManagedSelector@345b29bb{STARTED} id=3 keys=0 selected=0 updates=0
08:52:20.647 [Thread-33] DEBUG o.e.j.u.component.AbstractLifeCycle - STARTED @5158ms SelectorManager@ServerConnector@5cc094ae{HTTP/1.1,[http/1.1]}{0.0.0.0:8888}
08:52:20.647 [Thread-33] DEBUG o.e.j.u.component.ContainerLifeCycle - ServerConnector@5cc094ae{HTTP/1.1,[http/1.1]}{0.0.0.0:8888} added {acceptor-0@3d8a6c99,POJO}
08:52:20.647 [Thread-33] DEBUG o.e.j.util.thread.QueuedThreadPool - queue acceptor-0@3d8a6c99 startThread=0
08:52:20.647 [Thread-33] INFO  o.e.jetty.server.AbstractConnector - Started ServerConnector@5cc094ae{HTTP/1.1,[http/1.1]}{0.0.0.0:8888}
08:52:20.647 [qtp981627501-56] DEBUG o.e.j.util.thread.QueuedThreadPool - run acceptor-0@3d8a6c99 in QueuedThreadPool[qtp981627501]@3a82726d{STARTED,8<=8<=200,i=3,r=8,q=0}[ReservedThreadExecutor@6dc9f95b{s=0/8,p=0}]
08:52:20.647 [Thread-33] DEBUG o.e.j.u.component.AbstractLifeCycle - STARTED @5158ms ServerConnector@5cc094ae{HTTP/1.1,[http/1.1]}{0.0.0.0:8888}
08:52:20.647 [Thread-33] INFO  org.eclipse.jetty.server.Server - Started @5158ms
08:52:20.647 [Thread-33] DEBUG o.e.j.u.component.AbstractLifeCycle - STARTED @5158ms Server@34459b4d{STARTED}[9.4.25.v20191220]
08:52:20.648 [Test worker] DEBUG o.a.h.c.protocol.RequestAddCookies - CookieSpec selected: default
08:52:20.648 [Test worker] DEBUG o.a.h.c.protocol.RequestAuthCache - Auth cache not set in the context
08:52:20.649 [Test worker] DEBUG o.a.h.i.c.PoolingHttpClientConnectionManager - Connection request: [route: {}->http://localhost:8888][total kept alive: 0; route allocated: 0 of 2; total allocated: 0 of 20]
08:52:20.649 [Test worker] DEBUG o.a.h.i.c.PoolingHttpClientConnectionManager - Connection leased: [id: 6][route: {}->http://localhost:8888][total kept alive: 0; route allocated: 1 of 2; total allocated: 1 of 20]
08:52:20.649 [Test worker] DEBUG o.a.h.impl.execchain.MainClientExec - Opening connection {}->http://localhost:8888
08:52:20.649 [Test worker] DEBUG o.a.h.i.c.DefaultHttpClientConnectionOperator - Connecting to localhost/127.0.0.1:8888
08:52:20.649 [Test worker] DEBUG o.a.h.i.c.DefaultHttpClientConnectionOperator - Connection established 127.0.0.1:58011<->127.0.0.1:8888
08:52:20.649 [Test worker] DEBUG o.a.h.impl.execchain.MainClientExec - Executing request POST /transaction HTTP/1.1
08:52:20.649 [Test worker] DEBUG o.a.h.impl.execchain.MainClientExec - Target auth state: UNCHALLENGED
08:52:20.649 [Test worker] DEBUG o.a.h.impl.execchain.MainClientExec - Proxy auth state: UNCHALLENGED
08:52:20.649 [qtp981627501-56-acceptor-0@3d8a6c99-ServerConnector@5cc094ae{HTTP/1.1,[http/1.1]}{0.0.0.0:8888}] DEBUG org.eclipse.jetty.io.ManagedSelector - Queued change org.eclipse.jetty.io.ManagedSelector$Accept@34ff39ac on ManagedSelector@76e1da91{STARTED} id=1 keys=0 selected=0 updates=0
08:52:20.649 [qtp981627501-56-acceptor-0@3d8a6c99-ServerConnector@5cc094ae{HTTP/1.1,[http/1.1]}{0.0.0.0:8888}] DEBUG org.eclipse.jetty.io.ManagedSelector - Wakeup on submit ManagedSelector@76e1da91{STARTED} id=1 keys=0 selected=0 updates=1
08:52:20.649 [Test worker] DEBUG org.apache.http.headers - http-outgoing-6 >> POST /transaction HTTP/1.1
08:52:20.649 [Test worker] DEBUG org.apache.http.headers - http-outgoing-6 >> Content-Length: 0
08:52:20.649 [Test worker] DEBUG org.apache.http.headers - http-outgoing-6 >> Host: localhost:8888
08:52:20.649 [qtp981627501-53] DEBUG org.eclipse.jetty.io.ManagedSelector - Selector sun.nio.ch.WindowsSelectorImpl@7ce887d0 woken with none selected
08:52:20.649 [Test worker] DEBUG org.apache.http.headers - http-outgoing-6 >> Connection: Keep-Alive
08:52:20.650 [qtp981627501-53] DEBUG org.eclipse.jetty.io.ManagedSelector - Selector sun.nio.ch.WindowsSelectorImpl@7ce887d0 woken up from select, 0/0/0 selected
08:52:20.650 [Test worker] DEBUG org.apache.http.headers - http-outgoing-6 >> User-Agent: Apache-HttpClient/4.5.10 (Java/1.8.0_211)
08:52:20.650 [qtp981627501-53] DEBUG org.eclipse.jetty.io.ManagedSelector - Selector sun.nio.ch.WindowsSelectorImpl@7ce887d0 processing 0 keys, 1 updates
08:52:20.650 [Test worker] DEBUG org.apache.http.headers - http-outgoing-6 >> Accept-Encoding: gzip,deflate
08:52:20.650 [qtp981627501-53] DEBUG org.eclipse.jetty.io.ManagedSelector - updateable 1
08:52:20.650 [Test worker] DEBUG org.apache.http.wire - http-outgoing-6 >> "POST /transaction HTTP/1.1[\r][\n]"
08:52:20.650 [qtp981627501-53] DEBUG org.eclipse.jetty.io.ManagedSelector - update org.eclipse.jetty.io.ManagedSelector$Accept@34ff39ac
08:52:20.650 [Test worker] DEBUG org.apache.http.wire - http-outgoing-6 >> "Content-Length: 0[\r][\n]"
08:52:20.650 [Test worker] DEBUG org.apache.http.wire - http-outgoing-6 >> "Host: localhost:8888[\r][\n]"
08:52:20.650 [Test worker] DEBUG org.apache.http.wire - http-outgoing-6 >> "Connection: Keep-Alive[\r][\n]"
08:52:20.650 [Test worker] DEBUG org.apache.http.wire - http-outgoing-6 >> "User-Agent: Apache-HttpClient/4.5.10 (Java/1.8.0_211)[\r][\n]"
08:52:20.650 [qtp981627501-53] DEBUG o.e.j.util.thread.QueuedThreadPool - queue org.eclipse.jetty.io.ManagedSelector$Accept@34ff39ac startThread=0
08:52:20.650 [qtp981627501-53] DEBUG org.eclipse.jetty.io.ManagedSelector - updates 0
08:52:20.650 [Test worker] DEBUG org.apache.http.wire - http-outgoing-6 >> "Accept-Encoding: gzip,deflate[\r][\n]"
08:52:20.650 [qtp981627501-53] DEBUG org.eclipse.jetty.io.ManagedSelector - Selector sun.nio.ch.WindowsSelectorImpl@7ce887d0 waiting with 1 keys
08:52:20.650 [qtp981627501-57] DEBUG o.e.j.util.thread.QueuedThreadPool - run org.eclipse.jetty.io.ManagedSelector$Accept@34ff39ac in QueuedThreadPool[qtp981627501]@3a82726d{STARTED,8<=8<=200,i=2,r=8,q=0}[ReservedThreadExecutor@6dc9f95b{s=0/8,p=0}]
08:52:20.650 [Test worker] DEBUG org.apache.http.wire - http-outgoing-6 >> "[\r][\n]"
08:52:20.650 [qtp981627501-57] DEBUG org.eclipse.jetty.io.IdleTimeout - SocketChannelEndPoint@2c43876b{/127.0.0.1:58011<->/127.0.0.1:8888,OPEN,fill=-,flush=-,to=0/30000}{io=0/0,kio=0,kro=0}-><null> idle timeout check, elapsed: 0 ms, remaining: 30000 ms
08:52:20.650 [qtp981627501-57] DEBUG org.eclipse.jetty.server.HttpChannel - new HttpChannelOverHttp@26bbec1b{s=HttpChannelState@63b966a8{s=IDLE rs=BLOCKING os=OPEN is=IDLE awp=false se=false i=true al=0},r=0,c=false/false,a=IDLE,uri=null,age=0} -> SocketChannelEndPoint@2c43876b{/127.0.0.1:58011<->/127.0.0.1:8888,OPEN,fill=-,flush=-,to=0/30000}{io=0/0,kio=0,kro=0}-><null>,null,HttpChannelState@63b966a8{s=IDLE rs=BLOCKING os=OPEN is=IDLE awp=false se=false i=true al=0}
08:52:20.650 [qtp981627501-57] DEBUG o.e.jetty.server.HttpConnection - New HTTP Connection HttpConnection@5371cd6b::SocketChannelEndPoint@2c43876b{/127.0.0.1:58011<->/127.0.0.1:8888,OPEN,fill=-,flush=-,to=0/30000}{io=0/0,kio=0,kro=0}-><null>
08:52:20.650 [qtp981627501-57] DEBUG o.eclipse.jetty.io.AbstractEndPoint - onOpen SocketChannelEndPoint@2c43876b{/127.0.0.1:58011<->/127.0.0.1:8888,OPEN,fill=-,flush=-,to=0/30000}{io=0/0,kio=0,kro=0}->HttpConnection@5371cd6b[p=HttpParser{s=START,0 of -1},g=HttpGenerator@5290c362{s=START}]=>HttpChannelOverHttp@26bbec1b{s=HttpChannelState@63b966a8{s=IDLE rs=BLOCKING os=OPEN is=IDLE awp=false se=false i=true al=0},r=0,c=false/false,a=IDLE,uri=null,age=0}
08:52:20.651 [qtp981627501-57] DEBUG o.e.jetty.io.AbstractConnection - onOpen HttpConnection@5371cd6b::SocketChannelEndPoint@2c43876b{/127.0.0.1:58011<->/127.0.0.1:8888,OPEN,fill=-,flush=-,to=0/30000}{io=0/0,kio=0,kro=0}->HttpConnection@5371cd6b[p=HttpParser{s=START,0 of -1},g=HttpGenerator@5290c362{s=START}]=>HttpChannelOverHttp@26bbec1b{s=HttpChannelState@63b966a8{s=IDLE rs=BLOCKING os=OPEN is=IDLE awp=false se=false i=true al=0},r=0,c=false/false,a=IDLE,uri=null,age=0}
08:52:20.651 [qtp981627501-57] DEBUG o.e.jetty.io.AbstractConnection - fillInterested HttpConnection@5371cd6b::SocketChannelEndPoint@2c43876b{/127.0.0.1:58011<->/127.0.0.1:8888,OPEN,fill=-,flush=-,to=0/30000}{io=0/0,kio=0,kro=0}->HttpConnection@5371cd6b[p=HttpParser{s=START,0 of -1},g=HttpGenerator@5290c362{s=START}]=>HttpChannelOverHttp@26bbec1b{s=HttpChannelState@63b966a8{s=IDLE rs=BLOCKING os=OPEN is=IDLE awp=false se=false i=true al=0},r=0,c=false/false,a=IDLE,uri=null,age=0}
08:52:20.651 [qtp981627501-57] DEBUG org.eclipse.jetty.io.FillInterest - interested FillInterest@2bb2361f{AC.ReadCB@5371cd6b{HttpConnection@5371cd6b::SocketChannelEndPoint@2c43876b{/127.0.0.1:58011<->/127.0.0.1:8888,OPEN,fill=FI,flush=-,to=0/30000}{io=0/0,kio=0,kro=0}->HttpConnection@5371cd6b[p=HttpParser{s=START,0 of -1},g=HttpGenerator@5290c362{s=START}]=>HttpChannelOverHttp@26bbec1b{s=HttpChannelState@63b966a8{s=IDLE rs=BLOCKING os=OPEN is=IDLE awp=false se=false i=true al=0},r=0,c=false/false,a=IDLE,uri=null,age=0}}}
08:52:20.651 [qtp981627501-57] DEBUG org.eclipse.jetty.io.ChannelEndPoint - changeInterests p=false 0->1 for SocketChannelEndPoint@2c43876b{/127.0.0.1:58011<->/127.0.0.1:8888,OPEN,fill=FI,flush=-,to=0/30000}{io=0/1,kio=0,kro=0}->HttpConnection@5371cd6b[p=HttpParser{s=START,0 of -1},g=HttpGenerator@5290c362{s=START}]=>HttpChannelOverHttp@26bbec1b{s=HttpChannelState@63b966a8{s=IDLE rs=BLOCKING os=OPEN is=IDLE awp=false se=false i=true al=0},r=0,c=false/false,a=IDLE,uri=null,age=0}
08:52:20.651 [qtp981627501-57] DEBUG org.eclipse.jetty.io.ManagedSelector - Queued change org.eclipse.jetty.io.ChannelEndPoint$1@39699e7 on ManagedSelector@76e1da91{STARTED} id=1 keys=1 selected=0 updates=0
08:52:20.651 [qtp981627501-57] DEBUG org.eclipse.jetty.io.ManagedSelector - Wakeup on submit ManagedSelector@76e1da91{STARTED} id=1 keys=1 selected=0 updates=1
08:52:20.651 [qtp981627501-53] DEBUG org.eclipse.jetty.io.ManagedSelector - Selector sun.nio.ch.WindowsSelectorImpl@7ce887d0 woken with none selected
08:52:20.651 [qtp981627501-57] DEBUG org.eclipse.jetty.io.ManagedSelector - Created SocketChannelEndPoint@2c43876b{/127.0.0.1:58011<->/127.0.0.1:8888,OPEN,fill=FI,flush=-,to=0/30000}{io=0/1,kio=0,kro=0}->HttpConnection@5371cd6b[p=HttpParser{s=START,0 of -1},g=HttpGenerator@5290c362{s=START}]=>HttpChannelOverHttp@26bbec1b{s=HttpChannelState@63b966a8{s=IDLE rs=BLOCKING os=OPEN is=IDLE awp=false se=false i=true al=0},r=0,c=false/false,a=IDLE,uri=null,age=0}
08:52:20.651 [qtp981627501-53] DEBUG org.eclipse.jetty.io.ManagedSelector - Selector sun.nio.ch.WindowsSelectorImpl@7ce887d0 woken up from select, 0/0/1 selected
08:52:20.651 [qtp981627501-53] DEBUG org.eclipse.jetty.io.ManagedSelector - Selector sun.nio.ch.WindowsSelectorImpl@7ce887d0 processing 0 keys, 1 updates
08:52:20.651 [qtp981627501-53] DEBUG org.eclipse.jetty.io.ManagedSelector - updateable 1
08:52:20.651 [qtp981627501-57] DEBUG o.e.j.util.thread.QueuedThreadPool - ran org.eclipse.jetty.io.ManagedSelector$Accept@34ff39ac in QueuedThreadPool[qtp981627501]@3a82726d{STARTED,8<=8<=200,i=2,r=8,q=0}[ReservedThreadExecutor@6dc9f95b{s=0/8,p=0}]
08:52:20.651 [qtp981627501-53] DEBUG org.eclipse.jetty.io.ManagedSelector - update org.eclipse.jetty.io.ChannelEndPoint$1@39699e7
08:52:20.651 [qtp981627501-53] DEBUG org.eclipse.jetty.io.ChannelEndPoint - Key interests updated 0 -> 1 on SocketChannelEndPoint@2c43876b{/127.0.0.1:58011<->/127.0.0.1:8888,OPEN,fill=FI,flush=-,to=0/30000}{io=1/1,kio=1,kro=0}->HttpConnection@5371cd6b[p=HttpParser{s=START,0 of -1},g=HttpGenerator@5290c362{s=START}]=>HttpChannelOverHttp@26bbec1b{s=HttpChannelState@63b966a8{s=IDLE rs=BLOCKING os=OPEN is=IDLE awp=false se=false i=true al=0},r=0,c=false/false,a=IDLE,uri=null,age=0}
08:52:20.651 [qtp981627501-53] DEBUG org.eclipse.jetty.io.ManagedSelector - updates 0
08:52:20.651 [qtp981627501-53] DEBUG org.eclipse.jetty.io.ManagedSelector - Selector sun.nio.ch.WindowsSelectorImpl@7ce887d0 waiting with 1 keys
08:52:20.652 [qtp981627501-53] DEBUG org.eclipse.jetty.io.ManagedSelector - Selector sun.nio.ch.WindowsSelectorImpl@7ce887d0 woken up from select, 1/1/1 selected
08:52:20.652 [qtp981627501-53] DEBUG org.eclipse.jetty.io.ManagedSelector - Selector sun.nio.ch.WindowsSelectorImpl@7ce887d0 processing 1 keys, 0 updates
08:52:20.652 [qtp981627501-53] DEBUG org.eclipse.jetty.io.ManagedSelector - selected 1 sun.nio.ch.SelectionKeyImpl@722f663d SocketChannelEndPoint@2c43876b{/127.0.0.1:58011<->/127.0.0.1:8888,OPEN,fill=FI,flush=-,to=0/30000}{io=1/1,kio=1,kro=1}->HttpConnection@5371cd6b[p=HttpParser{s=START,0 of -1},g=HttpGenerator@5290c362{s=START}]=>HttpChannelOverHttp@26bbec1b{s=HttpChannelState@63b966a8{s=IDLE rs=BLOCKING os=OPEN is=IDLE awp=false se=false i=true al=0},r=0,c=false/false,a=IDLE,uri=null,age=0} 
08:52:20.652 [qtp981627501-53] DEBUG org.eclipse.jetty.io.ChannelEndPoint - onSelected 1->0 r=true w=false for SocketChannelEndPoint@2c43876b{/127.0.0.1:58011<->/127.0.0.1:8888,OPEN,fill=FI,flush=-,to=0/30000}{io=1/0,kio=1,kro=1}->HttpConnection@5371cd6b[p=HttpParser{s=START,0 of -1},g=HttpGenerator@5290c362{s=START}]=>HttpChannelOverHttp@26bbec1b{s=HttpChannelState@63b966a8{s=IDLE rs=BLOCKING os=OPEN is=IDLE awp=false se=false i=true al=0},r=0,c=false/false,a=IDLE,uri=null,age=0}
08:52:20.652 [qtp981627501-53] DEBUG org.eclipse.jetty.io.ChannelEndPoint - task CEP:SocketChannelEndPoint@2c43876b{/127.0.0.1:58011<->/127.0.0.1:8888,OPEN,fill=FI,flush=-,to=1/30000}{io=1/0,kio=1,kro=1}->HttpConnection@5371cd6b[p=HttpParser{s=START,0 of -1},g=HttpGenerator@5290c362{s=START}]=>HttpChannelOverHttp@26bbec1b{s=HttpChannelState@63b966a8{s=IDLE rs=BLOCKING os=OPEN is=IDLE awp=false se=false i=true al=0},r=0,c=false/false,a=IDLE,uri=null,age=0}:runFillable:BLOCKING
08:52:20.652 [qtp981627501-53] DEBUG o.e.j.u.t.ReservedThreadExecutor - ReservedThreadExecutor@6dc9f95b{s=0/8,p=0} tryExecute EatWhatYouKill@11f2773e/SelectorProducer@3b49c22f/PRODUCING/p=false/QueuedThreadPool[qtp981627501]@3a82726d{STARTED,8<=8<=200,i=3,r=8,q=0}[ReservedThreadExecutor@6dc9f95b{s=0/8,p=0}][pc=0,pic=0,pec=0,epc=0]@2019-12-26T08:52:20.652+01:00
08:52:20.652 [qtp981627501-53] DEBUG o.e.j.u.t.ReservedThreadExecutor - ReservedThreadExecutor@6dc9f95b{s=0/8,p=1} startReservedThread p=1
08:52:20.652 [qtp981627501-53] DEBUG o.e.j.util.thread.QueuedThreadPool - queue ReservedThreadExecutor@6dc9f95b{s=0/8,p=1}@7610eca0 startThread=0
08:52:20.652 [qtp981627501-58] DEBUG o.e.j.util.thread.QueuedThreadPool - run ReservedThreadExecutor@6dc9f95b{s=0/8,p=1}@7610eca0 in QueuedThreadPool[qtp981627501]@3a82726d{STARTED,8<=8<=200,i=2,r=8,q=0}[ReservedThreadExecutor@6dc9f95b{s=0/8,p=1}]
08:52:20.652 [qtp981627501-58] DEBUG o.e.j.u.t.ReservedThreadExecutor - ReservedThreadExecutor@6dc9f95b{s=1/8,p=1}@7610eca0 started
08:52:20.652 [qtp981627501-58] DEBUG o.e.j.u.t.ReservedThreadExecutor - ReservedThreadExecutor@6dc9f95b{s=1/8,p=0}@7610eca0 waiting
08:52:20.652 [qtp981627501-53] DEBUG o.e.j.u.t.strategy.EatWhatYouKill - EatWhatYouKill@11f2773e/SelectorProducer@3b49c22f/PRODUCING/p=false/QueuedThreadPool[qtp981627501]@3a82726d{STARTED,8<=8<=200,i=2,r=8,q=0}[ReservedThreadExecutor@6dc9f95b{s=0/8,p=1}][pc=0,pic=0,pec=0,epc=0]@2019-12-26T08:52:20.652+01:00 m=PRODUCE_EXECUTE_CONSUME t=CEP:SocketChannelEndPoint@2c43876b{/127.0.0.1:58011<->/127.0.0.1:8888,OPEN,fill=FI,flush=-,to=1/30000}{io=1/0,kio=1,kro=1}->HttpConnection@5371cd6b[p=HttpParser{s=START,0 of -1},g=HttpGenerator@5290c362{s=START}]=>HttpChannelOverHttp@26bbec1b{s=HttpChannelState@63b966a8{s=IDLE rs=BLOCKING os=OPEN is=IDLE awp=false se=false i=true al=0},r=0,c=false/false,a=IDLE,uri=null,age=0}:runFillable:BLOCKING/BLOCKING
08:52:20.652 [qtp981627501-53] DEBUG o.e.j.util.thread.QueuedThreadPool - queue CEP:SocketChannelEndPoint@2c43876b{/127.0.0.1:58011<->/127.0.0.1:8888,OPEN,fill=FI,flush=-,to=1/30000}{io=1/0,kio=1,kro=1}->HttpConnection@5371cd6b[p=HttpParser{s=START,0 of -1},g=HttpGenerator@5290c362{s=START}]=>HttpChannelOverHttp@26bbec1b{s=HttpChannelState@63b966a8{s=IDLE rs=BLOCKING os=OPEN is=IDLE awp=false se=false i=true al=0},r=0,c=false/false,a=IDLE,uri=null,age=0}:runFillable:BLOCKING startThread=0
08:52:20.652 [qtp981627501-53] DEBUG org.eclipse.jetty.io.ManagedSelector - updateable 0
08:52:20.653 [qtp981627501-53] DEBUG org.eclipse.jetty.io.ManagedSelector - updates 0
08:52:20.653 [qtp981627501-59] DEBUG o.e.j.util.thread.QueuedThreadPool - run CEP:SocketChannelEndPoint@2c43876b{/127.0.0.1:58011<->/127.0.0.1:8888,OPEN,fill=FI,flush=-,to=1/30000}{io=1/0,kio=1,kro=1}->HttpConnection@5371cd6b[p=HttpParser{s=START,0 of -1},g=HttpGenerator@5290c362{s=START}]=>HttpChannelOverHttp@26bbec1b{s=HttpChannelState@63b966a8{s=IDLE rs=BLOCKING os=OPEN is=IDLE awp=false se=false i=true al=0},r=0,c=false/false,a=IDLE,uri=null,age=0}:runFillable:BLOCKING in QueuedThreadPool[qtp981627501]@3a82726d{STARTED,8<=8<=200,i=1,r=8,q=0}[ReservedThreadExecutor@6dc9f95b{s=1/8,p=0}]
08:52:20.653 [qtp981627501-53] DEBUG org.eclipse.jetty.io.ChannelEndPoint - Key interests updated 1 -> 0 on SocketChannelEndPoint@2c43876b{/127.0.0.1:58011<->/127.0.0.1:8888,OPEN,fill=FI,flush=-,to=1/30000}{io=0/0,kio=0,kro=1}->HttpConnection@5371cd6b[p=HttpParser{s=START,0 of -1},g=HttpGenerator@5290c362{s=START}]=>HttpChannelOverHttp@26bbec1b{s=HttpChannelState@63b966a8{s=IDLE rs=BLOCKING os=OPEN is=IDLE awp=false se=false i=true al=0},r=0,c=false/false,a=IDLE,uri=null,age=0}
08:52:20.653 [qtp981627501-53] DEBUG org.eclipse.jetty.io.ManagedSelector - Selector sun.nio.ch.WindowsSelectorImpl@7ce887d0 waiting with 1 keys
08:52:20.653 [qtp981627501-59] DEBUG org.eclipse.jetty.io.FillInterest - fillable FillInterest@2bb2361f{AC.ReadCB@5371cd6b{HttpConnection@5371cd6b::SocketChannelEndPoint@2c43876b{/127.0.0.1:58011<->/127.0.0.1:8888,OPEN,fill=FI,flush=-,to=1/30000}{io=0/0,kio=0,kro=1}->HttpConnection@5371cd6b[p=HttpParser{s=START,0 of -1},g=HttpGenerator@5290c362{s=START}]=>HttpChannelOverHttp@26bbec1b{s=HttpChannelState@63b966a8{s=IDLE rs=BLOCKING os=OPEN is=IDLE awp=false se=false i=true al=0},r=0,c=false/false,a=IDLE,uri=null,age=0}}}
08:52:20.653 [qtp981627501-59] DEBUG o.e.jetty.server.HttpConnection - HttpConnection@5371cd6b::SocketChannelEndPoint@2c43876b{/127.0.0.1:58011<->/127.0.0.1:8888,OPEN,fill=-,flush=-,to=1/30000}{io=0/0,kio=0,kro=1}->HttpConnection@5371cd6b[p=HttpParser{s=START,0 of -1},g=HttpGenerator@5290c362{s=START}]=>HttpChannelOverHttp@26bbec1b{s=HttpChannelState@63b966a8{s=IDLE rs=BLOCKING os=OPEN is=IDLE awp=false se=false i=true al=0},r=0,c=false/false,a=IDLE,uri=null,age=0} onFillable enter HttpChannelState@63b966a8{s=IDLE rs=BLOCKING os=OPEN is=IDLE awp=false se=false i=true al=0} null
08:52:20.653 [qtp981627501-59] DEBUG org.eclipse.jetty.io.ChannelEndPoint - filled 181 HeapByteBuffer@4a188da8[p=0,l=181,c=8192,r=181]={<<<POST /transaction HTTP/1....oding: gzip,deflate\r\n\r\n>>>\x00\x00\x00\x00\x00\x00\x00\x00\x00...\x00\x00\x00\x00\x00\x00\x00}
08:52:20.653 [qtp981627501-59] DEBUG o.e.jetty.server.HttpConnection - HttpConnection@5371cd6b::SocketChannelEndPoint@2c43876b{/127.0.0.1:58011<->/127.0.0.1:8888,OPEN,fill=-,flush=-,to=0/30000}{io=0/0,kio=0,kro=1}->HttpConnection@5371cd6b[p=HttpParser{s=START,0 of -1},g=HttpGenerator@5290c362{s=START}]=>HttpChannelOverHttp@26bbec1b{s=HttpChannelState@63b966a8{s=IDLE rs=BLOCKING os=OPEN is=IDLE awp=false se=false i=true al=0},r=0,c=false/false,a=IDLE,uri=null,age=0} filled 181 HeapByteBuffer@4a188da8[p=0,l=181,c=8192,r=181]={<<<POST /transaction HTTP/1....oding: gzip,deflate\r\n\r\n>>>\x00\x00\x00\x00\x00\x00\x00\x00\x00...\x00\x00\x00\x00\x00\x00\x00}
08:52:20.653 [qtp981627501-59] DEBUG o.e.jetty.server.HttpConnection - HttpConnection@5371cd6b::SocketChannelEndPoint@2c43876b{/127.0.0.1:58011<->/127.0.0.1:8888,OPEN,fill=-,flush=-,to=0/30000}{io=0/0,kio=0,kro=1}->HttpConnection@5371cd6b[p=HttpParser{s=START,0 of -1},g=HttpGenerator@5290c362{s=START}]=>HttpChannelOverHttp@26bbec1b{s=HttpChannelState@63b966a8{s=IDLE rs=BLOCKING os=OPEN is=IDLE awp=false se=false i=true al=0},r=0,c=false/false,a=IDLE,uri=null,age=0} parse HeapByteBuffer@4a188da8[p=0,l=181,c=8192,r=181]={<<<POST /transaction HTTP/1....oding: gzip,deflate\r\n\r\n>>>\x00\x00\x00\x00\x00\x00\x00\x00\x00...\x00\x00\x00\x00\x00\x00\x00} {}
08:52:20.653 [qtp981627501-59] DEBUG org.eclipse.jetty.http.HttpParser - parseNext s=START HeapByteBuffer@4a188da8[p=0,l=181,c=8192,r=181]={<<<POST /transaction HTTP/1....oding: gzip,deflate\r\n\r\n>>>\x00\x00\x00\x00\x00\x00\x00\x00\x00...\x00\x00\x00\x00\x00\x00\x00}
08:52:20.653 [qtp981627501-59] DEBUG org.eclipse.jetty.http.HttpParser - START --> SPACE1
08:52:20.653 [qtp981627501-59] DEBUG org.eclipse.jetty.http.HttpParser - SPACE1 --> URI
08:52:20.653 [qtp981627501-59] DEBUG org.eclipse.jetty.http.HttpParser - URI --> SPACE2
08:52:20.653 [qtp981627501-59] DEBUG org.eclipse.jetty.http.HttpParser - SPACE2 --> REQUEST_VERSION
08:52:20.653 [qtp981627501-59] DEBUG org.eclipse.jetty.http.HttpParser - REQUEST_VERSION --> HEADER
08:52:20.653 [qtp981627501-59] DEBUG org.eclipse.jetty.http.HttpParser - HEADER:Content-Length: 0 --> IN_VALUE
08:52:20.653 [qtp981627501-59] DEBUG org.eclipse.jetty.http.HttpParser - HEADER:Content-Length: 0 --> FIELD
08:52:20.653 [qtp981627501-59] DEBUG org.eclipse.jetty.http.HttpParser - HEADER:Host --> VALUE
08:52:20.653 [qtp981627501-59] DEBUG org.eclipse.jetty.http.HttpParser - HEADER:Host --> IN_VALUE
08:52:20.653 [qtp981627501-59] DEBUG org.eclipse.jetty.http.HttpParser - HEADER:Host --> FIELD
08:52:20.653 [qtp981627501-59] DEBUG org.eclipse.jetty.http.HttpParser - HEADER:Connection: keep-alive --> IN_VALUE
08:52:20.653 [qtp981627501-59] DEBUG org.eclipse.jetty.http.HttpParser - HEADER:Connection: keep-alive --> FIELD
08:52:20.654 [qtp981627501-59] DEBUG org.eclipse.jetty.http.HttpParser - HEADER:User-Agent --> VALUE
08:52:20.654 [qtp981627501-59] DEBUG org.eclipse.jetty.http.HttpParser - HEADER:User-Agent --> IN_VALUE
08:52:20.654 [qtp981627501-59] DEBUG org.eclipse.jetty.http.HttpParser - HEADER:User-Agent --> FIELD
08:52:20.654 [qtp981627501-59] DEBUG org.eclipse.jetty.http.HttpParser - HEADER:Accept-Encoding --> IN_VALUE
08:52:20.654 [qtp981627501-59] DEBUG org.eclipse.jetty.http.HttpParser - HEADER:Accept-Encoding --> FIELD
08:52:20.654 [qtp981627501-59] DEBUG org.eclipse.jetty.http.HttpParser - HEADER --> CONTENT
08:52:20.654 [qtp981627501-59] DEBUG org.eclipse.jetty.server.HttpChannel - REQUEST for //localhost:8888/transaction on HttpChannelOverHttp@26bbec1b{s=HttpChannelState@63b966a8{s=IDLE rs=BLOCKING os=OPEN is=IDLE awp=false se=false i=true al=0},r=1,c=false/false,a=IDLE,uri=//localhost:8888/transaction,age=0}
POST //localhost:8888/transaction HTTP/1.1
Content-Length: 0
Host: localhost:8888
Connection: keep-alive
User-Agent: Apache-HttpClient/4.5.10 (Java/1.8.0_211)
Accept-Encoding: gzip,deflate


08:52:20.654 [qtp981627501-59] DEBUG o.e.jetty.server.HttpConnection - HttpConnection@5371cd6b::SocketChannelEndPoint@2c43876b{/127.0.0.1:58011<->/127.0.0.1:8888,OPEN,fill=-,flush=-,to=1/30000}{io=0/0,kio=0,kro=1}->HttpConnection@5371cd6b[p=HttpParser{s=CONTENT,0 of 0},g=HttpGenerator@5290c362{s=START}]=>HttpChannelOverHttp@26bbec1b{s=HttpChannelState@63b966a8{s=IDLE rs=BLOCKING os=OPEN is=IDLE awp=false se=false i=true al=0},r=1,c=false/false,a=IDLE,uri=//localhost:8888/transaction,age=0} parsed true HttpParser{s=CONTENT,0 of 0}
08:52:20.654 [qtp981627501-59] DEBUG o.e.jetty.server.HttpConnection - releaseRequestBuffer HttpConnection@5371cd6b::SocketChannelEndPoint@2c43876b{/127.0.0.1:58011<->/127.0.0.1:8888,OPEN,fill=-,flush=-,to=1/30000}{io=0/0,kio=0,kro=1}->HttpConnection@5371cd6b[p=HttpParser{s=CONTENT,0 of 0},g=HttpGenerator@5290c362{s=START}]=>HttpChannelOverHttp@26bbec1b{s=HttpChannelState@63b966a8{s=IDLE rs=BLOCKING os=OPEN is=IDLE awp=false se=false i=true al=0},r=1,c=false/false,a=IDLE,uri=//localhost:8888/transaction,age=0}
08:52:20.654 [qtp981627501-59] DEBUG org.eclipse.jetty.server.HttpChannel - handle //localhost:8888/transaction HttpChannelOverHttp@26bbec1b{s=HttpChannelState@63b966a8{s=IDLE rs=BLOCKING os=OPEN is=IDLE awp=false se=false i=true al=0},r=1,c=false/false,a=IDLE,uri=//localhost:8888/transaction,age=0} 
08:52:20.654 [qtp981627501-59] DEBUG o.e.jetty.server.HttpChannelState - handling HttpChannelState@63b966a8{s=IDLE rs=BLOCKING os=OPEN is=IDLE awp=false se=false i=true al=0}
08:52:20.654 [qtp981627501-59] DEBUG org.eclipse.jetty.server.HttpChannel - action DISPATCH HttpChannelOverHttp@26bbec1b{s=HttpChannelState@63b966a8{s=HANDLING rs=BLOCKING os=OPEN is=IDLE awp=false se=false i=true al=0},r=1,c=false/false,a=HANDLING,uri=//localhost:8888/transaction,age=0}
08:52:20.654 [qtp981627501-59] DEBUG org.eclipse.jetty.server.Server - REQUEST POST /transaction on HttpChannelOverHttp@26bbec1b{s=HttpChannelState@63b966a8{s=HANDLING rs=BLOCKING os=OPEN is=IDLE awp=false se=false i=true al=0},r=1,c=false/false,a=HANDLING,uri=//localhost:8888/transaction,age=0}
08:52:20.654 [qtp981627501-59] DEBUG o.e.j.server.handler.ContextHandler - scope null||/transaction @ o.e.j.s.ServletContextHandler@4deafdd9{/,null,AVAILABLE}
08:52:20.654 [qtp981627501-59] DEBUG o.e.j.server.handler.ContextHandler - context=||/transaction @ o.e.j.s.ServletContextHandler@4deafdd9{/,null,AVAILABLE}
08:52:20.654 [qtp981627501-59] DEBUG org.eclipse.jetty.server.session - Entering scope org.eclipse.jetty.server.session.SessionHandler910822479==dftMaxIdleSec=-1, dispatch=REQUEST asyncstarted=false
08:52:20.654 [qtp981627501-59] DEBUG org.eclipse.jetty.server.session - sessionHandler=org.eclipse.jetty.server.session.SessionHandler910822479==dftMaxIdleSec=-1 session=null
08:52:20.655 [qtp981627501-59] DEBUG o.e.jetty.servlet.ServletHandler - servlet ||/transaction -> org.glassfish.jersey.servlet.ServletContainer-111997cf@3200f0d7==org.glassfish.jersey.servlet.ServletContainer,jsp=null,order=0,inst=true,async=true
08:52:20.655 [qtp981627501-59] DEBUG o.e.jetty.servlet.ServletHandler - chain=null
08:52:20.657 [qtp981627501-59] DEBUG o.h.e.t.internal.TransactionImpl - On TransactionImpl creation, JpaCompliance#isJpaTransactionComplianceEnabled == false
08:52:20.657 [qtp981627501-59] DEBUG o.h.e.t.internal.TransactionImpl - begin
08:52:20.657 [qtp981627501-59] DEBUG o.h.e.i.AbstractSaveEventListener - Generated identifier: de507a76-9364-4c6c-8822-0917386c1596, using strategy: org.hibernate.id.Assigned
08:52:20.657 [qtp981627501-59] DEBUG o.h.e.t.internal.TransactionImpl - committing
08:52:20.657 [qtp981627501-59] DEBUG o.h.e.i.AbstractFlushingEventListener - Processing flush-time cascades
08:52:20.657 [qtp981627501-59] DEBUG o.h.e.i.AbstractFlushingEventListener - Dirty checking collections
08:52:20.657 [qtp981627501-59] DEBUG o.h.e.i.AbstractFlushingEventListener - Flushed: 1 insertions, 0 updates, 0 deletions to 1 objects
08:52:20.657 [qtp981627501-59] DEBUG o.h.e.i.AbstractFlushingEventListener - Flushed: 0 (re)creations, 0 updates, 0 removals to 0 collections
08:52:20.657 [qtp981627501-59] DEBUG o.h.internal.util.EntityPrinter - Listing entities:
08:52:20.657 [qtp981627501-59] DEBUG o.h.internal.util.EntityPrinter - com.revolut.money.domain.transaction.Transaction{id=de507a76-9364-4c6c-8822-0917386c1596, completed=false}
08:52:20.657 [qtp981627501-59] DEBUG org.hibernate.SQL - insert into PUBLIC.Transaction (completed, id) values (?, ?)
Hibernate: insert into PUBLIC.Transaction (completed, id) values (?, ?)
08:52:20.658 [qtp981627501-59] DEBUG o.h.r.j.i.LogicalConnectionManagedImpl - Initiating JDBC connection release from afterTransaction
08:52:20.658 [qtp981627501-59] DEBUG o.h.r.j.i.LogicalConnectionManagedImpl - Initiating JDBC connection release from afterTransaction
08:52:20.658 [qtp981627501-59] DEBUG org.eclipse.jetty.server.HttpChannel - sendResponse info=null content=HeapByteBuffer@34ade023[p=0,l=36,c=8192,r=36]={<<<de507a76-9364-4c6c-8822-0917386c1596>>>\x00\x00\x00\x00\x00\x00\x00\x00\x00...\x00\x00\x00\x00\x00\x00\x00} complete=true committing=true callback=Blocker@733c0648{null}
08:52:20.659 [qtp981627501-59] DEBUG org.eclipse.jetty.server.HttpChannel - COMMIT for /transaction on HttpChannelOverHttp@26bbec1b{s=HttpChannelState@63b966a8{s=HANDLING rs=BLOCKING os=COMMITTED is=IDLE awp=false se=false i=true al=0},r=1,c=false/false,a=HANDLING,uri=//localhost:8888/transaction,age=5}
200 OK HTTP/1.1
Date: Thu, 26 Dec 2019 07:52:20 GMT
Content-Length: 36
Content-Type: text/plain


08:52:20.659 [qtp981627501-59] DEBUG o.e.jetty.server.HttpConnection - generate: NEED_HEADER for org.eclipse.jetty.server.HttpConnection$SendCallback@65cd9fef[PROCESSING][i=HTTP/1.1{s=200,h=3,cl=36},cb=org.eclipse.jetty.server.HttpChannel$SendCallback@2052c93f] (null,[p=0,l=36,c=8192,r=36],true)@START
08:52:20.659 [qtp981627501-59] DEBUG org.eclipse.jetty.http.HttpGenerator - generateHeaders HTTP/1.1{s=200,h=3,cl=36} last=true content=HeapByteBuffer@34ade023[p=0,l=36,c=8192,r=36]={<<<de507a76-9364-4c6c-8822-0917386c1596>>>\x00\x00\x00\x00\x00\x00\x00\x00\x00...\x00\x00\x00\x00\x00\x00\x00}
08:52:20.659 [qtp981627501-59] DEBUG org.eclipse.jetty.http.HttpGenerator - Date: Thu, 26 Dec 2019 07:52:20 GMT
Content-Length: 36
Content-Type: text/plain


08:52:20.659 [qtp981627501-59] DEBUG org.eclipse.jetty.http.HttpGenerator - CONTENT_LENGTH
08:52:20.659 [qtp981627501-59] DEBUG o.e.jetty.server.HttpConnection - generate: FLUSH for org.eclipse.jetty.server.HttpConnection$SendCallback@65cd9fef[PROCESSING][i=HTTP/1.1{s=200,h=3,cl=36},cb=org.eclipse.jetty.server.HttpChannel$SendCallback@2052c93f] ([p=0,l=135,c=8192,r=135],[p=0,l=36,c=8192,r=36],true)@COMPLETING
08:52:20.659 [qtp981627501-59] DEBUG org.eclipse.jetty.io.WriteFlusher - write: WriteFlusher@7b2599ee{IDLE}->null [HeapByteBuffer@4a188da8[p=0,l=135,c=8192,r=135]={<<<HTTP/1.1 200 OK\r\nDate: Th...y(9.4.25.v20191220)\r\n\r\n>>>/1.8.0_21...\x00\x00\x00\x00\x00\x00\x00},HeapByteBuffer@34ade023[p=0,l=36,c=8192,r=36]={<<<de507a76-9364-4c6c-8822-0917386c1596>>>\x00\x00\x00\x00\x00\x00\x00\x00\x00...\x00\x00\x00\x00\x00\x00\x00}]
08:52:20.659 [qtp981627501-59] DEBUG org.eclipse.jetty.io.WriteFlusher - update WriteFlusher@7b2599ee{WRITING}->null:IDLE-->WRITING
08:52:20.659 [Test worker] DEBUG org.apache.http.wire - http-outgoing-6 << "HTTP/1.1 200 OK[\r][\n]"
08:52:20.659 [Test worker] DEBUG org.apache.http.wire - http-outgoing-6 << "Date: Thu, 26 Dec 2019 07:52:20 GMT[\r][\n]"
08:52:20.659 [Test worker] DEBUG org.apache.http.wire - http-outgoing-6 << "Content-Type: text/plain[\r][\n]"
08:52:20.659 [Test worker] DEBUG org.apache.http.wire - http-outgoing-6 << "Content-Length: 36[\r][\n]"
08:52:20.659 [Test worker] DEBUG org.apache.http.wire - http-outgoing-6 << "Server: Jetty(9.4.25.v20191220)[\r][\n]"
08:52:20.659 [qtp981627501-59] DEBUG org.eclipse.jetty.io.ChannelEndPoint - flushed 171 SocketChannelEndPoint@2c43876b{/127.0.0.1:58011<->/127.0.0.1:8888,OPEN,fill=-,flush=W,to=6/30000}{io=0/0,kio=0,kro=1}->HttpConnection@5371cd6b[p=HttpParser{s=CONTENT,0 of 0},g=HttpGenerator@5290c362{s=COMPLETING}]=>HttpChannelOverHttp@26bbec1b{s=HttpChannelState@63b966a8{s=HANDLING rs=BLOCKING os=COMMITTED is=IDLE awp=false se=false i=true al=0},r=1,c=false/false,a=HANDLING,uri=//localhost:8888/transaction,age=5}
08:52:20.659 [Test worker] DEBUG org.apache.http.wire - http-outgoing-6 << "[\r][\n]"
08:52:20.659 [qtp981627501-59] DEBUG org.eclipse.jetty.io.WriteFlusher - Flushed=true written=171 remaining=0 WriteFlusher@7b2599ee{WRITING}->null
08:52:20.659 [Test worker] DEBUG org.apache.http.wire - http-outgoing-6 << "de507a76-9364-4c6c-8822-0917386c1596"
08:52:20.659 [qtp981627501-59] DEBUG org.eclipse.jetty.io.WriteFlusher - update WriteFlusher@7b2599ee{IDLE}->null:WRITING-->IDLE
08:52:20.659 [qtp981627501-59] DEBUG o.e.jetty.server.HttpConnection - generate: DONE for org.eclipse.jetty.server.HttpConnection$SendCallback@65cd9fef[PROCESSING][i=HTTP/1.1{s=200,h=3,cl=36},cb=org.eclipse.jetty.server.HttpChannel$SendCallback@2052c93f] ([p=135,l=135,c=8192,r=0],[p=36,l=36,c=8192,r=0],true)@END
08:52:20.659 [Test worker] DEBUG org.apache.http.headers - http-outgoing-6 << HTTP/1.1 200 OK
08:52:20.659 [Test worker] DEBUG org.apache.http.headers - http-outgoing-6 << Date: Thu, 26 Dec 2019 07:52:20 GMT
08:52:20.659 [qtp981627501-59] DEBUG org.eclipse.jetty.server.HttpOutput - onWriteComplete(true,null) s=CLOSING,api=BLOCKED,sc=false,e=null->s=CLOSED,api=BLOCKING,sc=false,e=null c=null cb=null w=false
08:52:20.659 [Test worker] DEBUG org.apache.http.headers - http-outgoing-6 << Content-Type: text/plain
08:52:20.659 [Test worker] DEBUG org.apache.http.headers - http-outgoing-6 << Content-Length: 36
08:52:20.659 [Test worker] DEBUG org.apache.http.headers - http-outgoing-6 << Server: Jetty(9.4.25.v20191220)
08:52:20.659 [Test worker] DEBUG o.a.h.impl.execchain.MainClientExec - Connection can be kept alive indefinitely
08:52:20.659 [qtp981627501-59] DEBUG org.eclipse.jetty.server.session - Leaving scope org.eclipse.jetty.server.session.SessionHandler910822479==dftMaxIdleSec=-1 dispatch=REQUEST, async=false, session=null, oldsession=null, oldsessionhandler=null
08:52:20.660 [qtp981627501-59] DEBUG org.eclipse.jetty.server.Server - handled=true async=false committed=true on HttpChannelOverHttp@26bbec1b{s=HttpChannelState@63b966a8{s=HANDLING rs=BLOCKING os=COMPLETED is=IDLE awp=false se=false i=true al=0},r=1,c=false/true,a=HANDLING,uri=//localhost:8888/transaction,age=6}
08:52:20.660 [Test worker] DEBUG o.a.h.i.c.PoolingHttpClientConnectionManager - Connection [id: 6][route: {}->http://localhost:8888] can be kept alive indefinitely
08:52:20.660 [qtp981627501-59] DEBUG o.e.jetty.server.HttpChannelState - unhandle HttpChannelState@63b966a8{s=HANDLING rs=BLOCKING os=COMPLETED is=IDLE awp=false se=false i=true al=0}
08:52:20.660 [Test worker] DEBUG o.a.h.i.c.DefaultManagedHttpClientConnection - http-outgoing-6: set socket timeout to 0
08:52:20.660 [qtp981627501-59] DEBUG o.e.jetty.server.HttpChannelState - nextAction(false) COMPLETE HttpChannelState@63b966a8{s=HANDLING rs=COMPLETING os=COMPLETED is=IDLE awp=false se=false i=false al=0}
08:52:20.660 [Test worker] DEBUG o.a.h.i.c.PoolingHttpClientConnectionManager - Connection released: [id: 6][route: {}->http://localhost:8888][total kept alive: 1; route allocated: 1 of 2; total allocated: 1 of 20]
08:52:20.660 [qtp981627501-59] DEBUG org.eclipse.jetty.server.HttpChannel - action COMPLETE HttpChannelOverHttp@26bbec1b{s=HttpChannelState@63b966a8{s=HANDLING rs=COMPLETING os=COMPLETED is=IDLE awp=false se=false i=false al=0},r=1,c=false/true,a=HANDLING,uri=//localhost:8888/transaction,age=6}
08:52:20.660 [qtp981627501-59] DEBUG org.eclipse.jetty.server.HttpOutput - complete(org.eclipse.jetty.util.Callback$4@6838ce84) s=CLOSED,api=BLOCKING,sc=false,e=null s=true e=null, c=null
08:52:20.660 [qtp981627501-59] DEBUG o.e.jetty.server.HttpChannelState - completed HttpChannelState@63b966a8{s=HANDLING rs=COMPLETING os=COMPLETED is=IDLE awp=false se=false i=false al=0}
08:52:20.660 [qtp981627501-59] DEBUG o.e.jetty.server.HttpChannelState - unhandle HttpChannelState@63b966a8{s=HANDLING rs=COMPLETED os=COMPLETED is=IDLE awp=false se=false i=false al=0}
08:52:20.660 [qtp981627501-59] DEBUG o.e.jetty.server.HttpChannelState - nextAction(false) TERMINATED HttpChannelState@63b966a8{s=IDLE rs=COMPLETED os=COMPLETED is=IDLE awp=false se=false i=false al=0}
08:52:20.660 [qtp981627501-59] DEBUG org.eclipse.jetty.server.HttpChannel - action TERMINATED HttpChannelOverHttp@26bbec1b{s=HttpChannelState@63b966a8{s=IDLE rs=COMPLETED os=COMPLETED is=IDLE awp=false se=false i=false al=0},r=1,c=true/true,a=IDLE,uri=//localhost:8888/transaction,age=6}
08:52:20.660 [qtp981627501-59] DEBUG org.eclipse.jetty.server.HttpChannel - onCompleted for /transaction written=36
08:52:20.660 [qtp981627501-59] DEBUG o.e.jetty.server.HttpConnection - HttpConnection@5371cd6b::SocketChannelEndPoint@2c43876b{/127.0.0.1:58011<->/127.0.0.1:8888,OPEN,fill=-,flush=-,to=0/30000}{io=0/0,kio=0,kro=1}->HttpConnection@5371cd6b[p=HttpParser{s=CONTENT,0 of 0},g=HttpGenerator@5290c362{s=END}]=>HttpChannelOverHttp@26bbec1b{s=HttpChannelState@63b966a8{s=IDLE rs=COMPLETED os=COMPLETED is=IDLE awp=false se=false i=false al=0},r=1,c=true/true,a=IDLE,uri=//localhost:8888/transaction,age=6} parse null {}
08:52:20.660 [qtp981627501-59] DEBUG org.eclipse.jetty.http.HttpParser - parseNext s=CONTENT HeapByteBuffer@5ccd10d8[p=0,l=0,c=0,r=0]={<<<>>>}
08:52:20.660 [qtp981627501-59] DEBUG org.eclipse.jetty.http.HttpParser - CONTENT --> CONTENT_END
08:52:20.660 [qtp981627501-59] DEBUG org.eclipse.jetty.server.HttpChannel - onContentComplete HttpChannelOverHttp@26bbec1b{s=HttpChannelState@63b966a8{s=IDLE rs=COMPLETED os=COMPLETED is=IDLE awp=false se=false i=false al=0},r=1,c=true/true,a=IDLE,uri=//localhost:8888/transaction,age=6}
08:52:20.660 [qtp981627501-59] DEBUG org.eclipse.jetty.http.HttpParser - CONTENT_END --> END
08:52:20.660 [qtp981627501-59] DEBUG org.eclipse.jetty.server.HttpChannel - onRequestComplete HttpChannelOverHttp@26bbec1b{s=HttpChannelState@63b966a8{s=IDLE rs=COMPLETED os=COMPLETED is=IDLE awp=false se=false i=false al=0},r=1,c=true/true,a=IDLE,uri=//localhost:8888/transaction,age=6}
08:52:20.660 [qtp981627501-59] DEBUG org.eclipse.jetty.server.HttpInput - HttpInputOverHTTP@6183068b[c=0,q=0,[0]=null,s=STREAM] addContent EOF
08:52:20.660 [qtp981627501-59] DEBUG o.e.jetty.server.HttpConnection - HttpConnection@5371cd6b::SocketChannelEndPoint@2c43876b{/127.0.0.1:58011<->/127.0.0.1:8888,OPEN,fill=-,flush=-,to=1/30000}{io=0/0,kio=0,kro=1}->HttpConnection@5371cd6b[p=HttpParser{s=END,0 of 0},g=HttpGenerator@5290c362{s=END}]=>HttpChannelOverHttp@26bbec1b{s=HttpChannelState@63b966a8{s=IDLE rs=COMPLETED os=COMPLETED is=IDLE awp=false se=false i=false al=0},r=1,c=true/true,a=IDLE,uri=//localhost:8888/transaction,age=6} parsed false HttpParser{s=END,0 of 0}
08:52:20.661 [qtp981627501-59] DEBUG o.e.jetty.server.HttpChannelState - recycle HttpChannelState@63b966a8{s=IDLE rs=COMPLETED os=COMPLETED is=IDLE awp=false se=false i=false al=0}
08:52:20.661 [qtp981627501-59] DEBUG org.eclipse.jetty.http.HttpParser - reset HttpParser{s=END,0 of 0}
08:52:20.661 [qtp981627501-59] DEBUG org.eclipse.jetty.http.HttpParser - END --> START
08:52:20.661 [qtp981627501-59] DEBUG org.eclipse.jetty.server.HttpChannel - !handle TERMINATED HttpChannelOverHttp@26bbec1b{s=HttpChannelState@63b966a8{s=IDLE rs=BLOCKING os=OPEN is=IDLE awp=false se=false i=true al=0},r=1,c=false/false,a=IDLE,uri=null,age=0}
08:52:20.661 [qtp981627501-59] DEBUG org.eclipse.jetty.io.ChannelEndPoint - filled 0 HeapByteBuffer@4a188da8[p=0,l=0,c=8192,r=0]={<<<>>>HTTP/1.1 ...\x00\x00\x00\x00\x00\x00\x00}
08:52:20.661 [qtp981627501-59] DEBUG org.eclipse.jetty.io.ChannelEndPoint - filled 0 HeapByteBuffer@4a188da8[p=0,l=0,c=8192,r=0]={<<<>>>HTTP/1.1 ...\x00\x00\x00\x00\x00\x00\x00}
08:52:20.661 [qtp981627501-59] DEBUG o.e.jetty.server.HttpConnection - HttpConnection@5371cd6b::SocketChannelEndPoint@2c43876b{/127.0.0.1:58011<->/127.0.0.1:8888,OPEN,fill=-,flush=-,to=1/30000}{io=0/0,kio=0,kro=1}->HttpConnection@5371cd6b[p=HttpParser{s=START,0 of -1},g=HttpGenerator@5290c362{s=START}]=>HttpChannelOverHttp@26bbec1b{s=HttpChannelState@63b966a8{s=IDLE rs=BLOCKING os=OPEN is=IDLE awp=false se=false i=true al=0},r=1,c=false/false,a=IDLE,uri=null,age=0} filled 0 HeapByteBuffer@4a188da8[p=0,l=0,c=8192,r=0]={<<<>>>HTTP/1.1 ...\x00\x00\x00\x00\x00\x00\x00}
08:52:20.661 [qtp981627501-59] DEBUG o.e.jetty.server.HttpConnection - HttpConnection@5371cd6b::SocketChannelEndPoint@2c43876b{/127.0.0.1:58011<->/127.0.0.1:8888,OPEN,fill=-,flush=-,to=1/30000}{io=0/0,kio=0,kro=1}->HttpConnection@5371cd6b[p=HttpParser{s=START,0 of -1},g=HttpGenerator@5290c362{s=START}]=>HttpChannelOverHttp@26bbec1b{s=HttpChannelState@63b966a8{s=IDLE rs=BLOCKING os=OPEN is=IDLE awp=false se=false i=true al=0},r=1,c=false/false,a=IDLE,uri=null,age=0} parse HeapByteBuffer@4a188da8[p=0,l=0,c=8192,r=0]={<<<>>>HTTP/1.1 ...\x00\x00\x00\x00\x00\x00\x00} {}
08:52:20.661 [qtp981627501-59] DEBUG org.eclipse.jetty.http.HttpParser - parseNext s=START HeapByteBuffer@4a188da8[p=0,l=0,c=8192,r=0]={<<<>>>HTTP/1.1 ...\x00\x00\x00\x00\x00\x00\x00}
08:52:20.661 [qtp981627501-59] DEBUG o.e.jetty.server.HttpConnection - HttpConnection@5371cd6b::SocketChannelEndPoint@2c43876b{/127.0.0.1:58011<->/127.0.0.1:8888,OPEN,fill=-,flush=-,to=1/30000}{io=0/0,kio=0,kro=1}->HttpConnection@5371cd6b[p=HttpParser{s=START,0 of -1},g=HttpGenerator@5290c362{s=START}]=>HttpChannelOverHttp@26bbec1b{s=HttpChannelState@63b966a8{s=IDLE rs=BLOCKING os=OPEN is=IDLE awp=false se=false i=true al=0},r=1,c=false/false,a=IDLE,uri=null,age=0} parsed false HttpParser{s=START,0 of -1}
08:52:20.661 [qtp981627501-59] DEBUG o.e.jetty.server.HttpConnection - releaseRequestBuffer HttpConnection@5371cd6b::SocketChannelEndPoint@2c43876b{/127.0.0.1:58011<->/127.0.0.1:8888,OPEN,fill=-,flush=-,to=2/30000}{io=0/0,kio=0,kro=1}->HttpConnection@5371cd6b[p=HttpParser{s=START,0 of -1},g=HttpGenerator@5290c362{s=START}]=>HttpChannelOverHttp@26bbec1b{s=HttpChannelState@63b966a8{s=IDLE rs=BLOCKING os=OPEN is=IDLE awp=false se=false i=true al=0},r=1,c=false/false,a=IDLE,uri=null,age=0}
08:52:20.661 [qtp981627501-59] DEBUG o.e.jetty.io.AbstractConnection - fillInterested HttpConnection@5371cd6b::SocketChannelEndPoint@2c43876b{/127.0.0.1:58011<->/127.0.0.1:8888,OPEN,fill=-,flush=-,to=2/30000}{io=0/0,kio=0,kro=1}->HttpConnection@5371cd6b[p=HttpParser{s=START,0 of -1},g=HttpGenerator@5290c362{s=START}]=>HttpChannelOverHttp@26bbec1b{s=HttpChannelState@63b966a8{s=IDLE rs=BLOCKING os=OPEN is=IDLE awp=false se=false i=true al=0},r=1,c=false/false,a=IDLE,uri=null,age=0}
08:52:20.662 [qtp981627501-59] DEBUG org.eclipse.jetty.io.FillInterest - interested FillInterest@2bb2361f{AC.ReadCB@5371cd6b{HttpConnection@5371cd6b::SocketChannelEndPoint@2c43876b{/127.0.0.1:58011<->/127.0.0.1:8888,OPEN,fill=FI,flush=-,to=0/30000}{io=0/0,kio=0,kro=1}->HttpConnection@5371cd6b[p=HttpParser{s=START,0 of -1},g=HttpGenerator@5290c362{s=START}]=>HttpChannelOverHttp@26bbec1b{s=HttpChannelState@63b966a8{s=IDLE rs=BLOCKING os=OPEN is=IDLE awp=false se=false i=true al=0},r=1,c=false/false,a=IDLE,uri=null,age=0}}}
08:52:20.662 [qtp981627501-59] DEBUG org.eclipse.jetty.io.ChannelEndPoint - changeInterests p=false 0->1 for SocketChannelEndPoint@2c43876b{/127.0.0.1:58011<->/127.0.0.1:8888,OPEN,fill=FI,flush=-,to=0/30000}{io=0/1,kio=0,kro=1}->HttpConnection@5371cd6b[p=HttpParser{s=START,0 of -1},g=HttpGenerator@5290c362{s=START}]=>HttpChannelOverHttp@26bbec1b{s=HttpChannelState@63b966a8{s=IDLE rs=BLOCKING os=OPEN is=IDLE awp=false se=false i=true al=0},r=1,c=false/false,a=IDLE,uri=null,age=0}
08:52:20.662 [qtp981627501-59] DEBUG org.eclipse.jetty.io.ManagedSelector - Queued change org.eclipse.jetty.io.ChannelEndPoint$1@39699e7 on ManagedSelector@76e1da91{STARTED} id=1 keys=1 selected=0 updates=0
08:52:20.662 [qtp981627501-59] DEBUG org.eclipse.jetty.io.ManagedSelector - Wakeup on submit ManagedSelector@76e1da91{STARTED} id=1 keys=1 selected=0 updates=1
08:52:20.662 [qtp981627501-53] DEBUG org.eclipse.jetty.io.ManagedSelector - Selector sun.nio.ch.WindowsSelectorImpl@7ce887d0 woken with none selected
08:52:20.662 [Test worker] DEBUG o.a.h.c.protocol.RequestAddCookies - CookieSpec selected: default
08:52:20.662 [qtp981627501-53] DEBUG org.eclipse.jetty.io.ManagedSelector - Selector sun.nio.ch.WindowsSelectorImpl@7ce887d0 woken up from select, 0/0/1 selected
08:52:20.662 [qtp981627501-59] DEBUG o.e.jetty.server.HttpConnection - HttpConnection@5371cd6b::SocketChannelEndPoint@2c43876b{/127.0.0.1:58011<->/127.0.0.1:8888,OPEN,fill=FI,flush=-,to=0/30000}{io=0/1,kio=0,kro=1}->HttpConnection@5371cd6b[p=HttpParser{s=START,0 of -1},g=HttpGenerator@5290c362{s=START}]=>HttpChannelOverHttp@26bbec1b{s=HttpChannelState@63b966a8{s=IDLE rs=BLOCKING os=OPEN is=IDLE awp=false se=false i=true al=0},r=1,c=false/false,a=IDLE,uri=null,age=0} onFillable exit HttpChannelState@63b966a8{s=IDLE rs=BLOCKING os=OPEN is=IDLE awp=false se=false i=true al=0} null
08:52:20.662 [qtp981627501-53] DEBUG org.eclipse.jetty.io.ManagedSelector - Selector sun.nio.ch.WindowsSelectorImpl@7ce887d0 processing 0 keys, 1 updates
08:52:20.662 [Test worker] DEBUG o.a.h.c.protocol.RequestAuthCache - Auth cache not set in the context
08:52:20.662 [qtp981627501-53] DEBUG org.eclipse.jetty.io.ManagedSelector - updateable 1
08:52:20.662 [qtp981627501-53] DEBUG org.eclipse.jetty.io.ManagedSelector - update org.eclipse.jetty.io.ChannelEndPoint$1@39699e7
08:52:20.662 [Test worker] DEBUG o.a.h.i.c.PoolingHttpClientConnectionManager - Connection request: [route: {}->http://localhost:8888][total kept alive: 0; route allocated: 0 of 2; total allocated: 0 of 20]
08:52:20.662 [qtp981627501-53] DEBUG org.eclipse.jetty.io.ChannelEndPoint - Key interests updated 0 -> 1 on SocketChannelEndPoint@2c43876b{/127.0.0.1:58011<->/127.0.0.1:8888,OPEN,fill=FI,flush=-,to=0/30000}{io=1/1,kio=1,kro=1}->HttpConnection@5371cd6b[p=HttpParser{s=START,0 of -1},g=HttpGenerator@5290c362{s=START}]=>HttpChannelOverHttp@26bbec1b{s=HttpChannelState@63b966a8{s=IDLE rs=BLOCKING os=OPEN is=IDLE awp=false se=false i=true al=0},r=1,c=false/false,a=IDLE,uri=null,age=0}
08:52:20.662 [Test worker] DEBUG o.a.h.i.c.PoolingHttpClientConnectionManager - Connection leased: [id: 7][route: {}->http://localhost:8888][total kept alive: 0; route allocated: 1 of 2; total allocated: 1 of 20]
08:52:20.662 [qtp981627501-59] DEBUG o.e.j.util.thread.QueuedThreadPool - ran CEP:SocketChannelEndPoint@2c43876b{/127.0.0.1:58011<->/127.0.0.1:8888,OPEN,fill=FI,flush=-,to=0/30000}{io=0/1,kio=0,kro=1}->HttpConnection@5371cd6b[p=HttpParser{s=START,0 of -1},g=HttpGenerator@5290c362{s=START}]=>HttpChannelOverHttp@26bbec1b{s=HttpChannelState@63b966a8{s=IDLE rs=BLOCKING os=OPEN is=IDLE awp=false se=false i=true al=0},r=1,c=false/false,a=IDLE,uri=null,age=0}:runFillable:BLOCKING in QueuedThreadPool[qtp981627501]@3a82726d{STARTED,8<=8<=200,i=1,r=8,q=0}[ReservedThreadExecutor@6dc9f95b{s=1/8,p=0}]
08:52:20.662 [qtp981627501-53] DEBUG org.eclipse.jetty.io.ManagedSelector - updates 0
08:52:20.662 [Test worker] DEBUG o.a.h.impl.execchain.MainClientExec - Opening connection {}->http://localhost:8888
08:52:20.662 [qtp981627501-53] DEBUG org.eclipse.jetty.io.ManagedSelector - Selector sun.nio.ch.WindowsSelectorImpl@7ce887d0 waiting with 1 keys
08:52:20.662 [Test worker] DEBUG o.a.h.i.c.DefaultHttpClientConnectionOperator - Connecting to localhost/127.0.0.1:8888
08:52:20.663 [Test worker] DEBUG o.a.h.i.c.DefaultHttpClientConnectionOperator - Connection established 127.0.0.1:58012<->127.0.0.1:8888
08:52:20.663 [Test worker] DEBUG o.a.h.impl.execchain.MainClientExec - Executing request POST /account/transfer HTTP/1.1
08:52:20.663 [Test worker] DEBUG o.a.h.impl.execchain.MainClientExec - Target auth state: UNCHALLENGED
08:52:20.663 [qtp981627501-56-acceptor-0@3d8a6c99-ServerConnector@5cc094ae{HTTP/1.1,[http/1.1]}{0.0.0.0:8888}] DEBUG org.eclipse.jetty.io.ManagedSelector - Queued change org.eclipse.jetty.io.ManagedSelector$Accept@3a38c143 on ManagedSelector@8174fa{STARTED} id=2 keys=0 selected=0 updates=0
08:52:20.663 [Test worker] DEBUG o.a.h.impl.execchain.MainClientExec - Proxy auth state: UNCHALLENGED
08:52:20.663 [qtp981627501-56-acceptor-0@3d8a6c99-ServerConnector@5cc094ae{HTTP/1.1,[http/1.1]}{0.0.0.0:8888}] DEBUG org.eclipse.jetty.io.ManagedSelector - Wakeup on submit ManagedSelector@8174fa{STARTED} id=2 keys=0 selected=0 updates=1
08:52:20.663 [qtp981627501-54] DEBUG org.eclipse.jetty.io.ManagedSelector - Selector sun.nio.ch.WindowsSelectorImpl@5e63e32 woken with none selected
08:52:20.663 [Test worker] DEBUG org.apache.http.headers - http-outgoing-7 >> POST /account/transfer HTTP/1.1
08:52:20.663 [Test worker] DEBUG org.apache.http.headers - http-outgoing-7 >> Content-Type: application/json
08:52:20.663 [Test worker] DEBUG org.apache.http.headers - http-outgoing-7 >> charset: UTF-8
08:52:20.663 [qtp981627501-54] DEBUG org.eclipse.jetty.io.ManagedSelector - Selector sun.nio.ch.WindowsSelectorImpl@5e63e32 woken up from select, 0/0/0 selected
08:52:20.663 [Test worker] DEBUG org.apache.http.headers - http-outgoing-7 >> Transfer-Encoding: chunked
08:52:20.663 [qtp981627501-54] DEBUG org.eclipse.jetty.io.ManagedSelector - Selector sun.nio.ch.WindowsSelectorImpl@5e63e32 processing 0 keys, 1 updates
08:52:20.663 [Test worker] DEBUG org.apache.http.headers - http-outgoing-7 >> Host: localhost:8888
08:52:20.663 [qtp981627501-54] DEBUG org.eclipse.jetty.io.ManagedSelector - updateable 1
08:52:20.663 [Test worker] DEBUG org.apache.http.headers - http-outgoing-7 >> Connection: Keep-Alive
08:52:20.663 [qtp981627501-54] DEBUG org.eclipse.jetty.io.ManagedSelector - update org.eclipse.jetty.io.ManagedSelector$Accept@3a38c143
08:52:20.663 [Test worker] DEBUG org.apache.http.headers - http-outgoing-7 >> User-Agent: Apache-HttpClient/4.5.10 (Java/1.8.0_211)
08:52:20.663 [Test worker] DEBUG org.apache.http.headers - http-outgoing-7 >> Accept-Encoding: gzip,deflate
08:52:20.663 [qtp981627501-54] DEBUG o.e.j.util.thread.QueuedThreadPool - queue org.eclipse.jetty.io.ManagedSelector$Accept@3a38c143 startThread=0
08:52:20.663 [Test worker] DEBUG org.apache.http.wire - http-outgoing-7 >> "POST /account/transfer HTTP/1.1[\r][\n]"
08:52:20.663 [qtp981627501-54] DEBUG org.eclipse.jetty.io.ManagedSelector - updates 0
08:52:20.663 [Test worker] DEBUG org.apache.http.wire - http-outgoing-7 >> "Content-Type: application/json[\r][\n]"
08:52:20.663 [qtp981627501-57] DEBUG o.e.j.util.thread.QueuedThreadPool - run org.eclipse.jetty.io.ManagedSelector$Accept@3a38c143 in QueuedThreadPool[qtp981627501]@3a82726d{STARTED,8<=8<=200,i=1,r=8,q=0}[ReservedThreadExecutor@6dc9f95b{s=1/8,p=0}]
08:52:20.663 [qtp981627501-54] DEBUG org.eclipse.jetty.io.ManagedSelector - Selector sun.nio.ch.WindowsSelectorImpl@5e63e32 waiting with 1 keys
08:52:20.663 [Test worker] DEBUG org.apache.http.wire - http-outgoing-7 >> "charset: UTF-8[\r][\n]"
08:52:20.663 [Test worker] DEBUG org.apache.http.wire - http-outgoing-7 >> "Transfer-Encoding: chunked[\r][\n]"
08:52:20.663 [Test worker] DEBUG org.apache.http.wire - http-outgoing-7 >> "Host: localhost:8888[\r][\n]"
08:52:20.663 [qtp981627501-57] DEBUG org.eclipse.jetty.io.IdleTimeout - SocketChannelEndPoint@5ed1066b{/127.0.0.1:58012<->/127.0.0.1:8888,OPEN,fill=-,flush=-,to=0/30000}{io=0/0,kio=0,kro=0}-><null> idle timeout check, elapsed: 0 ms, remaining: 30000 ms
08:52:20.663 [Test worker] DEBUG org.apache.http.wire - http-outgoing-7 >> "Connection: Keep-Alive[\r][\n]"
08:52:20.664 [Test worker] DEBUG org.apache.http.wire - http-outgoing-7 >> "User-Agent: Apache-HttpClient/4.5.10 (Java/1.8.0_211)[\r][\n]"
08:52:20.664 [Test worker] DEBUG org.apache.http.wire - http-outgoing-7 >> "Accept-Encoding: gzip,deflate[\r][\n]"
08:52:20.664 [Test worker] DEBUG org.apache.http.wire - http-outgoing-7 >> "[\r][\n]"
08:52:20.664 [Test worker] DEBUG org.apache.http.wire - http-outgoing-7 >> "82[\r][\n]"
08:52:20.664 [Test worker] DEBUG org.apache.http.wire - http-outgoing-7 >> "{"requestId":"de507a76-9364-4c6c-8822-0917386c1596","senderId":-2913546021920193372,"receiverId":-7197155049040844804,"amount":10}[\r][\n]"
08:52:20.664 [Test worker] DEBUG org.apache.http.wire - http-outgoing-7 >> "0[\r][\n]"
08:52:20.664 [Test worker] DEBUG org.apache.http.wire - http-outgoing-7 >> "[\r][\n]"
08:52:20.664 [qtp981627501-57] DEBUG org.eclipse.jetty.server.HttpChannel - new HttpChannelOverHttp@a0e4500{s=HttpChannelState@30b69890{s=IDLE rs=BLOCKING os=OPEN is=IDLE awp=false se=false i=true al=0},r=0,c=false/false,a=IDLE,uri=null,age=0} -> SocketChannelEndPoint@5ed1066b{/127.0.0.1:58012<->/127.0.0.1:8888,OPEN,fill=-,flush=-,to=0/30000}{io=0/0,kio=0,kro=0}-><null>,null,HttpChannelState@30b69890{s=IDLE rs=BLOCKING os=OPEN is=IDLE awp=false se=false i=true al=0}
08:52:20.664 [qtp981627501-57] DEBUG o.e.jetty.server.HttpConnection - New HTTP Connection HttpConnection@7d866c0::SocketChannelEndPoint@5ed1066b{/127.0.0.1:58012<->/127.0.0.1:8888,OPEN,fill=-,flush=-,to=0/30000}{io=0/0,kio=0,kro=0}-><null>
08:52:20.664 [qtp981627501-57] DEBUG o.eclipse.jetty.io.AbstractEndPoint - onOpen SocketChannelEndPoint@5ed1066b{/127.0.0.1:58012<->/127.0.0.1:8888,OPEN,fill=-,flush=-,to=0/30000}{io=0/0,kio=0,kro=0}->HttpConnection@7d866c0[p=HttpParser{s=START,0 of -1},g=HttpGenerator@516cda0e{s=START}]=>HttpChannelOverHttp@a0e4500{s=HttpChannelState@30b69890{s=IDLE rs=BLOCKING os=OPEN is=IDLE awp=false se=false i=true al=0},r=0,c=false/false,a=IDLE,uri=null,age=0}
08:52:20.664 [qtp981627501-57] DEBUG o.e.jetty.io.AbstractConnection - onOpen HttpConnection@7d866c0::SocketChannelEndPoint@5ed1066b{/127.0.0.1:58012<->/127.0.0.1:8888,OPEN,fill=-,flush=-,to=0/30000}{io=0/0,kio=0,kro=0}->HttpConnection@7d866c0[p=HttpParser{s=START,0 of -1},g=HttpGenerator@516cda0e{s=START}]=>HttpChannelOverHttp@a0e4500{s=HttpChannelState@30b69890{s=IDLE rs=BLOCKING os=OPEN is=IDLE awp=false se=false i=true al=0},r=0,c=false/false,a=IDLE,uri=null,age=0}
08:52:20.664 [qtp981627501-57] DEBUG o.e.jetty.io.AbstractConnection - fillInterested HttpConnection@7d866c0::SocketChannelEndPoint@5ed1066b{/127.0.0.1:58012<->/127.0.0.1:8888,OPEN,fill=-,flush=-,to=0/30000}{io=0/0,kio=0,kro=0}->HttpConnection@7d866c0[p=HttpParser{s=START,0 of -1},g=HttpGenerator@516cda0e{s=START}]=>HttpChannelOverHttp@a0e4500{s=HttpChannelState@30b69890{s=IDLE rs=BLOCKING os=OPEN is=IDLE awp=false se=false i=true al=0},r=0,c=false/false,a=IDLE,uri=null,age=0}
08:52:20.664 [qtp981627501-57] DEBUG org.eclipse.jetty.io.FillInterest - interested FillInterest@29b2b366{AC.ReadCB@7d866c0{HttpConnection@7d866c0::SocketChannelEndPoint@5ed1066b{/127.0.0.1:58012<->/127.0.0.1:8888,OPEN,fill=FI,flush=-,to=0/30000}{io=0/0,kio=0,kro=0}->HttpConnection@7d866c0[p=HttpParser{s=START,0 of -1},g=HttpGenerator@516cda0e{s=START}]=>HttpChannelOverHttp@a0e4500{s=HttpChannelState@30b69890{s=IDLE rs=BLOCKING os=OPEN is=IDLE awp=false se=false i=true al=0},r=0,c=false/false,a=IDLE,uri=null,age=0}}}
08:52:20.664 [qtp981627501-57] DEBUG org.eclipse.jetty.io.ChannelEndPoint - changeInterests p=false 0->1 for SocketChannelEndPoint@5ed1066b{/127.0.0.1:58012<->/127.0.0.1:8888,OPEN,fill=FI,flush=-,to=0/30000}{io=0/1,kio=0,kro=0}->HttpConnection@7d866c0[p=HttpParser{s=START,0 of -1},g=HttpGenerator@516cda0e{s=START}]=>HttpChannelOverHttp@a0e4500{s=HttpChannelState@30b69890{s=IDLE rs=BLOCKING os=OPEN is=IDLE awp=false se=false i=true al=0},r=0,c=false/false,a=IDLE,uri=null,age=0}
08:52:20.664 [qtp981627501-57] DEBUG org.eclipse.jetty.io.ManagedSelector - Queued change org.eclipse.jetty.io.ChannelEndPoint$1@2d44ccd8 on ManagedSelector@8174fa{STARTED} id=2 keys=1 selected=0 updates=0
08:52:20.664 [qtp981627501-57] DEBUG org.eclipse.jetty.io.ManagedSelector - Wakeup on submit ManagedSelector@8174fa{STARTED} id=2 keys=1 selected=0 updates=1
08:52:20.665 [qtp981627501-54] DEBUG org.eclipse.jetty.io.ManagedSelector - Selector sun.nio.ch.WindowsSelectorImpl@5e63e32 woken with none selected
08:52:20.665 [qtp981627501-57] DEBUG org.eclipse.jetty.io.ManagedSelector - Created SocketChannelEndPoint@5ed1066b{/127.0.0.1:58012<->/127.0.0.1:8888,OPEN,fill=FI,flush=-,to=0/30000}{io=0/1,kio=0,kro=0}->HttpConnection@7d866c0[p=HttpParser{s=START,0 of -1},g=HttpGenerator@516cda0e{s=START}]=>HttpChannelOverHttp@a0e4500{s=HttpChannelState@30b69890{s=IDLE rs=BLOCKING os=OPEN is=IDLE awp=false se=false i=true al=0},r=0,c=false/false,a=IDLE,uri=null,age=0}
08:52:20.665 [qtp981627501-54] DEBUG org.eclipse.jetty.io.ManagedSelector - Selector sun.nio.ch.WindowsSelectorImpl@5e63e32 woken up from select, 0/0/1 selected
08:52:20.665 [qtp981627501-54] DEBUG org.eclipse.jetty.io.ManagedSelector - Selector sun.nio.ch.WindowsSelectorImpl@5e63e32 processing 0 keys, 1 updates
08:52:20.665 [qtp981627501-54] DEBUG org.eclipse.jetty.io.ManagedSelector - updateable 1
08:52:20.665 [qtp981627501-57] DEBUG o.e.j.util.thread.QueuedThreadPool - ran org.eclipse.jetty.io.ManagedSelector$Accept@3a38c143 in QueuedThreadPool[qtp981627501]@3a82726d{STARTED,8<=8<=200,i=1,r=8,q=0}[ReservedThreadExecutor@6dc9f95b{s=1/8,p=0}]
08:52:20.665 [qtp981627501-54] DEBUG org.eclipse.jetty.io.ManagedSelector - update org.eclipse.jetty.io.ChannelEndPoint$1@2d44ccd8
08:52:20.665 [qtp981627501-54] DEBUG org.eclipse.jetty.io.ChannelEndPoint - Key interests updated 0 -> 1 on SocketChannelEndPoint@5ed1066b{/127.0.0.1:58012<->/127.0.0.1:8888,OPEN,fill=FI,flush=-,to=0/30000}{io=1/1,kio=1,kro=0}->HttpConnection@7d866c0[p=HttpParser{s=START,0 of -1},g=HttpGenerator@516cda0e{s=START}]=>HttpChannelOverHttp@a0e4500{s=HttpChannelState@30b69890{s=IDLE rs=BLOCKING os=OPEN is=IDLE awp=false se=false i=true al=0},r=0,c=false/false,a=IDLE,uri=null,age=0}
08:52:20.665 [qtp981627501-54] DEBUG org.eclipse.jetty.io.ManagedSelector - updates 0
08:52:20.665 [qtp981627501-54] DEBUG org.eclipse.jetty.io.ManagedSelector - Selector sun.nio.ch.WindowsSelectorImpl@5e63e32 waiting with 1 keys
08:52:20.665 [qtp981627501-54] DEBUG org.eclipse.jetty.io.ManagedSelector - Selector sun.nio.ch.WindowsSelectorImpl@5e63e32 woken up from select, 1/1/1 selected
08:52:20.665 [qtp981627501-54] DEBUG org.eclipse.jetty.io.ManagedSelector - Selector sun.nio.ch.WindowsSelectorImpl@5e63e32 processing 1 keys, 0 updates
08:52:20.665 [qtp981627501-54] DEBUG org.eclipse.jetty.io.ManagedSelector - selected 1 sun.nio.ch.SelectionKeyImpl@b21d0fe SocketChannelEndPoint@5ed1066b{/127.0.0.1:58012<->/127.0.0.1:8888,OPEN,fill=FI,flush=-,to=0/30000}{io=1/1,kio=1,kro=1}->HttpConnection@7d866c0[p=HttpParser{s=START,0 of -1},g=HttpGenerator@516cda0e{s=START}]=>HttpChannelOverHttp@a0e4500{s=HttpChannelState@30b69890{s=IDLE rs=BLOCKING os=OPEN is=IDLE awp=false se=false i=true al=0},r=0,c=false/false,a=IDLE,uri=null,age=0} 
08:52:20.665 [qtp981627501-54] DEBUG org.eclipse.jetty.io.ChannelEndPoint - onSelected 1->0 r=true w=false for SocketChannelEndPoint@5ed1066b{/127.0.0.1:58012<->/127.0.0.1:8888,OPEN,fill=FI,flush=-,to=0/30000}{io=1/0,kio=1,kro=1}->HttpConnection@7d866c0[p=HttpParser{s=START,0 of -1},g=HttpGenerator@516cda0e{s=START}]=>HttpChannelOverHttp@a0e4500{s=HttpChannelState@30b69890{s=IDLE rs=BLOCKING os=OPEN is=IDLE awp=false se=false i=true al=0},r=0,c=false/false,a=IDLE,uri=null,age=0}
08:52:20.665 [qtp981627501-54] DEBUG org.eclipse.jetty.io.ChannelEndPoint - task CEP:SocketChannelEndPoint@5ed1066b{/127.0.0.1:58012<->/127.0.0.1:8888,OPEN,fill=FI,flush=-,to=1/30000}{io=1/0,kio=1,kro=1}->HttpConnection@7d866c0[p=HttpParser{s=START,0 of -1},g=HttpGenerator@516cda0e{s=START}]=>HttpChannelOverHttp@a0e4500{s=HttpChannelState@30b69890{s=IDLE rs=BLOCKING os=OPEN is=IDLE awp=false se=false i=true al=0},r=0,c=false/false,a=IDLE,uri=null,age=0}:runFillable:BLOCKING
08:52:20.666 [qtp981627501-54] DEBUG o.e.j.u.t.ReservedThreadExecutor - ReservedThreadExecutor@6dc9f95b{s=1/8,p=0} tryExecute EatWhatYouKill@77654a8f/SelectorProducer@75ac98da/PRODUCING/p=false/QueuedThreadPool[qtp981627501]@3a82726d{STARTED,8<=8<=200,i=2,r=8,q=0}[ReservedThreadExecutor@6dc9f95b{s=1/8,p=0}][pc=0,pic=0,pec=0,epc=0]@2019-12-26T08:52:20.665+01:00
08:52:20.666 [qtp981627501-54] DEBUG o.e.j.u.t.ReservedThreadExecutor - ReservedThreadExecutor@6dc9f95b{s=0/8,p=0}@7610eca0 offer EatWhatYouKill@77654a8f/SelectorProducer@75ac98da/PRODUCING/p=false/QueuedThreadPool[qtp981627501]@3a82726d{STARTED,8<=8<=200,i=2,r=8,q=0}[ReservedThreadExecutor@6dc9f95b{s=0/8,p=0}][pc=0,pic=0,pec=0,epc=0]@2019-12-26T08:52:20.666+01:00
08:52:20.666 [qtp981627501-54] DEBUG o.e.j.u.t.ReservedThreadExecutor - ReservedThreadExecutor@6dc9f95b{s=0/8,p=1} startReservedThread p=1
08:52:20.666 [qtp981627501-54] DEBUG o.e.j.util.thread.QueuedThreadPool - queue ReservedThreadExecutor@6dc9f95b{s=0/8,p=1}@f1e5542 startThread=0
08:52:20.666 [qtp981627501-59] DEBUG o.e.j.util.thread.QueuedThreadPool - run ReservedThreadExecutor@6dc9f95b{s=0/8,p=1}@f1e5542 in QueuedThreadPool[qtp981627501]@3a82726d{STARTED,8<=8<=200,i=1,r=8,q=0}[ReservedThreadExecutor@6dc9f95b{s=0/8,p=1}]
08:52:20.666 [qtp981627501-59] DEBUG o.e.j.u.t.ReservedThreadExecutor - ReservedThreadExecutor@6dc9f95b{s=1/8,p=1}@f1e5542 started
08:52:20.666 [qtp981627501-58] DEBUG o.e.j.u.t.ReservedThreadExecutor - ReservedThreadExecutor@6dc9f95b{s=0/8,p=1}@7610eca0 task=EatWhatYouKill@77654a8f/SelectorProducer@75ac98da/IDLE/p=true/QueuedThreadPool[qtp981627501]@3a82726d{STARTED,8<=8<=200,i=1,r=8,q=0}[ReservedThreadExecutor@6dc9f95b{s=0/8,p=1}][pc=0,pic=0,pec=0,epc=0]@2019-12-26T08:52:20.666+01:00
08:52:20.666 [qtp981627501-59] DEBUG o.e.j.u.t.ReservedThreadExecutor - ReservedThreadExecutor@6dc9f95b{s=1/8,p=0}@f1e5542 waiting
08:52:20.666 [qtp981627501-54] DEBUG o.e.j.u.t.strategy.EatWhatYouKill - EatWhatYouKill@77654a8f/SelectorProducer@75ac98da/IDLE/p=true/QueuedThreadPool[qtp981627501]@3a82726d{STARTED,8<=8<=200,i=1,r=8,q=0}[ReservedThreadExecutor@6dc9f95b{s=1/8,p=0}][pc=0,pic=0,pec=0,epc=0]@2019-12-26T08:52:20.666+01:00 m=EXECUTE_PRODUCE_CONSUME t=CEP:SocketChannelEndPoint@5ed1066b{/127.0.0.1:58012<->/127.0.0.1:8888,OPEN,fill=FI,flush=-,to=1/30000}{io=1/0,kio=1,kro=1}->HttpConnection@7d866c0[p=HttpParser{s=START,0 of -1},g=HttpGenerator@516cda0e{s=START}]=>HttpChannelOverHttp@a0e4500{s=HttpChannelState@30b69890{s=IDLE rs=BLOCKING os=OPEN is=IDLE awp=false se=false i=true al=0},r=0,c=false/false,a=IDLE,uri=null,age=0}:runFillable:BLOCKING/BLOCKING
08:52:20.666 [qtp981627501-58] DEBUG o.e.j.u.t.strategy.EatWhatYouKill - EatWhatYouKill@77654a8f/SelectorProducer@75ac98da/IDLE/p=true/QueuedThreadPool[qtp981627501]@3a82726d{STARTED,8<=8<=200,i=1,r=8,q=0}[ReservedThreadExecutor@6dc9f95b{s=1/8,p=0}][pc=0,pic=0,pec=0,epc=0]@2019-12-26T08:52:20.666+01:00 tryProduce true
08:52:20.666 [qtp981627501-58] DEBUG org.eclipse.jetty.io.ManagedSelector - updateable 0
08:52:20.666 [qtp981627501-58] DEBUG org.eclipse.jetty.io.ManagedSelector - updates 0
08:52:20.666 [qtp981627501-54] DEBUG org.eclipse.jetty.io.FillInterest - fillable FillInterest@29b2b366{AC.ReadCB@7d866c0{HttpConnection@7d866c0::SocketChannelEndPoint@5ed1066b{/127.0.0.1:58012<->/127.0.0.1:8888,OPEN,fill=FI,flush=-,to=2/30000}{io=1/0,kio=1,kro=1}->HttpConnection@7d866c0[p=HttpParser{s=START,0 of -1},g=HttpGenerator@516cda0e{s=START}]=>HttpChannelOverHttp@a0e4500{s=HttpChannelState@30b69890{s=IDLE rs=BLOCKING os=OPEN is=IDLE awp=false se=false i=true al=0},r=0,c=false/false,a=IDLE,uri=null,age=0}}}
08:52:20.666 [qtp981627501-58] DEBUG org.eclipse.jetty.io.ChannelEndPoint - Key interests updated 1 -> 0 on SocketChannelEndPoint@5ed1066b{/127.0.0.1:58012<->/127.0.0.1:8888,OPEN,fill=FI,flush=-,to=2/30000}{io=0/0,kio=0,kro=1}->HttpConnection@7d866c0[p=HttpParser{s=START,0 of -1},g=HttpGenerator@516cda0e{s=START}]=>HttpChannelOverHttp@a0e4500{s=HttpChannelState@30b69890{s=IDLE rs=BLOCKING os=OPEN is=IDLE awp=false se=false i=true al=0},r=0,c=false/false,a=IDLE,uri=null,age=0}
08:52:20.666 [qtp981627501-58] DEBUG org.eclipse.jetty.io.ManagedSelector - Selector sun.nio.ch.WindowsSelectorImpl@5e63e32 waiting with 1 keys
08:52:20.666 [qtp981627501-54] DEBUG o.e.jetty.server.HttpConnection - HttpConnection@7d866c0::SocketChannelEndPoint@5ed1066b{/127.0.0.1:58012<->/127.0.0.1:8888,OPEN,fill=-,flush=-,to=2/30000}{io=0/0,kio=0,kro=1}->HttpConnection@7d866c0[p=HttpParser{s=START,0 of -1},g=HttpGenerator@516cda0e{s=START}]=>HttpChannelOverHttp@a0e4500{s=HttpChannelState@30b69890{s=IDLE rs=BLOCKING os=OPEN is=IDLE awp=false se=false i=true al=0},r=0,c=false/false,a=IDLE,uri=null,age=0} onFillable enter HttpChannelState@30b69890{s=IDLE rs=BLOCKING os=OPEN is=IDLE awp=false se=false i=true al=0} null
08:52:20.667 [qtp981627501-54] DEBUG org.eclipse.jetty.io.ChannelEndPoint - filled 384 HeapByteBuffer@4a188da8[p=0,l=384,c=8192,r=384]={<<<POST /account/transfer HT...804,"amount":10}\r\n0\r\n\r\n>>>\x00\x00\x00\x00\x00\x00\x00\x00\x00...\x00\x00\x00\x00\x00\x00\x00}
08:52:20.667 [qtp981627501-54] DEBUG o.e.jetty.server.HttpConnection - HttpConnection@7d866c0::SocketChannelEndPoint@5ed1066b{/127.0.0.1:58012<->/127.0.0.1:8888,OPEN,fill=-,flush=-,to=0/30000}{io=0/0,kio=0,kro=1}->HttpConnection@7d866c0[p=HttpParser{s=START,0 of -1},g=HttpGenerator@516cda0e{s=START}]=>HttpChannelOverHttp@a0e4500{s=HttpChannelState@30b69890{s=IDLE rs=BLOCKING os=OPEN is=IDLE awp=false se=false i=true al=0},r=0,c=false/false,a=IDLE,uri=null,age=0} filled 384 HeapByteBuffer@4a188da8[p=0,l=384,c=8192,r=384]={<<<POST /account/transfer HT...804,"amount":10}\r\n0\r\n\r\n>>>\x00\x00\x00\x00\x00\x00\x00\x00\x00...\x00\x00\x00\x00\x00\x00\x00}
08:52:20.667 [qtp981627501-54] DEBUG o.e.jetty.server.HttpConnection - HttpConnection@7d866c0::SocketChannelEndPoint@5ed1066b{/127.0.0.1:58012<->/127.0.0.1:8888,OPEN,fill=-,flush=-,to=0/30000}{io=0/0,kio=0,kro=1}->HttpConnection@7d866c0[p=HttpParser{s=START,0 of -1},g=HttpGenerator@516cda0e{s=START}]=>HttpChannelOverHttp@a0e4500{s=HttpChannelState@30b69890{s=IDLE rs=BLOCKING os=OPEN is=IDLE awp=false se=false i=true al=0},r=0,c=false/false,a=IDLE,uri=null,age=0} parse HeapByteBuffer@4a188da8[p=0,l=384,c=8192,r=384]={<<<POST /account/transfer HT...804,"amount":10}\r\n0\r\n\r\n>>>\x00\x00\x00\x00\x00\x00\x00\x00\x00...\x00\x00\x00\x00\x00\x00\x00} {}
08:52:20.667 [qtp981627501-54] DEBUG org.eclipse.jetty.http.HttpParser - parseNext s=START HeapByteBuffer@4a188da8[p=0,l=384,c=8192,r=384]={<<<POST /account/transfer HT...804,"amount":10}\r\n0\r\n\r\n>>>\x00\x00\x00\x00\x00\x00\x00\x00\x00...\x00\x00\x00\x00\x00\x00\x00}
08:52:20.667 [qtp981627501-54] DEBUG org.eclipse.jetty.http.HttpParser - START --> SPACE1
08:52:20.667 [qtp981627501-54] DEBUG org.eclipse.jetty.http.HttpParser - SPACE1 --> URI
08:52:20.667 [qtp981627501-54] DEBUG org.eclipse.jetty.http.HttpParser - URI --> SPACE2
08:52:20.667 [qtp981627501-54] DEBUG org.eclipse.jetty.http.HttpParser - SPACE2 --> REQUEST_VERSION
08:52:20.667 [qtp981627501-54] DEBUG org.eclipse.jetty.http.HttpParser - REQUEST_VERSION --> HEADER
08:52:20.667 [qtp981627501-54] DEBUG org.eclipse.jetty.http.HttpParser - HEADER:Content-Type: application/json --> IN_VALUE
08:52:20.667 [qtp981627501-54] DEBUG org.eclipse.jetty.http.HttpParser - HEADER:Content-Type: application/json --> FIELD
08:52:20.667 [qtp981627501-54] DEBUG org.eclipse.jetty.http.HttpParser - HEADER: --> IN_NAME
08:52:20.667 [qtp981627501-54] DEBUG org.eclipse.jetty.http.HttpParser - HEADER:charset --> VALUE
08:52:20.667 [qtp981627501-54] DEBUG org.eclipse.jetty.http.HttpParser - HEADER:charset --> IN_VALUE
08:52:20.667 [qtp981627501-54] DEBUG org.eclipse.jetty.http.HttpParser - HEADER:charset --> FIELD
08:52:20.667 [qtp981627501-54] DEBUG org.eclipse.jetty.http.HttpParser - HEADER:Transfer-Encoding: chunked --> IN_VALUE
08:52:20.667 [qtp981627501-54] DEBUG org.eclipse.jetty.http.HttpParser - HEADER:Transfer-Encoding: chunked --> FIELD
08:52:20.667 [qtp981627501-54] DEBUG org.eclipse.jetty.http.HttpParser - HEADER:Host --> VALUE
08:52:20.667 [qtp981627501-54] DEBUG org.eclipse.jetty.http.HttpParser - HEADER:Host --> IN_VALUE
08:52:20.667 [qtp981627501-54] DEBUG org.eclipse.jetty.http.HttpParser - HEADER:Host --> FIELD
08:52:20.668 [qtp981627501-54] DEBUG org.eclipse.jetty.http.HttpParser - HEADER:Connection: keep-alive --> IN_VALUE
08:52:20.668 [qtp981627501-54] DEBUG org.eclipse.jetty.http.HttpParser - HEADER:Connection: keep-alive --> FIELD
08:52:20.668 [qtp981627501-54] DEBUG org.eclipse.jetty.http.HttpParser - HEADER:User-Agent --> VALUE
08:52:20.668 [qtp981627501-54] DEBUG org.eclipse.jetty.http.HttpParser - HEADER:User-Agent --> IN_VALUE
08:52:20.668 [qtp981627501-54] DEBUG org.eclipse.jetty.http.HttpParser - HEADER:User-Agent --> FIELD
08:52:20.668 [qtp981627501-54] DEBUG org.eclipse.jetty.http.HttpParser - HEADER:Accept-Encoding --> IN_VALUE
08:52:20.668 [qtp981627501-54] DEBUG org.eclipse.jetty.http.HttpParser - HEADER:Accept-Encoding --> FIELD
08:52:20.668 [qtp981627501-54] DEBUG org.eclipse.jetty.http.HttpParser - HEADER --> CHUNKED_CONTENT
08:52:20.668 [qtp981627501-54] DEBUG org.eclipse.jetty.server.HttpChannel - REQUEST for //localhost:8888/account/transfer on HttpChannelOverHttp@a0e4500{s=HttpChannelState@30b69890{s=IDLE rs=BLOCKING os=OPEN is=IDLE awp=false se=false i=true al=0},r=1,c=false/false,a=IDLE,uri=//localhost:8888/account/transfer,age=0}
POST //localhost:8888/account/transfer HTTP/1.1
Content-Type: application/json
charset: UTF-8
Transfer-Encoding: chunked
Host: localhost:8888
Connection: keep-alive
User-Agent: Apache-HttpClient/4.5.10 (Java/1.8.0_211)
Accept-Encoding: gzip,deflate


08:52:20.668 [qtp981627501-54] DEBUG o.e.jetty.server.HttpConnection - HttpConnection@7d866c0::SocketChannelEndPoint@5ed1066b{/127.0.0.1:58012<->/127.0.0.1:8888,OPEN,fill=-,flush=-,to=1/30000}{io=0/0,kio=0,kro=1}->HttpConnection@7d866c0[p=HttpParser{s=CHUNKED_CONTENT,0 of -1},g=HttpGenerator@516cda0e{s=START}]=>HttpChannelOverHttp@a0e4500{s=HttpChannelState@30b69890{s=IDLE rs=BLOCKING os=OPEN is=IDLE awp=false se=false i=true al=0},r=1,c=false/false,a=IDLE,uri=//localhost:8888/account/transfer,age=0} parsed true HttpParser{s=CHUNKED_CONTENT,0 of -1}
08:52:20.668 [qtp981627501-54] DEBUG org.eclipse.jetty.server.HttpChannel - handle //localhost:8888/account/transfer HttpChannelOverHttp@a0e4500{s=HttpChannelState@30b69890{s=IDLE rs=BLOCKING os=OPEN is=IDLE awp=false se=false i=true al=0},r=1,c=false/false,a=IDLE,uri=//localhost:8888/account/transfer,age=0} 
08:52:20.668 [qtp981627501-54] DEBUG o.e.jetty.server.HttpChannelState - handling HttpChannelState@30b69890{s=IDLE rs=BLOCKING os=OPEN is=IDLE awp=false se=false i=true al=0}
08:52:20.668 [qtp981627501-54] DEBUG org.eclipse.jetty.server.HttpChannel - action DISPATCH HttpChannelOverHttp@a0e4500{s=HttpChannelState@30b69890{s=HANDLING rs=BLOCKING os=OPEN is=IDLE awp=false se=false i=true al=0},r=1,c=false/false,a=HANDLING,uri=//localhost:8888/account/transfer,age=0}
08:52:20.668 [qtp981627501-54] DEBUG org.eclipse.jetty.server.Server - REQUEST POST /account/transfer on HttpChannelOverHttp@a0e4500{s=HttpChannelState@30b69890{s=HANDLING rs=BLOCKING os=OPEN is=IDLE awp=false se=false i=true al=0},r=1,c=false/false,a=HANDLING,uri=//localhost:8888/account/transfer,age=0}
08:52:20.668 [qtp981627501-54] DEBUG o.e.j.server.handler.ContextHandler - scope null||/account/transfer @ o.e.j.s.ServletContextHandler@4deafdd9{/,null,AVAILABLE}
08:52:20.668 [qtp981627501-54] DEBUG o.e.j.server.handler.ContextHandler - context=||/account/transfer @ o.e.j.s.ServletContextHandler@4deafdd9{/,null,AVAILABLE}
08:52:20.668 [qtp981627501-54] DEBUG org.eclipse.jetty.server.session - Entering scope org.eclipse.jetty.server.session.SessionHandler910822479==dftMaxIdleSec=-1, dispatch=REQUEST asyncstarted=false
08:52:20.669 [qtp981627501-54] DEBUG org.eclipse.jetty.server.session - sessionHandler=org.eclipse.jetty.server.session.SessionHandler910822479==dftMaxIdleSec=-1 session=null
08:52:20.669 [qtp981627501-54] DEBUG o.e.jetty.servlet.ServletHandler - servlet ||/account/transfer -> org.glassfish.jersey.servlet.ServletContainer-111997cf@3200f0d7==org.glassfish.jersey.servlet.ServletContainer,jsp=null,order=0,inst=true,async=true
08:52:20.669 [qtp981627501-54] DEBUG o.e.jetty.servlet.ServletHandler - chain=null
08:52:20.671 [qtp981627501-54] DEBUG o.e.jetty.server.HttpConnection - HttpConnection@7d866c0::SocketChannelEndPoint@5ed1066b{/127.0.0.1:58012<->/127.0.0.1:8888,OPEN,fill=-,flush=-,to=3/30000}{io=0/0,kio=0,kro=1}->HttpConnection@7d866c0[p=HttpParser{s=CHUNKED_CONTENT,0 of -1},g=HttpGenerator@516cda0e{s=START}]=>HttpChannelOverHttp@a0e4500{s=HttpChannelState@30b69890{s=HANDLING rs=BLOCKING os=OPEN is=IDLE awp=false se=false i=true al=0},r=1,c=false/false,a=HANDLING,uri=//localhost:8888/account/transfer,age=3} parse HeapByteBuffer@4a188da8[p=243,l=384,c=8192,r=141]={POST /acc...ate\r\n\r\n<<<82\r\n{"requestId":"de507a7...804,"amount":10}\r\n0\r\n\r\n>>>\x00\x00\x00\x00\x00\x00\x00\x00\x00...\x00\x00\x00\x00\x00\x00\x00} {}
08:52:20.671 [qtp981627501-54] DEBUG org.eclipse.jetty.http.HttpParser - parseNext s=CHUNKED_CONTENT HeapByteBuffer@4a188da8[p=243,l=384,c=8192,r=141]={POST /acc...ate\r\n\r\n<<<82\r\n{"requestId":"de507a7...804,"amount":10}\r\n0\r\n\r\n>>>\x00\x00\x00\x00\x00\x00\x00\x00\x00...\x00\x00\x00\x00\x00\x00\x00}
08:52:20.671 [qtp981627501-54] DEBUG org.eclipse.jetty.http.HttpParser - CHUNKED_CONTENT --> CHUNK_SIZE
08:52:20.671 [qtp981627501-54] DEBUG org.eclipse.jetty.http.HttpParser - CHUNK_SIZE --> CHUNK
08:52:20.671 [qtp981627501-54] DEBUG org.eclipse.jetty.server.HttpChannel - onContent HttpChannelOverHttp@a0e4500{s=HttpChannelState@30b69890{s=HANDLING rs=BLOCKING os=OPEN is=IDLE awp=false se=false i=true al=0},r=1,c=false/false,a=HANDLING,uri=//localhost:8888/account/transfer,age=3} Content@7ebf6a1a{HeapByteBufferR@7b1cf313[p=247,l=377,c=8192,r=130]={POST /acc...\n\r\n82\r\n<<<{"requestId":"de507a76-93...9040844804,"amount":10}>>>\r\n0\r\n\r\n\x00\x00...\x00\x00\x00\x00\x00\x00\x00}}
08:52:20.671 [qtp981627501-54] DEBUG org.eclipse.jetty.server.HttpInput - HttpInputOverHTTP@6551d77[c=0,q=0,[0]=null,s=STREAM] addContent Content@7ebf6a1a{HeapByteBufferR@7b1cf313[p=247,l=377,c=8192,r=130]={POST /acc...\n\r\n82\r\n<<<{"requestId":"de507a76-93...9040844804,"amount":10}>>>\r\n0\r\n\r\n\x00\x00...\x00\x00\x00\x00\x00\x00\x00}}
08:52:20.671 [qtp981627501-54] DEBUG org.eclipse.jetty.http.HttpParser - CHUNK --> CHUNKED_CONTENT
08:52:20.671 [qtp981627501-54] DEBUG org.eclipse.jetty.http.HttpParser - CHUNKED_CONTENT --> CHUNK_SIZE
08:52:20.671 [qtp981627501-54] DEBUG org.eclipse.jetty.http.HttpParser - CHUNK_SIZE --> TRAILER
08:52:20.671 [qtp981627501-54] DEBUG org.eclipse.jetty.server.HttpChannel - onContentComplete HttpChannelOverHttp@a0e4500{s=HttpChannelState@30b69890{s=HANDLING rs=BLOCKING os=OPEN is=IDLE awp=false se=false i=true al=0},r=1,c=false/false,a=HANDLING,uri=//localhost:8888/account/transfer,age=3}
08:52:20.671 [qtp981627501-54] DEBUG org.eclipse.jetty.http.HttpParser - TRAILER --> END
08:52:20.671 [qtp981627501-54] DEBUG org.eclipse.jetty.server.HttpChannel - onRequestComplete HttpChannelOverHttp@a0e4500{s=HttpChannelState@30b69890{s=HANDLING rs=BLOCKING os=OPEN is=IDLE awp=false se=false i=true al=0},r=1,c=false/false,a=HANDLING,uri=//localhost:8888/account/transfer,age=3}
08:52:20.671 [qtp981627501-54] DEBUG org.eclipse.jetty.server.HttpInput - HttpInputOverHTTP@6551d77[c=0,q=1,[0]=EOF,s=STREAM] addContent EOF
08:52:20.671 [qtp981627501-54] DEBUG o.e.jetty.server.HttpConnection - HttpConnection@7d866c0::SocketChannelEndPoint@5ed1066b{/127.0.0.1:58012<->/127.0.0.1:8888,OPEN,fill=-,flush=-,to=4/30000}{io=0/0,kio=0,kro=1}->HttpConnection@7d866c0[p=HttpParser{s=END,0 of -1},g=HttpGenerator@516cda0e{s=START}]=>HttpChannelOverHttp@a0e4500{s=HttpChannelState@30b69890{s=HANDLING rs=BLOCKING os=OPEN is=IDLE awp=false se=false i=true al=0},r=1,c=false/false,a=HANDLING,uri=//localhost:8888/account/transfer,age=3} parsed false HttpParser{s=END,0 of -1}
08:52:20.672 [qtp981627501-54] DEBUG org.eclipse.jetty.server.HttpInput - HttpInputOverHTTP@6551d77[c=130,q=1,[0]=EOF,s=STREAM] read 130 from Content@7ebf6a1a{HeapByteBufferR@7b1cf313[p=377,l=377,c=8192,r=0]={POST /acc...nt":10}<<<>>>\r\n0\r\n\r\n\x00\x00...\x00\x00\x00\x00\x00\x00\x00}}
08:52:20.672 [qtp981627501-54] DEBUG o.e.jetty.server.HttpConnection - releaseRequestBuffer HttpConnection@7d866c0::SocketChannelEndPoint@5ed1066b{/127.0.0.1:58012<->/127.0.0.1:8888,OPEN,fill=-,flush=-,to=4/30000}{io=0/0,kio=0,kro=1}->HttpConnection@7d866c0[p=HttpParser{s=END,0 of -1},g=HttpGenerator@516cda0e{s=START}]=>HttpChannelOverHttp@a0e4500{s=HttpChannelState@30b69890{s=HANDLING rs=BLOCKING os=OPEN is=IDLE awp=false se=false i=true al=0},r=1,c=false/false,a=HANDLING,uri=//localhost:8888/account/transfer,age=4}
08:52:20.672 [qtp981627501-54] DEBUG org.hibernate.SQL - select transactio0_.id as id1_1_0_, transactio0_.completed as complete2_1_0_ from PUBLIC.Transaction transactio0_ where transactio0_.id=?
Hibernate: select transactio0_.id as id1_1_0_, transactio0_.completed as complete2_1_0_ from PUBLIC.Transaction transactio0_ where transactio0_.id=?
08:52:20.673 [qtp981627501-54] DEBUG o.h.l.p.e.p.i.EntityReferenceInitializerImpl - On call to EntityIdentifierReaderImpl#resolve, EntityKey was already known; should only happen on root returns with an optional identifier specified
08:52:20.673 [qtp981627501-54] DEBUG o.h.engine.internal.TwoPhaseLoad - Resolving attributes for [com.revolut.money.domain.transaction.Transaction#de507a76-9364-4c6c-8822-0917386c1596]
08:52:20.673 [qtp981627501-54] DEBUG o.h.engine.internal.TwoPhaseLoad - Processing attribute `completed` : value = false
08:52:20.673 [qtp981627501-54] DEBUG o.h.engine.internal.TwoPhaseLoad - Attribute (`completed`)  - enhanced for lazy-loading? - false
08:52:20.673 [qtp981627501-54] DEBUG o.h.engine.internal.TwoPhaseLoad - Done materializing entity [com.revolut.money.domain.transaction.Transaction#de507a76-9364-4c6c-8822-0917386c1596]
08:52:20.673 [qtp981627501-54] DEBUG o.h.l.e.p.AbstractLoadPlanBasedEntityLoader - Done entity load : com.revolut.money.domain.transaction.Transaction#de507a76-9364-4c6c-8822-0917386c1596
08:52:20.673 [qtp981627501-54] DEBUG o.h.r.j.i.LogicalConnectionManagedImpl - Initiating JDBC connection release from afterTransaction
08:52:20.673 [qtp981627501-54] DEBUG org.hibernate.SQL - select account0_.id as id1_0_0_, account0_.amount as amount2_0_0_ from PUBLIC.Account account0_ where account0_.id=?
Hibernate: select account0_.id as id1_0_0_, account0_.amount as amount2_0_0_ from PUBLIC.Account account0_ where account0_.id=?
08:52:20.674 [qtp981627501-54] DEBUG o.h.l.p.e.p.i.EntityReferenceInitializerImpl - On call to EntityIdentifierReaderImpl#resolve, EntityKey was already known; should only happen on root returns with an optional identifier specified
08:52:20.674 [qtp981627501-54] DEBUG o.h.engine.internal.TwoPhaseLoad - Resolving attributes for [com.revolut.money.domain.account.Account#-2913546021920193372]
08:52:20.674 [qtp981627501-54] DEBUG o.h.engine.internal.TwoPhaseLoad - Processing attribute `balance` : value = [Ljava.lang.Object;@75ea59f3
08:52:20.674 [qtp981627501-54] DEBUG o.h.engine.internal.TwoPhaseLoad - Attribute (`balance`)  - enhanced for lazy-loading? - false
08:52:20.674 [qtp981627501-54] DEBUG o.h.engine.internal.TwoPhaseLoad - Done materializing entity [com.revolut.money.domain.account.Account#-2913546021920193372]
08:52:20.674 [qtp981627501-54] DEBUG o.h.l.e.p.AbstractLoadPlanBasedEntityLoader - Done entity load : com.revolut.money.domain.account.Account#-2913546021920193372
08:52:20.674 [qtp981627501-54] DEBUG o.h.r.j.i.LogicalConnectionManagedImpl - Initiating JDBC connection release from afterTransaction
08:52:20.675 [qtp981627501-54] DEBUG org.hibernate.SQL - select account0_.id as id1_0_0_, account0_.amount as amount2_0_0_ from PUBLIC.Account account0_ where account0_.id=?
Hibernate: select account0_.id as id1_0_0_, account0_.amount as amount2_0_0_ from PUBLIC.Account account0_ where account0_.id=?
08:52:20.675 [qtp981627501-54] DEBUG o.h.l.p.e.p.i.EntityReferenceInitializerImpl - On call to EntityIdentifierReaderImpl#resolve, EntityKey was already known; should only happen on root returns with an optional identifier specified
08:52:20.675 [qtp981627501-54] DEBUG o.h.engine.internal.TwoPhaseLoad - Resolving attributes for [com.revolut.money.domain.account.Account#-7197155049040844804]
08:52:20.675 [qtp981627501-54] DEBUG o.h.engine.internal.TwoPhaseLoad - Processing attribute `balance` : value = [Ljava.lang.Object;@10ea95b6
08:52:20.675 [qtp981627501-54] DEBUG o.h.engine.internal.TwoPhaseLoad - Attribute (`balance`)  - enhanced for lazy-loading? - false
08:52:20.675 [qtp981627501-54] DEBUG o.h.engine.internal.TwoPhaseLoad - Done materializing entity [com.revolut.money.domain.account.Account#-7197155049040844804]
08:52:20.675 [qtp981627501-54] DEBUG o.h.l.e.p.AbstractLoadPlanBasedEntityLoader - Done entity load : com.revolut.money.domain.account.Account#-7197155049040844804
08:52:20.675 [qtp981627501-54] DEBUG o.h.r.j.i.LogicalConnectionManagedImpl - Initiating JDBC connection release from afterTransaction
08:52:20.676 [qtp981627501-54] DEBUG o.h.e.t.internal.TransactionImpl - On TransactionImpl creation, JpaCompliance#isJpaTransactionComplianceEnabled == false
08:52:20.676 [qtp981627501-54] DEBUG o.h.e.t.internal.TransactionImpl - begin
08:52:20.676 [qtp981627501-54] DEBUG o.h.e.t.internal.TransactionImpl - committing
08:52:20.676 [qtp981627501-54] DEBUG o.h.e.i.AbstractFlushingEventListener - Processing flush-time cascades
08:52:20.676 [qtp981627501-54] DEBUG o.h.e.i.AbstractFlushingEventListener - Dirty checking collections
08:52:20.676 [qtp981627501-54] DEBUG o.h.e.i.AbstractFlushingEventListener - Flushed: 0 insertions, 1 updates, 0 deletions to 1 objects
08:52:20.676 [qtp981627501-54] DEBUG o.h.e.i.AbstractFlushingEventListener - Flushed: 0 (re)creations, 0 updates, 0 removals to 0 collections
08:52:20.676 [qtp981627501-54] DEBUG o.h.internal.util.EntityPrinter - Listing entities:
08:52:20.676 [qtp981627501-54] DEBUG o.h.internal.util.EntityPrinter - com.revolut.money.domain.transaction.Transaction{id=de507a76-9364-4c6c-8822-0917386c1596, completed=true}
08:52:20.676 [qtp981627501-54] DEBUG org.hibernate.SQL - update PUBLIC.Transaction set completed=? where id=?
Hibernate: update PUBLIC.Transaction set completed=? where id=?
08:52:20.677 [qtp981627501-54] DEBUG o.h.r.j.i.LogicalConnectionManagedImpl - Initiating JDBC connection release from afterTransaction
08:52:20.677 [qtp981627501-54] DEBUG o.h.r.j.i.LogicalConnectionManagedImpl - Initiating JDBC connection release from afterTransaction
08:52:20.678 [qtp981627501-54] DEBUG org.eclipse.jetty.server.HttpChannel - sendResponse info=null content=HeapByteBuffer@73fe44d5[p=0,l=178,c=8192,r=178]={<<<{"details":"Request: de50...0}","successful":false}>>>\x00\x00\x00\x00\x00\x00\x00\x00\x00...\x00\x00\x00\x00\x00\x00\x00} complete=true committing=true callback=Blocker@75926ec{null}
08:52:20.678 [qtp981627501-54] DEBUG org.eclipse.jetty.server.HttpChannel - COMMIT for /account/transfer on HttpChannelOverHttp@a0e4500{s=HttpChannelState@30b69890{s=HANDLING rs=BLOCKING os=COMMITTED is=IDLE awp=false se=false i=true al=0},r=1,c=false/false,a=HANDLING,uri=//localhost:8888/account/transfer,age=10}
200 OK HTTP/1.1
Date: Thu, 26 Dec 2019 07:52:20 GMT
Content-Length: 178
Content-Type: application/json


08:52:20.678 [qtp981627501-54] DEBUG o.e.jetty.server.HttpConnection - generate: NEED_HEADER for org.eclipse.jetty.server.HttpConnection$SendCallback@435a4494[PROCESSING][i=HTTP/1.1{s=200,h=3,cl=178},cb=org.eclipse.jetty.server.HttpChannel$SendCallback@61bb874b] (null,[p=0,l=178,c=8192,r=178],true)@START
08:52:20.678 [qtp981627501-54] DEBUG org.eclipse.jetty.http.HttpGenerator - generateHeaders HTTP/1.1{s=200,h=3,cl=178} last=true content=HeapByteBuffer@73fe44d5[p=0,l=178,c=8192,r=178]={<<<{"details":"Request: de50...0}","successful":false}>>>\x00\x00\x00\x00\x00\x00\x00\x00\x00...\x00\x00\x00\x00\x00\x00\x00}
08:52:20.678 [qtp981627501-54] DEBUG org.eclipse.jetty.http.HttpGenerator - Date: Thu, 26 Dec 2019 07:52:20 GMT
Content-Length: 178
Content-Type: application/json


08:52:20.678 [qtp981627501-54] DEBUG org.eclipse.jetty.http.HttpGenerator - CONTENT_LENGTH
08:52:20.678 [qtp981627501-54] DEBUG o.e.jetty.server.HttpConnection - generate: FLUSH for org.eclipse.jetty.server.HttpConnection$SendCallback@435a4494[PROCESSING][i=HTTP/1.1{s=200,h=3,cl=178},cb=org.eclipse.jetty.server.HttpChannel$SendCallback@61bb874b] ([p=0,l=142,c=8192,r=142],[p=0,l=178,c=8192,r=178],true)@COMPLETING
08:52:20.678 [qtp981627501-54] DEBUG org.eclipse.jetty.io.WriteFlusher - write: WriteFlusher@6062af45{IDLE}->null [HeapByteBuffer@4a188da8[p=0,l=142,c=8192,r=142]={<<<HTTP/1.1 200 OK\r\nDate: Th...y(9.4.25.v20191220)\r\n\r\n>>> Keep-Ali...\x00\x00\x00\x00\x00\x00\x00},HeapByteBuffer@73fe44d5[p=0,l=178,c=8192,r=178]={<<<{"details":"Request: de50...0}","successful":false}>>>\x00\x00\x00\x00\x00\x00\x00\x00\x00...\x00\x00\x00\x00\x00\x00\x00}]
08:52:20.678 [qtp981627501-54] DEBUG org.eclipse.jetty.io.WriteFlusher - update WriteFlusher@6062af45{WRITING}->null:IDLE-->WRITING
08:52:20.678 [Test worker] DEBUG org.apache.http.wire - http-outgoing-7 << "HTTP/1.1 200 OK[\r][\n]"
08:52:20.679 [Test worker] DEBUG org.apache.http.wire - http-outgoing-7 << "Date: Thu, 26 Dec 2019 07:52:20 GMT[\r][\n]"
08:52:20.679 [Test worker] DEBUG org.apache.http.wire - http-outgoing-7 << "Content-Type: application/json[\r][\n]"
08:52:20.679 [Test worker] DEBUG org.apache.http.wire - http-outgoing-7 << "Content-Length: 178[\r][\n]"
08:52:20.679 [Test worker] DEBUG org.apache.http.wire - http-outgoing-7 << "Server: Jetty(9.4.25.v20191220)[\r][\n]"
08:52:20.679 [Test worker] DEBUG org.apache.http.wire - http-outgoing-7 << "[\r][\n]"
08:52:20.679 [qtp981627501-54] DEBUG org.eclipse.jetty.io.ChannelEndPoint - flushed 320 SocketChannelEndPoint@5ed1066b{/127.0.0.1:58012<->/127.0.0.1:8888,OPEN,fill=-,flush=W,to=11/30000}{io=0/0,kio=0,kro=1}->HttpConnection@7d866c0[p=HttpParser{s=END,0 of -1},g=HttpGenerator@516cda0e{s=COMPLETING}]=>HttpChannelOverHttp@a0e4500{s=HttpChannelState@30b69890{s=HANDLING rs=BLOCKING os=COMMITTED is=IDLE awp=false se=false i=true al=0},r=1,c=false/false,a=HANDLING,uri=//localhost:8888/account/transfer,age=11}
08:52:20.679 [Test worker] DEBUG org.apache.http.wire - http-outgoing-7 << "{"details":"Request: de507a76-9364-4c6c-8822-0917386c1596. Failed. Insufficient funds. Can't transfer Money{amount=10}. Current balance is Money{amount=0.00}","successful":false}"
08:52:20.679 [qtp981627501-54] DEBUG org.eclipse.jetty.io.WriteFlusher - Flushed=true written=320 remaining=0 WriteFlusher@6062af45{WRITING}->null
08:52:20.679 [qtp981627501-54] DEBUG org.eclipse.jetty.io.WriteFlusher - update WriteFlusher@6062af45{IDLE}->null:WRITING-->IDLE
08:52:20.679 [Test worker] DEBUG org.apache.http.headers - http-outgoing-7 << HTTP/1.1 200 OK
08:52:20.679 [qtp981627501-54] DEBUG o.e.jetty.server.HttpConnection - generate: DONE for org.eclipse.jetty.server.HttpConnection$SendCallback@435a4494[PROCESSING][i=HTTP/1.1{s=200,h=3,cl=178},cb=org.eclipse.jetty.server.HttpChannel$SendCallback@61bb874b] ([p=142,l=142,c=8192,r=0],[p=178,l=178,c=8192,r=0],true)@END
08:52:20.679 [Test worker] DEBUG org.apache.http.headers - http-outgoing-7 << Date: Thu, 26 Dec 2019 07:52:20 GMT
08:52:20.679 [Test worker] DEBUG org.apache.http.headers - http-outgoing-7 << Content-Type: application/json
08:52:20.679 [Test worker] DEBUG org.apache.http.headers - http-outgoing-7 << Content-Length: 178
08:52:20.679 [Test worker] DEBUG org.apache.http.headers - http-outgoing-7 << Server: Jetty(9.4.25.v20191220)
08:52:20.679 [qtp981627501-54] DEBUG org.eclipse.jetty.server.HttpOutput - onWriteComplete(true,null) s=CLOSING,api=BLOCKED,sc=false,e=null->s=CLOSED,api=BLOCKING,sc=false,e=null c=null cb=null w=false
08:52:20.679 [Test worker] DEBUG o.a.h.impl.execchain.MainClientExec - Connection can be kept alive indefinitely
08:52:20.679 [qtp981627501-54] DEBUG org.eclipse.jetty.server.session - Leaving scope org.eclipse.jetty.server.session.SessionHandler910822479==dftMaxIdleSec=-1 dispatch=REQUEST, async=false, session=null, oldsession=null, oldsessionhandler=null
08:52:20.679 [Test worker] DEBUG o.a.h.i.c.PoolingHttpClientConnectionManager - Connection [id: 7][route: {}->http://localhost:8888] can be kept alive indefinitely
08:52:20.679 [Test worker] DEBUG o.a.h.i.c.DefaultManagedHttpClientConnection - http-outgoing-7: set socket timeout to 0
08:52:20.679 [qtp981627501-54] DEBUG org.eclipse.jetty.server.Server - handled=true async=false committed=true on HttpChannelOverHttp@a0e4500{s=HttpChannelState@30b69890{s=HANDLING rs=BLOCKING os=COMPLETED is=IDLE awp=false se=false i=true al=0},r=1,c=false/true,a=HANDLING,uri=//localhost:8888/account/transfer,age=11}
08:52:20.679 [Test worker] DEBUG o.a.h.i.c.PoolingHttpClientConnectionManager - Connection released: [id: 7][route: {}->http://localhost:8888][total kept alive: 1; route allocated: 1 of 2; total allocated: 1 of 20]
08:52:20.679 [qtp981627501-54] DEBUG o.e.jetty.server.HttpChannelState - unhandle HttpChannelState@30b69890{s=HANDLING rs=BLOCKING os=COMPLETED is=IDLE awp=false se=false i=true al=0}
08:52:20.679 [qtp981627501-54] DEBUG o.e.jetty.server.HttpChannelState - nextAction(false) COMPLETE HttpChannelState@30b69890{s=HANDLING rs=COMPLETING os=COMPLETED is=IDLE awp=false se=false i=false al=0}
08:52:20.679 [qtp981627501-54] DEBUG org.eclipse.jetty.server.HttpChannel - action COMPLETE HttpChannelOverHttp@a0e4500{s=HttpChannelState@30b69890{s=HANDLING rs=COMPLETING os=COMPLETED is=IDLE awp=false se=false i=false al=0},r=1,c=false/true,a=HANDLING,uri=//localhost:8888/account/transfer,age=11}
08:52:20.679 [qtp981627501-54] DEBUG org.eclipse.jetty.server.HttpOutput - complete(org.eclipse.jetty.util.Callback$4@2ec29be3) s=CLOSED,api=BLOCKING,sc=false,e=null s=true e=null, c=null
08:52:20.679 [qtp981627501-54] DEBUG o.e.jetty.server.HttpChannelState - completed HttpChannelState@30b69890{s=HANDLING rs=COMPLETING os=COMPLETED is=IDLE awp=false se=false i=false al=0}
08:52:20.679 [qtp981627501-54] DEBUG o.e.jetty.server.HttpChannelState - unhandle HttpChannelState@30b69890{s=HANDLING rs=COMPLETED os=COMPLETED is=IDLE awp=false se=false i=false al=0}
08:52:20.679 [qtp981627501-54] DEBUG o.e.jetty.server.HttpChannelState - nextAction(false) TERMINATED HttpChannelState@30b69890{s=IDLE rs=COMPLETED os=COMPLETED is=IDLE awp=false se=false i=false al=0}
08:52:20.679 [qtp981627501-54] DEBUG org.eclipse.jetty.server.HttpChannel - action TERMINATED HttpChannelOverHttp@a0e4500{s=HttpChannelState@30b69890{s=IDLE rs=COMPLETED os=COMPLETED is=IDLE awp=false se=false i=false al=0},r=1,c=true/true,a=IDLE,uri=//localhost:8888/account/transfer,age=11}
08:52:20.679 [Test worker] DEBUG o.e.j.u.component.AbstractLifeCycle - stopping Server@34459b4d{STARTED}[9.4.25.v20191220]
08:52:20.679 [qtp981627501-54] DEBUG org.eclipse.jetty.server.HttpChannel - onCompleted for /account/transfer written=178
08:52:20.679 [Test worker] DEBUG org.eclipse.jetty.server.Server - doStop Server@34459b4d{STOPPING}[9.4.25.v20191220]
08:52:20.679 [qtp981627501-54] DEBUG o.e.jetty.server.HttpChannelState - recycle HttpChannelState@30b69890{s=IDLE rs=COMPLETED os=COMPLETED is=IDLE awp=false se=false i=false al=0}
08:52:20.680 [qtp981627501-54] DEBUG org.eclipse.jetty.http.HttpParser - reset HttpParser{s=END,0 of -1}
08:52:20.680 [qtp981627501-54] DEBUG org.eclipse.jetty.http.HttpParser - END --> START
08:52:20.680 [Test worker] DEBUG o.e.j.s.h.AbstractHandlerContainer - Graceful shutdown Server@34459b4d{STOPPING}[9.4.25.v20191220] by 
08:52:20.680 [qtp981627501-54] DEBUG org.eclipse.jetty.server.HttpChannel - !handle TERMINATED HttpChannelOverHttp@a0e4500{s=HttpChannelState@30b69890{s=IDLE rs=BLOCKING os=OPEN is=IDLE awp=false se=false i=true al=0},r=1,c=false/false,a=IDLE,uri=null,age=0}
08:52:20.680 [Test worker] DEBUG o.e.j.u.component.AbstractLifeCycle - stopping ServerConnector@5cc094ae{HTTP/1.1,[http/1.1]}{0.0.0.0:8888}
08:52:20.680 [qtp981627501-54] DEBUG org.eclipse.jetty.io.ChannelEndPoint - filled 0 HeapByteBuffer@4a188da8[p=0,l=0,c=8192,r=0]={<<<>>>HTTP/1.1 ...\x00\x00\x00\x00\x00\x00\x00}
08:52:20.680 [qtp981627501-54] DEBUG org.eclipse.jetty.io.ChannelEndPoint - filled 0 HeapByteBuffer@4a188da8[p=0,l=0,c=8192,r=0]={<<<>>>HTTP/1.1 ...\x00\x00\x00\x00\x00\x00\x00}
08:52:20.680 [qtp981627501-54] DEBUG o.e.jetty.server.HttpConnection - HttpConnection@7d866c0::SocketChannelEndPoint@5ed1066b{/127.0.0.1:58012<->/127.0.0.1:8888,OPEN,fill=-,flush=-,to=1/30000}{io=0/0,kio=0,kro=1}->HttpConnection@7d866c0[p=HttpParser{s=START,0 of -1},g=HttpGenerator@516cda0e{s=START}]=>HttpChannelOverHttp@a0e4500{s=HttpChannelState@30b69890{s=IDLE rs=BLOCKING os=OPEN is=IDLE awp=false se=false i=true al=0},r=1,c=false/false,a=IDLE,uri=null,age=0} filled 0 HeapByteBuffer@4a188da8[p=0,l=0,c=8192,r=0]={<<<>>>HTTP/1.1 ...\x00\x00\x00\x00\x00\x00\x00}
08:52:20.680 [Test worker] DEBUG o.e.j.u.component.AbstractLifeCycle - stopping SelectorManager@ServerConnector@5cc094ae{HTTP/1.1,[http/1.1]}{0.0.0.0:8888}
08:52:20.680 [qtp981627501-56] DEBUG o.e.j.util.thread.QueuedThreadPool - ran qtp981627501-56-acceptor-0@3d8a6c99-ServerConnector@5cc094ae{HTTP/1.1,[http/1.1]}{0.0.0.0:8888} in QueuedThreadPool[qtp981627501]@3a82726d{STARTED,8<=8<=200,i=1,r=8,q=0}[ReservedThreadExecutor@6dc9f95b{s=1/8,p=0}]
08:52:20.680 [Test worker] DEBUG o.e.j.u.component.AbstractLifeCycle - stopping ManagedSelector@345b29bb{STARTED} id=3 keys=0 selected=0 updates=0
08:52:20.680 [qtp981627501-54] DEBUG o.e.jetty.server.HttpConnection - HttpConnection@7d866c0::SocketChannelEndPoint@5ed1066b{/127.0.0.1:58012<->/127.0.0.1:8888,OPEN,fill=-,flush=-,to=1/30000}{io=0/0,kio=0,kro=1}->HttpConnection@7d866c0[p=HttpParser{s=START,0 of -1},g=HttpGenerator@516cda0e{s=START}]=>HttpChannelOverHttp@a0e4500{s=HttpChannelState@30b69890{s=IDLE rs=BLOCKING os=OPEN is=IDLE awp=false se=false i=true al=0},r=1,c=false/false,a=IDLE,uri=null,age=0} parse HeapByteBuffer@4a188da8[p=0,l=0,c=8192,r=0]={<<<>>>HTTP/1.1 ...\x00\x00\x00\x00\x00\x00\x00} {}
08:52:20.680 [Test worker] DEBUG org.eclipse.jetty.io.ManagedSelector - Queued change org.eclipse.jetty.io.ManagedSelector$CloseConnections@30d1a859 on ManagedSelector@345b29bb{STOPPING} id=3 keys=0 selected=0 updates=0
08:52:20.680 [Test worker] DEBUG org.eclipse.jetty.io.ManagedSelector - Wakeup on submit ManagedSelector@345b29bb{STOPPING} id=3 keys=0 selected=0 updates=1
08:52:20.680 [qtp981627501-54] DEBUG org.eclipse.jetty.http.HttpParser - parseNext s=START HeapByteBuffer@4a188da8[p=0,l=0,c=8192,r=0]={<<<>>>HTTP/1.1 ...\x00\x00\x00\x00\x00\x00\x00}
08:52:20.680 [qtp981627501-55] DEBUG org.eclipse.jetty.io.ManagedSelector - Selector sun.nio.ch.WindowsSelectorImpl@13939b47 woken with none selected
08:52:20.680 [qtp981627501-55] DEBUG org.eclipse.jetty.io.ManagedSelector - Selector sun.nio.ch.WindowsSelectorImpl@13939b47 woken up from select, 0/0/0 selected
08:52:20.680 [qtp981627501-55] DEBUG org.eclipse.jetty.io.ManagedSelector - Selector sun.nio.ch.WindowsSelectorImpl@13939b47 processing 0 keys, 1 updates
08:52:20.680 [qtp981627501-54] DEBUG o.e.jetty.server.HttpConnection - HttpConnection@7d866c0::SocketChannelEndPoint@5ed1066b{/127.0.0.1:58012<->/127.0.0.1:8888,OPEN,fill=-,flush=-,to=1/30000}{io=0/0,kio=0,kro=1}->HttpConnection@7d866c0[p=HttpParser{s=START,0 of -1},g=HttpGenerator@516cda0e{s=START}]=>HttpChannelOverHttp@a0e4500{s=HttpChannelState@30b69890{s=IDLE rs=BLOCKING os=OPEN is=IDLE awp=false se=false i=true al=0},r=1,c=false/false,a=IDLE,uri=null,age=0} parsed false HttpParser{s=START,0 of -1}
08:52:20.680 [qtp981627501-55] DEBUG org.eclipse.jetty.io.ManagedSelector - updateable 1
08:52:20.680 [qtp981627501-55] DEBUG org.eclipse.jetty.io.ManagedSelector - update org.eclipse.jetty.io.ManagedSelector$CloseConnections@30d1a859
08:52:20.680 [qtp981627501-55] DEBUG org.eclipse.jetty.io.ManagedSelector - Closing 0 connections on ManagedSelector@345b29bb{STOPPING} id=3 keys=0 selected=0 updates=0
08:52:20.680 [qtp981627501-54] DEBUG o.e.jetty.server.HttpConnection - releaseRequestBuffer HttpConnection@7d866c0::SocketChannelEndPoint@5ed1066b{/127.0.0.1:58012<->/127.0.0.1:8888,OPEN,fill=-,flush=-,to=1/30000}{io=0/0,kio=0,kro=1}->HttpConnection@7d866c0[p=HttpParser{s=START,0 of -1},g=HttpGenerator@516cda0e{s=START}]=>HttpChannelOverHttp@a0e4500{s=HttpChannelState@30b69890{s=IDLE rs=BLOCKING os=OPEN is=IDLE awp=false se=false i=true al=0},r=1,c=false/false,a=IDLE,uri=null,age=0}
08:52:20.680 [qtp981627501-55] DEBUG org.eclipse.jetty.io.ManagedSelector - updates 0
08:52:20.680 [Test worker] DEBUG org.eclipse.jetty.io.ManagedSelector - Queued change org.eclipse.jetty.io.ManagedSelector$StopSelector@2f1831d0 on ManagedSelector@345b29bb{STOPPING} id=3 keys=0 selected=0 updates=0
08:52:20.680 [qtp981627501-55] DEBUG org.eclipse.jetty.io.ManagedSelector - Selector sun.nio.ch.WindowsSelectorImpl@13939b47 waiting with 0 keys
08:52:20.680 [Test worker] DEBUG org.eclipse.jetty.io.ManagedSelector - Wakeup on submit ManagedSelector@345b29bb{STOPPING} id=3 keys=0 selected=0 updates=1
08:52:20.680 [qtp981627501-54] DEBUG o.e.jetty.io.AbstractConnection - fillInterested HttpConnection@7d866c0::SocketChannelEndPoint@5ed1066b{/127.0.0.1:58012<->/127.0.0.1:8888,OPEN,fill=-,flush=-,to=1/30000}{io=0/0,kio=0,kro=1}->HttpConnection@7d866c0[p=HttpParser{s=START,0 of -1},g=HttpGenerator@516cda0e{s=START}]=>HttpChannelOverHttp@a0e4500{s=HttpChannelState@30b69890{s=IDLE rs=BLOCKING os=OPEN is=IDLE awp=false se=false i=true al=0},r=1,c=false/false,a=IDLE,uri=null,age=0}
08:52:20.680 [qtp981627501-55] DEBUG org.eclipse.jetty.io.ManagedSelector - Selector sun.nio.ch.WindowsSelectorImpl@13939b47 woken with none selected
08:52:20.680 [qtp981627501-55] DEBUG org.eclipse.jetty.io.ManagedSelector - Selector sun.nio.ch.WindowsSelectorImpl@13939b47 woken up from select, 0/0/0 selected
08:52:20.680 [qtp981627501-55] DEBUG org.eclipse.jetty.io.ManagedSelector - Selector sun.nio.ch.WindowsSelectorImpl@13939b47 processing 0 keys, 1 updates
08:52:20.680 [qtp981627501-54] DEBUG org.eclipse.jetty.io.FillInterest - interested FillInterest@29b2b366{AC.ReadCB@7d866c0{HttpConnection@7d866c0::SocketChannelEndPoint@5ed1066b{/127.0.0.1:58012<->/127.0.0.1:8888,OPEN,fill=FI,flush=-,to=0/30000}{io=0/0,kio=0,kro=1}->HttpConnection@7d866c0[p=HttpParser{s=START,0 of -1},g=HttpGenerator@516cda0e{s=START}]=>HttpChannelOverHttp@a0e4500{s=HttpChannelState@30b69890{s=IDLE rs=BLOCKING os=OPEN is=IDLE awp=false se=false i=true al=0},r=1,c=false/false,a=IDLE,uri=null,age=0}}}
08:52:20.680 [qtp981627501-55] DEBUG org.eclipse.jetty.io.ManagedSelector - updateable 1
08:52:20.681 [qtp981627501-55] DEBUG org.eclipse.jetty.io.ManagedSelector - update org.eclipse.jetty.io.ManagedSelector$StopSelector@2f1831d0
08:52:20.681 [qtp981627501-54] DEBUG org.eclipse.jetty.io.ChannelEndPoint - changeInterests p=false 0->1 for SocketChannelEndPoint@5ed1066b{/127.0.0.1:58012<->/127.0.0.1:8888,OPEN,fill=FI,flush=-,to=0/30000}{io=0/1,kio=0,kro=1}->HttpConnection@7d866c0[p=HttpParser{s=START,0 of -1},g=HttpGenerator@516cda0e{s=START}]=>HttpChannelOverHttp@a0e4500{s=HttpChannelState@30b69890{s=IDLE rs=BLOCKING os=OPEN is=IDLE awp=false se=false i=true al=0},r=1,c=false/false,a=IDLE,uri=null,age=0}
08:52:20.681 [qtp981627501-54] DEBUG org.eclipse.jetty.io.ManagedSelector - Queued change org.eclipse.jetty.io.ChannelEndPoint$1@2d44ccd8 on ManagedSelector@8174fa{STARTED} id=2 keys=1 selected=0 updates=0
08:52:20.681 [qtp981627501-54] DEBUG org.eclipse.jetty.io.ManagedSelector - Wakeup on submit ManagedSelector@8174fa{STARTED} id=2 keys=1 selected=0 updates=1
08:52:20.681 [qtp981627501-55] DEBUG org.eclipse.jetty.io.ManagedSelector - updates 0
08:52:20.681 [qtp981627501-58] DEBUG org.eclipse.jetty.io.ManagedSelector - Selector sun.nio.ch.WindowsSelectorImpl@5e63e32 woken with none selected
08:52:20.681 [qtp981627501-58] DEBUG org.eclipse.jetty.io.ManagedSelector - Selector sun.nio.ch.WindowsSelectorImpl@5e63e32 woken up from select, 0/0/1 selected
08:52:20.681 [qtp981627501-54] DEBUG o.e.jetty.server.HttpConnection - HttpConnection@7d866c0::SocketChannelEndPoint@5ed1066b{/127.0.0.1:58012<->/127.0.0.1:8888,OPEN,fill=FI,flush=-,to=0/30000}{io=0/1,kio=0,kro=1}->HttpConnection@7d866c0[p=HttpParser{s=START,0 of -1},g=HttpGenerator@516cda0e{s=START}]=>HttpChannelOverHttp@a0e4500{s=HttpChannelState@30b69890{s=IDLE rs=BLOCKING os=OPEN is=IDLE awp=false se=false i=true al=0},r=1,c=false/false,a=IDLE,uri=null,age=0} onFillable exit HttpChannelState@30b69890{s=IDLE rs=BLOCKING os=OPEN is=IDLE awp=false se=false i=true al=0} null
08:52:20.681 [qtp981627501-58] DEBUG org.eclipse.jetty.io.ManagedSelector - Selector sun.nio.ch.WindowsSelectorImpl@5e63e32 processing 0 keys, 1 updates
08:52:20.681 [qtp981627501-54] DEBUG o.e.j.util.thread.QueuedThreadPool - ran org.eclipse.jetty.io.ManagedSelector$$Lambda$217/1330559266@65aea1a9 in QueuedThreadPool[qtp981627501]@3a82726d{STARTED,8<=8<=200,i=2,r=8,q=0}[ReservedThreadExecutor@6dc9f95b{s=1/8,p=0}]
08:52:20.681 [qtp981627501-58] DEBUG org.eclipse.jetty.io.ManagedSelector - updateable 1
08:52:20.681 [Test worker] DEBUG o.e.j.u.component.AbstractLifeCycle - stopping EatWhatYouKill@78cc1329/SelectorProducer@25201f8d/PRODUCING/p=false/QueuedThreadPool[qtp981627501]@3a82726d{STARTED,8<=8<=200,i=2,r=8,q=0}[ReservedThreadExecutor@6dc9f95b{s=1/8,p=0}][pc=0,pic=0,pec=0,epc=0]@2019-12-26T08:52:20.681+01:00
08:52:20.681 [qtp981627501-58] DEBUG org.eclipse.jetty.io.ManagedSelector - update org.eclipse.jetty.io.ChannelEndPoint$1@2d44ccd8
08:52:20.681 [qtp981627501-55] DEBUG o.e.j.util.thread.QueuedThreadPool - ran org.eclipse.jetty.io.ManagedSelector$$Lambda$217/1330559266@d4778af in QueuedThreadPool[qtp981627501]@3a82726d{STARTED,8<=8<=200,i=3,r=8,q=0}[ReservedThreadExecutor@6dc9f95b{s=1/8,p=0}]
08:52:20.681 [qtp981627501-58] DEBUG org.eclipse.jetty.io.ChannelEndPoint - Key interests updated 0 -> 1 on SocketChannelEndPoint@5ed1066b{/127.0.0.1:58012<->/127.0.0.1:8888,OPEN,fill=FI,flush=-,to=0/30000}{io=1/1,kio=1,kro=1}->HttpConnection@7d866c0[p=HttpParser{s=START,0 of -1},g=HttpGenerator@516cda0e{s=START}]=>HttpChannelOverHttp@a0e4500{s=HttpChannelState@30b69890{s=IDLE rs=BLOCKING os=OPEN is=IDLE awp=false se=false i=true al=0},r=1,c=false/false,a=IDLE,uri=null,age=0}
08:52:20.681 [Test worker] DEBUG o.e.j.u.component.AbstractLifeCycle - STOPPED EatWhatYouKill@78cc1329/SelectorProducer@25201f8d/IDLE/p=false/QueuedThreadPool[qtp981627501]@3a82726d{STARTED,8<=8<=200,i=3,r=8,q=0}[ReservedThreadExecutor@6dc9f95b{s=1/8,p=0}][pc=0,pic=0,pec=0,epc=0]@2019-12-26T08:52:20.681+01:00
08:52:20.681 [qtp981627501-58] DEBUG org.eclipse.jetty.io.ManagedSelector - updates 0
08:52:20.681 [Test worker] DEBUG o.e.j.u.component.AbstractLifeCycle - STOPPED ManagedSelector@345b29bb{STOPPED} id=3 keys=-1 selected=-1 updates=0
08:52:20.681 [qtp981627501-58] DEBUG org.eclipse.jetty.io.ManagedSelector - Selector sun.nio.ch.WindowsSelectorImpl@5e63e32 waiting with 1 keys
08:52:20.681 [Test worker] DEBUG o.e.j.u.component.AbstractLifeCycle - stopping ManagedSelector@8174fa{STARTED} id=2 keys=1 selected=0 updates=0
08:52:20.681 [Test worker] DEBUG org.eclipse.jetty.io.ManagedSelector - Queued change org.eclipse.jetty.io.ManagedSelector$CloseConnections@3a52bb11 on ManagedSelector@8174fa{STOPPING} id=2 keys=1 selected=0 updates=0
08:52:20.681 [Test worker] DEBUG org.eclipse.jetty.io.ManagedSelector - Wakeup on submit ManagedSelector@8174fa{STOPPING} id=2 keys=1 selected=0 updates=1
08:52:20.681 [qtp981627501-58] DEBUG org.eclipse.jetty.io.ManagedSelector - Selector sun.nio.ch.WindowsSelectorImpl@5e63e32 woken with none selected
08:52:20.681 [qtp981627501-58] DEBUG org.eclipse.jetty.io.ManagedSelector - Selector sun.nio.ch.WindowsSelectorImpl@5e63e32 woken up from select, 0/0/1 selected
08:52:20.681 [qtp981627501-58] DEBUG org.eclipse.jetty.io.ManagedSelector - Selector sun.nio.ch.WindowsSelectorImpl@5e63e32 processing 0 keys, 1 updates
08:52:20.681 [qtp981627501-58] DEBUG org.eclipse.jetty.io.ManagedSelector - updateable 1
08:52:20.681 [qtp981627501-58] DEBUG org.eclipse.jetty.io.ManagedSelector - update org.eclipse.jetty.io.ManagedSelector$CloseConnections@3a52bb11
08:52:20.681 [qtp981627501-58] DEBUG org.eclipse.jetty.io.ManagedSelector - Closing 1 connections on ManagedSelector@8174fa{STOPPING} id=2 keys=1 selected=0 updates=0
08:52:20.681 [qtp981627501-58] DEBUG o.eclipse.jetty.io.AbstractEndPoint - close SocketChannelEndPoint@5ed1066b{/127.0.0.1:58012<->/127.0.0.1:8888,OPEN,fill=FI,flush=-,to=1/30000}{io=1/1,kio=1,kro=1}->HttpConnection@7d866c0[p=HttpParser{s=START,0 of -1},g=HttpGenerator@516cda0e{s=START}]=>HttpChannelOverHttp@a0e4500{s=HttpChannelState@30b69890{s=IDLE rs=BLOCKING os=OPEN is=IDLE awp=false se=false i=true al=0},r=1,c=false/false,a=IDLE,uri=null,age=0}
08:52:20.682 [qtp981627501-58] DEBUG o.eclipse.jetty.io.AbstractEndPoint - close(null) SocketChannelEndPoint@5ed1066b{/127.0.0.1:58012<->/127.0.0.1:8888,OPEN,fill=FI,flush=-,to=1/30000}{io=1/1,kio=1,kro=1}->HttpConnection@7d866c0[p=HttpParser{s=START,0 of -1},g=HttpGenerator@516cda0e{s=START}]=>HttpChannelOverHttp@a0e4500{s=HttpChannelState@30b69890{s=IDLE rs=BLOCKING os=OPEN is=IDLE awp=false se=false i=true al=0},r=1,c=false/false,a=IDLE,uri=null,age=0}
08:52:20.682 [qtp981627501-58] DEBUG org.eclipse.jetty.io.ChannelEndPoint - doClose SocketChannelEndPoint@5ed1066b{/127.0.0.1:58012<->/127.0.0.1:8888,CLOSED,fill=FI,flush=-,to=1/30000}{io=1/1,kio=1,kro=1}->HttpConnection@7d866c0[p=HttpParser{s=START,0 of -1},g=HttpGenerator@516cda0e{s=START}]=>HttpChannelOverHttp@a0e4500{s=HttpChannelState@30b69890{s=IDLE rs=BLOCKING os=OPEN is=IDLE awp=false se=false i=true al=0},r=1,c=false/false,a=IDLE,uri=null,age=0}
08:52:20.682 [qtp981627501-58] DEBUG org.eclipse.jetty.io.FillInterest - onClose FillInterest@29b2b366{AC.ReadCB@7d866c0{HttpConnection@7d866c0::SocketChannelEndPoint@5ed1066b{/127.0.0.1:58012<->/127.0.0.1:8888,CLOSED,fill=FI,flush=-,to=1/30000}{io=1/1,kio=-1,kro=-1}->HttpConnection@7d866c0[p=HttpParser{s=START,0 of -1},g=HttpGenerator@516cda0e{s=START}]=>HttpChannelOverHttp@a0e4500{s=HttpChannelState@30b69890{s=IDLE rs=BLOCKING os=OPEN is=IDLE awp=false se=false i=true al=0},r=1,c=false/false,a=IDLE,uri=null,age=0}}}
08:52:20.682 [qtp981627501-58] DEBUG org.eclipse.jetty.http.HttpParser - close HttpParser{s=START,0 of -1}
08:52:20.682 [qtp981627501-58] DEBUG org.eclipse.jetty.http.HttpParser - START --> CLOSE
08:52:20.682 [qtp981627501-58] DEBUG o.e.jetty.io.AbstractConnection - HttpConnection@7d866c0::SocketChannelEndPoint@5ed1066b{/127.0.0.1:58012<->/127.0.0.1:8888,CLOSED,fill=-,flush=-,to=1/30000}{io=1/1,kio=-1,kro=-1}->HttpConnection@7d866c0[p=HttpParser{s=CLOSE,0 of -1},g=HttpGenerator@516cda0e{s=START}]=>HttpChannelOverHttp@a0e4500{s=HttpChannelState@30b69890{s=IDLE rs=BLOCKING os=OPEN is=IDLE awp=false se=false i=true al=0},r=1,c=false/false,a=IDLE,uri=null,age=0} onFillInterestedFailed java.nio.channels.ClosedChannelException
08:52:20.682 [qtp981627501-58] DEBUG org.eclipse.jetty.io.ManagedSelector - Wakeup ManagedSelector@8174fa{STOPPING} id=2 keys=1 selected=0 updates=0
08:52:20.682 [qtp981627501-58] DEBUG o.e.j.util.thread.QueuedThreadPool - queue org.eclipse.jetty.io.ManagedSelector$DestroyEndPoint@790a7dcd startThread=0
08:52:20.682 [qtp981627501-58] DEBUG org.eclipse.jetty.io.ManagedSelector - updates 0
08:52:20.682 [qtp981627501-57] DEBUG o.e.j.util.thread.QueuedThreadPool - run org.eclipse.jetty.io.ManagedSelector$DestroyEndPoint@790a7dcd in QueuedThreadPool[qtp981627501]@3a82726d{STARTED,8<=8<=200,i=3,r=8,q=0}[ReservedThreadExecutor@6dc9f95b{s=1/8,p=0}]
08:52:20.682 [qtp981627501-58] DEBUG org.eclipse.jetty.io.ManagedSelector - Selector sun.nio.ch.WindowsSelectorImpl@5e63e32 waiting with 1 keys
08:52:20.682 [Test worker] DEBUG org.eclipse.jetty.io.ManagedSelector - Queued change org.eclipse.jetty.io.ManagedSelector$StopSelector@35431c6 on ManagedSelector@8174fa{STOPPING} id=2 keys=1 selected=0 updates=0
08:52:20.682 [Test worker] DEBUG org.eclipse.jetty.io.ManagedSelector - Wakeup on submit ManagedSelector@8174fa{STOPPING} id=2 keys=0 selected=0 updates=1
08:52:20.682 [qtp981627501-57] DEBUG org.eclipse.jetty.io.ManagedSelector - Destroyed SocketChannelEndPoint@5ed1066b{/127.0.0.1:58012<->/127.0.0.1:8888,CLOSED,fill=-,flush=-,to=1/30000}{io=1/1,kio=-1,kro=-1}->HttpConnection@7d866c0[p=HttpParser{s=CLOSE,0 of -1},g=HttpGenerator@516cda0e{s=START}]=>HttpChannelOverHttp@a0e4500{s=HttpChannelState@30b69890{s=IDLE rs=BLOCKING os=OPEN is=IDLE awp=false se=false i=true al=0},r=1,c=false/false,a=IDLE,uri=null,age=0}
08:52:20.682 [qtp981627501-58] DEBUG org.eclipse.jetty.io.ManagedSelector - Selector sun.nio.ch.WindowsSelectorImpl@5e63e32 woken with none selected
08:52:20.682 [qtp981627501-58] DEBUG org.eclipse.jetty.io.ManagedSelector - Selector sun.nio.ch.WindowsSelectorImpl@5e63e32 woken up from select, 0/0/0 selected
08:52:20.682 [qtp981627501-58] DEBUG org.eclipse.jetty.io.ManagedSelector - Selector sun.nio.ch.WindowsSelectorImpl@5e63e32 processing 0 keys, 1 updates
08:52:20.682 [qtp981627501-58] DEBUG org.eclipse.jetty.io.ManagedSelector - updateable 1
08:52:20.682 [qtp981627501-57] DEBUG o.e.jetty.io.AbstractConnection - onClose HttpConnection@7d866c0::SocketChannelEndPoint@5ed1066b{/127.0.0.1:58012<->/127.0.0.1:8888,CLOSED,fill=-,flush=-,to=1/30000}{io=1/1,kio=-1,kro=-1}->HttpConnection@7d866c0[p=HttpParser{s=CLOSE,0 of -1},g=HttpGenerator@516cda0e{s=START}]=>HttpChannelOverHttp@a0e4500{s=HttpChannelState@30b69890{s=IDLE rs=BLOCKING os=OPEN is=IDLE awp=false se=false i=true al=0},r=1,c=false/false,a=IDLE,uri=null,age=0}
08:52:20.682 [qtp981627501-58] DEBUG org.eclipse.jetty.io.ManagedSelector - update org.eclipse.jetty.io.ManagedSelector$StopSelector@35431c6
08:52:20.682 [qtp981627501-57] DEBUG o.e.j.util.thread.QueuedThreadPool - ran org.eclipse.jetty.io.ManagedSelector$DestroyEndPoint@790a7dcd in QueuedThreadPool[qtp981627501]@3a82726d{STARTED,8<=8<=200,i=3,r=8,q=0}[ReservedThreadExecutor@6dc9f95b{s=1/8,p=0}]
08:52:20.683 [qtp981627501-58] DEBUG org.eclipse.jetty.io.ManagedSelector - updates 0
08:52:20.683 [Test worker] DEBUG o.e.j.u.component.AbstractLifeCycle - stopping EatWhatYouKill@77654a8f/SelectorProducer@75ac98da/PRODUCING/p=false/QueuedThreadPool[qtp981627501]@3a82726d{STARTED,8<=8<=200,i=4,r=8,q=0}[ReservedThreadExecutor@6dc9f95b{s=1/8,p=0}][pc=0,pic=0,pec=0,epc=1]@2019-12-26T08:52:20.683+01:00
08:52:20.683 [qtp981627501-58] DEBUG o.e.j.u.t.ReservedThreadExecutor - ReservedThreadExecutor@6dc9f95b{s=2/8,p=0}@7610eca0 waiting
08:52:20.683 [Test worker] DEBUG o.e.j.u.component.AbstractLifeCycle - STOPPED EatWhatYouKill@77654a8f/SelectorProducer@75ac98da/IDLE/p=false/QueuedThreadPool[qtp981627501]@3a82726d{STARTED,8<=8<=200,i=4,r=8,q=0}[ReservedThreadExecutor@6dc9f95b{s=2/8,p=0}][pc=0,pic=0,pec=0,epc=1]@2019-12-26T08:52:20.683+01:00
08:52:20.683 [Test worker] DEBUG o.e.j.u.component.AbstractLifeCycle - STOPPED ManagedSelector@8174fa{STOPPED} id=2 keys=-1 selected=-1 updates=0
08:52:20.683 [Test worker] DEBUG o.e.j.u.component.AbstractLifeCycle - stopping ManagedSelector@76e1da91{STARTED} id=1 keys=1 selected=0 updates=0
08:52:20.683 [Test worker] DEBUG org.eclipse.jetty.io.ManagedSelector - Queued change org.eclipse.jetty.io.ManagedSelector$CloseConnections@3efad295 on ManagedSelector@76e1da91{STOPPING} id=1 keys=1 selected=0 updates=0
08:52:20.683 [Test worker] DEBUG org.eclipse.jetty.io.ManagedSelector - Wakeup on submit ManagedSelector@76e1da91{STOPPING} id=1 keys=1 selected=0 updates=1
08:52:20.683 [qtp981627501-53] DEBUG org.eclipse.jetty.io.ManagedSelector - Selector sun.nio.ch.WindowsSelectorImpl@7ce887d0 woken with none selected
08:52:20.683 [qtp981627501-53] DEBUG org.eclipse.jetty.io.ManagedSelector - Selector sun.nio.ch.WindowsSelectorImpl@7ce887d0 woken up from select, 0/0/1 selected
08:52:20.683 [qtp981627501-53] DEBUG org.eclipse.jetty.io.ManagedSelector - Selector sun.nio.ch.WindowsSelectorImpl@7ce887d0 processing 0 keys, 1 updates
08:52:20.683 [qtp981627501-53] DEBUG org.eclipse.jetty.io.ManagedSelector - updateable 1
08:52:20.683 [qtp981627501-53] DEBUG org.eclipse.jetty.io.ManagedSelector - update org.eclipse.jetty.io.ManagedSelector$CloseConnections@3efad295
08:52:20.683 [qtp981627501-53] DEBUG org.eclipse.jetty.io.ManagedSelector - Closing 1 connections on ManagedSelector@76e1da91{STOPPING} id=1 keys=1 selected=0 updates=0
08:52:20.683 [qtp981627501-53] DEBUG o.eclipse.jetty.io.AbstractEndPoint - close SocketChannelEndPoint@2c43876b{/127.0.0.1:58011<->/127.0.0.1:8888,OPEN,fill=FI,flush=-,to=21/30000}{io=1/1,kio=1,kro=1}->HttpConnection@5371cd6b[p=HttpParser{s=START,0 of -1},g=HttpGenerator@5290c362{s=START}]=>HttpChannelOverHttp@26bbec1b{s=HttpChannelState@63b966a8{s=IDLE rs=BLOCKING os=OPEN is=IDLE awp=false se=false i=true al=0},r=1,c=false/false,a=IDLE,uri=null,age=0}
08:52:20.683 [qtp981627501-53] DEBUG o.eclipse.jetty.io.AbstractEndPoint - close(null) SocketChannelEndPoint@2c43876b{/127.0.0.1:58011<->/127.0.0.1:8888,OPEN,fill=FI,flush=-,to=21/30000}{io=1/1,kio=1,kro=1}->HttpConnection@5371cd6b[p=HttpParser{s=START,0 of -1},g=HttpGenerator@5290c362{s=START}]=>HttpChannelOverHttp@26bbec1b{s=HttpChannelState@63b966a8{s=IDLE rs=BLOCKING os=OPEN is=IDLE awp=false se=false i=true al=0},r=1,c=false/false,a=IDLE,uri=null,age=0}
08:52:20.683 [qtp981627501-53] DEBUG org.eclipse.jetty.io.ChannelEndPoint - doClose SocketChannelEndPoint@2c43876b{/127.0.0.1:58011<->/127.0.0.1:8888,CLOSED,fill=FI,flush=-,to=21/30000}{io=1/1,kio=1,kro=1}->HttpConnection@5371cd6b[p=HttpParser{s=START,0 of -1},g=HttpGenerator@5290c362{s=START}]=>HttpChannelOverHttp@26bbec1b{s=HttpChannelState@63b966a8{s=IDLE rs=BLOCKING os=OPEN is=IDLE awp=false se=false i=true al=0},r=1,c=false/false,a=IDLE,uri=null,age=0}
08:52:20.684 [qtp981627501-53] DEBUG org.eclipse.jetty.io.FillInterest - onClose FillInterest@2bb2361f{AC.ReadCB@5371cd6b{HttpConnection@5371cd6b::SocketChannelEndPoint@2c43876b{/127.0.0.1:58011<->/127.0.0.1:8888,CLOSED,fill=FI,flush=-,to=22/30000}{io=1/1,kio=-1,kro=-1}->HttpConnection@5371cd6b[p=HttpParser{s=START,0 of -1},g=HttpGenerator@5290c362{s=START}]=>HttpChannelOverHttp@26bbec1b{s=HttpChannelState@63b966a8{s=IDLE rs=BLOCKING os=OPEN is=IDLE awp=false se=false i=true al=0},r=1,c=false/false,a=IDLE,uri=null,age=0}}}
08:52:20.684 [qtp981627501-53] DEBUG org.eclipse.jetty.http.HttpParser - close HttpParser{s=START,0 of -1}
08:52:20.684 [qtp981627501-53] DEBUG org.eclipse.jetty.http.HttpParser - START --> CLOSE
08:52:20.684 [qtp981627501-53] DEBUG o.e.jetty.io.AbstractConnection - HttpConnection@5371cd6b::SocketChannelEndPoint@2c43876b{/127.0.0.1:58011<->/127.0.0.1:8888,CLOSED,fill=-,flush=-,to=22/30000}{io=1/1,kio=-1,kro=-1}->HttpConnection@5371cd6b[p=HttpParser{s=CLOSE,0 of -1},g=HttpGenerator@5290c362{s=START}]=>HttpChannelOverHttp@26bbec1b{s=HttpChannelState@63b966a8{s=IDLE rs=BLOCKING os=OPEN is=IDLE awp=false se=false i=true al=0},r=1,c=false/false,a=IDLE,uri=null,age=0} onFillInterestedFailed java.nio.channels.ClosedChannelException
08:52:20.684 [qtp981627501-53] DEBUG org.eclipse.jetty.io.ManagedSelector - Wakeup ManagedSelector@76e1da91{STOPPING} id=1 keys=1 selected=0 updates=0
08:52:20.684 [qtp981627501-53] DEBUG o.e.j.util.thread.QueuedThreadPool - queue org.eclipse.jetty.io.ManagedSelector$DestroyEndPoint@33126c06 startThread=0
08:52:20.684 [qtp981627501-53] DEBUG org.eclipse.jetty.io.ManagedSelector - updates 0
08:52:20.684 [qtp981627501-53] DEBUG org.eclipse.jetty.io.ManagedSelector - Selector sun.nio.ch.WindowsSelectorImpl@7ce887d0 waiting with 1 keys
08:52:20.684 [qtp981627501-56] DEBUG o.e.j.util.thread.QueuedThreadPool - run org.eclipse.jetty.io.ManagedSelector$DestroyEndPoint@33126c06 in QueuedThreadPool[qtp981627501]@3a82726d{STARTED,8<=8<=200,i=3,r=8,q=0}[ReservedThreadExecutor@6dc9f95b{s=2/8,p=0}]
08:52:20.684 [Test worker] DEBUG org.eclipse.jetty.io.ManagedSelector - Queued change org.eclipse.jetty.io.ManagedSelector$StopSelector@5002e22b on ManagedSelector@76e1da91{STOPPING} id=1 keys=1 selected=0 updates=0
08:52:20.684 [Test worker] DEBUG org.eclipse.jetty.io.ManagedSelector - Wakeup on submit ManagedSelector@76e1da91{STOPPING} id=1 keys=0 selected=0 updates=1
08:52:20.684 [qtp981627501-56] DEBUG org.eclipse.jetty.io.ManagedSelector - Destroyed SocketChannelEndPoint@2c43876b{/127.0.0.1:58011<->/127.0.0.1:8888,CLOSED,fill=-,flush=-,to=22/30000}{io=1/1,kio=-1,kro=-1}->HttpConnection@5371cd6b[p=HttpParser{s=CLOSE,0 of -1},g=HttpGenerator@5290c362{s=START}]=>HttpChannelOverHttp@26bbec1b{s=HttpChannelState@63b966a8{s=IDLE rs=BLOCKING os=OPEN is=IDLE awp=false se=false i=true al=0},r=1,c=false/false,a=IDLE,uri=null,age=0}
08:52:20.684 [qtp981627501-53] DEBUG org.eclipse.jetty.io.ManagedSelector - Selector sun.nio.ch.WindowsSelectorImpl@7ce887d0 woken with none selected
08:52:20.684 [qtp981627501-53] DEBUG org.eclipse.jetty.io.ManagedSelector - Selector sun.nio.ch.WindowsSelectorImpl@7ce887d0 woken up from select, 0/0/0 selected
08:52:20.684 [qtp981627501-53] DEBUG org.eclipse.jetty.io.ManagedSelector - Selector sun.nio.ch.WindowsSelectorImpl@7ce887d0 processing 0 keys, 1 updates
08:52:20.684 [qtp981627501-53] DEBUG org.eclipse.jetty.io.ManagedSelector - updateable 1
08:52:20.684 [qtp981627501-56] DEBUG o.e.jetty.io.AbstractConnection - onClose HttpConnection@5371cd6b::SocketChannelEndPoint@2c43876b{/127.0.0.1:58011<->/127.0.0.1:8888,CLOSED,fill=-,flush=-,to=22/30000}{io=1/1,kio=-1,kro=-1}->HttpConnection@5371cd6b[p=HttpParser{s=CLOSE,0 of -1},g=HttpGenerator@5290c362{s=START}]=>HttpChannelOverHttp@26bbec1b{s=HttpChannelState@63b966a8{s=IDLE rs=BLOCKING os=OPEN is=IDLE awp=false se=false i=true al=0},r=1,c=false/false,a=IDLE,uri=null,age=0}
08:52:20.684 [qtp981627501-53] DEBUG org.eclipse.jetty.io.ManagedSelector - update org.eclipse.jetty.io.ManagedSelector$StopSelector@5002e22b
08:52:20.684 [qtp981627501-56] DEBUG o.e.j.util.thread.QueuedThreadPool - ran org.eclipse.jetty.io.ManagedSelector$DestroyEndPoint@33126c06 in QueuedThreadPool[qtp981627501]@3a82726d{STARTED,8<=8<=200,i=3,r=8,q=0}[ReservedThreadExecutor@6dc9f95b{s=2/8,p=0}]
08:52:20.684 [qtp981627501-53] DEBUG org.eclipse.jetty.io.ManagedSelector - updates 0
08:52:20.685 [Test worker] DEBUG o.e.j.u.component.AbstractLifeCycle - stopping EatWhatYouKill@11f2773e/SelectorProducer@3b49c22f/PRODUCING/p=false/QueuedThreadPool[qtp981627501]@3a82726d{STARTED,8<=8<=200,i=4,r=8,q=0}[ReservedThreadExecutor@6dc9f95b{s=2/8,p=0}][pc=0,pic=0,pec=1,epc=0]@2019-12-26T08:52:20.685+01:00
08:52:20.685 [qtp981627501-53] DEBUG o.e.j.util.thread.QueuedThreadPool - ran org.eclipse.jetty.io.ManagedSelector$$Lambda$217/1330559266@2421bef in QueuedThreadPool[qtp981627501]@3a82726d{STARTED,8<=8<=200,i=4,r=8,q=0}[ReservedThreadExecutor@6dc9f95b{s=2/8,p=0}]
08:52:20.685 [Test worker] DEBUG o.e.j.u.component.AbstractLifeCycle - STOPPED EatWhatYouKill@11f2773e/SelectorProducer@3b49c22f/IDLE/p=false/QueuedThreadPool[qtp981627501]@3a82726d{STARTED,8<=8<=200,i=5,r=8,q=0}[ReservedThreadExecutor@6dc9f95b{s=2/8,p=0}][pc=0,pic=0,pec=1,epc=0]@2019-12-26T08:52:20.685+01:00
08:52:20.685 [Test worker] DEBUG o.e.j.u.component.AbstractLifeCycle - STOPPED ManagedSelector@76e1da91{STOPPED} id=1 keys=-1 selected=-1 updates=0
08:52:20.685 [Test worker] DEBUG o.e.j.u.component.AbstractLifeCycle - stopping ManagedSelector@7b9f5359{STARTED} id=0 keys=0 selected=0 updates=0
08:52:20.685 [Test worker] DEBUG org.eclipse.jetty.io.ManagedSelector - Queued change org.eclipse.jetty.io.ManagedSelector$CloseConnections@7f274109 on ManagedSelector@7b9f5359{STOPPING} id=0 keys=0 selected=0 updates=0
08:52:20.685 [Test worker] DEBUG org.eclipse.jetty.io.ManagedSelector - Wakeup on submit ManagedSelector@7b9f5359{STOPPING} id=0 keys=0 selected=0 updates=1
08:52:20.685 [qtp981627501-52] DEBUG org.eclipse.jetty.io.ManagedSelector - Selector sun.nio.ch.WindowsSelectorImpl@6844e580 woken with none selected
08:52:20.685 [qtp981627501-52] DEBUG org.eclipse.jetty.io.ManagedSelector - Selector sun.nio.ch.WindowsSelectorImpl@6844e580 woken up from select, 0/0/0 selected
08:52:20.685 [qtp981627501-52] DEBUG org.eclipse.jetty.io.ManagedSelector - Selector sun.nio.ch.WindowsSelectorImpl@6844e580 processing 0 keys, 1 updates
08:52:20.685 [qtp981627501-52] DEBUG org.eclipse.jetty.io.ManagedSelector - updateable 1
08:52:20.685 [qtp981627501-52] DEBUG org.eclipse.jetty.io.ManagedSelector - update org.eclipse.jetty.io.ManagedSelector$CloseConnections@7f274109
08:52:20.685 [qtp981627501-52] DEBUG org.eclipse.jetty.io.ManagedSelector - Closing 0 connections on ManagedSelector@7b9f5359{STOPPING} id=0 keys=0 selected=0 updates=0
08:52:20.685 [qtp981627501-52] DEBUG org.eclipse.jetty.io.ManagedSelector - updates 0
08:52:20.685 [qtp981627501-52] DEBUG org.eclipse.jetty.io.ManagedSelector - Selector sun.nio.ch.WindowsSelectorImpl@6844e580 waiting with 0 keys
08:52:20.685 [Test worker] DEBUG org.eclipse.jetty.io.ManagedSelector - Queued change org.eclipse.jetty.io.ManagedSelector$StopSelector@5ddf952a on ManagedSelector@7b9f5359{STOPPING} id=0 keys=0 selected=0 updates=0
08:52:20.685 [Test worker] DEBUG org.eclipse.jetty.io.ManagedSelector - Wakeup on submit ManagedSelector@7b9f5359{STOPPING} id=0 keys=0 selected=0 updates=1
08:52:20.685 [qtp981627501-52] DEBUG org.eclipse.jetty.io.ManagedSelector - Selector sun.nio.ch.WindowsSelectorImpl@6844e580 woken with none selected
08:52:20.685 [qtp981627501-52] DEBUG org.eclipse.jetty.io.ManagedSelector - Selector sun.nio.ch.WindowsSelectorImpl@6844e580 woken up from select, 0/0/0 selected
08:52:20.685 [qtp981627501-52] DEBUG org.eclipse.jetty.io.ManagedSelector - Selector sun.nio.ch.WindowsSelectorImpl@6844e580 processing 0 keys, 1 updates
08:52:20.685 [qtp981627501-52] DEBUG org.eclipse.jetty.io.ManagedSelector - updateable 1
08:52:20.685 [qtp981627501-52] DEBUG org.eclipse.jetty.io.ManagedSelector - update org.eclipse.jetty.io.ManagedSelector$StopSelector@5ddf952a
08:52:20.686 [qtp981627501-52] DEBUG org.eclipse.jetty.io.ManagedSelector - updates 0
08:52:20.686 [Test worker] DEBUG o.e.j.u.component.AbstractLifeCycle - stopping EatWhatYouKill@21e16e09/SelectorProducer@6974922d/PRODUCING/p=false/QueuedThreadPool[qtp981627501]@3a82726d{STARTED,8<=8<=200,i=5,r=8,q=0}[ReservedThreadExecutor@6dc9f95b{s=2/8,p=0}][pc=0,pic=0,pec=0,epc=0]@2019-12-26T08:52:20.686+01:00
08:52:20.686 [qtp981627501-52] DEBUG o.e.j.util.thread.QueuedThreadPool - ran org.eclipse.jetty.io.ManagedSelector$$Lambda$217/1330559266@3f76bd6e in QueuedThreadPool[qtp981627501]@3a82726d{STARTED,8<=8<=200,i=5,r=8,q=0}[ReservedThreadExecutor@6dc9f95b{s=2/8,p=0}]
08:52:20.686 [Test worker] DEBUG o.e.j.u.component.AbstractLifeCycle - STOPPED EatWhatYouKill@21e16e09/SelectorProducer@6974922d/IDLE/p=false/QueuedThreadPool[qtp981627501]@3a82726d{STARTED,8<=8<=200,i=5,r=8,q=0}[ReservedThreadExecutor@6dc9f95b{s=2/8,p=0}][pc=0,pic=0,pec=0,epc=0]@2019-12-26T08:52:20.686+01:00
08:52:20.686 [Test worker] DEBUG o.e.j.u.component.AbstractLifeCycle - STOPPED ManagedSelector@7b9f5359{STOPPED} id=0 keys=-1 selected=-1 updates=0
08:52:20.686 [Test worker] DEBUG o.e.j.u.component.AbstractLifeCycle - STOPPED SelectorManager@ServerConnector@5cc094ae{HTTP/1.1,[http/1.1]}{0.0.0.0:8888}
08:52:20.686 [Test worker] DEBUG o.e.j.u.component.AbstractLifeCycle - stopping HttpConnectionFactory@307a191d[HTTP/1.1]
08:52:20.686 [Test worker] DEBUG o.e.j.u.component.AbstractLifeCycle - STOPPED HttpConnectionFactory@307a191d[HTTP/1.1]
08:52:20.686 [Test worker] DEBUG o.e.j.u.component.AbstractLifeCycle - stopping ScheduledExecutorScheduler@4447e388{STARTED}
08:52:20.686 [Test worker] DEBUG o.e.j.u.component.AbstractLifeCycle - STOPPED ScheduledExecutorScheduler@4447e388{STOPPED}
08:52:20.686 [Test worker] INFO  o.e.jetty.server.AbstractConnector - Stopped ServerConnector@5cc094ae{HTTP/1.1,[http/1.1]}{0.0.0.0:8888}
08:52:20.686 [Test worker] DEBUG o.e.j.u.component.AbstractLifeCycle - STOPPED ServerConnector@5cc094ae{HTTP/1.1,[http/1.1]}{0.0.0.0:8888}
08:52:20.686 [Test worker] DEBUG o.e.j.server.handler.AbstractHandler - stopping Server@34459b4d{STOPPING}[9.4.25.v20191220]
08:52:20.686 [Test worker] DEBUG o.e.j.u.component.AbstractLifeCycle - stopping DefaultSessionIdManager@6a7bfb35{STARTED}[worker=node0]
08:52:20.686 [Test worker] DEBUG o.e.j.u.component.AbstractLifeCycle - stopping HouseKeeper@6860c027{STARTED}[interval=600000, ownscheduler=true]
08:52:20.686 [Test worker] INFO  org.eclipse.jetty.server.session - node0 Stopped scavenging
08:52:20.687 [Test worker] DEBUG o.e.j.u.component.AbstractLifeCycle - stopping ScheduledExecutorScheduler@597d20a3{STARTED}
08:52:20.687 [Test worker] DEBUG o.e.j.u.component.AbstractLifeCycle - STOPPED ScheduledExecutorScheduler@597d20a3{STOPPED}
08:52:20.687 [Test worker] DEBUG o.e.j.u.component.AbstractLifeCycle - STOPPED HouseKeeper@6860c027{STOPPED}[interval=600000, ownscheduler=true]
08:52:20.687 [Test worker] DEBUG o.e.j.u.component.AbstractLifeCycle - STOPPED DefaultSessionIdManager@6a7bfb35{STOPPED}[worker=node0]
08:52:20.687 [Test worker] DEBUG o.e.j.u.component.AbstractLifeCycle - stopping ErrorHandler@b07a400{STARTED}
08:52:20.687 [Test worker] DEBUG o.e.j.server.handler.AbstractHandler - stopping ErrorHandler@b07a400{STOPPING}
08:52:20.687 [Test worker] DEBUG o.e.j.u.component.AbstractLifeCycle - STOPPED ErrorHandler@b07a400{STOPPED}
08:52:20.687 [Test worker] DEBUG o.e.j.u.component.AbstractLifeCycle - stopping o.e.j.s.ServletContextHandler@4deafdd9{/,null,SHUTDOWN}
08:52:20.687 [Test worker] DEBUG o.e.j.s.h.AbstractHandlerContainer - Graceful shutdown o.e.j.s.ServletContextHandler@4deafdd9{/,null,SHUTDOWN} by 
08:52:20.687 [Test worker] DEBUG o.e.j.server.handler.AbstractHandler - stopping o.e.j.s.ServletContextHandler@4deafdd9{/,null,UNAVAILABLE}
08:52:20.687 [Test worker] DEBUG o.e.j.u.component.AbstractLifeCycle - stopping org.eclipse.jetty.server.session.SessionHandler910822479==dftMaxIdleSec=-1
08:52:20.687 [Test worker] DEBUG o.e.j.u.component.AbstractLifeCycle - stopping org.eclipse.jetty.server.session.DefaultSessionCache@21e209c9[evict=-1,removeUnloadable=false,saveOnCreate=false,saveOnInactiveEvict=false]
08:52:20.687 [Test worker] DEBUG o.e.j.u.component.AbstractLifeCycle - stopping org.eclipse.jetty.server.session.NullSessionDataStore@4b382ab9[passivating=false,graceSec=3600]
08:52:20.687 [Test worker] DEBUG o.e.j.u.component.AbstractLifeCycle - STOPPED org.eclipse.jetty.server.session.NullSessionDataStore@4b382ab9[passivating=false,graceSec=3600]
08:52:20.687 [Test worker] DEBUG o.e.j.u.component.AbstractLifeCycle - STOPPED org.eclipse.jetty.server.session.DefaultSessionCache@21e209c9[evict=-1,removeUnloadable=false,saveOnCreate=false,saveOnInactiveEvict=false]
08:52:20.687 [Test worker] DEBUG o.e.j.u.component.AbstractLifeCycle - stopping ScheduledExecutorScheduler@668d5fd2{STARTED}
08:52:20.687 [Test worker] DEBUG o.e.j.u.component.AbstractLifeCycle - STOPPED ScheduledExecutorScheduler@668d5fd2{STOPPED}
08:52:20.687 [Test worker] DEBUG o.e.j.server.handler.AbstractHandler - stopping org.eclipse.jetty.server.session.SessionHandler910822479==dftMaxIdleSec=-1
08:52:20.687 [Test worker] DEBUG o.e.j.u.component.AbstractLifeCycle - stopping ServletHandler@3f1110b2{STARTED}
08:52:20.687 [Test worker] DEBUG o.e.j.server.handler.AbstractHandler - stopping ServletHandler@3f1110b2{STOPPING}
08:52:20.687 [Test worker] DEBUG o.e.j.u.component.AbstractLifeCycle - stopping org.eclipse.jetty.servlet.ServletHandler$Default404Servlet-882dadc@296991da==org.eclipse.jetty.servlet.ServletHandler$Default404Servlet,jsp=null,order=-1,inst=false,async=true
08:52:20.687 [Test worker] DEBUG o.e.j.u.component.AbstractLifeCycle - STOPPED org.eclipse.jetty.servlet.ServletHandler$Default404Servlet-882dadc@296991da==org.eclipse.jetty.servlet.ServletHandler$Default404Servlet,jsp=null,order=-1,inst=false,async=true
08:52:20.687 [Test worker] DEBUG o.e.j.u.component.AbstractLifeCycle - stopping org.glassfish.jersey.servlet.ServletContainer-111997cf@3200f0d7==org.glassfish.jersey.servlet.ServletContainer,jsp=null,order=0,inst=true,async=true
08:52:20.690 [Test worker] DEBUG o.e.j.u.component.AbstractLifeCycle - STOPPED org.glassfish.jersey.servlet.ServletContainer-111997cf@3200f0d7==org.glassfish.jersey.servlet.ServletContainer,jsp=null,order=0,inst=false,async=true
08:52:20.690 [Test worker] DEBUG o.e.j.u.component.AbstractLifeCycle - STOPPED ServletHandler@3f1110b2{STOPPED}
08:52:20.690 [Test worker] DEBUG o.e.j.u.component.AbstractLifeCycle - STOPPED org.eclipse.jetty.server.session.SessionHandler910822479==dftMaxIdleSec=-1
08:52:20.690 [Test worker] INFO  o.e.j.server.handler.ContextHandler - Stopped o.e.j.s.ServletContextHandler@4deafdd9{/,null,UNAVAILABLE}
08:52:20.691 [Test worker] DEBUG o.e.j.u.component.AbstractLifeCycle - STOPPED o.e.j.s.ServletContextHandler@4deafdd9{/,null,UNAVAILABLE}
08:52:20.691 [Test worker] DEBUG o.e.j.u.component.AbstractLifeCycle - stopping QueuedThreadPool[qtp981627501]@3a82726d{STARTED,8<=8<=200,i=6,r=8,q=0}[ReservedThreadExecutor@6dc9f95b{s=2/8,p=0}]
08:52:20.691 [Test worker] DEBUG o.e.j.util.thread.QueuedThreadPool - Stopping QueuedThreadPool[qtp981627501]@3a82726d{STOPPING,8<=8<=200,i=6,r=-1,q=0}[ReservedThreadExecutor@6dc9f95b{s=2/8,p=0}]
08:52:20.691 [Test worker] DEBUG o.e.j.u.component.AbstractLifeCycle - stopping ReservedThreadExecutor@6dc9f95b{s=2/8,p=0}
08:52:20.691 [Test worker] DEBUG o.e.j.u.t.ReservedThreadExecutor - ReservedThreadExecutor@6dc9f95b{s=1/8,p=0}@7610eca0 offer STOP!
08:52:20.691 [Test worker] DEBUG o.e.j.u.t.ReservedThreadExecutor - ReservedThreadExecutor@6dc9f95b{s=0/8,p=0}@f1e5542 offer STOP!
08:52:20.691 [qtp981627501-58] DEBUG o.e.j.u.t.ReservedThreadExecutor - ReservedThreadExecutor@6dc9f95b{s=0/8,p=0}@7610eca0 Exited
08:52:20.691 [Test worker] DEBUG o.e.j.u.component.AbstractLifeCycle - STOPPED ReservedThreadExecutor@6dc9f95b{s=-1/8,p=0}
08:52:20.691 [qtp981627501-59] DEBUG o.e.j.u.t.ReservedThreadExecutor - ReservedThreadExecutor@6dc9f95b{s=-1/8,p=0}@f1e5542 Exited
08:52:20.691 [qtp981627501-58] DEBUG o.e.j.util.thread.QueuedThreadPool - ran ReservedThreadExecutor@6dc9f95b{s=-1/8,p=0}@7610eca0 in QueuedThreadPool[qtp981627501]@3a82726d{STOPPING,8<=8<=200,i=6,r=-1,q=0}[ReservedThreadExecutor@6dc9f95b{s=-1/8,p=0}]
08:52:20.691 [Test worker] DEBUG o.e.j.util.thread.QueuedThreadPool - Waiting for Thread[qtp981627501-55,5,main] for 14999
08:52:20.691 [qtp981627501-59] DEBUG o.e.j.util.thread.QueuedThreadPool - ran ReservedThreadExecutor@6dc9f95b{s=-1/8,p=0}@f1e5542 in QueuedThreadPool[qtp981627501]@3a82726d{STOPPING,8<=0<=200,i=6,r=-1,q=0}[NO_TRY]
08:52:20.691 [qtp981627501-55] DEBUG o.e.j.util.thread.QueuedThreadPool - run org.eclipse.jetty.util.thread.QueuedThreadPool$$Lambda$62/1544554620@72413677 in QueuedThreadPool[qtp981627501]@3a82726d{STOPPING,8<=0<=200,i=6,r=-1,q=0}[NO_TRY]
08:52:20.691 [qtp981627501-58] DEBUG o.e.j.util.thread.QueuedThreadPool - Thread[qtp981627501-58,5,main] exited for QueuedThreadPool[qtp981627501]@3a82726d{STOPPING,8<=0<=200,i=6,r=-1,q=0}[NO_TRY]
08:52:20.691 [qtp981627501-54] DEBUG o.e.j.util.thread.QueuedThreadPool - run org.eclipse.jetty.util.thread.QueuedThreadPool$$Lambda$62/1544554620@72413677 in QueuedThreadPool[qtp981627501]@3a82726d{STOPPING,8<=0<=200,i=6,r=-1,q=0}[NO_TRY]
08:52:20.691 [qtp981627501-59] DEBUG o.e.j.util.thread.QueuedThreadPool - Thread[qtp981627501-59,5,main] exited for QueuedThreadPool[qtp981627501]@3a82726d{STOPPING,8<=0<=200,i=6,r=-1,q=0}[NO_TRY]
08:52:20.691 [qtp981627501-57] DEBUG o.e.j.util.thread.QueuedThreadPool - run org.eclipse.jetty.util.thread.QueuedThreadPool$$Lambda$62/1544554620@72413677 in QueuedThreadPool[qtp981627501]@3a82726d{STOPPING,8<=0<=200,i=6,r=-1,q=0}[NO_TRY]
08:52:20.691 [qtp981627501-55] DEBUG o.e.j.util.thread.QueuedThreadPool - ran org.eclipse.jetty.util.thread.QueuedThreadPool$$Lambda$62/1544554620@72413677 in QueuedThreadPool[qtp981627501]@3a82726d{STOPPING,8<=0<=200,i=6,r=-1,q=0}[NO_TRY]
08:52:20.691 [qtp981627501-56] DEBUG o.e.j.util.thread.QueuedThreadPool - run org.eclipse.jetty.util.thread.QueuedThreadPool$$Lambda$62/1544554620@72413677 in QueuedThreadPool[qtp981627501]@3a82726d{STOPPING,8<=0<=200,i=6,r=-1,q=0}[NO_TRY]
08:52:20.691 [qtp981627501-53] DEBUG o.e.j.util.thread.QueuedThreadPool - run org.eclipse.jetty.util.thread.QueuedThreadPool$$Lambda$62/1544554620@72413677 in QueuedThreadPool[qtp981627501]@3a82726d{STOPPING,8<=0<=200,i=6,r=-1,q=0}[NO_TRY]
08:52:20.691 [qtp981627501-52] DEBUG o.e.j.util.thread.QueuedThreadPool - run org.eclipse.jetty.util.thread.QueuedThreadPool$$Lambda$62/1544554620@72413677 in QueuedThreadPool[qtp981627501]@3a82726d{STOPPING,8<=0<=200,i=6,r=-1,q=0}[NO_TRY]
08:52:20.691 [qtp981627501-54] DEBUG o.e.j.util.thread.QueuedThreadPool - ran org.eclipse.jetty.util.thread.QueuedThreadPool$$Lambda$62/1544554620@72413677 in QueuedThreadPool[qtp981627501]@3a82726d{STOPPING,8<=0<=200,i=6,r=-1,q=0}[NO_TRY]
08:52:20.691 [qtp981627501-57] DEBUG o.e.j.util.thread.QueuedThreadPool - ran org.eclipse.jetty.util.thread.QueuedThreadPool$$Lambda$62/1544554620@72413677 in QueuedThreadPool[qtp981627501]@3a82726d{STOPPING,8<=0<=200,i=6,r=-1,q=0}[NO_TRY]
08:52:20.691 [qtp981627501-55] DEBUG o.e.j.util.thread.QueuedThreadPool - Thread[qtp981627501-55,5,main] exited for QueuedThreadPool[qtp981627501]@3a82726d{STOPPING,8<=0<=200,i=6,r=-1,q=0}[NO_TRY]
08:52:20.691 [qtp981627501-56] DEBUG o.e.j.util.thread.QueuedThreadPool - ran org.eclipse.jetty.util.thread.QueuedThreadPool$$Lambda$62/1544554620@72413677 in QueuedThreadPool[qtp981627501]@3a82726d{STOPPING,8<=0<=200,i=6,r=-1,q=0}[NO_TRY]
08:52:20.691 [qtp981627501-53] DEBUG o.e.j.util.thread.QueuedThreadPool - ran org.eclipse.jetty.util.thread.QueuedThreadPool$$Lambda$62/1544554620@72413677 in QueuedThreadPool[qtp981627501]@3a82726d{STOPPING,8<=0<=200,i=6,r=-1,q=0}[NO_TRY]
08:52:20.691 [qtp981627501-52] DEBUG o.e.j.util.thread.QueuedThreadPool - ran org.eclipse.jetty.util.thread.QueuedThreadPool$$Lambda$62/1544554620@72413677 in QueuedThreadPool[qtp981627501]@3a82726d{STOPPING,8<=0<=200,i=6,r=-1,q=0}[NO_TRY]
08:52:20.691 [qtp981627501-54] DEBUG o.e.j.util.thread.QueuedThreadPool - Thread[qtp981627501-54,5,main] exited for QueuedThreadPool[qtp981627501]@3a82726d{STOPPING,8<=0<=200,i=6,r=-1,q=0}[NO_TRY]
08:52:20.691 [Test worker] DEBUG o.e.j.util.thread.QueuedThreadPool - Waiting for Thread[qtp981627501-58,5,] for 14999
08:52:20.691 [qtp981627501-56] DEBUG o.e.j.util.thread.QueuedThreadPool - Thread[qtp981627501-56,5,main] exited for QueuedThreadPool[qtp981627501]@3a82726d{STOPPING,8<=0<=200,i=6,r=-1,q=0}[NO_TRY]
08:52:20.691 [qtp981627501-57] DEBUG o.e.j.util.thread.QueuedThreadPool - Thread[qtp981627501-57,5,main] exited for QueuedThreadPool[qtp981627501]@3a82726d{STOPPING,8<=0<=200,i=6,r=-1,q=0}[NO_TRY]
08:52:20.691 [qtp981627501-53] DEBUG o.e.j.util.thread.QueuedThreadPool - Thread[qtp981627501-53,5,main] exited for QueuedThreadPool[qtp981627501]@3a82726d{STOPPING,8<=0<=200,i=6,r=-1,q=0}[NO_TRY]
08:52:20.692 [qtp981627501-52] DEBUG o.e.j.util.thread.QueuedThreadPool - Thread[qtp981627501-52,5,main] exited for QueuedThreadPool[qtp981627501]@3a82726d{STOPPING,8<=0<=200,i=6,r=-1,q=0}[NO_TRY]
08:52:20.692 [Test worker] DEBUG o.e.j.util.thread.QueuedThreadPool - Waiting for Thread[qtp981627501-56,5,main] for 14999
08:52:20.692 [Test worker] DEBUG o.e.j.u.component.AbstractLifeCycle - STOPPED QueuedThreadPool[qtp981627501]@3a82726d{STOPPED,8<=0<=200,i=6,r=-1,q=0}[NO_TRY]
08:52:20.692 [Test worker] DEBUG o.e.j.u.component.AbstractLifeCycle - STOPPED Server@34459b4d{STOPPED}[9.4.25.v20191220]
]]></system-out>
  <system-err><![CDATA[]]></system-err>
</testsuite>
